2024-02-13 14:26:57,250 [INFO] Activator:176 - 


2024-02-13 14:26:57,256 [INFO] Activator:177 - !SESSION log4j initialized
2024-02-13 14:27:06,870 [INFO] LogOutputStream:77 - [STDOUT_REDIRECT] 
2024-02-13 14:27:14,684 [INFO] ApplicationProperties:184 - Using Application install path: C:\ST\STM32CubeIDE_1.13.0\STM32CubeIDE\plugins\com.st.stm32cube.common.mx_6.9.0.202307051724
2024-02-13 14:27:14,706 [INFO] DbMcusXml:78 - Set database path to: C:\ST\STM32CubeIDE_1.13.0\STM32CubeIDE\plugins\com.st.stm32cube.common.mx_6.9.0.202307051724\\db\/mcu/
2024-02-13 14:27:14,707 [INFO] ApiDb:274 - Set plugin database path to: C:\ST\STM32CubeIDE_1.13.0\STM32CubeIDE\plugins\com.st.stm32cube.common.mx_6.9.0.202307051724\\db\/plugins/boardmanager/
2024-02-13 14:27:14,707 [WARN] ApiDb:259 - Overriding images path with different value:  => C:\ST\STM32CubeIDE_1.13.0\STM32CubeIDE\plugins\com.st.stm32cube.common.mx_6.9.0.202307051724\\db\/plugins/mcufinder/images/
2024-02-13 14:27:14,723 [INFO] ApiDb:250 - Set database path to: C:\Users\admin\.stmcufinder\plugins\mcufinder//mcu/
2024-02-13 14:27:14,724 [INFO] DbMcusAds:125 - Set database path to: C:\Users\admin\.stmcufinder\plugins\mcufinder//mcu/
2024-02-13 14:27:14,726 [INFO] CrossReferenceDbSqlite:203 - Set database path to: C:\Users\admin\.stmcufinder\plugins\mcufinder//mcu/cs/
2024-02-13 14:27:14,851 [INFO] RulesReader:64 - Compatibility file has been processed (293 Rules)
2024-02-13 14:27:14,945 [INFO] DbMcusXml:78 - Set database path to: C:\ST\STM32CubeIDE_1.13.0\STM32CubeIDE\plugins\com.st.stm32cube.common.mx_6.9.0.202307051724\\db\/mcu/
2024-02-13 14:27:14,945 [INFO] ApiDb:274 - Set plugin database path to: C:\ST\STM32CubeIDE_1.13.0\STM32CubeIDE\plugins\com.st.stm32cube.common.mx_6.9.0.202307051724\\db\/plugins/boardmanager/
2024-02-13 14:27:14,945 [INFO] ApiDb:261 - Set plugin images path to: C:\ST\STM32CubeIDE_1.13.0\STM32CubeIDE\plugins\com.st.stm32cube.common.mx_6.9.0.202307051724\\db\/plugins/mcufinder/images/
2024-02-13 14:27:14,945 [WARN] DbFile:41 - Overriding database path with different value: C:\Users\admin\.stmcufinder\plugins\mcufinder/ => C:\Users\admin\.stmcufinder\plugins\mcufinder
2024-02-13 14:27:14,946 [INFO] ApiDb:250 - Set database path to: C:\Users\admin\.stmcufinder\plugins\mcufinder//mcu/
2024-02-13 14:27:14,946 [WARN] DbFile:41 - Overriding database path with different value: C:\Users\admin\.stmcufinder\plugins\mcufinder/ => C:\Users\admin\.stmcufinder\plugins\mcufinder
2024-02-13 14:27:14,946 [INFO] DbMcusAds:125 - Set database path to: C:\Users\admin\.stmcufinder\plugins\mcufinder//mcu/
2024-02-13 14:27:14,946 [WARN] DbFile:41 - Overriding database path with different value: C:\Users\admin\.stmcufinder\plugins\mcufinder/ => C:\Users\admin\.stmcufinder\plugins\mcufinder
2024-02-13 14:27:14,946 [WARN] DbFile:41 - Overriding database path with different value: C:\Users\admin\.stmcufinder\plugins\mcufinder/ => C:\Users\admin\.stmcufinder\plugins\mcufinder
2024-02-13 14:27:14,946 [INFO] CrossReferenceDbSqlite:203 - Set database path to: C:\Users\admin\.stmcufinder\plugins\mcufinder//mcu/cs/
2024-02-13 14:27:15,039 [INFO] MainPanel:262 - HeapMemory: 268435456
2024-02-13 14:27:15,150 [INFO] DbMcusXml:78 - Set database path to: C:\ST\STM32CubeIDE_1.13.0\STM32CubeIDE\plugins\com.st.stm32cube.common.mx_6.9.0.202307051724\\db\/mcu/
2024-02-13 14:27:15,150 [INFO] ApiDb:274 - Set plugin database path to: C:\ST\STM32CubeIDE_1.13.0\STM32CubeIDE\plugins\com.st.stm32cube.common.mx_6.9.0.202307051724\\db\/plugins/boardmanager/
2024-02-13 14:27:15,150 [INFO] ApiDb:261 - Set plugin images path to: C:\ST\STM32CubeIDE_1.13.0\STM32CubeIDE\plugins\com.st.stm32cube.common.mx_6.9.0.202307051724\\db\/plugins/mcufinder/images/
2024-02-13 14:27:15,151 [WARN] DbFile:41 - Overriding database path with different value: C:\Users\admin\.stmcufinder\plugins\mcufinder/ => C:\Users\admin\.stmcufinder\plugins\mcufinder
2024-02-13 14:27:15,151 [INFO] ApiDb:250 - Set database path to: C:\Users\admin\.stmcufinder\plugins\mcufinder//mcu/
2024-02-13 14:27:15,151 [WARN] DbFile:41 - Overriding database path with different value: C:\Users\admin\.stmcufinder\plugins\mcufinder/ => C:\Users\admin\.stmcufinder\plugins\mcufinder
2024-02-13 14:27:15,151 [INFO] DbMcusAds:125 - Set database path to: C:\Users\admin\.stmcufinder\plugins\mcufinder//mcu/
2024-02-13 14:27:15,151 [WARN] DbFile:41 - Overriding database path with different value: C:\Users\admin\.stmcufinder\plugins\mcufinder/ => C:\Users\admin\.stmcufinder\plugins\mcufinder
2024-02-13 14:27:15,151 [WARN] DbFile:41 - Overriding database path with different value: C:\Users\admin\.stmcufinder\plugins\mcufinder/ => C:\Users\admin\.stmcufinder\plugins\mcufinder
2024-02-13 14:27:15,152 [INFO] CrossReferenceDbSqlite:203 - Set database path to: C:\Users\admin\.stmcufinder\plugins\mcufinder//mcu/cs/
2024-02-13 14:27:15,170 [INFO] ApplicationProperties:184 - Using Application install path: C:\ST\STM32CubeIDE_1.13.0\STM32CubeIDE\plugins\com.st.stm32cube.common.mx_6.9.0.202307051724
2024-02-13 14:27:15,172 [INFO] PluginManage:196 - Search for loadable plugins [exclusion list=, ]
2024-02-13 14:27:15,173 [INFO] PluginManage:310 - Check plugin analytics
2024-02-13 14:27:20,339 [INFO] AnalyticsPlugin:253 - Accepted Software Licenses: STM32CubeMX.6.9.1
2024-02-13 14:27:20,340 [INFO] AnalyticsPlugin:255 - Accepted CMSIS Pack Licenses: 
2024-02-13 14:27:20,340 [INFO] AnalyticsPlugin:257 - Accepted Firmware Licenses: 
2024-02-13 14:27:20,344 [INFO] PluginManage:359 - Loaded plugin analytics (category:tool,tabindex:-1)
2024-02-13 14:27:20,344 [INFO] PluginManage:310 - Check plugin cadmodel
2024-02-13 14:27:20,361 [INFO] CADModel:105 - Init CAD model plugin
2024-02-13 14:27:20,361 [INFO] PluginManage:359 - Loaded plugin cadmodel (category:power,tabindex:5)
2024-02-13 14:27:20,361 [INFO] PluginManage:310 - Check plugin clock
2024-02-13 14:27:20,386 [INFO] PluginManage:359 - Loaded plugin clock (category:base,tabindex:2)
2024-02-13 14:27:20,386 [INFO] PluginManage:310 - Check plugin ddr
2024-02-13 14:27:20,390 [INFO] PluginManage:359 - Loaded plugin ddr (category:tool,tabindex:6)
2024-02-13 14:27:20,390 [INFO] PluginManage:310 - Check plugin filemanager
2024-02-13 14:27:20,633 [INFO] PluginManage:359 - Loaded plugin filemanager (category:base,tabindex:10)
2024-02-13 14:27:20,633 [INFO] PluginManage:310 - Check plugin ipmanager
2024-02-13 14:27:20,642 [INFO] PluginManage:359 - Loaded plugin ipmanager (category:base,tabindex:5)
2024-02-13 14:27:20,642 [INFO] PluginManage:310 - Check plugin lpbam
2024-02-13 14:27:20,661 [INFO] PluginManage:359 - Loaded plugin lpbam (category:base,tabindex:0)
2024-02-13 14:27:20,661 [INFO] PluginManage:310 - Check plugin memorymap
2024-02-13 14:27:20,690 [INFO] PluginManage:359 - Loaded plugin memorymap (category:base,tabindex:4)
2024-02-13 14:27:20,690 [INFO] PluginManage:310 - Check plugin pinoutandconfiguration
2024-02-13 14:27:20,710 [INFO] PluginManage:359 - Loaded plugin pinoutandconfiguration (category:base,tabindex:1)
2024-02-13 14:27:20,710 [INFO] PluginManage:310 - Check plugin pinoutconfig
2024-02-13 14:27:20,828 [WARN] SupportedApi:132 - Cannot load RTOS API schema: s4s-elt-must-match.1: The content of 'definitions' must match (annotation?, (simpleType | complexType)?, (unique | key | keyref)*)). A problem was found starting at: attribute.
2024-02-13 14:27:20,984 [INFO] PluginManage:359 - Loaded plugin pinoutconfig (category:base,tabindex:0)
2024-02-13 14:27:20,984 [INFO] PluginManage:310 - Check plugin power
2024-02-13 14:27:21,008 [INFO] PluginManage:359 - Loaded plugin power (category:power,tabindex:4)
2024-02-13 14:27:21,008 [INFO] PluginManage:310 - Check plugin projectmanager
2024-02-13 14:27:21,024 [INFO] PluginManage:359 - Loaded plugin projectmanager (category:projectmanager,tabindex:3)
2024-02-13 14:27:21,024 [INFO] PluginManage:310 - Check plugin thirdparty
2024-02-13 14:27:21,335 [INFO] PluginManage:359 - Loaded plugin thirdparty (category:base,tabindex:-1)
2024-02-13 14:27:21,335 [WARN] IntegrityCheckThread:84 - waiting for thirdparty lock release [integrity check]
2024-02-13 14:27:21,335 [INFO] PluginManage:310 - Check plugin tools
2024-02-13 14:27:21,335 [INFO] IntegrityCheckThread:86 - entering critical section [integrity check]
2024-02-13 14:27:21,336 [INFO] ThirdPartyUpdaterWithRetryManager:70 - Updater plugin not ready yet. [1/15]
2024-02-13 14:27:21,373 [INFO] PluginManage:359 - Loaded plugin tools (category:base,tabindex:7)
2024-02-13 14:27:21,374 [INFO] PluginManage:310 - Check plugin tutovideos
2024-02-13 14:27:21,595 [INFO] PluginManage:359 - Loaded plugin tutovideos (category:base,tabindex:-1)
2024-02-13 14:27:21,595 [INFO] PluginManage:310 - Check plugin updater
2024-02-13 14:27:21,607 [INFO] PluginManage:359 - Loaded plugin updater (category:base,tabindex:12)
2024-02-13 14:27:21,607 [INFO] PluginManage:310 - Check plugin userauth
2024-02-13 14:27:21,613 [INFO] UserAuth:113 - Init User Auth plugin
2024-02-13 14:27:21,613 [INFO] PluginManage:359 - Loaded plugin userauth (category:base,tabindex:14)
2024-02-13 14:27:21,613 [INFO] PluginManage:283 - PluginManage : Loaded plugins [17]
2024-02-13 14:27:21,841 [INFO] PinOutPanel:1499 - setPackage(No Configuration,No Configuration)
2024-02-13 14:27:21,949 [INFO] CADModel:165 - CPN selected for project level
2024-02-13 14:27:21,949 [INFO] CADModel:114 - Register for checkConnection events
2024-02-13 14:27:21,976 [INFO] IPUIPlugin:80 - create IPUIPlugin
2024-02-13 14:27:21,976 [INFO] PluginManager:220 - loadIPPluginJar : add adc
2024-02-13 14:27:22,011 [INFO] IPUIPlugin:80 - create IPUIPlugin
2024-02-13 14:27:22,011 [INFO] PluginManager:220 - loadIPPluginJar : add aes
2024-02-13 14:27:22,052 [INFO] IPUIPlugin:80 - create IPUIPlugin
2024-02-13 14:27:22,052 [INFO] PluginManager:220 - loadIPPluginJar : add can
2024-02-13 14:27:22,075 [INFO] IPUIPlugin:80 - create IPUIPlugin
2024-02-13 14:27:22,075 [INFO] PluginManager:220 - loadIPPluginJar : add comp
2024-02-13 14:27:22,108 [INFO] IPUIPlugin:80 - create IPUIPlugin
2024-02-13 14:27:22,108 [INFO] PluginManager:220 - loadIPPluginJar : add cryp
2024-02-13 14:27:22,137 [INFO] IPUIPlugin:80 - create IPUIPlugin
2024-02-13 14:27:22,137 [INFO] PluginManager:220 - loadIPPluginJar : add dfsdm
2024-02-13 14:27:22,151 [INFO] IPUIPlugin:80 - create IPUIPlugin
2024-02-13 14:27:22,152 [INFO] PluginManager:220 - loadIPPluginJar : add dma
2024-02-13 14:27:22,196 [INFO] IPUIPlugin:80 - create IPUIPlugin
2024-02-13 14:27:22,196 [INFO] PluginManager:220 - loadIPPluginJar : add dma3
2024-02-13 14:27:22,217 [INFO] IPUIPlugin:80 - create IPUIPlugin
2024-02-13 14:27:22,217 [INFO] PluginManager:220 - loadIPPluginJar : add fatfs
2024-02-13 14:27:22,267 [INFO] IPUIPlugin:80 - create IPUIPlugin
2024-02-13 14:27:22,267 [INFO] PluginManager:220 - loadIPPluginJar : add fmc
2024-02-13 14:27:22,282 [INFO] IPUIPlugin:80 - create IPUIPlugin
2024-02-13 14:27:22,282 [INFO] PluginManager:220 - loadIPPluginJar : add freertos
2024-02-13 14:27:22,303 [INFO] IPUIPlugin:80 - create IPUIPlugin
2024-02-13 14:27:22,303 [INFO] PluginManager:220 - loadIPPluginJar : add genericplugin
2024-02-13 14:27:22,396 [INFO] IPUIPlugin:80 - create IPUIPlugin
2024-02-13 14:27:22,396 [INFO] PluginManager:220 - loadIPPluginJar : add gfxmmu
2024-02-13 14:27:22,525 [INFO] IPUIPlugin:80 - create IPUIPlugin
2024-02-13 14:27:22,525 [INFO] PluginManager:220 - loadIPPluginJar : add gic
2024-02-13 14:27:22,538 [INFO] IPUIPlugin:80 - create IPUIPlugin
2024-02-13 14:27:22,538 [INFO] PluginManager:220 - loadIPPluginJar : add gpio
2024-02-13 14:27:22,631 [INFO] IPUIPlugin:80 - create IPUIPlugin
2024-02-13 14:27:22,631 [INFO] PluginManager:220 - loadIPPluginJar : add gtzc
2024-02-13 14:27:22,664 [INFO] IPUIPlugin:80 - create IPUIPlugin
2024-02-13 14:27:22,664 [INFO] PluginManager:220 - loadIPPluginJar : add hash
2024-02-13 14:27:22,716 [INFO] IPUIPlugin:80 - create IPUIPlugin
2024-02-13 14:27:22,716 [INFO] PluginManager:220 - loadIPPluginJar : add i2c
2024-02-13 14:27:22,755 [INFO] IPUIPlugin:80 - create IPUIPlugin
2024-02-13 14:27:22,755 [INFO] PluginManager:220 - loadIPPluginJar : add i2s
2024-02-13 14:27:22,796 [INFO] IPUIPlugin:80 - create IPUIPlugin
2024-02-13 14:27:22,796 [INFO] PluginManager:220 - loadIPPluginJar : add i3c
2024-02-13 14:27:22,903 [INFO] IPUIPlugin:80 - create IPUIPlugin
2024-02-13 14:27:22,903 [INFO] PluginManager:220 - loadIPPluginJar : add ipddr
2024-02-13 14:27:22,998 [INFO] IPUIPlugin:80 - create IPUIPlugin
2024-02-13 14:27:22,998 [INFO] PluginManager:220 - loadIPPluginJar : add linkedlist
2024-02-13 14:27:23,033 [INFO] IPUIPlugin:80 - create IPUIPlugin
2024-02-13 14:27:23,033 [INFO] PluginManager:220 - loadIPPluginJar : add lorawan
2024-02-13 14:27:23,069 [INFO] IPUIPlugin:80 - create IPUIPlugin
2024-02-13 14:27:23,070 [INFO] PluginManager:220 - loadIPPluginJar : add ltdc
2024-02-13 14:27:23,083 [INFO] IPUIPlugin:80 - create IPUIPlugin
2024-02-13 14:27:23,083 [INFO] PluginManager:220 - loadIPPluginJar : add mdma
2024-02-13 14:27:23,095 [INFO] IPUIPlugin:80 - create IPUIPlugin
2024-02-13 14:27:23,095 [INFO] PluginManager:220 - loadIPPluginJar : add nvic
2024-02-13 14:27:23,131 [INFO] IPUIPlugin:80 - create IPUIPlugin
2024-02-13 14:27:23,131 [INFO] PluginManager:220 - loadIPPluginJar : add opamp
2024-02-13 14:27:23,192 [INFO] IPUIPlugin:80 - create IPUIPlugin
2024-02-13 14:27:23,192 [INFO] PluginManager:220 - loadIPPluginJar : add openamp
2024-02-13 14:27:23,234 [INFO] IPUIPlugin:80 - create IPUIPlugin
2024-02-13 14:27:23,234 [INFO] PluginManager:220 - loadIPPluginJar : add pdm2pcm
2024-02-13 14:27:23,248 [INFO] IPUIPlugin:80 - create IPUIPlugin
2024-02-13 14:27:23,250 [INFO] PluginManager:220 - loadIPPluginJar : add plateformsettings
2024-02-13 14:27:23,272 [INFO] IPUIPlugin:80 - create IPUIPlugin
2024-02-13 14:27:23,272 [INFO] PluginManager:220 - loadIPPluginJar : add quadspi
2024-02-13 14:27:23,294 [INFO] IPUIPlugin:80 - create IPUIPlugin
2024-02-13 14:27:23,294 [INFO] PluginManager:220 - loadIPPluginJar : add resmgrutility
2024-02-13 14:27:23,344 [INFO] IPUIPlugin:80 - create IPUIPlugin
2024-02-13 14:27:23,344 [INFO] PluginManager:220 - loadIPPluginJar : add sai
2024-02-13 14:27:23,381 [INFO] IPUIPlugin:80 - create IPUIPlugin
2024-02-13 14:27:23,381 [INFO] PluginManager:220 - loadIPPluginJar : add spi
2024-02-13 14:27:23,438 [INFO] IPUIPlugin:80 - create IPUIPlugin
2024-02-13 14:27:23,439 [INFO] PluginManager:220 - loadIPPluginJar : add stm32_wpan
2024-02-13 14:27:23,461 [INFO] IPUIPlugin:80 - create IPUIPlugin
2024-02-13 14:27:23,461 [INFO] PluginManager:220 - loadIPPluginJar : add tim
2024-02-13 14:27:23,517 [INFO] IPUIPlugin:80 - create IPUIPlugin
2024-02-13 14:27:23,517 [INFO] PluginManager:220 - loadIPPluginJar : add touchsensing
2024-02-13 14:27:23,539 [INFO] IPUIPlugin:80 - create IPUIPlugin
2024-02-13 14:27:23,540 [INFO] PluginManager:220 - loadIPPluginJar : add tracer_emb
2024-02-13 14:27:23,562 [INFO] IPUIPlugin:80 - create IPUIPlugin
2024-02-13 14:27:23,562 [INFO] PluginManager:220 - loadIPPluginJar : add ts
2024-02-13 14:27:23,584 [INFO] IPUIPlugin:80 - create IPUIPlugin
2024-02-13 14:27:23,584 [INFO] PluginManager:220 - loadIPPluginJar : add tsc
2024-02-13 14:27:23,605 [INFO] IPUIPlugin:80 - create IPUIPlugin
2024-02-13 14:27:23,605 [INFO] PluginManager:220 - loadIPPluginJar : add ucpd
2024-02-13 14:27:23,651 [INFO] IPUIPlugin:80 - create IPUIPlugin
2024-02-13 14:27:23,651 [INFO] PluginManager:220 - loadIPPluginJar : add usart
2024-02-13 14:27:23,695 [INFO] IPUIPlugin:80 - create IPUIPlugin
2024-02-13 14:27:23,695 [INFO] PluginManager:220 - loadIPPluginJar : add usbx
2024-02-13 14:27:23,821 [INFO] CADModel:165 - CPN selected for project level
2024-02-13 14:27:23,821 [INFO] CADModel:114 - Register for checkConnection events
2024-02-13 14:27:23,821 [FATAL] Updater:308 - Updater called before beeing initialized
2024-02-13 14:27:23,821 [ERROR] CADModel:125 - Updater not yet initialized, retry later 
2024-02-13 14:27:24,054 [INFO] CADModel:165 - CPN selected for project level
2024-02-13 14:27:24,054 [INFO] CADModel:114 - Register for checkConnection events
2024-02-13 14:27:24,054 [FATAL] Updater:308 - Updater called before beeing initialized
2024-02-13 14:27:24,054 [ERROR] CADModel:125 - Updater not yet initialized, retry later 
2024-02-13 14:27:24,059 [FATAL] Updater:308 - Updater called before beeing initialized
2024-02-13 14:27:24,203 [FATAL] Updater:308 - Updater called before beeing initialized
2024-02-13 14:27:24,213 [INFO] DbMcusAds:53 - JSON generation date=Wed Nov 29 17:52:27 ICT 2023 (1701255147200)
2024-02-13 14:27:24,214 [FATAL] Updater:308 - Updater called before beeing initialized
2024-02-13 14:27:24,267 [WARN] DetailPanel:346 - Failed to get advertising image, set to default
2024-02-13 14:27:24,338 [INFO] ThirdPartyUpdaterWithRetryManager:70 - Updater plugin not ready yet. [2/15]
2024-02-13 14:27:24,364 [FATAL] Updater:308 - Updater called before beeing initialized
2024-02-13 14:27:24,366 [FATAL] Updater:308 - Updater called before beeing initialized
2024-02-13 14:27:24,366 [FATAL] Updater:308 - Updater called before beeing initialized
2024-02-13 14:27:24,367 [WARN] DetailPanel:346 - Failed to get advertising image, set to default
2024-02-13 14:27:24,367 [FATAL] Updater:308 - Updater called before beeing initialized
2024-02-13 14:27:24,437 [ERROR] Updater:1120 - MainUpdater not yet initialized. External WinMGr cannot be set.
2024-02-13 14:27:24,448 [INFO] Updater:1056 - Updater Version found : 6.9.0
2024-02-13 14:27:24,470 [INFO] ApplicationProperties:184 - Using Application install path: C:\ST\STM32CubeIDE_1.13.0\STM32CubeIDE\plugins\com.st.stm32cube.common.mx_6.9.0.202307051724
2024-02-13 14:27:24,725 [INFO] MainUpdater:2868 - connection check result : 10
2024-02-13 14:27:24,726 [INFO] MainUpdater:3562 - Updater definition file requires update
2024-02-13 14:27:24,729 [INFO] MainUpdater:285 - Updater Check For Update Now.
2024-02-13 14:27:24,729 [INFO] MicroXplorer:498 - Change Database Version : DB.6.0.90
2024-02-13 14:27:24,752 [INFO] McuFinderGlobals:63 - Set McuFinder mode to 2 (CubeIDE integrated)
2024-02-13 14:27:24,786 [INFO] ServerAccessManage:473 - Download File updaters.zip
2024-02-13 14:27:24,904 [INFO] FileExtend:240 - Unzip File : updaters.zip
2024-02-13 14:27:24,904 [INFO] FileExtend:255 - Standard Zip Deflate
2024-02-13 14:27:25,402 [INFO] ServerAccessManage:473 - Download File PacksControlFlags.xml
2024-02-13 14:27:25,553 [INFO] ServerAccessManage:473 - Download File cubemx.pidx
2024-02-13 14:27:25,749 [INFO] LoadServerUpdatesThread:373 - End of LoadServerUpdate Thread
2024-02-13 14:27:26,006 [INFO] CheckServerUpdateThread:120 - End of CheckServer Thread
2024-02-13 14:27:27,532 [WARN] PackLoader:240 - Cannot read IP mode file for STMicroelectronics.X-CUBE-SMBUS.2.1.0
2024-02-13 14:27:27,547 [WARN] PackLoader:240 - Cannot read IP mode file for STMicroelectronics.X-CUBE-TOUCHGFX.4.23.0
2024-02-13 14:27:27,589 [WARN] PackLoader:240 - Cannot read IP mode file for STMicroelectronics.X-CUBE-AZRTOS-F7.1.1.0
2024-02-13 14:27:27,609 [WARN] PackLoader:240 - Cannot read IP mode file for STMicroelectronics.FP-SNS-MOTENV1.4.3.2
2024-02-13 14:27:27,631 [WARN] PackLoader:240 - Cannot read IP mode file for STMicroelectronics.X-CUBE-BLE1.6.2.4
2024-02-13 14:27:27,646 [WARN] PackLoader:240 - Cannot read IP mode file for STMicroelectronics.FP-SNS-FLIGHT1.5.0.2
2024-02-13 14:27:27,665 [WARN] PackLoader:240 - Cannot read IP mode file for STMicroelectronics.X-CUBE-DISPLAY.3.0.0
2024-02-13 14:27:27,688 [WARN] PackLoader:240 - Cannot read IP mode file for STMicroelectronics.X-CUBE-BLE1.7.0.0
2024-02-13 14:27:27,704 [WARN] PackLoader:240 - Cannot read IP mode file for emotas.I-CUBE-CANOPEN.1.3.0
2024-02-13 14:27:27,717 [WARN] PackLoader:240 - Cannot read IP mode file for STMicroelectronics.X-CUBE-TOUCHGFX.4.22.0
2024-02-13 14:27:27,730 [WARN] PackLoader:240 - Cannot read IP mode file for STMicroelectronics.X-CUBE-TOUCHGFX.4.22.1
2024-02-13 14:27:27,807 [WARN] PackLoader:240 - Cannot read IP mode file for STMicroelectronics.X-CUBE-MEMS1.9.3.0
2024-02-13 14:27:27,976 [WARN] PackLoader:240 - Cannot read IP mode file for STMicroelectronics.FP-SNS-SMARTAG2.1.2.0
2024-02-13 14:27:27,998 [INFO] LogOutputStream:77 - [STDOUT_REDIRECT] 1 : Invalid condition id : UX_CORESTACK_Condition cause : null
2024-02-13 14:27:27,998 [INFO] LogOutputStream:77 - [STDOUT_REDIRECT] 1 : Invalid condition id : UX_CORESTACK_Condition cause : null
2024-02-13 14:27:28,000 [INFO] LogOutputStream:77 - [STDOUT_REDIRECT] 1 : Invalid condition id : UX_CORESTACK_Condition cause : null
2024-02-13 14:27:28,001 [INFO] LogOutputStream:77 - [STDOUT_REDIRECT] 1 : Invalid condition id : UX_CORESTACK_Condition cause : null
2024-02-13 14:27:28,003 [INFO] LogOutputStream:77 - [STDOUT_REDIRECT] 1 : Invalid condition id : UX_CORESTACK_Condition cause : null
2024-02-13 14:27:28,007 [WARN] PackLoader:240 - Cannot read IP mode file for STMicroelectronics.X-CUBE-AZRTOS-WL.2.0.0
2024-02-13 14:27:28,034 [WARN] PackLoader:240 - Cannot read IP mode file for WES.I-CUBE-Cesium.1.3.0
2024-02-13 14:27:28,053 [WARN] PackLoader:240 - Cannot read IP mode file for STMicroelectronics.X-CUBE-BLE2.3.3.0
2024-02-13 14:27:28,078 [WARN] PackLoader:240 - Cannot read IP mode file for STMicroelectronics.X-CUBE-TOF1.3.2.0
2024-02-13 14:27:28,099 [WARN] PackLoader:240 - Cannot read IP mode file for STMicroelectronics.X-CUBE-ISPU.1.0.0
2024-02-13 14:27:28,112 [WARN] PackLoader:240 - Cannot read IP mode file for STMicroelectronics.X-CUBE-TOUCHGFX.4.21.1
2024-02-13 14:27:28,184 [WARN] PackLoader:240 - Cannot read IP mode file for STMicroelectronics.X-CUBE-MEMS1.9.4.0
2024-02-13 14:27:28,314 [WARN] PackLoader:240 - Cannot read IP mode file for STMicroelectronics.X-CUBE-AI.7.3.0
2024-02-13 14:27:28,329 [WARN] PackLoader:240 - Cannot read IP mode file for STMicroelectronics.X-CUBE-ALGOBUILD.1.3.0
2024-02-13 14:27:28,360 [WARN] PackLoader:240 - Cannot read IP mode file for STMicroelectronics.X-CUBE-AZRTOS-G0.1.1.0
2024-02-13 14:27:28,377 [WARN] PackLoader:240 - Cannot read IP mode file for STMicroelectronics.X-CUBE-NFC4.3.0.0
2024-02-13 14:27:28,399 [WARN] PackLoader:240 - Cannot read IP mode file for STMicroelectronics.X-CUBE-BLEMGR.3.0.0
2024-02-13 14:27:28,417 [WARN] PackLoader:240 - Cannot read IP mode file for STMicroelectronics.X-CUBE-BLEMGR.1.3.0
2024-02-13 14:27:28,431 [WARN] PackLoader:240 - Cannot read IP mode file for STMicroelectronics.FP-ATR-SIGFOX1.3.2.0
2024-02-13 14:27:28,447 [WARN] PackLoader:240 - Cannot read IP mode file for STMicroelectronics.X-CUBE-EEPRMA1.5.1.0
2024-02-13 14:27:28,461 [WARN] PackLoader:240 - Cannot read IP mode file for STMicroelectronics.X-CUBE-TOUCHGFX.4.20.0
2024-02-13 14:27:28,510 [WARN] PackLoader:240 - Cannot read IP mode file for SEGGER.I-CUBE-embOS.1.3.1
2024-02-13 14:27:28,562 [WARN] PackLoader:240 - Cannot read IP mode file for STMicroelectronics.X-CUBE-GNSS1.6.0.0
2024-02-13 14:27:28,598 [WARN] PackLoader:240 - Cannot read IP mode file for STMicroelectronics.X-CUBE-AZRTOS-F4.1.1.0
2024-02-13 14:27:28,618 [WARN] PackLoader:240 - Cannot read IP mode file for wolfSSL.I-CUBE-wolfSSL.5.6.6
2024-02-13 14:27:28,634 [WARN] PackLoader:240 - Cannot read IP mode file for STMicroelectronics.X-CUBE-BLEMGR.1.2.0
2024-02-13 14:27:28,669 [WARN] PackLoader:240 - Cannot read IP mode file for STMicroelectronics.X-CUBE-AZRTOS-L5.2.0.0
2024-02-13 14:27:28,734 [WARN] PackLoader:240 - Cannot read IP mode file for STMicroelectronics.X-CUBE-MEMS1.9.6.0
2024-02-13 14:27:28,876 [WARN] PackLoader:240 - Cannot read IP mode file for STMicroelectronics.X-CUBE-EEPRMA1.4.2.0
2024-02-13 14:27:28,891 [WARN] PackLoader:240 - Cannot read IP mode file for ITTIA_DB.I-CUBE-ITTIADB.8.8.0
2024-02-13 14:27:28,908 [WARN] PackLoader:240 - Cannot read IP mode file for STMicroelectronics.X-CUBE-BLEMGR.2.0.0
2024-02-13 14:27:28,941 [WARN] ConditionMgr:438 - getConditionDescription Invalid condition id : UX DEVICE CLASS RTOS Condition cause : null
2024-02-13 14:27:28,941 [WARN] ConditionMgr:438 - getConditionDescription Invalid condition id : UX DEVICE CLASS RTOS Condition cause : null
2024-02-13 14:27:28,945 [WARN] PackLoader:240 - Cannot read IP mode file for STMicroelectronics.X-CUBE-AZRTOS-H7.3.1.0
2024-02-13 14:27:28,946 [WARN] ConditionMgr:1039 - genDependencies : Invalid condition id : UX DEVICE CLASS RTOS Condition cause : null
2024-02-13 14:27:28,946 [WARN] ConditionMgr:1039 - genDependencies : Invalid condition id : UX DEVICE CLASS RTOS Condition cause : null
2024-02-13 14:27:28,946 [WARN] ConditionMgr:1039 - genDependencies : Invalid condition id : UX DEVICE CLASS RTOS Condition cause : null
2024-02-13 14:27:28,947 [WARN] ConditionMgr:1039 - genDependencies : Invalid condition id : UX DEVICE CLASS RTOS Condition cause : null
2024-02-13 14:27:28,947 [WARN] ConditionMgr:1039 - genDependencies : Invalid condition id : UX DEVICE CLASS RTOS Condition cause : null
2024-02-13 14:27:28,963 [WARN] PackLoader:240 - Cannot read IP mode file for STMicroelectronics.X-CUBE-NFC7.1.0.1
2024-02-13 14:27:28,980 [WARN] PackLoader:240 - Cannot read IP mode file for STMicroelectronics.X-CUBE-NFC6.3.0.0
2024-02-13 14:27:28,996 [WARN] PackLoader:240 - Cannot read IP mode file for STMicroelectronics.X-CUBE-EEPRMA1.4.1.0
2024-02-13 14:27:29,009 [WARN] PackLoader:240 - Cannot read IP mode file for STMicroelectronics.X-CUBE-AI.8.1.0
2024-02-13 14:27:29,042 [WARN] ConditionMgr:438 - getConditionDescription Invalid condition id : LAN8742 Phy interface Condition cause : null
2024-02-13 14:27:29,043 [WARN] PackLoader:240 - Cannot read IP mode file for STMicroelectronics.X-CUBE-AZRTOS-L4.2.0.0
2024-02-13 14:27:29,044 [WARN] ConditionMgr:1039 - genDependencies : Invalid condition id : LAN8742 Phy interface Condition cause : null
2024-02-13 14:27:29,044 [WARN] ConditionMgr:1039 - genDependencies : Invalid condition id : LAN8742 Phy interface Condition cause : null
2024-02-13 14:27:29,045 [WARN] ConditionMgr:1039 - genDependencies : Invalid condition id : LAN8742 Phy interface Condition cause : null
2024-02-13 14:27:29,064 [WARN] PackLoader:240 - Cannot read IP mode file for STMicroelectronics.X-CUBE-SFXS2LP1.4.0.0
2024-02-13 14:27:29,097 [WARN] PackLoader:240 - Cannot read IP mode file for STMicroelectronics.X-CUBE-AZRTOS-H7.3.0.0
2024-02-13 14:27:29,111 [WARN] PackLoader:240 - Cannot read IP mode file for STMicroelectronics.X-CUBE-ISPU.1.1.0
2024-02-13 14:27:29,137 [WARN] ConditionMgr:438 - getConditionDescription Invalid condition id : UX DEVICE CLASS RTOS Condition cause : null
2024-02-13 14:27:29,138 [WARN] ConditionMgr:438 - getConditionDescription Invalid condition id : UX DEVICE CLASS RTOS Condition cause : null
2024-02-13 14:27:29,139 [WARN] PackLoader:240 - Cannot read IP mode file for STMicroelectronics.X-CUBE-AZRTOS-WB.2.0.0
2024-02-13 14:27:29,140 [WARN] ConditionMgr:1039 - genDependencies : Invalid condition id : UX DEVICE CLASS RTOS Condition cause : null
2024-02-13 14:27:29,140 [WARN] ConditionMgr:1039 - genDependencies : Invalid condition id : UX DEVICE CLASS RTOS Condition cause : null
2024-02-13 14:27:29,140 [WARN] ConditionMgr:1039 - genDependencies : Invalid condition id : UX DEVICE CLASS RTOS Condition cause : null
2024-02-13 14:27:29,141 [WARN] ConditionMgr:1039 - genDependencies : Invalid condition id : UX DEVICE CLASS RTOS Condition cause : null
2024-02-13 14:27:29,141 [WARN] ConditionMgr:1039 - genDependencies : Invalid condition id : UX DEVICE CLASS RTOS Condition cause : null
2024-02-13 14:27:29,154 [WARN] PackLoader:240 - Cannot read IP mode file for STMicroelectronics.X-CUBE-FREERTOS.1.0.1
2024-02-13 14:27:29,181 [WARN] PackLoader:240 - Cannot read IP mode file for STMicroelectronics.X-CUBE-AZRTOS-L5.1.1.0
2024-02-13 14:27:29,195 [WARN] PackLoader:240 - Cannot read IP mode file for STMicroelectronics.X-CUBE-AI.8.0.1
2024-02-13 14:27:29,214 [WARN] PackLoader:240 - Cannot read IP mode file for STMicroelectronics.X-CUBE-SUBG2.5.0.0
2024-02-13 14:27:29,239 [WARN] PackLoader:240 - Cannot read IP mode file for STMicroelectronics.X-CUBE-TOF1.3.3.1
2024-02-13 14:27:29,272 [WARN] PackLoader:240 - Cannot read IP mode file for STMicroelectronics.X-CUBE-AZRTOS-G4.2.0.0
2024-02-13 14:27:29,285 [WARN] PackLoader:240 - Cannot read IP mode file for STMicroelectronics.FP-ATR-ASTRA1.1.1.1
2024-02-13 14:27:29,308 [WARN] PackLoader:240 - Cannot read IP mode file for Infineon.AIROC-Wi-Fi-Bluetooth-STM32.1.5.1
2024-02-13 14:27:29,322 [WARN] PackLoader:240 - Cannot read IP mode file for STMicroelectronics.FP-SNS-MOTENVWB1.1.3.0
2024-02-13 14:27:29,333 [WARN] PackLoader:240 - Cannot read IP mode file for STMicroelectronics.FP-SNS-MOTENVWB1.1.3.1
2024-02-13 14:27:29,345 [WARN] PackLoader:240 - Cannot read IP mode file for STMicroelectronics.X-CUBE-ISPU.2.0.0
2024-02-13 14:27:29,389 [WARN] PackLoader:240 - Cannot read IP mode file for STMicroelectronics.X-CUBE-MEMS1.10.0.0
2024-02-13 14:27:29,483 [WARN] PackLoader:240 - Cannot read IP mode file for STMicroelectronics.X-CUBE-FREERTOS.1.1.0
2024-02-13 14:27:29,498 [WARN] PackLoader:240 - Cannot read IP mode file for portGmbH.I-Cube-SoM-uGOAL.1.1.0
2024-02-13 14:27:29,515 [WARN] PackLoader:240 - Cannot read IP mode file for STMicroelectronics.X-CUBE-ALS.1.0.1
2024-02-13 14:27:29,537 [WARN] PackLoader:240 - Cannot read IP mode file for STMicroelectronics.X-CUBE-AZRTOS-WB.1.1.0
2024-02-13 14:27:29,550 [WARN] PackLoader:240 - Cannot read IP mode file for STMicroelectronics.FP-ATR-ASTRA1.2.0.0
2024-02-13 14:27:29,567 [WARN] PackLoader:240 - Cannot read IP mode file for STMicroelectronics.X-CUBE-TOF1.3.4.0
2024-02-13 14:27:29,605 [WARN] PackLoader:240 - Cannot read IP mode file for STMicroelectronics.X-CUBE-AZRTOS-H7.3.2.0
2024-02-13 14:27:29,608 [INFO] ThirdParty:978 - Integrity check success = true
2024-02-13 14:27:29,609 [INFO] IntegrityCheckThread:100 - exiting critical section [integrity check]
2024-02-13 14:27:29,609 [INFO] IntegrityCheckThread:103 - End integrity checks thread
2024-02-13 14:27:46,420 [ERROR] LogOutputStream:75 - [STDERR_REDIRECT] SLF4J: Failed to load class "org.slf4j.impl.StaticLoggerBinder".
2024-02-13 14:27:46,421 [ERROR] LogOutputStream:75 - [STDERR_REDIRECT] SLF4J: Defaulting to no-operation (NOP) logger implementation
2024-02-13 14:27:46,424 [ERROR] LogOutputStream:75 - [STDERR_REDIRECT] SLF4J: See http://www.slf4j.org/codes.html#StaticLoggerBinder for further details.
