2024-02-04 20:53:22,486 [INFO] Activator:176 - 


2024-02-04 20:53:22,493 [INFO] Activator:177 - !SESSION log4j initialized
2024-02-04 20:53:33,673 [INFO] LogOutputStream:77 - [STDOUT_REDIRECT] 
2024-02-04 20:53:38,218 [INFO] ApplicationProperties:184 - Using Application install path: C:\ST\STM32CubeIDE_1.13.0\STM32CubeIDE\plugins\com.st.stm32cube.common.mx_6.9.0.202307051724
2024-02-04 20:53:38,240 [INFO] DbMcusXml:78 - Set database path to: C:\ST\STM32CubeIDE_1.13.0\STM32CubeIDE\plugins\com.st.stm32cube.common.mx_6.9.0.202307051724\\db\/mcu/
2024-02-04 20:53:38,240 [INFO] ApiDb:274 - Set plugin database path to: C:\ST\STM32CubeIDE_1.13.0\STM32CubeIDE\plugins\com.st.stm32cube.common.mx_6.9.0.202307051724\\db\/plugins/boardmanager/
2024-02-04 20:53:38,242 [WARN] ApiDb:259 - Overriding images path with different value:  => C:\ST\STM32CubeIDE_1.13.0\STM32CubeIDE\plugins\com.st.stm32cube.common.mx_6.9.0.202307051724\\db\/plugins/mcufinder/images/
2024-02-04 20:53:38,261 [INFO] ApiDb:250 - Set database path to: C:\Users\admin\.stmcufinder\plugins\mcufinder//mcu/
2024-02-04 20:53:38,262 [INFO] DbMcusAds:125 - Set database path to: C:\Users\admin\.stmcufinder\plugins\mcufinder//mcu/
2024-02-04 20:53:38,996 [INFO] CrossReferenceDbSqlite:203 - Set database path to: C:\Users\admin\.stmcufinder\plugins\mcufinder//mcu/cs/
2024-02-04 20:53:39,225 [INFO] RulesReader:64 - Compatibility file has been processed (293 Rules)
2024-02-04 20:53:39,375 [INFO] DbMcusXml:78 - Set database path to: C:\ST\STM32CubeIDE_1.13.0\STM32CubeIDE\plugins\com.st.stm32cube.common.mx_6.9.0.202307051724\\db\/mcu/
2024-02-04 20:53:39,376 [INFO] ApiDb:274 - Set plugin database path to: C:\ST\STM32CubeIDE_1.13.0\STM32CubeIDE\plugins\com.st.stm32cube.common.mx_6.9.0.202307051724\\db\/plugins/boardmanager/
2024-02-04 20:53:39,376 [INFO] ApiDb:261 - Set plugin images path to: C:\ST\STM32CubeIDE_1.13.0\STM32CubeIDE\plugins\com.st.stm32cube.common.mx_6.9.0.202307051724\\db\/plugins/mcufinder/images/
2024-02-04 20:53:39,376 [WARN] DbFile:41 - Overriding database path with different value: C:\Users\admin\.stmcufinder\plugins\mcufinder/ => C:\Users\admin\.stmcufinder\plugins\mcufinder
2024-02-04 20:53:39,377 [INFO] ApiDb:250 - Set database path to: C:\Users\admin\.stmcufinder\plugins\mcufinder//mcu/
2024-02-04 20:53:39,377 [WARN] DbFile:41 - Overriding database path with different value: C:\Users\admin\.stmcufinder\plugins\mcufinder/ => C:\Users\admin\.stmcufinder\plugins\mcufinder
2024-02-04 20:53:39,377 [INFO] DbMcusAds:125 - Set database path to: C:\Users\admin\.stmcufinder\plugins\mcufinder//mcu/
2024-02-04 20:53:39,377 [WARN] DbFile:41 - Overriding database path with different value: C:\Users\admin\.stmcufinder\plugins\mcufinder/ => C:\Users\admin\.stmcufinder\plugins\mcufinder
2024-02-04 20:53:39,377 [WARN] DbFile:41 - Overriding database path with different value: C:\Users\admin\.stmcufinder\plugins\mcufinder/ => C:\Users\admin\.stmcufinder\plugins\mcufinder
2024-02-04 20:53:39,997 [INFO] CrossReferenceDbSqlite:203 - Set database path to: C:\Users\admin\.stmcufinder\plugins\mcufinder//mcu/cs/
2024-02-04 20:53:40,139 [INFO] MainPanel:262 - HeapMemory: 268435456
2024-02-04 20:53:40,248 [INFO] DbMcusXml:78 - Set database path to: C:\ST\STM32CubeIDE_1.13.0\STM32CubeIDE\plugins\com.st.stm32cube.common.mx_6.9.0.202307051724\\db\/mcu/
2024-02-04 20:53:40,249 [INFO] ApiDb:274 - Set plugin database path to: C:\ST\STM32CubeIDE_1.13.0\STM32CubeIDE\plugins\com.st.stm32cube.common.mx_6.9.0.202307051724\\db\/plugins/boardmanager/
2024-02-04 20:53:40,249 [INFO] ApiDb:261 - Set plugin images path to: C:\ST\STM32CubeIDE_1.13.0\STM32CubeIDE\plugins\com.st.stm32cube.common.mx_6.9.0.202307051724\\db\/plugins/mcufinder/images/
2024-02-04 20:53:40,249 [WARN] DbFile:41 - Overriding database path with different value: C:\Users\admin\.stmcufinder\plugins\mcufinder/ => C:\Users\admin\.stmcufinder\plugins\mcufinder
2024-02-04 20:53:40,249 [INFO] ApiDb:250 - Set database path to: C:\Users\admin\.stmcufinder\plugins\mcufinder//mcu/
2024-02-04 20:53:40,249 [WARN] DbFile:41 - Overriding database path with different value: C:\Users\admin\.stmcufinder\plugins\mcufinder/ => C:\Users\admin\.stmcufinder\plugins\mcufinder
2024-02-04 20:53:40,250 [INFO] DbMcusAds:125 - Set database path to: C:\Users\admin\.stmcufinder\plugins\mcufinder//mcu/
2024-02-04 20:53:40,250 [WARN] DbFile:41 - Overriding database path with different value: C:\Users\admin\.stmcufinder\plugins\mcufinder/ => C:\Users\admin\.stmcufinder\plugins\mcufinder
2024-02-04 20:53:40,250 [WARN] DbFile:41 - Overriding database path with different value: C:\Users\admin\.stmcufinder\plugins\mcufinder/ => C:\Users\admin\.stmcufinder\plugins\mcufinder
2024-02-04 20:53:40,988 [INFO] CrossReferenceDbSqlite:203 - Set database path to: C:\Users\admin\.stmcufinder\plugins\mcufinder//mcu/cs/
2024-02-04 20:53:41,031 [INFO] ApplicationProperties:184 - Using Application install path: C:\ST\STM32CubeIDE_1.13.0\STM32CubeIDE\plugins\com.st.stm32cube.common.mx_6.9.0.202307051724
2024-02-04 20:53:41,036 [INFO] PluginManage:196 - Search for loadable plugins [exclusion list=, ]
2024-02-04 20:53:41,038 [INFO] PluginManage:310 - Check plugin analytics
2024-02-04 20:53:42,103 [INFO] AnalyticsPlugin:253 - Accepted Software Licenses: STM32CubeMX.6.9.1
2024-02-04 20:53:42,104 [INFO] AnalyticsPlugin:255 - Accepted CMSIS Pack Licenses: 
2024-02-04 20:53:42,104 [INFO] AnalyticsPlugin:257 - Accepted Firmware Licenses: 
2024-02-04 20:53:42,107 [INFO] PluginManage:359 - Loaded plugin analytics (category:tool,tabindex:-1)
2024-02-04 20:53:42,107 [INFO] PluginManage:310 - Check plugin cadmodel
2024-02-04 20:53:42,130 [INFO] CADModel:105 - Init CAD model plugin
2024-02-04 20:53:42,131 [INFO] PluginManage:359 - Loaded plugin cadmodel (category:power,tabindex:5)
2024-02-04 20:53:42,131 [INFO] PluginManage:310 - Check plugin clock
2024-02-04 20:53:42,154 [INFO] PluginManage:359 - Loaded plugin clock (category:base,tabindex:2)
2024-02-04 20:53:42,154 [INFO] PluginManage:310 - Check plugin ddr
2024-02-04 20:53:42,157 [INFO] PluginManage:359 - Loaded plugin ddr (category:tool,tabindex:6)
2024-02-04 20:53:42,157 [INFO] PluginManage:310 - Check plugin filemanager
2024-02-04 20:53:42,538 [INFO] PluginManage:359 - Loaded plugin filemanager (category:base,tabindex:10)
2024-02-04 20:53:42,539 [INFO] PluginManage:310 - Check plugin ipmanager
2024-02-04 20:53:42,549 [INFO] PluginManage:359 - Loaded plugin ipmanager (category:base,tabindex:5)
2024-02-04 20:53:42,550 [INFO] PluginManage:310 - Check plugin lpbam
2024-02-04 20:53:42,572 [INFO] PluginManage:359 - Loaded plugin lpbam (category:base,tabindex:0)
2024-02-04 20:53:42,572 [INFO] PluginManage:310 - Check plugin memorymap
2024-02-04 20:53:42,604 [INFO] PluginManage:359 - Loaded plugin memorymap (category:base,tabindex:4)
2024-02-04 20:53:42,604 [INFO] PluginManage:310 - Check plugin pinoutandconfiguration
2024-02-04 20:53:42,624 [INFO] PluginManage:359 - Loaded plugin pinoutandconfiguration (category:base,tabindex:1)
2024-02-04 20:53:42,624 [INFO] PluginManage:310 - Check plugin pinoutconfig
2024-02-04 20:53:42,779 [WARN] SupportedApi:132 - Cannot load RTOS API schema: s4s-elt-must-match.1: The content of 'definitions' must match (annotation?, (simpleType | complexType)?, (unique | key | keyref)*)). A problem was found starting at: attribute.
2024-02-04 20:53:42,980 [INFO] PluginManage:359 - Loaded plugin pinoutconfig (category:base,tabindex:0)
2024-02-04 20:53:42,981 [INFO] PluginManage:310 - Check plugin power
2024-02-04 20:53:43,011 [INFO] PluginManage:359 - Loaded plugin power (category:power,tabindex:4)
2024-02-04 20:53:43,011 [INFO] PluginManage:310 - Check plugin projectmanager
2024-02-04 20:53:43,039 [INFO] PluginManage:359 - Loaded plugin projectmanager (category:projectmanager,tabindex:3)
2024-02-04 20:53:43,039 [INFO] PluginManage:310 - Check plugin thirdparty
2024-02-04 20:53:43,414 [INFO] PluginManage:359 - Loaded plugin thirdparty (category:base,tabindex:-1)
2024-02-04 20:53:43,414 [WARN] IntegrityCheckThread:84 - waiting for thirdparty lock release [integrity check]
2024-02-04 20:53:43,414 [INFO] IntegrityCheckThread:86 - entering critical section [integrity check]
2024-02-04 20:53:43,414 [INFO] PluginManage:310 - Check plugin tools
2024-02-04 20:53:43,417 [INFO] ThirdPartyUpdaterWithRetryManager:70 - Updater plugin not ready yet. [1/15]
2024-02-04 20:53:43,461 [INFO] PluginManage:359 - Loaded plugin tools (category:base,tabindex:7)
2024-02-04 20:53:43,461 [INFO] PluginManage:310 - Check plugin tutovideos
2024-02-04 20:53:43,722 [INFO] PluginManage:359 - Loaded plugin tutovideos (category:base,tabindex:-1)
2024-02-04 20:53:43,722 [INFO] PluginManage:310 - Check plugin updater
2024-02-04 20:53:43,737 [INFO] PluginManage:359 - Loaded plugin updater (category:base,tabindex:12)
2024-02-04 20:53:43,738 [INFO] PluginManage:310 - Check plugin userauth
2024-02-04 20:53:43,743 [INFO] UserAuth:113 - Init User Auth plugin
2024-02-04 20:53:43,744 [INFO] PluginManage:359 - Loaded plugin userauth (category:base,tabindex:14)
2024-02-04 20:53:43,744 [INFO] PluginManage:283 - PluginManage : Loaded plugins [17]
2024-02-04 20:53:44,110 [INFO] PinOutPanel:1499 - setPackage(No Configuration,No Configuration)
2024-02-04 20:53:44,251 [INFO] CADModel:165 - CPN selected for project level
2024-02-04 20:53:44,251 [INFO] CADModel:114 - Register for checkConnection events
2024-02-04 20:53:44,285 [INFO] IPUIPlugin:80 - create IPUIPlugin
2024-02-04 20:53:44,285 [INFO] PluginManager:220 - loadIPPluginJar : add adc
2024-02-04 20:53:44,328 [INFO] IPUIPlugin:80 - create IPUIPlugin
2024-02-04 20:53:44,328 [INFO] PluginManager:220 - loadIPPluginJar : add aes
2024-02-04 20:53:44,377 [INFO] IPUIPlugin:80 - create IPUIPlugin
2024-02-04 20:53:44,377 [INFO] PluginManager:220 - loadIPPluginJar : add can
2024-02-04 20:53:44,404 [INFO] IPUIPlugin:80 - create IPUIPlugin
2024-02-04 20:53:44,404 [INFO] PluginManager:220 - loadIPPluginJar : add comp
2024-02-04 20:53:44,445 [INFO] IPUIPlugin:80 - create IPUIPlugin
2024-02-04 20:53:44,445 [INFO] PluginManager:220 - loadIPPluginJar : add cryp
2024-02-04 20:53:44,487 [INFO] IPUIPlugin:80 - create IPUIPlugin
2024-02-04 20:53:44,487 [INFO] PluginManager:220 - loadIPPluginJar : add dfsdm
2024-02-04 20:53:44,505 [INFO] IPUIPlugin:80 - create IPUIPlugin
2024-02-04 20:53:44,506 [INFO] PluginManager:220 - loadIPPluginJar : add dma
2024-02-04 20:53:44,562 [INFO] IPUIPlugin:80 - create IPUIPlugin
2024-02-04 20:53:44,563 [INFO] PluginManager:220 - loadIPPluginJar : add dma3
2024-02-04 20:53:44,589 [INFO] IPUIPlugin:80 - create IPUIPlugin
2024-02-04 20:53:44,590 [INFO] PluginManager:220 - loadIPPluginJar : add fatfs
2024-02-04 20:53:44,644 [INFO] IPUIPlugin:80 - create IPUIPlugin
2024-02-04 20:53:44,644 [INFO] PluginManager:220 - loadIPPluginJar : add fmc
2024-02-04 20:53:44,662 [INFO] IPUIPlugin:80 - create IPUIPlugin
2024-02-04 20:53:44,662 [INFO] PluginManager:220 - loadIPPluginJar : add freertos
2024-02-04 20:53:44,688 [INFO] IPUIPlugin:80 - create IPUIPlugin
2024-02-04 20:53:44,688 [INFO] PluginManager:220 - loadIPPluginJar : add genericplugin
2024-02-04 20:53:44,802 [INFO] IPUIPlugin:80 - create IPUIPlugin
2024-02-04 20:53:44,802 [INFO] PluginManager:220 - loadIPPluginJar : add gfxmmu
2024-02-04 20:53:44,958 [INFO] IPUIPlugin:80 - create IPUIPlugin
2024-02-04 20:53:44,958 [INFO] PluginManager:220 - loadIPPluginJar : add gic
2024-02-04 20:53:44,974 [INFO] IPUIPlugin:80 - create IPUIPlugin
2024-02-04 20:53:44,974 [INFO] PluginManager:220 - loadIPPluginJar : add gpio
2024-02-04 20:53:45,084 [INFO] IPUIPlugin:80 - create IPUIPlugin
2024-02-04 20:53:45,084 [INFO] PluginManager:220 - loadIPPluginJar : add gtzc
2024-02-04 20:53:45,123 [INFO] IPUIPlugin:80 - create IPUIPlugin
2024-02-04 20:53:45,123 [INFO] PluginManager:220 - loadIPPluginJar : add hash
2024-02-04 20:53:45,186 [INFO] IPUIPlugin:80 - create IPUIPlugin
2024-02-04 20:53:45,186 [INFO] PluginManager:220 - loadIPPluginJar : add i2c
2024-02-04 20:53:45,231 [INFO] IPUIPlugin:80 - create IPUIPlugin
2024-02-04 20:53:45,232 [INFO] PluginManager:220 - loadIPPluginJar : add i2s
2024-02-04 20:53:45,279 [INFO] IPUIPlugin:80 - create IPUIPlugin
2024-02-04 20:53:45,279 [INFO] PluginManager:220 - loadIPPluginJar : add i3c
2024-02-04 20:53:45,410 [INFO] IPUIPlugin:80 - create IPUIPlugin
2024-02-04 20:53:45,411 [INFO] PluginManager:220 - loadIPPluginJar : add ipddr
2024-02-04 20:53:45,523 [INFO] IPUIPlugin:80 - create IPUIPlugin
2024-02-04 20:53:45,523 [INFO] PluginManager:220 - loadIPPluginJar : add linkedlist
2024-02-04 20:53:45,570 [INFO] IPUIPlugin:80 - create IPUIPlugin
2024-02-04 20:53:45,570 [INFO] PluginManager:220 - loadIPPluginJar : add lorawan
2024-02-04 20:53:45,641 [INFO] IPUIPlugin:80 - create IPUIPlugin
2024-02-04 20:53:45,641 [INFO] PluginManager:220 - loadIPPluginJar : add ltdc
2024-02-04 20:53:45,669 [INFO] IPUIPlugin:80 - create IPUIPlugin
2024-02-04 20:53:45,670 [INFO] PluginManager:220 - loadIPPluginJar : add mdma
2024-02-04 20:53:45,699 [INFO] IPUIPlugin:80 - create IPUIPlugin
2024-02-04 20:53:45,699 [INFO] PluginManager:220 - loadIPPluginJar : add nvic
2024-02-04 20:53:45,763 [INFO] IPUIPlugin:80 - create IPUIPlugin
2024-02-04 20:53:45,764 [INFO] PluginManager:220 - loadIPPluginJar : add opamp
2024-02-04 20:53:45,863 [INFO] IPUIPlugin:80 - create IPUIPlugin
2024-02-04 20:53:45,864 [INFO] PluginManager:220 - loadIPPluginJar : add openamp
2024-02-04 20:53:46,007 [INFO] IPUIPlugin:80 - create IPUIPlugin
2024-02-04 20:53:46,008 [INFO] PluginManager:220 - loadIPPluginJar : add pdm2pcm
2024-02-04 20:53:46,029 [INFO] IPUIPlugin:80 - create IPUIPlugin
2024-02-04 20:53:46,037 [INFO] PluginManager:220 - loadIPPluginJar : add plateformsettings
2024-02-04 20:53:46,100 [INFO] IPUIPlugin:80 - create IPUIPlugin
2024-02-04 20:53:46,101 [INFO] PluginManager:220 - loadIPPluginJar : add quadspi
2024-02-04 20:53:46,125 [INFO] IPUIPlugin:80 - create IPUIPlugin
2024-02-04 20:53:46,125 [INFO] PluginManager:220 - loadIPPluginJar : add resmgrutility
2024-02-04 20:53:46,204 [INFO] IPUIPlugin:80 - create IPUIPlugin
2024-02-04 20:53:46,204 [INFO] PluginManager:220 - loadIPPluginJar : add sai
2024-02-04 20:53:46,289 [INFO] IPUIPlugin:80 - create IPUIPlugin
2024-02-04 20:53:46,289 [INFO] PluginManager:220 - loadIPPluginJar : add spi
2024-02-04 20:53:46,419 [INFO] ThirdPartyUpdaterWithRetryManager:70 - Updater plugin not ready yet. [2/15]
2024-02-04 20:53:46,420 [INFO] IPUIPlugin:80 - create IPUIPlugin
2024-02-04 20:53:46,420 [INFO] PluginManager:220 - loadIPPluginJar : add stm32_wpan
2024-02-04 20:53:46,469 [INFO] IPUIPlugin:80 - create IPUIPlugin
2024-02-04 20:53:46,469 [INFO] PluginManager:220 - loadIPPluginJar : add tim
2024-02-04 20:53:46,587 [INFO] IPUIPlugin:80 - create IPUIPlugin
2024-02-04 20:53:46,587 [INFO] PluginManager:220 - loadIPPluginJar : add touchsensing
2024-02-04 20:53:46,620 [INFO] IPUIPlugin:80 - create IPUIPlugin
2024-02-04 20:53:46,620 [INFO] PluginManager:220 - loadIPPluginJar : add tracer_emb
2024-02-04 20:53:46,666 [INFO] IPUIPlugin:80 - create IPUIPlugin
2024-02-04 20:53:46,667 [INFO] PluginManager:220 - loadIPPluginJar : add ts
2024-02-04 20:53:46,693 [INFO] IPUIPlugin:80 - create IPUIPlugin
2024-02-04 20:53:46,693 [INFO] PluginManager:220 - loadIPPluginJar : add tsc
2024-02-04 20:53:46,720 [INFO] IPUIPlugin:80 - create IPUIPlugin
2024-02-04 20:53:46,720 [INFO] PluginManager:220 - loadIPPluginJar : add ucpd
2024-02-04 20:53:46,774 [INFO] IPUIPlugin:80 - create IPUIPlugin
2024-02-04 20:53:46,774 [INFO] PluginManager:220 - loadIPPluginJar : add usart
2024-02-04 20:53:46,829 [INFO] IPUIPlugin:80 - create IPUIPlugin
2024-02-04 20:53:46,829 [INFO] PluginManager:220 - loadIPPluginJar : add usbx
2024-02-04 20:53:46,976 [INFO] CADModel:165 - CPN selected for project level
2024-02-04 20:53:46,976 [INFO] CADModel:114 - Register for checkConnection events
2024-02-04 20:53:46,976 [FATAL] Updater:308 - Updater called before beeing initialized
2024-02-04 20:53:46,976 [ERROR] CADModel:125 - Updater not yet initialized, retry later 
2024-02-04 20:53:47,217 [INFO] CADModel:165 - CPN selected for project level
2024-02-04 20:53:47,217 [INFO] CADModel:114 - Register for checkConnection events
2024-02-04 20:53:47,217 [FATAL] Updater:308 - Updater called before beeing initialized
2024-02-04 20:53:47,217 [ERROR] CADModel:125 - Updater not yet initialized, retry later 
2024-02-04 20:53:47,221 [FATAL] Updater:308 - Updater called before beeing initialized
2024-02-04 20:53:47,355 [FATAL] Updater:308 - Updater called before beeing initialized
2024-02-04 20:53:47,366 [INFO] DbMcusAds:53 - JSON generation date=Wed Nov 29 17:52:27 ICT 2023 (1701255147200)
2024-02-04 20:53:47,366 [FATAL] Updater:308 - Updater called before beeing initialized
2024-02-04 20:53:47,416 [WARN] DetailPanel:346 - Failed to get advertising image, set to default
2024-02-04 20:53:47,522 [FATAL] Updater:308 - Updater called before beeing initialized
2024-02-04 20:53:47,524 [FATAL] Updater:308 - Updater called before beeing initialized
2024-02-04 20:53:47,524 [FATAL] Updater:308 - Updater called before beeing initialized
2024-02-04 20:53:47,524 [WARN] DetailPanel:346 - Failed to get advertising image, set to default
2024-02-04 20:53:47,525 [FATAL] Updater:308 - Updater called before beeing initialized
2024-02-04 20:53:47,603 [ERROR] Updater:1120 - MainUpdater not yet initialized. External WinMGr cannot be set.
2024-02-04 20:53:47,617 [INFO] Updater:1056 - Updater Version found : 6.9.0
2024-02-04 20:53:47,639 [INFO] ApplicationProperties:184 - Using Application install path: C:\ST\STM32CubeIDE_1.13.0\STM32CubeIDE\plugins\com.st.stm32cube.common.mx_6.9.0.202307051724
2024-02-04 20:53:49,159 [INFO] MainUpdater:2868 - connection check result : 10
2024-02-04 20:53:49,160 [INFO] MainUpdater:285 - Updater Check For Update Now.
2024-02-04 20:53:49,160 [INFO] MicroXplorer:498 - Change Database Version : DB.6.0.90
2024-02-04 20:53:49,190 [INFO] McuFinderGlobals:63 - Set McuFinder mode to 2 (CubeIDE integrated)
2024-02-04 20:53:49,420 [WARN] MainUpdater:1189 - Updater busy. Cannot search thirdparties
2024-02-04 20:53:49,422 [INFO] ThirdPartyUpdaterWithRetryManager:96 - Updater plugin is busy. [1/15]
2024-02-04 20:53:49,552 [INFO] CheckServerUpdateThread:120 - End of CheckServer Thread
2024-02-04 20:53:52,665 [WARN] PackLoader:240 - Cannot read IP mode file for STMicroelectronics.X-CUBE-SMBUS.2.1.0
2024-02-04 20:53:52,685 [WARN] PackLoader:240 - Cannot read IP mode file for STMicroelectronics.X-CUBE-TOUCHGFX.4.23.0
2024-02-04 20:53:52,738 [WARN] PackLoader:240 - Cannot read IP mode file for STMicroelectronics.X-CUBE-AZRTOS-F7.1.1.0
2024-02-04 20:53:52,762 [WARN] PackLoader:240 - Cannot read IP mode file for STMicroelectronics.FP-SNS-MOTENV1.4.3.2
2024-02-04 20:53:52,789 [WARN] PackLoader:240 - Cannot read IP mode file for STMicroelectronics.X-CUBE-BLE1.6.2.4
2024-02-04 20:53:52,811 [WARN] PackLoader:240 - Cannot read IP mode file for STMicroelectronics.FP-SNS-FLIGHT1.5.0.2
2024-02-04 20:53:52,837 [WARN] PackLoader:240 - Cannot read IP mode file for STMicroelectronics.X-CUBE-DISPLAY.3.0.0
2024-02-04 20:53:52,858 [WARN] PackLoader:240 - Cannot read IP mode file for STMicroelectronics.X-CUBE-BLE1.7.0.0
2024-02-04 20:53:52,877 [WARN] PackLoader:240 - Cannot read IP mode file for emotas.I-CUBE-CANOPEN.1.3.0
2024-02-04 20:53:52,892 [WARN] PackLoader:240 - Cannot read IP mode file for STMicroelectronics.X-CUBE-TOUCHGFX.4.22.0
2024-02-04 20:53:52,908 [WARN] PackLoader:240 - Cannot read IP mode file for STMicroelectronics.X-CUBE-TOUCHGFX.4.22.1
2024-02-04 20:53:53,038 [WARN] PackLoader:240 - Cannot read IP mode file for STMicroelectronics.X-CUBE-MEMS1.9.3.0
2024-02-04 20:53:53,371 [WARN] PackLoader:240 - Cannot read IP mode file for STMicroelectronics.FP-SNS-SMARTAG2.1.2.0
2024-02-04 20:53:53,406 [INFO] LogOutputStream:77 - [STDOUT_REDIRECT] 1 : Invalid condition id : UX_CORESTACK_Condition cause : null
2024-02-04 20:53:53,406 [INFO] LogOutputStream:77 - [STDOUT_REDIRECT] 1 : Invalid condition id : UX_CORESTACK_Condition cause : null
2024-02-04 20:53:53,408 [INFO] LogOutputStream:77 - [STDOUT_REDIRECT] 1 : Invalid condition id : UX_CORESTACK_Condition cause : null
2024-02-04 20:53:53,410 [INFO] LogOutputStream:77 - [STDOUT_REDIRECT] 1 : Invalid condition id : UX_CORESTACK_Condition cause : null
2024-02-04 20:53:53,411 [INFO] LogOutputStream:77 - [STDOUT_REDIRECT] 1 : Invalid condition id : UX_CORESTACK_Condition cause : null
2024-02-04 20:53:53,418 [WARN] PackLoader:240 - Cannot read IP mode file for STMicroelectronics.X-CUBE-AZRTOS-WL.2.0.0
2024-02-04 20:53:53,461 [WARN] PackLoader:240 - Cannot read IP mode file for WES.I-CUBE-Cesium.1.3.0
2024-02-04 20:53:53,489 [WARN] PackLoader:240 - Cannot read IP mode file for STMicroelectronics.X-CUBE-BLE2.3.3.0
2024-02-04 20:53:53,520 [WARN] PackLoader:240 - Cannot read IP mode file for STMicroelectronics.X-CUBE-TOF1.3.2.0
2024-02-04 20:53:53,545 [WARN] PackLoader:240 - Cannot read IP mode file for STMicroelectronics.X-CUBE-ISPU.1.0.0
2024-02-04 20:53:53,565 [WARN] PackLoader:240 - Cannot read IP mode file for STMicroelectronics.X-CUBE-TOUCHGFX.4.21.1
2024-02-04 20:53:53,637 [WARN] PackLoader:240 - Cannot read IP mode file for STMicroelectronics.X-CUBE-MEMS1.9.4.0
2024-02-04 20:53:53,815 [WARN] PackLoader:240 - Cannot read IP mode file for STMicroelectronics.X-CUBE-AI.7.3.0
2024-02-04 20:53:53,835 [WARN] PackLoader:240 - Cannot read IP mode file for STMicroelectronics.X-CUBE-ALGOBUILD.1.3.0
2024-02-04 20:53:53,872 [WARN] PackLoader:240 - Cannot read IP mode file for STMicroelectronics.X-CUBE-AZRTOS-G0.1.1.0
2024-02-04 20:53:53,890 [WARN] PackLoader:240 - Cannot read IP mode file for STMicroelectronics.X-CUBE-NFC4.3.0.0
2024-02-04 20:53:53,910 [WARN] PackLoader:240 - Cannot read IP mode file for STMicroelectronics.X-CUBE-BLEMGR.3.0.0
2024-02-04 20:53:53,930 [WARN] PackLoader:240 - Cannot read IP mode file for STMicroelectronics.X-CUBE-BLEMGR.1.3.0
2024-02-04 20:53:53,948 [WARN] PackLoader:240 - Cannot read IP mode file for STMicroelectronics.FP-ATR-SIGFOX1.3.2.0
2024-02-04 20:53:53,971 [WARN] PackLoader:240 - Cannot read IP mode file for STMicroelectronics.X-CUBE-EEPRMA1.5.1.0
2024-02-04 20:53:53,987 [WARN] PackLoader:240 - Cannot read IP mode file for STMicroelectronics.X-CUBE-TOUCHGFX.4.20.0
2024-02-04 20:53:54,062 [WARN] PackLoader:240 - Cannot read IP mode file for SEGGER.I-CUBE-embOS.1.3.1
2024-02-04 20:53:54,175 [WARN] PackLoader:240 - Cannot read IP mode file for STMicroelectronics.X-CUBE-GNSS1.6.0.0
2024-02-04 20:53:54,255 [WARN] PackLoader:240 - Cannot read IP mode file for STMicroelectronics.X-CUBE-AZRTOS-F4.1.1.0
2024-02-04 20:53:54,287 [WARN] PackLoader:240 - Cannot read IP mode file for wolfSSL.I-CUBE-wolfSSL.5.6.6
2024-02-04 20:53:54,310 [WARN] PackLoader:240 - Cannot read IP mode file for STMicroelectronics.X-CUBE-BLEMGR.1.2.0
2024-02-04 20:53:54,354 [WARN] PackLoader:240 - Cannot read IP mode file for STMicroelectronics.X-CUBE-AZRTOS-L5.2.0.0
2024-02-04 20:53:54,419 [WARN] PackLoader:240 - Cannot read IP mode file for STMicroelectronics.X-CUBE-MEMS1.9.6.0
2024-02-04 20:53:54,613 [WARN] PackLoader:240 - Cannot read IP mode file for STMicroelectronics.X-CUBE-EEPRMA1.4.2.0
2024-02-04 20:53:54,636 [WARN] PackLoader:240 - Cannot read IP mode file for ITTIA_DB.I-CUBE-ITTIADB.8.8.0
2024-02-04 20:53:54,654 [WARN] PackLoader:240 - Cannot read IP mode file for STMicroelectronics.X-CUBE-BLEMGR.2.0.0
2024-02-04 20:53:54,693 [WARN] ConditionMgr:438 - getConditionDescription Invalid condition id : UX DEVICE CLASS RTOS Condition cause : null
2024-02-04 20:53:54,693 [WARN] ConditionMgr:438 - getConditionDescription Invalid condition id : UX DEVICE CLASS RTOS Condition cause : null
2024-02-04 20:53:54,697 [WARN] PackLoader:240 - Cannot read IP mode file for STMicroelectronics.X-CUBE-AZRTOS-H7.3.1.0
2024-02-04 20:53:54,699 [WARN] ConditionMgr:1039 - genDependencies : Invalid condition id : UX DEVICE CLASS RTOS Condition cause : null
2024-02-04 20:53:54,701 [WARN] ConditionMgr:1039 - genDependencies : Invalid condition id : UX DEVICE CLASS RTOS Condition cause : null
2024-02-04 20:53:54,703 [WARN] ConditionMgr:1039 - genDependencies : Invalid condition id : UX DEVICE CLASS RTOS Condition cause : null
2024-02-04 20:53:54,703 [WARN] ConditionMgr:1039 - genDependencies : Invalid condition id : UX DEVICE CLASS RTOS Condition cause : null
2024-02-04 20:53:54,704 [WARN] ConditionMgr:1039 - genDependencies : Invalid condition id : UX DEVICE CLASS RTOS Condition cause : null
2024-02-04 20:53:54,725 [WARN] PackLoader:240 - Cannot read IP mode file for STMicroelectronics.X-CUBE-NFC7.1.0.1
2024-02-04 20:53:54,743 [WARN] PackLoader:240 - Cannot read IP mode file for STMicroelectronics.X-CUBE-NFC6.3.0.0
2024-02-04 20:53:54,762 [WARN] PackLoader:240 - Cannot read IP mode file for STMicroelectronics.X-CUBE-EEPRMA1.4.1.0
2024-02-04 20:53:54,777 [WARN] PackLoader:240 - Cannot read IP mode file for STMicroelectronics.X-CUBE-AI.8.1.0
2024-02-04 20:53:54,815 [WARN] ConditionMgr:438 - getConditionDescription Invalid condition id : LAN8742 Phy interface Condition cause : null
2024-02-04 20:53:54,816 [WARN] PackLoader:240 - Cannot read IP mode file for STMicroelectronics.X-CUBE-AZRTOS-L4.2.0.0
2024-02-04 20:53:54,818 [WARN] ConditionMgr:1039 - genDependencies : Invalid condition id : LAN8742 Phy interface Condition cause : null
2024-02-04 20:53:54,818 [WARN] ConditionMgr:1039 - genDependencies : Invalid condition id : LAN8742 Phy interface Condition cause : null
2024-02-04 20:53:54,819 [WARN] ConditionMgr:1039 - genDependencies : Invalid condition id : LAN8742 Phy interface Condition cause : null
2024-02-04 20:53:54,846 [WARN] PackLoader:240 - Cannot read IP mode file for STMicroelectronics.X-CUBE-SFXS2LP1.4.0.0
2024-02-04 20:53:54,908 [WARN] PackLoader:240 - Cannot read IP mode file for STMicroelectronics.X-CUBE-AZRTOS-H7.3.0.0
2024-02-04 20:53:54,931 [WARN] PackLoader:240 - Cannot read IP mode file for STMicroelectronics.X-CUBE-ISPU.1.1.0
2024-02-04 20:53:54,973 [WARN] ConditionMgr:438 - getConditionDescription Invalid condition id : UX DEVICE CLASS RTOS Condition cause : null
2024-02-04 20:53:54,974 [WARN] ConditionMgr:438 - getConditionDescription Invalid condition id : UX DEVICE CLASS RTOS Condition cause : null
2024-02-04 20:53:54,981 [WARN] PackLoader:240 - Cannot read IP mode file for STMicroelectronics.X-CUBE-AZRTOS-WB.2.0.0
2024-02-04 20:53:54,982 [WARN] ConditionMgr:1039 - genDependencies : Invalid condition id : UX DEVICE CLASS RTOS Condition cause : null
2024-02-04 20:53:54,982 [WARN] ConditionMgr:1039 - genDependencies : Invalid condition id : UX DEVICE CLASS RTOS Condition cause : null
2024-02-04 20:53:54,983 [WARN] ConditionMgr:1039 - genDependencies : Invalid condition id : UX DEVICE CLASS RTOS Condition cause : null
2024-02-04 20:53:54,983 [WARN] ConditionMgr:1039 - genDependencies : Invalid condition id : UX DEVICE CLASS RTOS Condition cause : null
2024-02-04 20:53:54,983 [WARN] ConditionMgr:1039 - genDependencies : Invalid condition id : UX DEVICE CLASS RTOS Condition cause : null
2024-02-04 20:53:55,055 [WARN] PackLoader:240 - Cannot read IP mode file for STMicroelectronics.X-CUBE-FREERTOS.1.0.1
2024-02-04 20:53:55,120 [WARN] PackLoader:240 - Cannot read IP mode file for STMicroelectronics.X-CUBE-AZRTOS-L5.1.1.0
2024-02-04 20:53:55,139 [WARN] PackLoader:240 - Cannot read IP mode file for STMicroelectronics.X-CUBE-AI.8.0.1
2024-02-04 20:53:55,177 [WARN] PackLoader:240 - Cannot read IP mode file for STMicroelectronics.X-CUBE-SUBG2.5.0.0
2024-02-04 20:53:55,219 [WARN] PackLoader:240 - Cannot read IP mode file for STMicroelectronics.X-CUBE-TOF1.3.3.1
2024-02-04 20:53:55,292 [WARN] PackLoader:240 - Cannot read IP mode file for STMicroelectronics.X-CUBE-AZRTOS-G4.2.0.0
2024-02-04 20:53:55,340 [WARN] PackLoader:240 - Cannot read IP mode file for STMicroelectronics.FP-ATR-ASTRA1.1.1.1
2024-02-04 20:53:55,371 [WARN] PackLoader:240 - Cannot read IP mode file for Infineon.AIROC-Wi-Fi-Bluetooth-STM32.1.5.1
2024-02-04 20:53:55,403 [WARN] PackLoader:240 - Cannot read IP mode file for STMicroelectronics.FP-SNS-MOTENVWB1.1.3.0
2024-02-04 20:53:55,441 [WARN] PackLoader:240 - Cannot read IP mode file for STMicroelectronics.FP-SNS-MOTENVWB1.1.3.1
2024-02-04 20:53:55,459 [WARN] PackLoader:240 - Cannot read IP mode file for STMicroelectronics.X-CUBE-ISPU.2.0.0
2024-02-04 20:53:55,555 [WARN] PackLoader:240 - Cannot read IP mode file for STMicroelectronics.X-CUBE-MEMS1.10.0.0
2024-02-04 20:53:55,739 [WARN] PackLoader:240 - Cannot read IP mode file for STMicroelectronics.X-CUBE-FREERTOS.1.1.0
2024-02-04 20:53:55,759 [WARN] PackLoader:240 - Cannot read IP mode file for portGmbH.I-Cube-SoM-uGOAL.1.1.0
2024-02-04 20:53:55,778 [WARN] PackLoader:240 - Cannot read IP mode file for STMicroelectronics.X-CUBE-ALS.1.0.1
2024-02-04 20:53:55,808 [WARN] PackLoader:240 - Cannot read IP mode file for STMicroelectronics.X-CUBE-AZRTOS-WB.1.1.0
2024-02-04 20:53:55,821 [WARN] PackLoader:240 - Cannot read IP mode file for STMicroelectronics.FP-ATR-ASTRA1.2.0.0
2024-02-04 20:53:55,842 [WARN] PackLoader:240 - Cannot read IP mode file for STMicroelectronics.X-CUBE-TOF1.3.4.0
2024-02-04 20:53:55,909 [WARN] PackLoader:240 - Cannot read IP mode file for STMicroelectronics.X-CUBE-AZRTOS-H7.3.2.0
2024-02-04 20:53:55,927 [INFO] ThirdParty:978 - Integrity check success = true
2024-02-04 20:53:55,927 [INFO] IntegrityCheckThread:100 - exiting critical section [integrity check]
2024-02-04 20:53:55,927 [INFO] IntegrityCheckThread:103 - End integrity checks thread
2024-02-04 20:54:11,399 [ERROR] LogOutputStream:75 - [STDERR_REDIRECT] SLF4J: Failed to load class "org.slf4j.impl.StaticLoggerBinder".
2024-02-04 20:54:11,400 [ERROR] LogOutputStream:75 - [STDERR_REDIRECT] SLF4J: Defaulting to no-operation (NOP) logger implementation
2024-02-04 20:54:11,402 [ERROR] LogOutputStream:75 - [STDERR_REDIRECT] SLF4J: See http://www.slf4j.org/codes.html#StaticLoggerBinder for further details.
2024-02-04 20:54:50,864 [INFO] McuFinderGlobals:63 - Set McuFinder mode to 2 (CubeIDE integrated)
2024-02-04 20:54:50,909 [INFO] MainUpdater:2868 - connection check result : 10
2024-02-04 20:54:50,920 [INFO] MainUpdater:2868 - connection check result : 10
2024-02-04 20:54:51,183 [INFO] MicroXplorer:468 - Change Database Path : 
2024-02-04 20:54:51,184 [INFO] MicroXplorer:498 - Change Database Version : DB.6.0.90
2024-02-04 20:54:51,189 [WARN] ThirdParty:871 - waiting for thirdparty lock release [close project]
2024-02-04 20:54:51,189 [INFO] ThirdParty:873 - entering critical section [close project]
2024-02-04 20:54:51,190 [INFO] ThirdParty:883 - exiting critical section [close project]
2024-02-04 20:54:51,192 [INFO] PinOutPanel:1499 - setPackage(No Configuration,No Configuration)
2024-02-04 20:54:51,200 [INFO] UtilMem:75 - Begin LoadConfig() Used Memory: 244555496 Bytes (521142272)
2024-02-04 20:54:51,202 [INFO] MicroXplorer:468 - Change Database Path : 
2024-02-04 20:54:51,202 [INFO] MicroXplorer:498 - Change Database Version : DB.6.0.90
2024-02-04 20:54:51,203 [INFO] OpenFileManager:308 - Change cursor
2024-02-04 20:54:51,250 [INFO] Mcu:1946 - Initializing MCU STM32F103C(8-B)Tx STM32F103C8Tx STM32F103C8T6
2024-02-04 20:54:52,558 [INFO] Context:659 - Trying to add GPIOservice into a context  which must be forbidden
2024-02-04 20:54:53,234 [INFO] RtosManager:555 - Registered RTOS mode: class=CMSIS, group=RTOS, mode=CMSIS_V1, owner=FREERTOS
2024-02-04 20:54:53,234 [INFO] RtosManager:555 - Registered RTOS mode: class=CMSIS, group=RTOS2, mode=CMSIS_V2, owner=FREERTOS
2024-02-04 20:54:53,234 [INFO] RtosManager:555 - Registered RTOS mode: class=RTOS, group=Core, mode=CMSIS_V1, owner=FREERTOS
2024-02-04 20:54:53,234 [INFO] RtosManager:555 - Registered RTOS mode: class=RTOS, group=Core, mode=CMSIS_V2, owner=FREERTOS
2024-02-04 20:54:53,234 [WARN] ModelIntegratedComponent:184 - Missing modes for component STMicroelectronics:FreeRTOS:0.0.1:STMicroelectronics:RTOS:FreeRTOS:Core:::10.2.0:
2024-02-04 20:54:53,248 [WARN] ModelIntegratedComponent:63 - No mode defined for component null
2024-02-04 20:54:53,248 [WARN] ModelIntegratedComponent:63 - No mode defined for component null
2024-02-04 20:54:53,248 [WARN] ModelIntegratedComponent:63 - No mode defined for component null
2024-02-04 20:54:53,248 [WARN] ModelIntegratedComponent:63 - No mode defined for component null
2024-02-04 20:54:53,248 [WARN] ModelIntegratedComponent:63 - No mode defined for component null
2024-02-04 20:54:53,248 [WARN] ModelIntegratedComponent:63 - No mode defined for component null
2024-02-04 20:54:53,248 [WARN] ModelIntegratedComponent:63 - No mode defined for component null
2024-02-04 20:54:53,248 [WARN] ModelIntegratedComponent:63 - No mode defined for component null
2024-02-04 20:54:53,248 [WARN] ModelIntegratedComponent:63 - No mode defined for component null
2024-02-04 20:54:53,249 [WARN] ModelIntegratedComponent:63 - No mode defined for component null
2024-02-04 20:54:53,249 [WARN] ModelIntegratedComponent:63 - No mode defined for component null
2024-02-04 20:54:53,249 [WARN] ModelIntegratedComponent:63 - No mode defined for component null
2024-02-04 20:54:53,249 [WARN] ModelIntegratedComponent:63 - No mode defined for component null
2024-02-04 20:54:53,249 [WARN] ModelIntegratedComponent:63 - No mode defined for component null
2024-02-04 20:54:53,249 [WARN] ModelIntegratedComponent:63 - No mode defined for component null
2024-02-04 20:54:53,249 [WARN] ModelIntegratedComponent:63 - No mode defined for component null
2024-02-04 20:54:53,249 [WARN] ModelIntegratedComponent:63 - No mode defined for component null
2024-02-04 20:54:53,249 [WARN] ModelIntegratedComponent:63 - No mode defined for component null
2024-02-04 20:54:53,249 [WARN] ModelIntegratedComponent:63 - No mode defined for component null
2024-02-04 20:54:53,249 [WARN] ModelIntegratedComponent:63 - No mode defined for component null
2024-02-04 20:54:53,249 [WARN] ModelIntegratedComponent:63 - No mode defined for component null
2024-02-04 20:54:53,249 [WARN] ModelIntegratedComponent:63 - No mode defined for component null
2024-02-04 20:54:53,249 [WARN] ModelIntegratedComponent:63 - No mode defined for component null
2024-02-04 20:54:53,250 [WARN] ModelIntegratedComponent:63 - No mode defined for component null
2024-02-04 20:54:53,250 [WARN] ModelIntegratedComponent:63 - No mode defined for component null
2024-02-04 20:54:53,250 [WARN] ModelIntegratedComponent:63 - No mode defined for component null
2024-02-04 20:54:53,250 [WARN] ModelIntegratedComponent:63 - No mode defined for component null
2024-02-04 20:54:53,250 [WARN] ModelIntegratedComponent:63 - No mode defined for component null
2024-02-04 20:54:53,250 [WARN] ModelIntegratedComponent:63 - No mode defined for component null
2024-02-04 20:54:53,250 [WARN] ModelIntegratedComponent:63 - No mode defined for component null
2024-02-04 20:54:53,250 [WARN] ModelIntegratedComponent:63 - No mode defined for component null
2024-02-04 20:54:53,250 [WARN] ModelIntegratedComponent:63 - No mode defined for component null
2024-02-04 20:54:53,250 [WARN] ModelIntegratedComponent:63 - No mode defined for component null
2024-02-04 20:54:53,479 [INFO] ThirdPartyModel:298 - Start build external matchings
2024-02-04 20:54:55,653 [INFO] ThirdPartyModel:316 - End build external matchings
2024-02-04 20:54:55,696 [INFO] ImportTextPane:194 - (OptionalMessage_ERROR) IP (RCC) : Invalid parameter (FamilyName)
2024-02-04 20:54:56,024 [INFO] UtilMem:75 - End LoadConfig() Used Memory: 427322208 Bytes (521142272)
2024-02-04 20:54:56,164 [INFO] ApiDb:581 - Connected to CubeFinder SQLite database (C:\Users\admin\.stmcufinder\plugins\mcufinder\mcu\cube-finder-db.db)
2024-02-04 20:54:56,282 [INFO] ApiDb:668 - CubeFinder database Data Model version=2.1
2024-02-04 20:54:56,282 [INFO] ApiDb:669 - CubeFinder database Configuration version=3.0.39
2024-02-04 20:54:56,282 [INFO] ApiDb:670 - CubeFinder database generation date=2024-01-11 (1704964531)
2024-02-04 20:54:56,283 [INFO] ApiDb:671 - CubeFinder database FW Pack versions=[FP-ATR-ASTRA1_V2.0.0, FP-SNS-FLIGHT1_V5.0.1, FP-SNS-FLIGHT1_V5.0.2, FP-SNS-MOTENV1_V4.3.1, FP-SNS-MOTENV1_V4.3.2, FP-SNS-MOTENVWB1_V1.3.1, FP-SNS-SMARTAG2_V1.2.0, STM32Cube_FW_C0_V1.1.0, STM32Cube_FW_F4_V1.28.0, STM32Cube_FW_F7_V1.17.0, STM32Cube_FW_G0_V1.6.2, STM32Cube_FW_G4_V1.5.2, STM32Cube_FW_H5_V0.5.1, STM32Cube_FW_H5_V1.1.1, STM32Cube_FW_H5_V1.2.0RC2, STM32Cube_FW_H7_V1.11.0, STM32Cube_FW_L0_V1.12.2, STM32Cube_FW_L5_V1.5.0, STM32Cube_FW_U5_V1.3.0RC4, STM32Cube_FW_U5_V1.4.0, STM32Cube_FW_WBA_V1.0.0RC1, STM32Cube_FW_WBA_V1.1.0RC1, STM32Cube_FW_WBA_V1.2.0, STM32Cube_FW_WBA_V1.2.0RC2, STM32Cube_FW_WB_V1.15.0RC1, STM32Cube_FW_WB_V1.16.0, STM32Cube_FW_WB_V1.16.0RC2, STM32Cube_FW_WB_V1.18.0, STM32Cube_FW_WL_V1.3.0, X-CUBE-ALGOBUILD_V1.3.0, X-CUBE-ALS_V1.0.1, X-CUBE-AZRTOS-F4_V1.1.0, X-CUBE-AZRTOS-F7_V1.1.0, X-CUBE-AZRTOS-G0_V1.1.0, X-CUBE-AZRTOS-G4_V2.0.0, X-CUBE-AZRTOS-H7_V3.2.0, X-CUBE-AZRTOS-L4_V1.0.0, X-CUBE-AZRTOS-L4_V2.0.0, X-CUBE-AZRTOS-L5_V1.1.0, X-CUBE-AZRTOS-WB_V2.0.0, X-CUBE-AZRTOS-WL_V2.0.0, X-CUBE-BLE1_V7.0.0, X-CUBE-BLE2_V3.3.0, X-CUBE-BLEMGR_V3.0.0, X-CUBE-EEPRMA1_V4.1.0, X-CUBE-EEPRMA1_V4.2.0, X-CUBE-FREERTOS_V1.1.0, X-CUBE-GNSS1_V6.0.0, X-CUBE-MEMS1_V10.0.0, X-CUBE-MEMS1_V9.1.0, X-CUBE-MEMS1_V9.4.0, X-CUBE-MEMS1_V9.6.0, X-CUBE-NFC4_V3.0.0, X-CUBE-NFC7_V1.0.1, X-CUBE-SFXS2LP1_V4.0.0, X-CUBE-SUBG2_V5.0.0, X-CUBE-TOF1_V3.4.0]
2024-02-04 20:54:59,647 [INFO] ApiDb:240 - Found 323 in-development CPN: [B-G473E-ZEST1S, B-WB1M-WPAN1, B-WL5M-SUBG1, NUCLEO-C031C6, NUCLEO-H503RB, NUCLEO-H563ZI, NUCLEO-U545RE-Q, NUCLEO-U5A5ZJ-Q, NUCLEO-WBA52CG, STEVAL-PROTEUS1, STEVAL-SMARTAG2, STEVAL-STWINBX1, STM320518-EVAL, STM32C0116-DK, STM32C011D6Y3TR, STM32C011D6Y6TR, STM32C011F4P3, STM32C011F4P6, STM32C011F4U3, STM32C011F4U6TR, STM32C011F6P3, STM32C011F6P6, STM32C011F6U3, STM32C011F6U6TR, STM32C011J4M3, STM32C011J4M6, STM32C011J6M3, STM32C011J6M6, STM32C0316-DK, STM32C031C4T3, STM32C031C4T6, STM32C031C4U3, STM32C031C4U6, STM32C031C6T3, STM32C031C6T6, STM32C031C6U3, STM32C031C6U6, STM32C031F4P3, STM32C031F4P6, STM32C031F6P3, STM32C031F6P6, STM32C031G4U3, STM32C031G4U6, STM32C031G6U3, STM32C031G6U6, STM32C031K4T3, STM32C031K4T6, STM32C031K4U3, STM32C031K4U6, STM32C031K6T3, STM32C031K6T6, STM32C031K6U3, STM32C031K6U6, STM32G071K8TXN, STM32G071K8UXN, STM32G081GBU6N, STM32G081KBT6N, STM32G081KBUXN, STM32G0B1CCT6N, STM32G0B1KCT6, STM32G0B1NEY6TR, STM32G0B1RCT6N, STM32G0C1CCT6, STM32G0C1CCT6N, STM32G0C1CCU6N, STM32G0C1CET6N, STM32G0C1CEU6N, STM32G0C1KCT6, STM32G0C1NEY6TR, STM32G0C1RCI6N, STM32G0C1RCT6N, STM32G0C1REI6N, STM32G0C1RET6N, STM32G0C1VCI6, STM32G0C1VEI6, STM32G471CCT6, STM32G471CCU6, STM32G471CET3, STM32G471CET6, STM32G471CEU3, STM32G471CEU6, STM32G471MCT6, STM32G471MET3, STM32G471MET6, STM32G471MEY6TR, STM32G471QCT6, STM32G471QET3, STM32G471RCT6, STM32G471RET3, STM32G471RET6, STM32G471VCH6, STM32G471VCI6, STM32G471VCT6, STM32G471VEH3, STM32G471VEH6, STM32G471VEI3, STM32G471VEI6, STM32G471VET3, STM32G471VET6, STM32G474CCT6, STM32H503CBT6, STM32H503CBU6, STM32H503EBY6TR, STM32H503KBU6, STM32H503RBT6, STM32H562AGI6, STM32H562AII6, STM32H562IGK6, STM32H562IGT6, STM32H562IIK6, STM32H562IIT6, STM32H562RGT6, STM32H562RGV6, STM32H562RIT6, STM32H562RIV6, STM32H562VGT6, STM32H562VIT6, STM32H562ZGT6, STM32H562ZIT6, STM32H563AGI6, STM32H563AII3Q, STM32H563AII6, STM32H563IGK6, STM32H563IGT6, STM32H563IIK3Q, STM32H563IIK6, STM32H563IIT3Q, STM32H563IIT6, STM32H563MIY3QTR, STM32H563RGT6, STM32H563RGV6, STM32H563RIT6, STM32H563RIV6, STM32H563VGT6, STM32H563VIT3Q, STM32H563VIT6, STM32H563ZGT6, STM32H563ZIT3Q, STM32H563ZIT6, STM32H573AII3Q, STM32H573AII6, STM32H573I-DK, STM32H573IIK3Q, STM32H573IIK6, STM32H573IIT3Q, STM32H573IIT6, STM32H573MIY3QTR, STM32H573RIT6, STM32H573RIV6, STM32H573VIT3Q, STM32H573VIT6, STM32H573ZIT3Q, STM32H573ZIT6, STM32L4R5QGI6STR, STM32MP131AAE3, STM32MP131AAF3, STM32MP131AAG3, STM32MP131CAE3, STM32MP131CAF3, STM32MP131CAG3, STM32MP131DAE7, STM32MP131DAF7, STM32MP131DAG7, STM32MP131FAE7, STM32MP131FAF7, STM32MP131FAG7, STM32MP133AAE3, STM32MP133AAF3, STM32MP133AAG3, STM32MP133CAE3, STM32MP133CAF3, STM32MP133CAG3, STM32MP133DAE7, STM32MP133DAF7, STM32MP133DAG7, STM32MP133FAE7, STM32MP133FAF7, STM32MP133FAG7, STM32MP135AAE3, STM32MP135AAF3, STM32MP135AAG3, STM32MP135CAE3, STM32MP135CAF3, STM32MP135CAG3, STM32MP135DAE7, STM32MP135DAF7, STM32MP135DAG7, STM32MP135F-DK, STM32MP135FAE7, STM32MP135FAF7, STM32MP135FAF7T, STM32MP135FAF7U, STM32MP135FAG7, STM32U535CBT6, STM32U535CBT6Q, STM32U535CBU6, STM32U535CBU6Q, STM32U535CCT6, STM32U535CCT6Q, STM32U535CCU6, STM32U535CCU6Q, STM32U535CET6, STM32U535CET6Q, STM32U535CEU6, STM32U535CEU6Q, STM32U535JEY6QTR, STM32U535NCY6QTR, STM32U535NEY6QTR, STM32U535RBI6, STM32U535RBI6Q, STM32U535RBT6, STM32U535RBT6Q, STM32U535RCI6, STM32U535RCI6Q, STM32U535RCT6, STM32U535RCT6Q, STM32U535REI6, STM32U535REI6Q, STM32U535RET6, STM32U535RET6Q, STM32U535VCI6, STM32U535VCI6Q, STM32U535VCT6, STM32U535VCT6Q, STM32U535VEI6, STM32U535VEI6Q, STM32U535VET6, STM32U535VET6Q, STM32U545CET6, STM32U545CET6Q, STM32U545CEU6, STM32U545CEU6Q, STM32U545JEY6QTR, STM32U545NEY6QTR, STM32U545REI6, STM32U545REI6Q, STM32U545RET6, STM32U545RET6Q, STM32U545VEI6, STM32U545VEI6Q, STM32U545VET6, STM32U545VET6Q, STM32U595AIH6, STM32U595AIH6Q, STM32U595AJH6, STM32U595AJH6Q, STM32U595QII6, STM32U595QII6Q, STM32U595QJI6, STM32U595QJI6Q, STM32U595RIT6, STM32U595RIT6Q, STM32U595RJT6, STM32U595RJT6Q, STM32U595VIT6, STM32U595VIT6Q, STM32U595VJT6, STM32U595VJT6Q, STM32U595ZIT6, STM32U595ZIT6Q, STM32U595ZIY6QTR, STM32U595ZJT6, STM32U595ZJT6Q, STM32U595ZJY6QTR, STM32U599BJY6QTR, STM32U599NIH6Q, STM32U599NJH6Q, STM32U599VIT6Q, STM32U599VJT6, STM32U599VJT6Q, STM32U599ZIT6Q, STM32U599ZIY6QTR, STM32U599ZJT6Q, STM32U599ZJY6QTR, STM32U5A5AJH6, STM32U5A5AJH6Q, STM32U5A5QJI6, STM32U5A5QJI6Q, STM32U5A5RJT6, STM32U5A5RJT6Q, STM32U5A5VJT6, STM32U5A5VJT6Q, STM32U5A5ZJT6, STM32U5A5ZJT6Q, STM32U5A5ZJY6QTR, STM32U5A9BJY6QTR, STM32U5A9J-DK, STM32U5A9NJH6Q, STM32U5A9VJT6Q, STM32U5A9ZJT6Q, STM32U5A9ZJY6QTR, STM32U5F7VIT6, STM32U5F7VIT6Q, STM32U5F7VJT6, STM32U5F7VJT6Q, STM32U5F9BJY6QTR, STM32U5F9NJH6Q, STM32U5F9VIT6Q, STM32U5F9VJT6Q, STM32U5F9ZIJ6QTR, STM32U5F9ZIT6Q, STM32U5F9ZJJ6QTR, STM32U5F9ZJT6Q, STM32U5G7VJT6, STM32U5G7VJT6Q, STM32U5G9BJY6QTR, STM32U5G9J-DK1, STM32U5G9J-DK2, STM32U5G9NJH6Q, STM32U5G9VJT6Q, STM32U5G9ZJJ6QTR, STM32U5G9ZJT6Q, STM32WB1MMCH6, STM32WBA52CEU6, STM32WBA52CEU6T, STM32WBA52CGU6, STM32WBA52CGU6T, STM32WBA52KEU6, STM32WBA52KEU6T, STM32WBA52KGU6, STM32WBA52KGU6T, STM32WL5MOCH6, STM32WL5MOCH6TR]
2024-02-04 20:54:59,652 [INFO] DbMcus:217 - Found 3882 MCUs, 3882 are supported
2024-02-04 20:54:59,652 [INFO] ApiDb:423 - Load user favorites file C:\Users\admin/.stm32cubeide/favorites.mcus.txt: 0 item(s)
2024-02-04 20:54:59,653 [INFO] ApiDb:427 - User favorites MCUs=[]
2024-02-04 20:54:59,653 [INFO] DbMcus:223 - Set 0 / 0 favorites MCUs
2024-02-04 20:55:00,202 [WARN] ThirdParty:833 - waiting for thirdparty lock release [change project]
2024-02-04 20:55:00,202 [INFO] ThirdParty:835 - entering critical section [change project]
2024-02-04 20:55:00,202 [INFO] ThirdParty:1030 - CMSIS Pack Vendor :STMicroelectronics X-CUBE-ISPU 1.1.0
2024-02-04 20:55:00,202 [INFO] ThirdParty:1030 - CMSIS Pack Vendor :STMicroelectronics USBPD 4.1
2024-02-04 20:55:00,202 [INFO] ThirdParty:1030 - CMSIS Pack Vendor :STMicroelectronics X-CUBE-GNSS1 6.0.0
2024-02-04 20:55:00,202 [INFO] ThirdParty:1030 - CMSIS Pack Vendor :STMicroelectronics USB_HOST 2.0.0
2024-02-04 20:55:00,202 [INFO] ThirdParty:1030 - CMSIS Pack Vendor :STMicroelectronics X-CUBE-AZRTOS-F4 1.1.0
2024-02-04 20:55:00,202 [INFO] ThirdParty:1030 - CMSIS Pack Vendor :STMicroelectronics LIBJPEG 8.0.0
2024-02-04 20:55:00,202 [INFO] ThirdParty:1030 - CMSIS Pack Vendor :STMicroelectronics X-CUBE-SMBUS 2.1.0
2024-02-04 20:55:00,202 [INFO] ThirdParty:1030 - CMSIS Pack Vendor :STMicroelectronics USB_DEVICE 3.0.0
2024-02-04 20:55:00,202 [INFO] ThirdParty:1030 - CMSIS Pack Vendor :STMicroelectronics X-CUBE-AZRTOS-WB 2.0.0
2024-02-04 20:55:00,202 [INFO] ThirdParty:1030 - CMSIS Pack Vendor :wolfSSL I-CUBE-wolfSSL 5.6.6
2024-02-04 20:55:00,203 [INFO] ThirdParty:1030 - CMSIS Pack Vendor :STMicroelectronics X-CUBE-FREERTOS 1.0.1
2024-02-04 20:55:00,203 [INFO] ThirdParty:1030 - CMSIS Pack Vendor :STMicroelectronics X-CUBE-TOUCHGFX 4.21.1
2024-02-04 20:55:00,203 [INFO] ThirdParty:1030 - CMSIS Pack Vendor :STMicroelectronics X-CUBE-TOUCHGFX 4.23.0
2024-02-04 20:55:00,203 [INFO] ThirdParty:1030 - CMSIS Pack Vendor :STMicroelectronics X-CUBE-BLEMGR 1.2.0
2024-02-04 20:55:00,203 [INFO] ThirdParty:1030 - CMSIS Pack Vendor :STMicroelectronics X-CUBE-AZRTOS-F7 1.1.0
2024-02-04 20:55:00,203 [INFO] ThirdParty:1030 - CMSIS Pack Vendor :STMicroelectronics X-CUBE-AZRTOS-L5 2.0.0
2024-02-04 20:55:00,203 [INFO] ThirdParty:1030 - CMSIS Pack Vendor :STMicroelectronics X-CUBE-MEMS1 9.4.0
2024-02-04 20:55:00,203 [INFO] ThirdParty:1030 - CMSIS Pack Vendor :STMicroelectronics USB_DEVICE 2.0.0
2024-02-04 20:55:00,203 [INFO] ThirdParty:1030 - CMSIS Pack Vendor :STMicroelectronics X-CUBE-AI 7.3.0
2024-02-04 20:55:00,203 [INFO] ThirdParty:1030 - CMSIS Pack Vendor :STMicroelectronics X-CUBE-MEMS1 9.6.0
2024-02-04 20:55:00,203 [INFO] ThirdParty:1030 - CMSIS Pack Vendor :STMicroelectronics X-CUBE-EEPRMA1 4.2.0
2024-02-04 20:55:00,203 [INFO] ThirdParty:1030 - CMSIS Pack Vendor :ITTIA_DB I-CUBE-ITTIADB 8.8.0
2024-02-04 20:55:00,203 [INFO] ThirdParty:1030 - CMSIS Pack Vendor :STMicroelectronics FP-SNS-MOTENV1 4.3.2
2024-02-04 20:55:00,204 [INFO] ThirdParty:1030 - CMSIS Pack Vendor :STMicroelectronics X-CUBE-ALGOBUILD 1.3.0
2024-02-04 20:55:00,204 [INFO] ThirdParty:1030 - CMSIS Pack Vendor :STMicroelectronics X-CUBE-BLE1 6.2.4
2024-02-04 20:55:00,204 [INFO] ThirdParty:1030 - CMSIS Pack Vendor :STMicroelectronics X-CUBE-AZRTOS-L5 1.1.0
2024-02-04 20:55:00,204 [INFO] ThirdParty:1030 - CMSIS Pack Vendor :STMicroelectronics FreeRTOS 0.0.1
2024-02-04 20:55:00,204 [INFO] ThirdParty:1030 - CMSIS Pack Vendor :STMicroelectronics X-CUBE-AZRTOS-G0 1.1.0
2024-02-04 20:55:00,204 [INFO] ThirdParty:1030 - CMSIS Pack Vendor :STMicroelectronics X-CUBE-BLEMGR 2.0.0
2024-02-04 20:55:00,204 [INFO] ThirdParty:1030 - CMSIS Pack Vendor :STMicroelectronics X-CUBE-AI 8.0.1
2024-02-04 20:55:00,204 [INFO] ThirdParty:1030 - CMSIS Pack Vendor :STMicroelectronics X-CUBE-NFC4 3.0.0
2024-02-04 20:55:00,204 [INFO] ThirdParty:1030 - CMSIS Pack Vendor :STMicroelectronics X-CUBE-SUBG2 5.0.0
2024-02-04 20:55:00,204 [INFO] ThirdParty:1030 - CMSIS Pack Vendor :STMicroelectronics STM32_WPAN 1.0.0
2024-02-04 20:55:00,204 [INFO] ThirdParty:1030 - CMSIS Pack Vendor :STMicroelectronics lwIP 2.0.3
2024-02-04 20:55:00,205 [INFO] ThirdParty:1030 - CMSIS Pack Vendor :STMicroelectronics FP-SNS-FLIGHT1 5.0.2
2024-02-04 20:55:00,205 [INFO] ThirdParty:1030 - CMSIS Pack Vendor :STMicroelectronics USB_HOST 1.0.0
2024-02-04 20:55:00,205 [INFO] ThirdParty:1030 - CMSIS Pack Vendor :STMicroelectronics X-CUBE-TOF1 3.3.1
2024-02-04 20:55:00,205 [INFO] ThirdParty:1030 - CMSIS Pack Vendor :STMicroelectronics X-CUBE-AZRTOS-G4 2.0.0
2024-02-04 20:55:00,205 [INFO] ThirdParty:1030 - CMSIS Pack Vendor :STMicroelectronics PDM2PCM 3.1.0
2024-02-04 20:55:00,205 [INFO] ThirdParty:1030 - CMSIS Pack Vendor :STMicroelectronics X-CUBE-AZRTOS-H7 3.1.0
2024-02-04 20:55:00,205 [INFO] ThirdParty:1030 - CMSIS Pack Vendor :STMicroelectronics FP-ATR-ASTRA1 1.1.1
2024-02-04 20:55:00,205 [INFO] ThirdParty:1030 - CMSIS Pack Vendor :Infineon AIROC-Wi-Fi-Bluetooth-STM32 1.5.1
2024-02-04 20:55:00,205 [INFO] ThirdParty:1030 - CMSIS Pack Vendor :STMicroelectronics X-CUBE-BLEMGR 3.0.0
2024-02-04 20:55:00,205 [INFO] ThirdParty:1030 - CMSIS Pack Vendor :STMicroelectronics PDM2PCM 3.3.0
2024-02-04 20:55:00,205 [INFO] ThirdParty:1030 - CMSIS Pack Vendor :STMicroelectronics X-CUBE-DISPLAY 3.0.0
2024-02-04 20:55:00,205 [INFO] ThirdParty:1030 - CMSIS Pack Vendor :STMicroelectronics X-CUBE-BLEMGR 1.3.0
2024-02-04 20:55:00,206 [INFO] ThirdParty:1030 - CMSIS Pack Vendor :STMicroelectronics FP-SNS-MOTENVWB1 1.3.0
2024-02-04 20:55:00,206 [INFO] ThirdParty:1030 - CMSIS Pack Vendor :STMicroelectronics FP-SNS-MOTENVWB1 1.3.1
2024-02-04 20:55:00,206 [INFO] ThirdParty:1030 - CMSIS Pack Vendor :STMicroelectronics X-CUBE-BLE1 7.0.0
2024-02-04 20:55:00,206 [INFO] ThirdParty:1030 - CMSIS Pack Vendor :STMicroelectronics FP-ATR-SIGFOX1 3.2.0
2024-02-04 20:55:00,206 [INFO] ThirdParty:1030 - CMSIS Pack Vendor :STMicroelectronics X-CUBE-ISPU 2.0.0
2024-02-04 20:55:00,206 [INFO] ThirdParty:1030 - CMSIS Pack Vendor :STMicroelectronics X-CUBE-EEPRMA1 5.1.0
2024-02-04 20:55:00,206 [INFO] ThirdParty:1030 - CMSIS Pack Vendor :STMicroelectronics HAL Drivers 0.0.0
2024-02-04 20:55:00,206 [INFO] ThirdParty:1030 - CMSIS Pack Vendor :STMicroelectronics MBEDTLS 2.16.2
2024-02-04 20:55:00,206 [INFO] ThirdParty:1030 - CMSIS Pack Vendor :emotas I-CUBE-CANOPEN 1.3.0
2024-02-04 20:55:00,206 [INFO] ThirdParty:1030 - CMSIS Pack Vendor :STMicroelectronics X-CUBE-TOUCHGFX 4.20.0
2024-02-04 20:55:00,206 [INFO] ThirdParty:1030 - CMSIS Pack Vendor :STMicroelectronics X-CUBE-MEMS1 10.0.0
2024-02-04 20:55:00,206 [INFO] ThirdParty:1030 - CMSIS Pack Vendor :STMicroelectronics X-CUBE-FREERTOS 1.1.0
2024-02-04 20:55:00,207 [INFO] ThirdParty:1030 - CMSIS Pack Vendor :STMicroelectronics X-CUBE-TOUCHGFX 4.22.0
2024-02-04 20:55:00,207 [INFO] ThirdParty:1030 - CMSIS Pack Vendor :STMicroelectronics X-CUBE-NFC7 1.0.1
2024-02-04 20:55:00,207 [INFO] ThirdParty:1030 - CMSIS Pack Vendor :STMicroelectronics MBEDTLS 2.14.1
2024-02-04 20:55:00,207 [INFO] ThirdParty:1030 - CMSIS Pack Vendor :STMicroelectronics X-CUBE-TOUCHGFX 4.22.1
2024-02-04 20:55:00,207 [INFO] ThirdParty:1030 - CMSIS Pack Vendor :STMicroelectronics X-CUBE-NFC6 3.0.0
2024-02-04 20:55:00,207 [INFO] ThirdParty:1030 - CMSIS Pack Vendor :STMicroelectronics X-CUBE-MEMS1 9.3.0
2024-02-04 20:55:00,207 [INFO] ThirdParty:1030 - CMSIS Pack Vendor :STMicroelectronics X-CUBE-EEPRMA1 4.1.0
2024-02-04 20:55:00,207 [INFO] ThirdParty:1030 - CMSIS Pack Vendor :portGmbH I-Cube-SoM-uGOAL 1.1.0
2024-02-04 20:55:00,207 [INFO] ThirdParty:1030 - CMSIS Pack Vendor :STMicroelectronics X-CUBE-ALS 1.0.1
2024-02-04 20:55:00,207 [INFO] ThirdParty:1030 - CMSIS Pack Vendor :STMicroelectronics ThreadX 1.0.0
2024-02-04 20:55:00,207 [INFO] ThirdParty:1030 - CMSIS Pack Vendor :STMicroelectronics FP-SNS-SMARTAG2 1.2.0
2024-02-04 20:55:00,207 [INFO] ThirdParty:1030 - CMSIS Pack Vendor :STMicroelectronics X-CUBE-AZRTOS-WB 1.1.0
2024-02-04 20:55:00,207 [INFO] ThirdParty:1030 - CMSIS Pack Vendor :STMicroelectronics X-CUBE-AZRTOS-WL 2.0.0
2024-02-04 20:55:00,207 [INFO] ThirdParty:1030 - CMSIS Pack Vendor :SEGGER I-CUBE-embOS 1.3.1
2024-02-04 20:55:00,207 [INFO] ThirdParty:1030 - CMSIS Pack Vendor :STMicroelectronics USB_DEVICE 1.0.0
2024-02-04 20:55:00,207 [INFO] ThirdParty:1030 - CMSIS Pack Vendor :STMicroelectronics X-CUBE-AI 8.1.0
2024-02-04 20:55:00,207 [INFO] ThirdParty:1030 - CMSIS Pack Vendor :STMicroelectronics X-CUBE-AZRTOS-L4 2.0.0
2024-02-04 20:55:00,207 [INFO] ThirdParty:1030 - CMSIS Pack Vendor :STMicroelectronics ThreadX 0.0.2
2024-02-04 20:55:00,207 [INFO] ThirdParty:1030 - CMSIS Pack Vendor :WES I-CUBE-Cesium 1.3.0
2024-02-04 20:55:00,207 [INFO] ThirdParty:1030 - CMSIS Pack Vendor :STMicroelectronics FP-ATR-ASTRA1 2.0.0
2024-02-04 20:55:00,208 [INFO] ThirdParty:1030 - CMSIS Pack Vendor :STMicroelectronics lwIP 2.1.2
2024-02-04 20:55:00,208 [INFO] ThirdParty:1030 - CMSIS Pack Vendor :STMicroelectronics X-CUBE-SFXS2LP1 4.0.0
2024-02-04 20:55:00,208 [INFO] ThirdParty:1030 - CMSIS Pack Vendor :STMicroelectronics X-CUBE-BLE2 3.3.0
2024-02-04 20:55:00,208 [INFO] ThirdParty:1030 - CMSIS Pack Vendor :STMicroelectronics X-CUBE-TOF1 3.4.0
2024-02-04 20:55:00,208 [INFO] ThirdParty:1030 - CMSIS Pack Vendor :STMicroelectronics X-CUBE-TOF1 3.2.0
2024-02-04 20:55:00,208 [INFO] ThirdParty:1030 - CMSIS Pack Vendor :STMicroelectronics X-CUBE-AZRTOS-H7 3.2.0
2024-02-04 20:55:00,208 [INFO] ThirdParty:1030 - CMSIS Pack Vendor :STMicroelectronics PDM2PCM 3.2.0
2024-02-04 20:55:00,208 [INFO] ThirdParty:1030 - CMSIS Pack Vendor :STMicroelectronics X-CUBE-AZRTOS-H7 3.0.0
2024-02-04 20:55:00,208 [INFO] ThirdParty:1030 - CMSIS Pack Vendor :STMicroelectronics X-CUBE-ISPU 1.0.0
2024-02-04 20:55:00,208 [INFO] ThirdParty:841 - exiting critical section [change project]
2024-02-04 20:55:00,735 [INFO] PinOutPanel:1499 - setPackage(No Configuration,No Configuration)
2024-02-04 20:55:00,739 [INFO] PinOutPanel:1499 - setPackage(STM32F103C8Tx,LQFP48)
2024-02-04 20:55:01,957 [INFO] UtilMem:75 - Before build in PCC Used Memory: 226620848 Bytes (521142272)
2024-02-04 20:55:04,276 [INFO] UtilMem:75 - After build in PCC Used Memory: 353073608 Bytes (521142272)
2024-02-04 20:55:04,329 [INFO] IPUIPlugin:80 - create IPUIPlugin
2024-02-04 20:55:04,330 [INFO] IPUIPlugin:80 - create IPUIPlugin
2024-02-04 20:55:04,330 [INFO] IPUIPlugin:80 - create IPUIPlugin
2024-02-04 20:55:04,330 [INFO] IPUIPlugin:80 - create IPUIPlugin
2024-02-04 20:55:04,330 [INFO] IPUIPlugin:80 - create IPUIPlugin
2024-02-04 20:55:04,330 [INFO] IPUIPlugin:80 - create IPUIPlugin
2024-02-04 20:55:04,330 [INFO] IPUIPlugin:80 - create IPUIPlugin
2024-02-04 20:55:04,331 [INFO] IPUIPlugin:80 - create IPUIPlugin
2024-02-04 20:55:04,331 [INFO] IPUIPlugin:80 - create IPUIPlugin
2024-02-04 20:55:04,331 [INFO] IPUIPlugin:80 - create IPUIPlugin
2024-02-04 20:55:04,331 [INFO] IPUIPlugin:80 - create IPUIPlugin
2024-02-04 20:55:04,331 [INFO] IPUIPlugin:80 - create IPUIPlugin
2024-02-04 20:55:04,332 [INFO] IPUIPlugin:80 - create IPUIPlugin
2024-02-04 20:55:04,332 [INFO] IPUIPlugin:80 - create IPUIPlugin
2024-02-04 20:55:04,333 [INFO] IPUIPlugin:80 - create IPUIPlugin
2024-02-04 20:55:04,333 [INFO] IPUIPlugin:80 - create IPUIPlugin
2024-02-04 20:55:04,334 [INFO] IPUIPlugin:80 - create IPUIPlugin
2024-02-04 20:55:04,334 [INFO] IPUIPlugin:80 - create IPUIPlugin
2024-02-04 20:55:04,335 [INFO] IPUIPlugin:80 - create IPUIPlugin
2024-02-04 20:55:04,335 [INFO] IPUIPlugin:80 - create IPUIPlugin
2024-02-04 20:55:04,336 [INFO] IPUIPlugin:80 - create IPUIPlugin
2024-02-04 20:55:04,337 [INFO] IPUIPlugin:80 - create IPUIPlugin
2024-02-04 20:55:04,337 [INFO] IPUIPlugin:80 - create IPUIPlugin
2024-02-04 20:55:04,338 [INFO] IPUIPlugin:80 - create IPUIPlugin
2024-02-04 20:55:04,339 [INFO] IPUIPlugin:80 - create IPUIPlugin
2024-02-04 20:55:04,340 [INFO] IPUIPlugin:80 - create IPUIPlugin
2024-02-04 20:55:04,341 [INFO] IPUIPlugin:80 - create IPUIPlugin
2024-02-04 20:55:04,355 [WARN] IP:2114 - I2C_Coeff_DF not found: check if there is a RefParameter without a condition.
2024-02-04 20:55:04,355 [WARN] IP:2114 - Analog_Filter not found: check if there is a RefParameter without a condition.
2024-02-04 20:55:04,740 [INFO] CADModel:165 - CPN selected for project levelSTM32F103C8T6
2024-02-04 20:55:04,740 [INFO] CADModel:114 - Register for checkConnection events
2024-02-04 20:55:04,779 [INFO] OpenFileManager:328 - Restore cursor
2024-02-04 20:55:05,013 [WARN] IP:2114 - I2C_Coeff_DF not found: check if there is a RefParameter without a condition.
2024-02-04 20:55:05,013 [WARN] IP:2114 - Analog_Filter not found: check if there is a RefParameter without a condition.
2024-02-04 20:55:05,013 [WARN] IP:2114 - I2C_Coeff_DF not found: check if there is a RefParameter without a condition.
2024-02-04 20:55:05,014 [WARN] IP:2114 - Analog_Filter not found: check if there is a RefParameter without a condition.
2024-02-04 20:59:01,970 [WARN] IP:2114 - I2C_Coeff_DF not found: check if there is a RefParameter without a condition.
2024-02-04 20:59:01,970 [WARN] IP:2114 - Analog_Filter not found: check if there is a RefParameter without a condition.
2024-02-04 20:59:01,970 [WARN] IP:2114 - I2C_Coeff_DF not found: check if there is a RefParameter without a condition.
2024-02-04 20:59:01,970 [WARN] IP:2114 - Analog_Filter not found: check if there is a RefParameter without a condition.
2024-02-04 21:09:52,886 [INFO] NvicIntPanel:101 - NVIC parent = com.st.microxplorer.plugins.ip.nvic.MultiNvicIntPanel[,0,0,494x447,layout=javax.swing.BoxLayout,alignmentX=0.0,alignmentY=0.0,border=,flags=9,maximumSize=,minimumSize=,preferredSize=]
2024-02-04 21:09:54,211 [INFO] NvicIntPanel:101 - NVIC parent = com.st.microxplorer.plugins.ip.nvic.MultiNvicIntPanel[,0,0,0x0,invalid,layout=javax.swing.BoxLayout,alignmentX=0.0,alignmentY=0.0,border=,flags=9,maximumSize=,minimumSize=,preferredSize=]
2024-02-04 21:10:13,138 [INFO] UtilMem:75 - End SaveConfig() Used Memory: 575368552 Bytes (1073741824)
2024-02-04 21:10:13,344 [INFO] UtilMem:75 - End SaveConfig() Used Memory: 589738400 Bytes (1073741824)
2024-02-04 21:10:15,509 [INFO] UtilMem:75 - End SaveConfig() Used Memory: 653598152 Bytes (1073741824)
2024-02-04 21:10:16,671 [INFO] BlockDiagram:2759 - set Specific Code input for plugin: NVIC
2024-02-04 21:10:16,671 [INFO] BlockDiagram:2759 - set Specific Code input for plugin: USART
2024-02-04 21:10:16,672 [INFO] BlockDiagram:2759 - set Specific Code input for plugin: TIM1_8F1
2024-02-04 21:10:16,672 [INFO] BlockDiagram:2759 - set Specific Code input for plugin: SYS
2024-02-04 21:10:16,672 [INFO] BlockDiagram:2759 - set Specific Code input for plugin: GPIO
2024-02-04 21:10:16,672 [INFO] BlockDiagram:2759 - set Specific Code input for plugin: RCC
2024-02-04 21:10:16,672 [INFO] BlockDiagram:2759 - set Specific Code input for plugin: I2C
2024-02-04 21:10:16,675 [INFO] CodeGenerator:799 - code generatio: config db path: C:\ST\STM32CubeIDE_1.13.0\STM32CubeIDE\plugins\com.st.stm32cube.common.mx_6.9.0.202307051724\\db\
2024-02-04 21:10:16,685 [WARN] IP:2114 - I2C_Coeff_DF not found: check if there is a RefParameter without a condition.
2024-02-04 21:10:16,685 [WARN] IP:2114 - Analog_Filter not found: check if there is a RefParameter without a condition.
2024-02-04 21:10:17,452 [INFO] CodeEngine:255 - oldGeneratedFile, D:\Workspace\PROJECT\24K_SelfBalancingRobot\24K_SelfBalancingRobot\MXTmpFiles\license.tmp_save
2024-02-04 21:10:18,582 [INFO] CodeEngine:279 - Generated code: D:\Workspace\PROJECT\24K_SelfBalancingRobot\24K_SelfBalancingRobot\MXTmpFiles\license.tmp
2024-02-04 21:10:19,014 [INFO] CodeEngine:255 - oldGeneratedFile, D:\Workspace\PROJECT\24K_SelfBalancingRobot\24K_SelfBalancingRobot\MXTmpFiles\gpio.tmp_save
2024-02-04 21:10:19,448 [INFO] CodeEngine:279 - Generated code: D:\Workspace\PROJECT\24K_SelfBalancingRobot\24K_SelfBalancingRobot\MXTmpFiles\gpio.tmp
2024-02-04 21:10:20,352 [INFO] CodeEngine:255 - oldGeneratedFile, D:\Workspace\PROJECT\24K_SelfBalancingRobot\24K_SelfBalancingRobot\Core\Src\stm32f1xx_it.c_save
2024-02-04 21:10:21,182 [INFO] CodeEngine:279 - Generated code: D:\Workspace\PROJECT\24K_SelfBalancingRobot\24K_SelfBalancingRobot\Core\Src\stm32f1xx_it.c
2024-02-04 21:10:21,310 [INFO] CodeEngine:255 - oldGeneratedFile, D:\Workspace\PROJECT\24K_SelfBalancingRobot\24K_SelfBalancingRobot\Core\Inc\stm32f1xx_it.h_save
2024-02-04 21:10:21,844 [INFO] CodeEngine:279 - Generated code: D:\Workspace\PROJECT\24K_SelfBalancingRobot\24K_SelfBalancingRobot\Core\Inc\stm32f1xx_it.h
2024-02-04 21:10:21,914 [INFO] CodeEngine:255 - oldGeneratedFile, D:\Workspace\PROJECT\24K_SelfBalancingRobot\24K_SelfBalancingRobot\Core\Src\stm32f1xx_hal_msp.c_save
2024-02-04 21:10:22,635 [INFO] CodeEngine:279 - Generated code: D:\Workspace\PROJECT\24K_SelfBalancingRobot\24K_SelfBalancingRobot\Core\Src\stm32f1xx_hal_msp.c
2024-02-04 21:10:22,663 [INFO] CodeEngine:255 - oldGeneratedFile, D:\Workspace\PROJECT\24K_SelfBalancingRobot\24K_SelfBalancingRobot\MXTmpFiles\system.tmp_save
2024-02-04 21:10:22,889 [INFO] CodeEngine:279 - Generated code: D:\Workspace\PROJECT\24K_SelfBalancingRobot\24K_SelfBalancingRobot\MXTmpFiles\system.tmp
2024-02-04 21:10:22,947 [INFO] CodeEngine:311 - oldGeneratedFile, D:\Workspace\PROJECT\24K_SelfBalancingRobot\24K_SelfBalancingRobot\Core\Inc\stm32f1xx_hal_conf.h_save
2024-02-04 21:10:23,103 [INFO] CodeEngine:335 - Generated code: D:\Workspace\PROJECT\24K_SelfBalancingRobot\24K_SelfBalancingRobot\Core\Inc\stm32f1xx_hal_conf.h
2024-02-04 21:10:23,153 [WARN] IPConfigManager:3431 - IP not found : TIM
2024-02-04 21:10:23,156 [WARN] CodeGenerator:3760 - IP not found : null
2024-02-04 21:10:23,193 [INFO] CodeEngine:255 - oldGeneratedFile, D:\Workspace\PROJECT\24K_SelfBalancingRobot\24K_SelfBalancingRobot\Core\Inc\main.h_save
2024-02-04 21:10:23,407 [INFO] CodeEngine:279 - Generated code: D:\Workspace\PROJECT\24K_SelfBalancingRobot\24K_SelfBalancingRobot\Core\Inc\main.h
2024-02-04 21:10:23,442 [INFO] CodeEngine:255 - oldGeneratedFile, D:\Workspace\PROJECT\24K_SelfBalancingRobot\24K_SelfBalancingRobot\Core\Src\main.c_save
2024-02-04 21:10:23,691 [INFO] CodeEngine:279 - Generated code: D:\Workspace\PROJECT\24K_SelfBalancingRobot\24K_SelfBalancingRobot\Core\Src\main.c
2024-02-04 21:10:24,581 [INFO] ProjectBuilder:3064 - Time for Copy HAL[1] : 221mS.
2024-02-04 21:10:24,590 [INFO] ProjectBuilder:4404 - Project Generator version: 4.1.0
2024-02-04 21:10:25,138 [INFO] ConfigFileManager:1457 - The Die is : DIE410
2024-02-04 21:10:25,161 [INFO] ApiDbMcu:507 - Load IP Config File for FATFS
2024-02-04 21:10:25,176 [INFO] ApiDbMcu:507 - Load IP Config File for FREERTOS
2024-02-04 21:10:25,193 [INFO] ApiDbMcu:507 - Load IP Config File for USB_DEVICE
2024-02-04 21:10:26,731 [INFO] LogOutputStream:77 - [STDOUT_REDIRECT] 
2024-02-04 21:10:29,526 [INFO] ProjectBuilder:4626 - Time for Generating toolchain IDE Files: 4936mS.
2024-02-04 21:10:29,527 [INFO] ProjectBuilder:2935 - Time for Copy CMSIS : 0mS.
2024-02-04 21:10:29,529 [INFO] ProjectBuilder:2935 - Time for Copy CMSIS : 0mS.
