2024-02-02 23:06:47,441 [INFO] Activator:176 - 


2024-02-02 23:06:47,443 [INFO] Activator:177 - !SESSION log4j initialized
2024-02-02 23:06:53,279 [INFO] LogOutputStream:77 - [STDOUT_REDIRECT] 
2024-02-02 23:06:56,881 [INFO] ApplicationProperties:184 - Using Application install path: C:\ST\STM32CubeIDE_1.13.0\STM32CubeIDE\plugins\com.st.stm32cube.common.mx_6.9.0.202307051724
2024-02-02 23:06:56,906 [INFO] DbMcusXml:78 - Set database path to: C:\ST\STM32CubeIDE_1.13.0\STM32CubeIDE\plugins\com.st.stm32cube.common.mx_6.9.0.202307051724\\db\/mcu/
2024-02-02 23:06:56,906 [INFO] ApiDb:274 - Set plugin database path to: C:\ST\STM32CubeIDE_1.13.0\STM32CubeIDE\plugins\com.st.stm32cube.common.mx_6.9.0.202307051724\\db\/plugins/boardmanager/
2024-02-02 23:06:56,907 [WARN] ApiDb:259 - Overriding images path with different value:  => C:\ST\STM32CubeIDE_1.13.0\STM32CubeIDE\plugins\com.st.stm32cube.common.mx_6.9.0.202307051724\\db\/plugins/mcufinder/images/
2024-02-02 23:06:56,926 [INFO] ApiDb:250 - Set database path to: C:\Users\admin\.stmcufinder\plugins\mcufinder//mcu/
2024-02-02 23:06:56,928 [INFO] DbMcusAds:125 - Set database path to: C:\Users\admin\.stmcufinder\plugins\mcufinder//mcu/
2024-02-02 23:06:57,892 [INFO] CrossReferenceDbSqlite:203 - Set database path to: C:\Users\admin\.stmcufinder\plugins\mcufinder//mcu/cs/
2024-02-02 23:06:58,129 [INFO] RulesReader:64 - Compatibility file has been processed (293 Rules)
2024-02-02 23:06:58,276 [INFO] DbMcusXml:78 - Set database path to: C:\ST\STM32CubeIDE_1.13.0\STM32CubeIDE\plugins\com.st.stm32cube.common.mx_6.9.0.202307051724\\db\/mcu/
2024-02-02 23:06:58,277 [INFO] ApiDb:274 - Set plugin database path to: C:\ST\STM32CubeIDE_1.13.0\STM32CubeIDE\plugins\com.st.stm32cube.common.mx_6.9.0.202307051724\\db\/plugins/boardmanager/
2024-02-02 23:06:58,277 [INFO] ApiDb:261 - Set plugin images path to: C:\ST\STM32CubeIDE_1.13.0\STM32CubeIDE\plugins\com.st.stm32cube.common.mx_6.9.0.202307051724\\db\/plugins/mcufinder/images/
2024-02-02 23:06:58,277 [WARN] DbFile:41 - Overriding database path with different value: C:\Users\admin\.stmcufinder\plugins\mcufinder/ => C:\Users\admin\.stmcufinder\plugins\mcufinder
2024-02-02 23:06:58,278 [INFO] ApiDb:250 - Set database path to: C:\Users\admin\.stmcufinder\plugins\mcufinder//mcu/
2024-02-02 23:06:58,278 [WARN] DbFile:41 - Overriding database path with different value: C:\Users\admin\.stmcufinder\plugins\mcufinder/ => C:\Users\admin\.stmcufinder\plugins\mcufinder
2024-02-02 23:06:58,278 [INFO] DbMcusAds:125 - Set database path to: C:\Users\admin\.stmcufinder\plugins\mcufinder//mcu/
2024-02-02 23:06:58,278 [WARN] DbFile:41 - Overriding database path with different value: C:\Users\admin\.stmcufinder\plugins\mcufinder/ => C:\Users\admin\.stmcufinder\plugins\mcufinder
2024-02-02 23:06:58,278 [WARN] DbFile:41 - Overriding database path with different value: C:\Users\admin\.stmcufinder\plugins\mcufinder/ => C:\Users\admin\.stmcufinder\plugins\mcufinder
2024-02-02 23:06:58,893 [INFO] CrossReferenceDbSqlite:203 - Set database path to: C:\Users\admin\.stmcufinder\plugins\mcufinder//mcu/cs/
2024-02-02 23:06:59,067 [INFO] MainPanel:262 - HeapMemory: 268435456
2024-02-02 23:06:59,443 [INFO] DbMcusXml:78 - Set database path to: C:\ST\STM32CubeIDE_1.13.0\STM32CubeIDE\plugins\com.st.stm32cube.common.mx_6.9.0.202307051724\\db\/mcu/
2024-02-02 23:06:59,444 [INFO] ApiDb:274 - Set plugin database path to: C:\ST\STM32CubeIDE_1.13.0\STM32CubeIDE\plugins\com.st.stm32cube.common.mx_6.9.0.202307051724\\db\/plugins/boardmanager/
2024-02-02 23:06:59,444 [INFO] ApiDb:261 - Set plugin images path to: C:\ST\STM32CubeIDE_1.13.0\STM32CubeIDE\plugins\com.st.stm32cube.common.mx_6.9.0.202307051724\\db\/plugins/mcufinder/images/
2024-02-02 23:06:59,446 [WARN] DbFile:41 - Overriding database path with different value: C:\Users\admin\.stmcufinder\plugins\mcufinder/ => C:\Users\admin\.stmcufinder\plugins\mcufinder
2024-02-02 23:06:59,447 [INFO] ApiDb:250 - Set database path to: C:\Users\admin\.stmcufinder\plugins\mcufinder//mcu/
2024-02-02 23:06:59,447 [WARN] DbFile:41 - Overriding database path with different value: C:\Users\admin\.stmcufinder\plugins\mcufinder/ => C:\Users\admin\.stmcufinder\plugins\mcufinder
2024-02-02 23:06:59,447 [INFO] DbMcusAds:125 - Set database path to: C:\Users\admin\.stmcufinder\plugins\mcufinder//mcu/
2024-02-02 23:06:59,447 [WARN] DbFile:41 - Overriding database path with different value: C:\Users\admin\.stmcufinder\plugins\mcufinder/ => C:\Users\admin\.stmcufinder\plugins\mcufinder
2024-02-02 23:06:59,447 [WARN] DbFile:41 - Overriding database path with different value: C:\Users\admin\.stmcufinder\plugins\mcufinder/ => C:\Users\admin\.stmcufinder\plugins\mcufinder
2024-02-02 23:07:00,393 [INFO] CrossReferenceDbSqlite:203 - Set database path to: C:\Users\admin\.stmcufinder\plugins\mcufinder//mcu/cs/
2024-02-02 23:07:00,437 [INFO] ApplicationProperties:184 - Using Application install path: C:\ST\STM32CubeIDE_1.13.0\STM32CubeIDE\plugins\com.st.stm32cube.common.mx_6.9.0.202307051724
2024-02-02 23:07:00,440 [INFO] PluginManage:196 - Search for loadable plugins [exclusion list=, ]
2024-02-02 23:07:00,443 [INFO] PluginManage:310 - Check plugin analytics
2024-02-02 23:07:01,501 [INFO] AnalyticsPlugin:253 - Accepted Software Licenses: STM32CubeMX.6.9.1
2024-02-02 23:07:01,502 [INFO] AnalyticsPlugin:255 - Accepted CMSIS Pack Licenses: 
2024-02-02 23:07:01,502 [INFO] AnalyticsPlugin:257 - Accepted Firmware Licenses: 
2024-02-02 23:07:01,506 [INFO] PluginManage:359 - Loaded plugin analytics (category:tool,tabindex:-1)
2024-02-02 23:07:01,507 [INFO] PluginManage:310 - Check plugin cadmodel
2024-02-02 23:07:01,536 [INFO] CADModel:105 - Init CAD model plugin
2024-02-02 23:07:01,537 [INFO] PluginManage:359 - Loaded plugin cadmodel (category:power,tabindex:5)
2024-02-02 23:07:01,537 [INFO] PluginManage:310 - Check plugin clock
2024-02-02 23:07:01,578 [INFO] PluginManage:359 - Loaded plugin clock (category:base,tabindex:2)
2024-02-02 23:07:01,578 [INFO] PluginManage:310 - Check plugin ddr
2024-02-02 23:07:01,583 [INFO] PluginManage:359 - Loaded plugin ddr (category:tool,tabindex:6)
2024-02-02 23:07:01,583 [INFO] PluginManage:310 - Check plugin filemanager
2024-02-02 23:07:01,890 [INFO] PluginManage:359 - Loaded plugin filemanager (category:base,tabindex:10)
2024-02-02 23:07:01,891 [INFO] PluginManage:310 - Check plugin ipmanager
2024-02-02 23:07:01,902 [INFO] PluginManage:359 - Loaded plugin ipmanager (category:base,tabindex:5)
2024-02-02 23:07:01,903 [INFO] PluginManage:310 - Check plugin lpbam
2024-02-02 23:07:01,923 [INFO] PluginManage:359 - Loaded plugin lpbam (category:base,tabindex:0)
2024-02-02 23:07:01,924 [INFO] PluginManage:310 - Check plugin memorymap
2024-02-02 23:07:01,951 [INFO] PluginManage:359 - Loaded plugin memorymap (category:base,tabindex:4)
2024-02-02 23:07:01,952 [INFO] PluginManage:310 - Check plugin pinoutandconfiguration
2024-02-02 23:07:01,970 [INFO] PluginManage:359 - Loaded plugin pinoutandconfiguration (category:base,tabindex:1)
2024-02-02 23:07:01,970 [INFO] PluginManage:310 - Check plugin pinoutconfig
2024-02-02 23:07:02,109 [WARN] SupportedApi:132 - Cannot load RTOS API schema: s4s-elt-must-match.1: The content of 'definitions' must match (annotation?, (simpleType | complexType)?, (unique | key | keyref)*)). A problem was found starting at: attribute.
2024-02-02 23:07:02,303 [INFO] PluginManage:359 - Loaded plugin pinoutconfig (category:base,tabindex:0)
2024-02-02 23:07:02,304 [INFO] PluginManage:310 - Check plugin power
2024-02-02 23:07:02,331 [INFO] PluginManage:359 - Loaded plugin power (category:power,tabindex:4)
2024-02-02 23:07:02,331 [INFO] PluginManage:310 - Check plugin projectmanager
2024-02-02 23:07:02,359 [INFO] PluginManage:359 - Loaded plugin projectmanager (category:projectmanager,tabindex:3)
2024-02-02 23:07:02,359 [INFO] PluginManage:310 - Check plugin thirdparty
2024-02-02 23:07:02,770 [INFO] PluginManage:359 - Loaded plugin thirdparty (category:base,tabindex:-1)
2024-02-02 23:07:02,770 [WARN] IntegrityCheckThread:84 - waiting for thirdparty lock release [integrity check]
2024-02-02 23:07:02,771 [INFO] PluginManage:310 - Check plugin tools
2024-02-02 23:07:02,772 [INFO] IntegrityCheckThread:86 - entering critical section [integrity check]
2024-02-02 23:07:02,774 [INFO] ThirdPartyUpdaterWithRetryManager:70 - Updater plugin not ready yet. [1/15]
2024-02-02 23:07:02,830 [INFO] PluginManage:359 - Loaded plugin tools (category:base,tabindex:7)
2024-02-02 23:07:02,830 [INFO] PluginManage:310 - Check plugin tutovideos
2024-02-02 23:07:03,142 [INFO] PluginManage:359 - Loaded plugin tutovideos (category:base,tabindex:-1)
2024-02-02 23:07:03,142 [INFO] PluginManage:310 - Check plugin updater
2024-02-02 23:07:03,161 [INFO] PluginManage:359 - Loaded plugin updater (category:base,tabindex:12)
2024-02-02 23:07:03,162 [INFO] PluginManage:310 - Check plugin userauth
2024-02-02 23:07:03,174 [INFO] UserAuth:113 - Init User Auth plugin
2024-02-02 23:07:03,174 [INFO] PluginManage:359 - Loaded plugin userauth (category:base,tabindex:14)
2024-02-02 23:07:03,174 [INFO] PluginManage:283 - PluginManage : Loaded plugins [17]
2024-02-02 23:07:03,470 [INFO] PinOutPanel:1499 - setPackage(No Configuration,No Configuration)
2024-02-02 23:07:03,662 [INFO] CADModel:165 - CPN selected for project level
2024-02-02 23:07:03,662 [INFO] CADModel:114 - Register for checkConnection events
2024-02-02 23:07:03,701 [INFO] IPUIPlugin:80 - create IPUIPlugin
2024-02-02 23:07:03,701 [INFO] PluginManager:220 - loadIPPluginJar : add adc
2024-02-02 23:07:03,741 [INFO] IPUIPlugin:80 - create IPUIPlugin
2024-02-02 23:07:03,741 [INFO] PluginManager:220 - loadIPPluginJar : add aes
2024-02-02 23:07:03,788 [INFO] IPUIPlugin:80 - create IPUIPlugin
2024-02-02 23:07:03,788 [INFO] PluginManager:220 - loadIPPluginJar : add can
2024-02-02 23:07:03,812 [INFO] IPUIPlugin:80 - create IPUIPlugin
2024-02-02 23:07:03,812 [INFO] PluginManager:220 - loadIPPluginJar : add comp
2024-02-02 23:07:03,851 [INFO] IPUIPlugin:80 - create IPUIPlugin
2024-02-02 23:07:03,851 [INFO] PluginManager:220 - loadIPPluginJar : add cryp
2024-02-02 23:07:03,888 [INFO] IPUIPlugin:80 - create IPUIPlugin
2024-02-02 23:07:03,888 [INFO] PluginManager:220 - loadIPPluginJar : add dfsdm
2024-02-02 23:07:03,904 [INFO] IPUIPlugin:80 - create IPUIPlugin
2024-02-02 23:07:03,905 [INFO] PluginManager:220 - loadIPPluginJar : add dma
2024-02-02 23:07:03,952 [INFO] IPUIPlugin:80 - create IPUIPlugin
2024-02-02 23:07:03,953 [INFO] PluginManager:220 - loadIPPluginJar : add dma3
2024-02-02 23:07:03,972 [INFO] IPUIPlugin:80 - create IPUIPlugin
2024-02-02 23:07:03,972 [INFO] PluginManager:220 - loadIPPluginJar : add fatfs
2024-02-02 23:07:04,018 [INFO] IPUIPlugin:80 - create IPUIPlugin
2024-02-02 23:07:04,018 [INFO] PluginManager:220 - loadIPPluginJar : add fmc
2024-02-02 23:07:04,033 [INFO] IPUIPlugin:80 - create IPUIPlugin
2024-02-02 23:07:04,034 [INFO] PluginManager:220 - loadIPPluginJar : add freertos
2024-02-02 23:07:04,054 [INFO] IPUIPlugin:80 - create IPUIPlugin
2024-02-02 23:07:04,054 [INFO] PluginManager:220 - loadIPPluginJar : add genericplugin
2024-02-02 23:07:04,146 [INFO] IPUIPlugin:80 - create IPUIPlugin
2024-02-02 23:07:04,146 [INFO] PluginManager:220 - loadIPPluginJar : add gfxmmu
2024-02-02 23:07:04,274 [INFO] IPUIPlugin:80 - create IPUIPlugin
2024-02-02 23:07:04,274 [INFO] PluginManager:220 - loadIPPluginJar : add gic
2024-02-02 23:07:04,286 [INFO] IPUIPlugin:80 - create IPUIPlugin
2024-02-02 23:07:04,287 [INFO] PluginManager:220 - loadIPPluginJar : add gpio
2024-02-02 23:07:04,377 [INFO] IPUIPlugin:80 - create IPUIPlugin
2024-02-02 23:07:04,377 [INFO] PluginManager:220 - loadIPPluginJar : add gtzc
2024-02-02 23:07:04,407 [INFO] IPUIPlugin:80 - create IPUIPlugin
2024-02-02 23:07:04,407 [INFO] PluginManager:220 - loadIPPluginJar : add hash
2024-02-02 23:07:04,457 [INFO] IPUIPlugin:80 - create IPUIPlugin
2024-02-02 23:07:04,457 [INFO] PluginManager:220 - loadIPPluginJar : add i2c
2024-02-02 23:07:04,495 [INFO] IPUIPlugin:80 - create IPUIPlugin
2024-02-02 23:07:04,495 [INFO] PluginManager:220 - loadIPPluginJar : add i2s
2024-02-02 23:07:04,535 [INFO] IPUIPlugin:80 - create IPUIPlugin
2024-02-02 23:07:04,535 [INFO] PluginManager:220 - loadIPPluginJar : add i3c
2024-02-02 23:07:04,743 [INFO] IPUIPlugin:80 - create IPUIPlugin
2024-02-02 23:07:04,743 [INFO] PluginManager:220 - loadIPPluginJar : add ipddr
2024-02-02 23:07:04,836 [INFO] IPUIPlugin:80 - create IPUIPlugin
2024-02-02 23:07:04,836 [INFO] PluginManager:220 - loadIPPluginJar : add linkedlist
2024-02-02 23:07:04,869 [INFO] IPUIPlugin:80 - create IPUIPlugin
2024-02-02 23:07:04,869 [INFO] PluginManager:220 - loadIPPluginJar : add lorawan
2024-02-02 23:07:04,907 [INFO] IPUIPlugin:80 - create IPUIPlugin
2024-02-02 23:07:04,907 [INFO] PluginManager:220 - loadIPPluginJar : add ltdc
2024-02-02 23:07:04,921 [INFO] IPUIPlugin:80 - create IPUIPlugin
2024-02-02 23:07:04,921 [INFO] PluginManager:220 - loadIPPluginJar : add mdma
2024-02-02 23:07:04,933 [INFO] IPUIPlugin:80 - create IPUIPlugin
2024-02-02 23:07:04,933 [INFO] PluginManager:220 - loadIPPluginJar : add nvic
2024-02-02 23:07:04,967 [INFO] IPUIPlugin:80 - create IPUIPlugin
2024-02-02 23:07:04,967 [INFO] PluginManager:220 - loadIPPluginJar : add opamp
2024-02-02 23:07:05,023 [INFO] IPUIPlugin:80 - create IPUIPlugin
2024-02-02 23:07:05,023 [INFO] PluginManager:220 - loadIPPluginJar : add openamp
2024-02-02 23:07:05,065 [INFO] IPUIPlugin:80 - create IPUIPlugin
2024-02-02 23:07:05,065 [INFO] PluginManager:220 - loadIPPluginJar : add pdm2pcm
2024-02-02 23:07:05,079 [INFO] IPUIPlugin:80 - create IPUIPlugin
2024-02-02 23:07:05,081 [INFO] PluginManager:220 - loadIPPluginJar : add plateformsettings
2024-02-02 23:07:05,100 [INFO] IPUIPlugin:80 - create IPUIPlugin
2024-02-02 23:07:05,101 [INFO] PluginManager:220 - loadIPPluginJar : add quadspi
2024-02-02 23:07:05,113 [INFO] IPUIPlugin:80 - create IPUIPlugin
2024-02-02 23:07:05,113 [INFO] PluginManager:220 - loadIPPluginJar : add resmgrutility
2024-02-02 23:07:05,162 [INFO] IPUIPlugin:80 - create IPUIPlugin
2024-02-02 23:07:05,162 [INFO] PluginManager:220 - loadIPPluginJar : add sai
2024-02-02 23:07:05,198 [INFO] IPUIPlugin:80 - create IPUIPlugin
2024-02-02 23:07:05,198 [INFO] PluginManager:220 - loadIPPluginJar : add spi
2024-02-02 23:07:05,255 [INFO] IPUIPlugin:80 - create IPUIPlugin
2024-02-02 23:07:05,255 [INFO] PluginManager:220 - loadIPPluginJar : add stm32_wpan
2024-02-02 23:07:05,279 [INFO] IPUIPlugin:80 - create IPUIPlugin
2024-02-02 23:07:05,280 [INFO] PluginManager:220 - loadIPPluginJar : add tim
2024-02-02 23:07:05,334 [INFO] IPUIPlugin:80 - create IPUIPlugin
2024-02-02 23:07:05,334 [INFO] PluginManager:220 - loadIPPluginJar : add touchsensing
2024-02-02 23:07:05,354 [INFO] IPUIPlugin:80 - create IPUIPlugin
2024-02-02 23:07:05,354 [INFO] PluginManager:220 - loadIPPluginJar : add tracer_emb
2024-02-02 23:07:05,376 [INFO] IPUIPlugin:80 - create IPUIPlugin
2024-02-02 23:07:05,376 [INFO] PluginManager:220 - loadIPPluginJar : add ts
2024-02-02 23:07:05,397 [INFO] IPUIPlugin:80 - create IPUIPlugin
2024-02-02 23:07:05,397 [INFO] PluginManager:220 - loadIPPluginJar : add tsc
2024-02-02 23:07:05,419 [INFO] IPUIPlugin:80 - create IPUIPlugin
2024-02-02 23:07:05,419 [INFO] PluginManager:220 - loadIPPluginJar : add ucpd
2024-02-02 23:07:05,462 [INFO] IPUIPlugin:80 - create IPUIPlugin
2024-02-02 23:07:05,462 [INFO] PluginManager:220 - loadIPPluginJar : add usart
2024-02-02 23:07:05,505 [INFO] IPUIPlugin:80 - create IPUIPlugin
2024-02-02 23:07:05,505 [INFO] PluginManager:220 - loadIPPluginJar : add usbx
2024-02-02 23:07:05,630 [INFO] CADModel:165 - CPN selected for project level
2024-02-02 23:07:05,630 [INFO] CADModel:114 - Register for checkConnection events
2024-02-02 23:07:05,630 [FATAL] Updater:308 - Updater called before beeing initialized
2024-02-02 23:07:05,630 [ERROR] CADModel:125 - Updater not yet initialized, retry later 
2024-02-02 23:07:05,775 [INFO] ThirdPartyUpdaterWithRetryManager:70 - Updater plugin not ready yet. [2/15]
2024-02-02 23:07:05,809 [INFO] CADModel:165 - CPN selected for project level
2024-02-02 23:07:05,810 [INFO] CADModel:114 - Register for checkConnection events
2024-02-02 23:07:05,810 [FATAL] Updater:308 - Updater called before beeing initialized
2024-02-02 23:07:05,810 [ERROR] CADModel:125 - Updater not yet initialized, retry later 
2024-02-02 23:07:05,812 [FATAL] Updater:308 - Updater called before beeing initialized
2024-02-02 23:07:05,933 [FATAL] Updater:308 - Updater called before beeing initialized
2024-02-02 23:07:05,951 [INFO] DbMcusAds:53 - JSON generation date=Wed Nov 29 17:52:27 ICT 2023 (1701255147200)
2024-02-02 23:07:05,951 [FATAL] Updater:308 - Updater called before beeing initialized
2024-02-02 23:07:06,014 [WARN] DetailPanel:346 - Failed to get advertising image, set to default
2024-02-02 23:07:06,138 [FATAL] Updater:308 - Updater called before beeing initialized
2024-02-02 23:07:06,141 [FATAL] Updater:308 - Updater called before beeing initialized
2024-02-02 23:07:06,142 [FATAL] Updater:308 - Updater called before beeing initialized
2024-02-02 23:07:06,142 [WARN] DetailPanel:346 - Failed to get advertising image, set to default
2024-02-02 23:07:06,144 [FATAL] Updater:308 - Updater called before beeing initialized
2024-02-02 23:07:06,249 [ERROR] Updater:1120 - MainUpdater not yet initialized. External WinMGr cannot be set.
2024-02-02 23:07:06,264 [INFO] Updater:1056 - Updater Version found : 6.9.0
2024-02-02 23:07:06,353 [INFO] ApplicationProperties:184 - Using Application install path: C:\ST\STM32CubeIDE_1.13.0\STM32CubeIDE\plugins\com.st.stm32cube.common.mx_6.9.0.202307051724
2024-02-02 23:07:07,560 [INFO] MainUpdater:2868 - connection check result : 10
2024-02-02 23:07:07,561 [INFO] MainUpdater:3562 - Updater definition file requires update
2024-02-02 23:07:07,562 [INFO] MainUpdater:285 - Updater Check For Update Now.
2024-02-02 23:07:07,562 [INFO] MicroXplorer:498 - Change Database Version : DB.6.0.90
2024-02-02 23:07:07,583 [INFO] McuFinderGlobals:63 - Set McuFinder mode to 2 (CubeIDE integrated)
2024-02-02 23:07:07,668 [INFO] ServerAccessManage:473 - Download File updaters.zip
2024-02-02 23:07:07,806 [INFO] FileExtend:240 - Unzip File : updaters.zip
2024-02-02 23:07:07,806 [INFO] FileExtend:255 - Standard Zip Deflate
2024-02-02 23:07:08,737 [INFO] ServerAccessManage:473 - Download File PacksControlFlags.xml
2024-02-02 23:07:08,775 [WARN] MainUpdater:1189 - Updater busy. Cannot search thirdparties
2024-02-02 23:07:08,776 [INFO] ThirdPartyUpdaterWithRetryManager:96 - Updater plugin is busy. [1/15]
2024-02-02 23:07:08,906 [INFO] ServerAccessManage:473 - Download File cubemx.pidx
2024-02-02 23:07:09,290 [INFO] LoadServerUpdatesThread:373 - End of LoadServerUpdate Thread
2024-02-02 23:07:09,587 [INFO] CheckServerUpdateThread:120 - End of CheckServer Thread
2024-02-02 23:07:12,060 [WARN] PackLoader:240 - Cannot read IP mode file for STMicroelectronics.X-CUBE-SMBUS.2.1.0
2024-02-02 23:07:12,083 [WARN] PackLoader:240 - Cannot read IP mode file for STMicroelectronics.X-CUBE-TOUCHGFX.4.23.0
2024-02-02 23:07:12,185 [WARN] PackLoader:240 - Cannot read IP mode file for STMicroelectronics.X-CUBE-AZRTOS-F7.1.1.0
2024-02-02 23:07:12,243 [WARN] PackLoader:240 - Cannot read IP mode file for STMicroelectronics.FP-SNS-MOTENV1.4.3.2
2024-02-02 23:07:12,287 [WARN] PackLoader:240 - Cannot read IP mode file for STMicroelectronics.X-CUBE-BLE1.6.2.4
2024-02-02 23:07:12,320 [WARN] PackLoader:240 - Cannot read IP mode file for STMicroelectronics.FP-SNS-FLIGHT1.5.0.2
2024-02-02 23:07:12,419 [WARN] PackLoader:240 - Cannot read IP mode file for STMicroelectronics.X-CUBE-DISPLAY.3.0.0
2024-02-02 23:07:12,475 [WARN] PackLoader:240 - Cannot read IP mode file for STMicroelectronics.X-CUBE-BLE1.7.0.0
2024-02-02 23:07:12,521 [WARN] PackLoader:240 - Cannot read IP mode file for emotas.I-CUBE-CANOPEN.1.3.0
2024-02-02 23:07:12,597 [WARN] PackLoader:240 - Cannot read IP mode file for STMicroelectronics.X-CUBE-TOUCHGFX.4.22.0
2024-02-02 23:07:12,631 [WARN] PackLoader:240 - Cannot read IP mode file for STMicroelectronics.X-CUBE-TOUCHGFX.4.22.1
2024-02-02 23:07:12,749 [WARN] PackLoader:240 - Cannot read IP mode file for STMicroelectronics.X-CUBE-MEMS1.9.3.0
2024-02-02 23:07:13,050 [WARN] PackLoader:240 - Cannot read IP mode file for STMicroelectronics.FP-SNS-SMARTAG2.1.2.0
2024-02-02 23:07:13,082 [INFO] LogOutputStream:77 - [STDOUT_REDIRECT] 1 : Invalid condition id : UX_CORESTACK_Condition cause : null
2024-02-02 23:07:13,083 [INFO] LogOutputStream:77 - [STDOUT_REDIRECT] 1 : Invalid condition id : UX_CORESTACK_Condition cause : null
2024-02-02 23:07:13,086 [INFO] LogOutputStream:77 - [STDOUT_REDIRECT] 1 : Invalid condition id : UX_CORESTACK_Condition cause : null
2024-02-02 23:07:13,088 [INFO] LogOutputStream:77 - [STDOUT_REDIRECT] 1 : Invalid condition id : UX_CORESTACK_Condition cause : null
2024-02-02 23:07:13,090 [INFO] LogOutputStream:77 - [STDOUT_REDIRECT] 1 : Invalid condition id : UX_CORESTACK_Condition cause : null
2024-02-02 23:07:13,097 [WARN] PackLoader:240 - Cannot read IP mode file for STMicroelectronics.X-CUBE-AZRTOS-WL.2.0.0
2024-02-02 23:07:13,129 [WARN] PackLoader:240 - Cannot read IP mode file for WES.I-CUBE-Cesium.1.3.0
2024-02-02 23:07:13,151 [WARN] PackLoader:240 - Cannot read IP mode file for STMicroelectronics.X-CUBE-BLE2.3.3.0
2024-02-02 23:07:13,179 [WARN] PackLoader:240 - Cannot read IP mode file for STMicroelectronics.X-CUBE-TOF1.3.2.0
2024-02-02 23:07:13,209 [WARN] PackLoader:240 - Cannot read IP mode file for STMicroelectronics.X-CUBE-ISPU.1.0.0
2024-02-02 23:07:13,229 [WARN] PackLoader:240 - Cannot read IP mode file for STMicroelectronics.X-CUBE-TOUCHGFX.4.21.1
2024-02-02 23:07:13,362 [WARN] PackLoader:240 - Cannot read IP mode file for STMicroelectronics.X-CUBE-MEMS1.9.4.0
2024-02-02 23:07:13,567 [WARN] PackLoader:240 - Cannot read IP mode file for STMicroelectronics.X-CUBE-AI.7.3.0
2024-02-02 23:07:13,588 [WARN] PackLoader:240 - Cannot read IP mode file for STMicroelectronics.X-CUBE-ALGOBUILD.1.3.0
2024-02-02 23:07:13,672 [WARN] PackLoader:240 - Cannot read IP mode file for STMicroelectronics.X-CUBE-AZRTOS-G0.1.1.0
2024-02-02 23:07:13,696 [WARN] PackLoader:240 - Cannot read IP mode file for STMicroelectronics.X-CUBE-NFC4.3.0.0
2024-02-02 23:07:13,738 [WARN] PackLoader:240 - Cannot read IP mode file for STMicroelectronics.X-CUBE-BLEMGR.3.0.0
2024-02-02 23:07:13,764 [WARN] PackLoader:240 - Cannot read IP mode file for STMicroelectronics.X-CUBE-BLEMGR.1.3.0
2024-02-02 23:07:13,783 [WARN] PackLoader:240 - Cannot read IP mode file for STMicroelectronics.FP-ATR-SIGFOX1.3.2.0
2024-02-02 23:07:13,804 [WARN] PackLoader:240 - Cannot read IP mode file for STMicroelectronics.X-CUBE-EEPRMA1.5.1.0
2024-02-02 23:07:13,830 [WARN] PackLoader:240 - Cannot read IP mode file for STMicroelectronics.X-CUBE-TOUCHGFX.4.20.0
2024-02-02 23:07:13,881 [WARN] PackLoader:240 - Cannot read IP mode file for SEGGER.I-CUBE-embOS.1.3.1
2024-02-02 23:07:14,000 [WARN] PackLoader:240 - Cannot read IP mode file for STMicroelectronics.X-CUBE-GNSS1.6.0.0
2024-02-02 23:07:14,042 [WARN] PackLoader:240 - Cannot read IP mode file for STMicroelectronics.X-CUBE-AZRTOS-F4.1.1.0
2024-02-02 23:07:14,064 [WARN] PackLoader:240 - Cannot read IP mode file for wolfSSL.I-CUBE-wolfSSL.5.6.6
2024-02-02 23:07:14,091 [WARN] PackLoader:240 - Cannot read IP mode file for STMicroelectronics.X-CUBE-BLEMGR.1.2.0
2024-02-02 23:07:14,146 [WARN] PackLoader:240 - Cannot read IP mode file for STMicroelectronics.X-CUBE-AZRTOS-L5.2.0.0
2024-02-02 23:07:14,225 [WARN] PackLoader:240 - Cannot read IP mode file for STMicroelectronics.X-CUBE-MEMS1.9.6.0
2024-02-02 23:07:14,481 [WARN] PackLoader:240 - Cannot read IP mode file for STMicroelectronics.X-CUBE-EEPRMA1.4.2.0
2024-02-02 23:07:14,548 [WARN] PackLoader:240 - Cannot read IP mode file for ITTIA_DB.I-CUBE-ITTIADB.8.8.0
2024-02-02 23:07:14,572 [WARN] PackLoader:240 - Cannot read IP mode file for STMicroelectronics.X-CUBE-BLEMGR.2.0.0
2024-02-02 23:07:14,619 [WARN] ConditionMgr:438 - getConditionDescription Invalid condition id : UX DEVICE CLASS RTOS Condition cause : null
2024-02-02 23:07:14,619 [WARN] ConditionMgr:438 - getConditionDescription Invalid condition id : UX DEVICE CLASS RTOS Condition cause : null
2024-02-02 23:07:14,624 [WARN] PackLoader:240 - Cannot read IP mode file for STMicroelectronics.X-CUBE-AZRTOS-H7.3.1.0
2024-02-02 23:07:14,625 [WARN] ConditionMgr:1039 - genDependencies : Invalid condition id : UX DEVICE CLASS RTOS Condition cause : null
2024-02-02 23:07:14,626 [WARN] ConditionMgr:1039 - genDependencies : Invalid condition id : UX DEVICE CLASS RTOS Condition cause : null
2024-02-02 23:07:14,626 [WARN] ConditionMgr:1039 - genDependencies : Invalid condition id : UX DEVICE CLASS RTOS Condition cause : null
2024-02-02 23:07:14,627 [WARN] ConditionMgr:1039 - genDependencies : Invalid condition id : UX DEVICE CLASS RTOS Condition cause : null
2024-02-02 23:07:14,627 [WARN] ConditionMgr:1039 - genDependencies : Invalid condition id : UX DEVICE CLASS RTOS Condition cause : null
2024-02-02 23:07:14,646 [WARN] PackLoader:240 - Cannot read IP mode file for STMicroelectronics.X-CUBE-NFC7.1.0.1
2024-02-02 23:07:14,670 [WARN] PackLoader:240 - Cannot read IP mode file for STMicroelectronics.X-CUBE-NFC6.3.0.0
2024-02-02 23:07:14,690 [WARN] PackLoader:240 - Cannot read IP mode file for STMicroelectronics.X-CUBE-EEPRMA1.4.1.0
2024-02-02 23:07:14,709 [WARN] PackLoader:240 - Cannot read IP mode file for STMicroelectronics.X-CUBE-AI.8.1.0
2024-02-02 23:07:14,777 [WARN] ConditionMgr:438 - getConditionDescription Invalid condition id : LAN8742 Phy interface Condition cause : null
2024-02-02 23:07:14,779 [WARN] PackLoader:240 - Cannot read IP mode file for STMicroelectronics.X-CUBE-AZRTOS-L4.2.0.0
2024-02-02 23:07:14,781 [WARN] ConditionMgr:1039 - genDependencies : Invalid condition id : LAN8742 Phy interface Condition cause : null
2024-02-02 23:07:14,781 [WARN] ConditionMgr:1039 - genDependencies : Invalid condition id : LAN8742 Phy interface Condition cause : null
2024-02-02 23:07:14,782 [WARN] ConditionMgr:1039 - genDependencies : Invalid condition id : LAN8742 Phy interface Condition cause : null
2024-02-02 23:07:14,808 [WARN] PackLoader:240 - Cannot read IP mode file for STMicroelectronics.X-CUBE-SFXS2LP1.4.0.0
2024-02-02 23:07:14,857 [WARN] PackLoader:240 - Cannot read IP mode file for STMicroelectronics.X-CUBE-AZRTOS-H7.3.0.0
2024-02-02 23:07:14,884 [WARN] PackLoader:240 - Cannot read IP mode file for STMicroelectronics.X-CUBE-ISPU.1.1.0
2024-02-02 23:07:14,923 [WARN] ConditionMgr:438 - getConditionDescription Invalid condition id : UX DEVICE CLASS RTOS Condition cause : null
2024-02-02 23:07:14,923 [WARN] ConditionMgr:438 - getConditionDescription Invalid condition id : UX DEVICE CLASS RTOS Condition cause : null
2024-02-02 23:07:14,927 [WARN] PackLoader:240 - Cannot read IP mode file for STMicroelectronics.X-CUBE-AZRTOS-WB.2.0.0
2024-02-02 23:07:14,928 [WARN] ConditionMgr:1039 - genDependencies : Invalid condition id : UX DEVICE CLASS RTOS Condition cause : null
2024-02-02 23:07:14,928 [WARN] ConditionMgr:1039 - genDependencies : Invalid condition id : UX DEVICE CLASS RTOS Condition cause : null
2024-02-02 23:07:14,928 [WARN] ConditionMgr:1039 - genDependencies : Invalid condition id : UX DEVICE CLASS RTOS Condition cause : null
2024-02-02 23:07:14,928 [WARN] ConditionMgr:1039 - genDependencies : Invalid condition id : UX DEVICE CLASS RTOS Condition cause : null
2024-02-02 23:07:14,928 [WARN] ConditionMgr:1039 - genDependencies : Invalid condition id : UX DEVICE CLASS RTOS Condition cause : null
2024-02-02 23:07:14,948 [WARN] PackLoader:240 - Cannot read IP mode file for STMicroelectronics.X-CUBE-FREERTOS.1.0.1
2024-02-02 23:07:15,022 [WARN] PackLoader:240 - Cannot read IP mode file for STMicroelectronics.X-CUBE-AZRTOS-L5.1.1.0
2024-02-02 23:07:15,044 [WARN] PackLoader:240 - Cannot read IP mode file for STMicroelectronics.X-CUBE-AI.8.0.1
2024-02-02 23:07:15,070 [WARN] PackLoader:240 - Cannot read IP mode file for STMicroelectronics.X-CUBE-SUBG2.5.0.0
2024-02-02 23:07:15,101 [WARN] PackLoader:240 - Cannot read IP mode file for STMicroelectronics.X-CUBE-TOF1.3.3.1
2024-02-02 23:07:15,154 [WARN] PackLoader:240 - Cannot read IP mode file for STMicroelectronics.X-CUBE-AZRTOS-G4.2.0.0
2024-02-02 23:07:15,171 [WARN] PackLoader:240 - Cannot read IP mode file for STMicroelectronics.FP-ATR-ASTRA1.1.1.1
2024-02-02 23:07:15,203 [WARN] PackLoader:240 - Cannot read IP mode file for Infineon.AIROC-Wi-Fi-Bluetooth-STM32.1.5.1
2024-02-02 23:07:15,225 [WARN] PackLoader:240 - Cannot read IP mode file for STMicroelectronics.FP-SNS-MOTENVWB1.1.3.0
2024-02-02 23:07:15,253 [WARN] PackLoader:240 - Cannot read IP mode file for STMicroelectronics.FP-SNS-MOTENVWB1.1.3.1
2024-02-02 23:07:15,273 [WARN] PackLoader:240 - Cannot read IP mode file for STMicroelectronics.X-CUBE-ISPU.2.0.0
2024-02-02 23:07:15,349 [WARN] PackLoader:240 - Cannot read IP mode file for STMicroelectronics.X-CUBE-MEMS1.10.0.0
2024-02-02 23:07:15,543 [WARN] PackLoader:240 - Cannot read IP mode file for STMicroelectronics.X-CUBE-FREERTOS.1.1.0
2024-02-02 23:07:15,578 [WARN] PackLoader:240 - Cannot read IP mode file for portGmbH.I-Cube-SoM-uGOAL.1.1.0
2024-02-02 23:07:15,599 [WARN] PackLoader:240 - Cannot read IP mode file for STMicroelectronics.X-CUBE-ALS.1.0.1
2024-02-02 23:07:15,636 [WARN] PackLoader:240 - Cannot read IP mode file for STMicroelectronics.X-CUBE-AZRTOS-WB.1.1.0
2024-02-02 23:07:15,658 [WARN] PackLoader:240 - Cannot read IP mode file for STMicroelectronics.FP-ATR-ASTRA1.2.0.0
2024-02-02 23:07:15,723 [WARN] PackLoader:240 - Cannot read IP mode file for STMicroelectronics.X-CUBE-TOF1.3.4.0
2024-02-02 23:07:15,791 [WARN] PackLoader:240 - Cannot read IP mode file for STMicroelectronics.X-CUBE-AZRTOS-H7.3.2.0
2024-02-02 23:07:15,795 [INFO] ThirdParty:978 - Integrity check success = true
2024-02-02 23:07:15,796 [INFO] IntegrityCheckThread:100 - exiting critical section [integrity check]
2024-02-02 23:07:15,796 [INFO] IntegrityCheckThread:103 - End integrity checks thread
2024-02-02 23:07:29,598 [ERROR] LogOutputStream:75 - [STDERR_REDIRECT] SLF4J: Failed to load class "org.slf4j.impl.StaticLoggerBinder".
2024-02-02 23:07:29,598 [ERROR] LogOutputStream:75 - [STDERR_REDIRECT] SLF4J: Defaulting to no-operation (NOP) logger implementation
2024-02-02 23:07:29,600 [ERROR] LogOutputStream:75 - [STDERR_REDIRECT] SLF4J: See http://www.slf4j.org/codes.html#StaticLoggerBinder for further details.
2024-02-02 23:12:59,465 [INFO] McuFinderGlobals:63 - Set McuFinder mode to 2 (CubeIDE integrated)
2024-02-02 23:12:59,490 [INFO] MainUpdater:2868 - connection check result : 10
2024-02-02 23:12:59,514 [INFO] McuFinderGlobals:76 - Set McuFinderConnectedMode to true
2024-02-02 23:13:00,011 [INFO] ServerAccessManage:473 - Download File mcusAds.json._tmp_
2024-02-02 23:13:00,136 [INFO] LoadUrlFilesThread:156 - End of LoadUrlFiles Thread
2024-02-02 23:13:00,468 [INFO] ServerAccessManage:473 - Download File cube-finder-db.zip
2024-02-02 23:13:04,094 [INFO] FileExtend:240 - Unzip File : cube-finder-db.zip
2024-02-02 23:13:04,095 [INFO] FileExtend:255 - Standard Zip Deflate
2024-02-02 23:13:05,151 [INFO] LoadUrlFilesThread:156 - End of LoadUrlFiles Thread
2024-02-02 23:13:08,248 [INFO] ServerAccessManage:473 - Download File crdb.zip
2024-02-02 23:13:09,759 [INFO] FileExtend:240 - Unzip File : crdb.zip
2024-02-02 23:13:09,759 [INFO] FileExtend:255 - Standard Zip Deflate
2024-02-02 23:13:09,912 [INFO] LoadUrlFilesThread:156 - End of LoadUrlFiles Thread
2024-02-02 23:13:10,093 [INFO] ServerAccessManage:473 - Download File tutoVideoDB.zip
2024-02-02 23:13:10,168 [INFO] FileExtend:240 - Unzip File : tutoVideoDB.zip
2024-02-02 23:13:10,169 [INFO] FileExtend:255 - Standard Zip Deflate
2024-02-02 23:13:10,289 [INFO] LoadUrlFilesThread:156 - End of LoadUrlFiles Thread
2024-02-02 23:13:10,292 [WARN] DbFile:41 - Overriding database path with different value: C:\Users\admin\.stmcufinder\plugins\mcufinder/ => C:\Users\admin\.stmcufinder\plugins\mcufinder
2024-02-02 23:13:10,494 [INFO] ServerAccessManage:473 - Download File api_config.json
2024-02-02 23:13:10,604 [INFO] LoadUrlFilesThread:156 - End of LoadUrlFiles Thread
2024-02-02 23:13:10,605 [INFO] DbMcusAds:53 - JSON generation date=Wed Nov 29 17:52:27 ICT 2023 (1701255147200)
2024-02-02 23:13:10,627 [INFO] LoadUrlFilesThread:185 - End of LoadServerUrlFiles without Thread
2024-02-02 23:13:10,629 [INFO] TargetSelectorAdapter:259 - Refresh data is successful
2024-02-02 23:13:10,804 [INFO] ApiDb:581 - Connected to CubeFinder SQLite database (C:\Users\admin\.stmcufinder\plugins\mcufinder\mcu\cube-finder-db.db)
2024-02-02 23:13:10,909 [INFO] ApiDb:668 - CubeFinder database Data Model version=2.1
2024-02-02 23:13:10,909 [INFO] ApiDb:669 - CubeFinder database Configuration version=3.0.39
2024-02-02 23:13:10,909 [INFO] ApiDb:670 - CubeFinder database generation date=2024-01-11 (1704964531)
2024-02-02 23:13:10,909 [INFO] ApiDb:671 - CubeFinder database FW Pack versions=[FP-ATR-ASTRA1_V2.0.0, FP-SNS-FLIGHT1_V5.0.1, FP-SNS-FLIGHT1_V5.0.2, FP-SNS-MOTENV1_V4.3.1, FP-SNS-MOTENV1_V4.3.2, FP-SNS-MOTENVWB1_V1.3.1, FP-SNS-SMARTAG2_V1.2.0, STM32Cube_FW_C0_V1.1.0, STM32Cube_FW_F4_V1.28.0, STM32Cube_FW_F7_V1.17.0, STM32Cube_FW_G0_V1.6.2, STM32Cube_FW_G4_V1.5.2, STM32Cube_FW_H5_V0.5.1, STM32Cube_FW_H5_V1.1.1, STM32Cube_FW_H5_V1.2.0RC2, STM32Cube_FW_H7_V1.11.0, STM32Cube_FW_L0_V1.12.2, STM32Cube_FW_L5_V1.5.0, STM32Cube_FW_U5_V1.3.0RC4, STM32Cube_FW_U5_V1.4.0, STM32Cube_FW_WBA_V1.0.0RC1, STM32Cube_FW_WBA_V1.1.0RC1, STM32Cube_FW_WBA_V1.2.0, STM32Cube_FW_WBA_V1.2.0RC2, STM32Cube_FW_WB_V1.15.0RC1, STM32Cube_FW_WB_V1.16.0, STM32Cube_FW_WB_V1.16.0RC2, STM32Cube_FW_WB_V1.18.0, STM32Cube_FW_WL_V1.3.0, X-CUBE-ALGOBUILD_V1.3.0, X-CUBE-ALS_V1.0.1, X-CUBE-AZRTOS-F4_V1.1.0, X-CUBE-AZRTOS-F7_V1.1.0, X-CUBE-AZRTOS-G0_V1.1.0, X-CUBE-AZRTOS-G4_V2.0.0, X-CUBE-AZRTOS-H7_V3.2.0, X-CUBE-AZRTOS-L4_V1.0.0, X-CUBE-AZRTOS-L4_V2.0.0, X-CUBE-AZRTOS-L5_V1.1.0, X-CUBE-AZRTOS-WB_V2.0.0, X-CUBE-AZRTOS-WL_V2.0.0, X-CUBE-BLE1_V7.0.0, X-CUBE-BLE2_V3.3.0, X-CUBE-BLEMGR_V3.0.0, X-CUBE-EEPRMA1_V4.1.0, X-CUBE-EEPRMA1_V4.2.0, X-CUBE-FREERTOS_V1.1.0, X-CUBE-GNSS1_V6.0.0, X-CUBE-MEMS1_V10.0.0, X-CUBE-MEMS1_V9.1.0, X-CUBE-MEMS1_V9.4.0, X-CUBE-MEMS1_V9.6.0, X-CUBE-NFC4_V3.0.0, X-CUBE-NFC7_V1.0.1, X-CUBE-SFXS2LP1_V4.0.0, X-CUBE-SUBG2_V5.0.0, X-CUBE-TOF1_V3.4.0]
2024-02-02 23:13:13,783 [INFO] ApiDb:240 - Found 323 in-development CPN: [B-G473E-ZEST1S, B-WB1M-WPAN1, B-WL5M-SUBG1, NUCLEO-C031C6, NUCLEO-H503RB, NUCLEO-H563ZI, NUCLEO-U545RE-Q, NUCLEO-U5A5ZJ-Q, NUCLEO-WBA52CG, STEVAL-PROTEUS1, STEVAL-SMARTAG2, STEVAL-STWINBX1, STM320518-EVAL, STM32C0116-DK, STM32C011D6Y3TR, STM32C011D6Y6TR, STM32C011F4P3, STM32C011F4P6, STM32C011F4U3, STM32C011F4U6TR, STM32C011F6P3, STM32C011F6P6, STM32C011F6U3, STM32C011F6U6TR, STM32C011J4M3, STM32C011J4M6, STM32C011J6M3, STM32C011J6M6, STM32C0316-DK, STM32C031C4T3, STM32C031C4T6, STM32C031C4U3, STM32C031C4U6, STM32C031C6T3, STM32C031C6T6, STM32C031C6U3, STM32C031C6U6, STM32C031F4P3, STM32C031F4P6, STM32C031F6P3, STM32C031F6P6, STM32C031G4U3, STM32C031G4U6, STM32C031G6U3, STM32C031G6U6, STM32C031K4T3, STM32C031K4T6, STM32C031K4U3, STM32C031K4U6, STM32C031K6T3, STM32C031K6T6, STM32C031K6U3, STM32C031K6U6, STM32G071K8TXN, STM32G071K8UXN, STM32G081GBU6N, STM32G081KBT6N, STM32G081KBUXN, STM32G0B1CCT6N, STM32G0B1KCT6, STM32G0B1NEY6TR, STM32G0B1RCT6N, STM32G0C1CCT6, STM32G0C1CCT6N, STM32G0C1CCU6N, STM32G0C1CET6N, STM32G0C1CEU6N, STM32G0C1KCT6, STM32G0C1NEY6TR, STM32G0C1RCI6N, STM32G0C1RCT6N, STM32G0C1REI6N, STM32G0C1RET6N, STM32G0C1VCI6, STM32G0C1VEI6, STM32G471CCT6, STM32G471CCU6, STM32G471CET3, STM32G471CET6, STM32G471CEU3, STM32G471CEU6, STM32G471MCT6, STM32G471MET3, STM32G471MET6, STM32G471MEY6TR, STM32G471QCT6, STM32G471QET3, STM32G471RCT6, STM32G471RET3, STM32G471RET6, STM32G471VCH6, STM32G471VCI6, STM32G471VCT6, STM32G471VEH3, STM32G471VEH6, STM32G471VEI3, STM32G471VEI6, STM32G471VET3, STM32G471VET6, STM32G474CCT6, STM32H503CBT6, STM32H503CBU6, STM32H503EBY6TR, STM32H503KBU6, STM32H503RBT6, STM32H562AGI6, STM32H562AII6, STM32H562IGK6, STM32H562IGT6, STM32H562IIK6, STM32H562IIT6, STM32H562RGT6, STM32H562RGV6, STM32H562RIT6, STM32H562RIV6, STM32H562VGT6, STM32H562VIT6, STM32H562ZGT6, STM32H562ZIT6, STM32H563AGI6, STM32H563AII3Q, STM32H563AII6, STM32H563IGK6, STM32H563IGT6, STM32H563IIK3Q, STM32H563IIK6, STM32H563IIT3Q, STM32H563IIT6, STM32H563MIY3QTR, STM32H563RGT6, STM32H563RGV6, STM32H563RIT6, STM32H563RIV6, STM32H563VGT6, STM32H563VIT3Q, STM32H563VIT6, STM32H563ZGT6, STM32H563ZIT3Q, STM32H563ZIT6, STM32H573AII3Q, STM32H573AII6, STM32H573I-DK, STM32H573IIK3Q, STM32H573IIK6, STM32H573IIT3Q, STM32H573IIT6, STM32H573MIY3QTR, STM32H573RIT6, STM32H573RIV6, STM32H573VIT3Q, STM32H573VIT6, STM32H573ZIT3Q, STM32H573ZIT6, STM32L4R5QGI6STR, STM32MP131AAE3, STM32MP131AAF3, STM32MP131AAG3, STM32MP131CAE3, STM32MP131CAF3, STM32MP131CAG3, STM32MP131DAE7, STM32MP131DAF7, STM32MP131DAG7, STM32MP131FAE7, STM32MP131FAF7, STM32MP131FAG7, STM32MP133AAE3, STM32MP133AAF3, STM32MP133AAG3, STM32MP133CAE3, STM32MP133CAF3, STM32MP133CAG3, STM32MP133DAE7, STM32MP133DAF7, STM32MP133DAG7, STM32MP133FAE7, STM32MP133FAF7, STM32MP133FAG7, STM32MP135AAE3, STM32MP135AAF3, STM32MP135AAG3, STM32MP135CAE3, STM32MP135CAF3, STM32MP135CAG3, STM32MP135DAE7, STM32MP135DAF7, STM32MP135DAG7, STM32MP135F-DK, STM32MP135FAE7, STM32MP135FAF7, STM32MP135FAF7T, STM32MP135FAF7U, STM32MP135FAG7, STM32U535CBT6, STM32U535CBT6Q, STM32U535CBU6, STM32U535CBU6Q, STM32U535CCT6, STM32U535CCT6Q, STM32U535CCU6, STM32U535CCU6Q, STM32U535CET6, STM32U535CET6Q, STM32U535CEU6, STM32U535CEU6Q, STM32U535JEY6QTR, STM32U535NCY6QTR, STM32U535NEY6QTR, STM32U535RBI6, STM32U535RBI6Q, STM32U535RBT6, STM32U535RBT6Q, STM32U535RCI6, STM32U535RCI6Q, STM32U535RCT6, STM32U535RCT6Q, STM32U535REI6, STM32U535REI6Q, STM32U535RET6, STM32U535RET6Q, STM32U535VCI6, STM32U535VCI6Q, STM32U535VCT6, STM32U535VCT6Q, STM32U535VEI6, STM32U535VEI6Q, STM32U535VET6, STM32U535VET6Q, STM32U545CET6, STM32U545CET6Q, STM32U545CEU6, STM32U545CEU6Q, STM32U545JEY6QTR, STM32U545NEY6QTR, STM32U545REI6, STM32U545REI6Q, STM32U545RET6, STM32U545RET6Q, STM32U545VEI6, STM32U545VEI6Q, STM32U545VET6, STM32U545VET6Q, STM32U595AIH6, STM32U595AIH6Q, STM32U595AJH6, STM32U595AJH6Q, STM32U595QII6, STM32U595QII6Q, STM32U595QJI6, STM32U595QJI6Q, STM32U595RIT6, STM32U595RIT6Q, STM32U595RJT6, STM32U595RJT6Q, STM32U595VIT6, STM32U595VIT6Q, STM32U595VJT6, STM32U595VJT6Q, STM32U595ZIT6, STM32U595ZIT6Q, STM32U595ZIY6QTR, STM32U595ZJT6, STM32U595ZJT6Q, STM32U595ZJY6QTR, STM32U599BJY6QTR, STM32U599NIH6Q, STM32U599NJH6Q, STM32U599VIT6Q, STM32U599VJT6, STM32U599VJT6Q, STM32U599ZIT6Q, STM32U599ZIY6QTR, STM32U599ZJT6Q, STM32U599ZJY6QTR, STM32U5A5AJH6, STM32U5A5AJH6Q, STM32U5A5QJI6, STM32U5A5QJI6Q, STM32U5A5RJT6, STM32U5A5RJT6Q, STM32U5A5VJT6, STM32U5A5VJT6Q, STM32U5A5ZJT6, STM32U5A5ZJT6Q, STM32U5A5ZJY6QTR, STM32U5A9BJY6QTR, STM32U5A9J-DK, STM32U5A9NJH6Q, STM32U5A9VJT6Q, STM32U5A9ZJT6Q, STM32U5A9ZJY6QTR, STM32U5F7VIT6, STM32U5F7VIT6Q, STM32U5F7VJT6, STM32U5F7VJT6Q, STM32U5F9BJY6QTR, STM32U5F9NJH6Q, STM32U5F9VIT6Q, STM32U5F9VJT6Q, STM32U5F9ZIJ6QTR, STM32U5F9ZIT6Q, STM32U5F9ZJJ6QTR, STM32U5F9ZJT6Q, STM32U5G7VJT6, STM32U5G7VJT6Q, STM32U5G9BJY6QTR, STM32U5G9J-DK1, STM32U5G9J-DK2, STM32U5G9NJH6Q, STM32U5G9VJT6Q, STM32U5G9ZJJ6QTR, STM32U5G9ZJT6Q, STM32WB1MMCH6, STM32WBA52CEU6, STM32WBA52CEU6T, STM32WBA52CGU6, STM32WBA52CGU6T, STM32WBA52KEU6, STM32WBA52KEU6T, STM32WBA52KGU6, STM32WBA52KGU6T, STM32WL5MOCH6, STM32WL5MOCH6TR]
2024-02-02 23:13:13,788 [INFO] DbMcus:217 - Found 3882 MCUs, 3882 are supported
2024-02-02 23:13:13,789 [INFO] ApiDb:423 - Load user favorites file C:\Users\admin/.stm32cubeide/favorites.mcus.txt: 0 item(s)
2024-02-02 23:13:13,790 [INFO] ApiDb:427 - User favorites MCUs=[]
2024-02-02 23:13:13,790 [INFO] DbMcus:223 - Set 0 / 0 favorites MCUs
2024-02-02 23:13:14,239 [INFO] ApiDb:668 - CubeFinder database Data Model version=2.1
2024-02-02 23:13:14,239 [INFO] ApiDb:669 - CubeFinder database Configuration version=3.0.39
2024-02-02 23:13:14,239 [INFO] ApiDb:670 - CubeFinder database generation date=2024-01-11 (1704964531)
2024-02-02 23:13:14,239 [INFO] ApiDb:671 - CubeFinder database FW Pack versions=[FP-ATR-ASTRA1_V2.0.0, FP-SNS-FLIGHT1_V5.0.1, FP-SNS-FLIGHT1_V5.0.2, FP-SNS-MOTENV1_V4.3.1, FP-SNS-MOTENV1_V4.3.2, FP-SNS-MOTENVWB1_V1.3.1, FP-SNS-SMARTAG2_V1.2.0, STM32Cube_FW_C0_V1.1.0, STM32Cube_FW_F4_V1.28.0, STM32Cube_FW_F7_V1.17.0, STM32Cube_FW_G0_V1.6.2, STM32Cube_FW_G4_V1.5.2, STM32Cube_FW_H5_V0.5.1, STM32Cube_FW_H5_V1.1.1, STM32Cube_FW_H5_V1.2.0RC2, STM32Cube_FW_H7_V1.11.0, STM32Cube_FW_L0_V1.12.2, STM32Cube_FW_L5_V1.5.0, STM32Cube_FW_U5_V1.3.0RC4, STM32Cube_FW_U5_V1.4.0, STM32Cube_FW_WBA_V1.0.0RC1, STM32Cube_FW_WBA_V1.1.0RC1, STM32Cube_FW_WBA_V1.2.0, STM32Cube_FW_WBA_V1.2.0RC2, STM32Cube_FW_WB_V1.15.0RC1, STM32Cube_FW_WB_V1.16.0, STM32Cube_FW_WB_V1.16.0RC2, STM32Cube_FW_WB_V1.18.0, STM32Cube_FW_WL_V1.3.0, X-CUBE-ALGOBUILD_V1.3.0, X-CUBE-ALS_V1.0.1, X-CUBE-AZRTOS-F4_V1.1.0, X-CUBE-AZRTOS-F7_V1.1.0, X-CUBE-AZRTOS-G0_V1.1.0, X-CUBE-AZRTOS-G4_V2.0.0, X-CUBE-AZRTOS-H7_V3.2.0, X-CUBE-AZRTOS-L4_V1.0.0, X-CUBE-AZRTOS-L4_V2.0.0, X-CUBE-AZRTOS-L5_V1.1.0, X-CUBE-AZRTOS-WB_V2.0.0, X-CUBE-AZRTOS-WL_V2.0.0, X-CUBE-BLE1_V7.0.0, X-CUBE-BLE2_V3.3.0, X-CUBE-BLEMGR_V3.0.0, X-CUBE-EEPRMA1_V4.1.0, X-CUBE-EEPRMA1_V4.2.0, X-CUBE-FREERTOS_V1.1.0, X-CUBE-GNSS1_V6.0.0, X-CUBE-MEMS1_V10.0.0, X-CUBE-MEMS1_V9.1.0, X-CUBE-MEMS1_V9.4.0, X-CUBE-MEMS1_V9.6.0, X-CUBE-NFC4_V3.0.0, X-CUBE-NFC7_V1.0.1, X-CUBE-SFXS2LP1_V4.0.0, X-CUBE-SUBG2_V5.0.0, X-CUBE-TOF1_V3.4.0]
2024-02-02 23:13:14,327 [INFO] DbBoardsSqlite:226 - include board P-NUCLEO-WB55-NUCLEO as a kit item of type 'Nucleo-64'
2024-02-02 23:13:14,327 [INFO] DbBoardsSqlite:226 - include board P-NUCLEO-WB55-USBDONGLE as a kit item of type 'Nucleo USB Dongle'
2024-02-02 23:13:14,328 [INFO] DbBoardsSqlite:226 - include board STEVAL-IDP005V1 as a kit item of type 'Evaluation Board'
2024-02-02 23:13:14,328 [INFO] DbBoardsSqlite:226 - include board STEVAL-IDP005V2 as a kit item of type 'Evaluation Board'
2024-02-02 23:13:14,394 [INFO] ApiDb:240 - Found 323 in-development CPN: [B-G473E-ZEST1S, B-WB1M-WPAN1, B-WL5M-SUBG1, NUCLEO-C031C6, NUCLEO-H503RB, NUCLEO-H563ZI, NUCLEO-U545RE-Q, NUCLEO-U5A5ZJ-Q, NUCLEO-WBA52CG, STEVAL-PROTEUS1, STEVAL-SMARTAG2, STEVAL-STWINBX1, STM320518-EVAL, STM32C0116-DK, STM32C011D6Y3TR, STM32C011D6Y6TR, STM32C011F4P3, STM32C011F4P6, STM32C011F4U3, STM32C011F4U6TR, STM32C011F6P3, STM32C011F6P6, STM32C011F6U3, STM32C011F6U6TR, STM32C011J4M3, STM32C011J4M6, STM32C011J6M3, STM32C011J6M6, STM32C0316-DK, STM32C031C4T3, STM32C031C4T6, STM32C031C4U3, STM32C031C4U6, STM32C031C6T3, STM32C031C6T6, STM32C031C6U3, STM32C031C6U6, STM32C031F4P3, STM32C031F4P6, STM32C031F6P3, STM32C031F6P6, STM32C031G4U3, STM32C031G4U6, STM32C031G6U3, STM32C031G6U6, STM32C031K4T3, STM32C031K4T6, STM32C031K4U3, STM32C031K4U6, STM32C031K6T3, STM32C031K6T6, STM32C031K6U3, STM32C031K6U6, STM32G071K8TXN, STM32G071K8UXN, STM32G081GBU6N, STM32G081KBT6N, STM32G081KBUXN, STM32G0B1CCT6N, STM32G0B1KCT6, STM32G0B1NEY6TR, STM32G0B1RCT6N, STM32G0C1CCT6, STM32G0C1CCT6N, STM32G0C1CCU6N, STM32G0C1CET6N, STM32G0C1CEU6N, STM32G0C1KCT6, STM32G0C1NEY6TR, STM32G0C1RCI6N, STM32G0C1RCT6N, STM32G0C1REI6N, STM32G0C1RET6N, STM32G0C1VCI6, STM32G0C1VEI6, STM32G471CCT6, STM32G471CCU6, STM32G471CET3, STM32G471CET6, STM32G471CEU3, STM32G471CEU6, STM32G471MCT6, STM32G471MET3, STM32G471MET6, STM32G471MEY6TR, STM32G471QCT6, STM32G471QET3, STM32G471RCT6, STM32G471RET3, STM32G471RET6, STM32G471VCH6, STM32G471VCI6, STM32G471VCT6, STM32G471VEH3, STM32G471VEH6, STM32G471VEI3, STM32G471VEI6, STM32G471VET3, STM32G471VET6, STM32G474CCT6, STM32H503CBT6, STM32H503CBU6, STM32H503EBY6TR, STM32H503KBU6, STM32H503RBT6, STM32H562AGI6, STM32H562AII6, STM32H562IGK6, STM32H562IGT6, STM32H562IIK6, STM32H562IIT6, STM32H562RGT6, STM32H562RGV6, STM32H562RIT6, STM32H562RIV6, STM32H562VGT6, STM32H562VIT6, STM32H562ZGT6, STM32H562ZIT6, STM32H563AGI6, STM32H563AII3Q, STM32H563AII6, STM32H563IGK6, STM32H563IGT6, STM32H563IIK3Q, STM32H563IIK6, STM32H563IIT3Q, STM32H563IIT6, STM32H563MIY3QTR, STM32H563RGT6, STM32H563RGV6, STM32H563RIT6, STM32H563RIV6, STM32H563VGT6, STM32H563VIT3Q, STM32H563VIT6, STM32H563ZGT6, STM32H563ZIT3Q, STM32H563ZIT6, STM32H573AII3Q, STM32H573AII6, STM32H573I-DK, STM32H573IIK3Q, STM32H573IIK6, STM32H573IIT3Q, STM32H573IIT6, STM32H573MIY3QTR, STM32H573RIT6, STM32H573RIV6, STM32H573VIT3Q, STM32H573VIT6, STM32H573ZIT3Q, STM32H573ZIT6, STM32L4R5QGI6STR, STM32MP131AAE3, STM32MP131AAF3, STM32MP131AAG3, STM32MP131CAE3, STM32MP131CAF3, STM32MP131CAG3, STM32MP131DAE7, STM32MP131DAF7, STM32MP131DAG7, STM32MP131FAE7, STM32MP131FAF7, STM32MP131FAG7, STM32MP133AAE3, STM32MP133AAF3, STM32MP133AAG3, STM32MP133CAE3, STM32MP133CAF3, STM32MP133CAG3, STM32MP133DAE7, STM32MP133DAF7, STM32MP133DAG7, STM32MP133FAE7, STM32MP133FAF7, STM32MP133FAG7, STM32MP135AAE3, STM32MP135AAF3, STM32MP135AAG3, STM32MP135CAE3, STM32MP135CAF3, STM32MP135CAG3, STM32MP135DAE7, STM32MP135DAF7, STM32MP135DAG7, STM32MP135F-DK, STM32MP135FAE7, STM32MP135FAF7, STM32MP135FAF7T, STM32MP135FAF7U, STM32MP135FAG7, STM32U535CBT6, STM32U535CBT6Q, STM32U535CBU6, STM32U535CBU6Q, STM32U535CCT6, STM32U535CCT6Q, STM32U535CCU6, STM32U535CCU6Q, STM32U535CET6, STM32U535CET6Q, STM32U535CEU6, STM32U535CEU6Q, STM32U535JEY6QTR, STM32U535NCY6QTR, STM32U535NEY6QTR, STM32U535RBI6, STM32U535RBI6Q, STM32U535RBT6, STM32U535RBT6Q, STM32U535RCI6, STM32U535RCI6Q, STM32U535RCT6, STM32U535RCT6Q, STM32U535REI6, STM32U535REI6Q, STM32U535RET6, STM32U535RET6Q, STM32U535VCI6, STM32U535VCI6Q, STM32U535VCT6, STM32U535VCT6Q, STM32U535VEI6, STM32U535VEI6Q, STM32U535VET6, STM32U535VET6Q, STM32U545CET6, STM32U545CET6Q, STM32U545CEU6, STM32U545CEU6Q, STM32U545JEY6QTR, STM32U545NEY6QTR, STM32U545REI6, STM32U545REI6Q, STM32U545RET6, STM32U545RET6Q, STM32U545VEI6, STM32U545VEI6Q, STM32U545VET6, STM32U545VET6Q, STM32U595AIH6, STM32U595AIH6Q, STM32U595AJH6, STM32U595AJH6Q, STM32U595QII6, STM32U595QII6Q, STM32U595QJI6, STM32U595QJI6Q, STM32U595RIT6, STM32U595RIT6Q, STM32U595RJT6, STM32U595RJT6Q, STM32U595VIT6, STM32U595VIT6Q, STM32U595VJT6, STM32U595VJT6Q, STM32U595ZIT6, STM32U595ZIT6Q, STM32U595ZIY6QTR, STM32U595ZJT6, STM32U595ZJT6Q, STM32U595ZJY6QTR, STM32U599BJY6QTR, STM32U599NIH6Q, STM32U599NJH6Q, STM32U599VIT6Q, STM32U599VJT6, STM32U599VJT6Q, STM32U599ZIT6Q, STM32U599ZIY6QTR, STM32U599ZJT6Q, STM32U599ZJY6QTR, STM32U5A5AJH6, STM32U5A5AJH6Q, STM32U5A5QJI6, STM32U5A5QJI6Q, STM32U5A5RJT6, STM32U5A5RJT6Q, STM32U5A5VJT6, STM32U5A5VJT6Q, STM32U5A5ZJT6, STM32U5A5ZJT6Q, STM32U5A5ZJY6QTR, STM32U5A9BJY6QTR, STM32U5A9J-DK, STM32U5A9NJH6Q, STM32U5A9VJT6Q, STM32U5A9ZJT6Q, STM32U5A9ZJY6QTR, STM32U5F7VIT6, STM32U5F7VIT6Q, STM32U5F7VJT6, STM32U5F7VJT6Q, STM32U5F9BJY6QTR, STM32U5F9NJH6Q, STM32U5F9VIT6Q, STM32U5F9VJT6Q, STM32U5F9ZIJ6QTR, STM32U5F9ZIT6Q, STM32U5F9ZJJ6QTR, STM32U5F9ZJT6Q, STM32U5G7VJT6, STM32U5G7VJT6Q, STM32U5G9BJY6QTR, STM32U5G9J-DK1, STM32U5G9J-DK2, STM32U5G9NJH6Q, STM32U5G9VJT6Q, STM32U5G9ZJJ6QTR, STM32U5G9ZJT6Q, STM32WB1MMCH6, STM32WBA52CEU6, STM32WBA52CEU6T, STM32WBA52CGU6, STM32WBA52CGU6T, STM32WBA52KEU6, STM32WBA52KEU6T, STM32WBA52KGU6, STM32WBA52KGU6T, STM32WL5MOCH6, STM32WL5MOCH6TR]
2024-02-02 23:13:14,614 [INFO] BoardInfo:880 - No configuration file found for board P-NUCLEO-WB55
2024-02-02 23:13:14,614 [INFO] DbBoards:157 - Kit is not supported: P-NUCLEO-WB55
2024-02-02 23:13:14,625 [INFO] BoardInfo:880 - No configuration file found for board STEVAL-BFA001V1B
2024-02-02 23:13:14,625 [INFO] DbBoards:157 - Kit is not supported: STEVAL-BFA001V1B
2024-02-02 23:13:14,627 [INFO] BoardInfo:880 - No configuration file found for board STEVAL-BFA001V2B
2024-02-02 23:13:14,627 [INFO] DbBoards:157 - Kit is not supported: STEVAL-BFA001V2B
2024-02-02 23:13:14,634 [INFO] BoardInfo:880 - No configuration file found for board STEVAL-MKBOXPRO
2024-02-02 23:13:14,634 [INFO] DbBoards:157 - Board is not supported: STEVAL-MKBOXPRO
2024-02-02 23:13:14,895 [INFO] DbBoards:161 - Found 191 boards, 187 are supported
2024-02-02 23:13:14,897 [INFO] ApiDb:423 - Load user favorites file C:\Users\admin/.stm32cubeide/favorites.boards.txt: 0 item(s)
2024-02-02 23:13:14,898 [INFO] ApiDb:427 - User favorites Boards=[]
2024-02-02 23:13:14,898 [INFO] DbBoards:190 - Set 0 / 0 favorites Boards
2024-02-02 23:13:14,900 [INFO] ApiDb:668 - CubeFinder database Data Model version=2.1
2024-02-02 23:13:14,901 [INFO] ApiDb:669 - CubeFinder database Configuration version=3.0.39
2024-02-02 23:13:14,901 [INFO] ApiDb:670 - CubeFinder database generation date=2024-01-11 (1704964531)
2024-02-02 23:13:14,901 [INFO] ApiDb:671 - CubeFinder database FW Pack versions=[FP-ATR-ASTRA1_V2.0.0, FP-SNS-FLIGHT1_V5.0.1, FP-SNS-FLIGHT1_V5.0.2, FP-SNS-MOTENV1_V4.3.1, FP-SNS-MOTENV1_V4.3.2, FP-SNS-MOTENVWB1_V1.3.1, FP-SNS-SMARTAG2_V1.2.0, STM32Cube_FW_C0_V1.1.0, STM32Cube_FW_F4_V1.28.0, STM32Cube_FW_F7_V1.17.0, STM32Cube_FW_G0_V1.6.2, STM32Cube_FW_G4_V1.5.2, STM32Cube_FW_H5_V0.5.1, STM32Cube_FW_H5_V1.1.1, STM32Cube_FW_H5_V1.2.0RC2, STM32Cube_FW_H7_V1.11.0, STM32Cube_FW_L0_V1.12.2, STM32Cube_FW_L5_V1.5.0, STM32Cube_FW_U5_V1.3.0RC4, STM32Cube_FW_U5_V1.4.0, STM32Cube_FW_WBA_V1.0.0RC1, STM32Cube_FW_WBA_V1.1.0RC1, STM32Cube_FW_WBA_V1.2.0, STM32Cube_FW_WBA_V1.2.0RC2, STM32Cube_FW_WB_V1.15.0RC1, STM32Cube_FW_WB_V1.16.0, STM32Cube_FW_WB_V1.16.0RC2, STM32Cube_FW_WB_V1.18.0, STM32Cube_FW_WL_V1.3.0, X-CUBE-ALGOBUILD_V1.3.0, X-CUBE-ALS_V1.0.1, X-CUBE-AZRTOS-F4_V1.1.0, X-CUBE-AZRTOS-F7_V1.1.0, X-CUBE-AZRTOS-G0_V1.1.0, X-CUBE-AZRTOS-G4_V2.0.0, X-CUBE-AZRTOS-H7_V3.2.0, X-CUBE-AZRTOS-L4_V1.0.0, X-CUBE-AZRTOS-L4_V2.0.0, X-CUBE-AZRTOS-L5_V1.1.0, X-CUBE-AZRTOS-WB_V2.0.0, X-CUBE-AZRTOS-WL_V2.0.0, X-CUBE-BLE1_V7.0.0, X-CUBE-BLE2_V3.3.0, X-CUBE-BLEMGR_V3.0.0, X-CUBE-EEPRMA1_V4.1.0, X-CUBE-EEPRMA1_V4.2.0, X-CUBE-FREERTOS_V1.1.0, X-CUBE-GNSS1_V6.0.0, X-CUBE-MEMS1_V10.0.0, X-CUBE-MEMS1_V9.1.0, X-CUBE-MEMS1_V9.4.0, X-CUBE-MEMS1_V9.6.0, X-CUBE-NFC4_V3.0.0, X-CUBE-NFC7_V1.0.1, X-CUBE-SFXS2LP1_V4.0.0, X-CUBE-SUBG2_V5.0.0, X-CUBE-TOF1_V3.4.0]
2024-02-02 23:13:15,915 [ERROR] DbExamplesSqlite:437 - Missing JSON key: board_cpn
2024-02-02 23:13:15,915 [ERROR] DbExamplesSqlite:437 - Missing JSON key: board_cpn
2024-02-02 23:13:15,915 [ERROR] DbExamplesSqlite:437 - Missing JSON key: board_cpn
2024-02-02 23:13:15,915 [ERROR] DbExamplesSqlite:437 - Missing JSON key: board_cpn
2024-02-02 23:13:15,960 [INFO] DbExamplesSqlite:395 - Ignored 55 examples not supported by CubeIDE
2024-02-02 23:13:15,960 [INFO] DbExamplesSqlite:396 - Found 7560 examples active
2024-02-02 23:13:15,961 [INFO] DbExamplesSqlite:397 - Found 844 examples obsolete
2024-02-02 23:13:15,961 [INFO] DbExamplesSqlite:398 - Found 0 examples under development
2024-02-02 23:13:15,961 [INFO] DbExamplesSqlite:399 - Found 8 examples not building
2024-02-02 23:13:15,963 [INFO] DbExamples:125 - Found 7513 examples
2024-02-02 23:13:16,238 [ERROR] DbExamples:208 - Found 247 examples with invalid data (board or MCU)
2024-02-02 23:13:16,239 [INFO] DbExamples:222 - Found 93 boards with related examples
2024-02-02 23:13:16,242 [INFO] DbExamples:235 - Found 79 MCUs with related examples
2024-02-02 23:13:16,284 [INFO] ApiDb:414 - User favorites file not found: C:\Users\admin/.stm32cubeide/favorites.examples.txt
2024-02-02 23:13:16,284 [INFO] DbExamples:250 - Set 0 / 0 favorites Examples
2024-02-02 23:13:16,784 [INFO] McuFinderGlobals:76 - Set McuFinderConnectedMode to true
2024-02-02 23:13:16,794 [INFO] MultiScanPanel:200 - Auto-refresh data requested => check proxy status ongoing
2024-02-02 23:13:16,798 [INFO] FinderPluginLoader:95 - Searching for filters in installed packs
2024-02-02 23:13:18,448 [INFO] LoadUrlFilesThread:185 - End of LoadServerUrlFiles without Thread
2024-02-02 23:13:18,463 [INFO] DetailPanel:341 - Set advertising image to C:/Users/admin/STM32Cube/Repository/\en.prom-stm32wl3-mcu-finder.jpg
2024-02-02 23:14:03,275 [INFO] MainUpdater:2868 - connection check result : 10
2024-02-02 23:14:03,276 [INFO] MainUpdater:2868 - connection check result : 10
2024-02-02 23:14:03,341 [INFO] MicroXplorer:468 - Change Database Path : 
2024-02-02 23:14:03,341 [INFO] MicroXplorer:498 - Change Database Version : DB.6.0.90
2024-02-02 23:14:03,347 [WARN] ThirdParty:871 - waiting for thirdparty lock release [close project]
2024-02-02 23:14:03,347 [INFO] ThirdParty:873 - entering critical section [close project]
2024-02-02 23:14:03,348 [INFO] ThirdParty:883 - exiting critical section [close project]
2024-02-02 23:14:03,351 [INFO] PinOutPanel:1499 - setPackage(No Configuration,No Configuration)
2024-02-02 23:14:03,359 [INFO] UtilMem:75 - Begin LoadConfig() Used Memory: 596521984 Bytes (1073741824)
2024-02-02 23:14:03,361 [INFO] MicroXplorer:468 - Change Database Path : 
2024-02-02 23:14:03,362 [INFO] MicroXplorer:498 - Change Database Version : DB.6.0.90
2024-02-02 23:14:03,364 [INFO] OpenFileManager:308 - Change cursor
2024-02-02 23:14:03,597 [INFO] Mcu:1946 - Initializing MCU STM32F103C8Tx STM32F103C8Tx STM32F103C8T6
2024-02-02 23:14:05,786 [INFO] Context:659 - Trying to add GPIOservice into a context  which must be forbidden
2024-02-02 23:14:06,209 [INFO] ImportTextPane:194 - (OptionalMessage_ERROR) Unable to find key (Mcu.ThirdPartyNb) in loaded IOC file
2024-02-02 23:14:06,210 [INFO] ImportTextPane:194 - (OptionalMessage_ERROR) Unable to find key (Mcu.PinsNb) in loaded IOC file
2024-02-02 23:14:06,211 [INFO] ImportTextPane:194 - (OptionalMessage_ERROR) Unable to find key (Mcu.IPNb) in loaded IOC file
2024-02-02 23:14:06,847 [INFO] RtosManager:555 - Registered RTOS mode: class=CMSIS, group=RTOS, mode=CMSIS_V1, owner=FREERTOS
2024-02-02 23:14:06,847 [INFO] RtosManager:555 - Registered RTOS mode: class=CMSIS, group=RTOS2, mode=CMSIS_V2, owner=FREERTOS
2024-02-02 23:14:06,848 [INFO] RtosManager:555 - Registered RTOS mode: class=RTOS, group=Core, mode=CMSIS_V1, owner=FREERTOS
2024-02-02 23:14:06,848 [INFO] RtosManager:555 - Registered RTOS mode: class=RTOS, group=Core, mode=CMSIS_V2, owner=FREERTOS
2024-02-02 23:14:06,848 [WARN] ModelIntegratedComponent:184 - Missing modes for component STMicroelectronics:FreeRTOS:0.0.1:STMicroelectronics:RTOS:FreeRTOS:Core:::10.2.0:
2024-02-02 23:14:06,879 [WARN] ModelIntegratedComponent:63 - No mode defined for component null
2024-02-02 23:14:06,880 [WARN] ModelIntegratedComponent:63 - No mode defined for component null
2024-02-02 23:14:06,881 [WARN] ModelIntegratedComponent:63 - No mode defined for component null
2024-02-02 23:14:06,882 [WARN] ModelIntegratedComponent:63 - No mode defined for component null
2024-02-02 23:14:06,882 [WARN] ModelIntegratedComponent:63 - No mode defined for component null
2024-02-02 23:14:06,882 [WARN] ModelIntegratedComponent:63 - No mode defined for component null
2024-02-02 23:14:06,882 [WARN] ModelIntegratedComponent:63 - No mode defined for component null
2024-02-02 23:14:06,882 [WARN] ModelIntegratedComponent:63 - No mode defined for component null
2024-02-02 23:14:06,882 [WARN] ModelIntegratedComponent:63 - No mode defined for component null
2024-02-02 23:14:06,883 [WARN] ModelIntegratedComponent:63 - No mode defined for component null
2024-02-02 23:14:06,883 [WARN] ModelIntegratedComponent:63 - No mode defined for component null
2024-02-02 23:14:06,883 [WARN] ModelIntegratedComponent:63 - No mode defined for component null
2024-02-02 23:14:06,883 [WARN] ModelIntegratedComponent:63 - No mode defined for component null
2024-02-02 23:14:06,883 [WARN] ModelIntegratedComponent:63 - No mode defined for component null
2024-02-02 23:14:06,883 [WARN] ModelIntegratedComponent:63 - No mode defined for component null
2024-02-02 23:14:06,883 [WARN] ModelIntegratedComponent:63 - No mode defined for component null
2024-02-02 23:14:06,883 [WARN] ModelIntegratedComponent:63 - No mode defined for component null
2024-02-02 23:14:06,883 [WARN] ModelIntegratedComponent:63 - No mode defined for component null
2024-02-02 23:14:06,883 [WARN] ModelIntegratedComponent:63 - No mode defined for component null
2024-02-02 23:14:06,883 [WARN] ModelIntegratedComponent:63 - No mode defined for component null
2024-02-02 23:14:06,883 [WARN] ModelIntegratedComponent:63 - No mode defined for component null
2024-02-02 23:14:06,883 [WARN] ModelIntegratedComponent:63 - No mode defined for component null
2024-02-02 23:14:06,883 [WARN] ModelIntegratedComponent:63 - No mode defined for component null
2024-02-02 23:14:06,883 [WARN] ModelIntegratedComponent:63 - No mode defined for component null
2024-02-02 23:14:06,884 [WARN] ModelIntegratedComponent:63 - No mode defined for component null
2024-02-02 23:14:06,884 [WARN] ModelIntegratedComponent:63 - No mode defined for component null
2024-02-02 23:14:06,884 [WARN] ModelIntegratedComponent:63 - No mode defined for component null
2024-02-02 23:14:06,884 [WARN] ModelIntegratedComponent:63 - No mode defined for component null
2024-02-02 23:14:06,884 [WARN] ModelIntegratedComponent:63 - No mode defined for component null
2024-02-02 23:14:06,884 [WARN] ModelIntegratedComponent:63 - No mode defined for component null
2024-02-02 23:14:06,884 [WARN] ModelIntegratedComponent:63 - No mode defined for component null
2024-02-02 23:14:06,884 [WARN] ModelIntegratedComponent:63 - No mode defined for component null
2024-02-02 23:14:06,884 [WARN] ModelIntegratedComponent:63 - No mode defined for component null
2024-02-02 23:14:07,484 [INFO] ThirdPartyModel:298 - Start build external matchings
2024-02-02 23:14:10,657 [INFO] ThirdPartyModel:316 - End build external matchings
2024-02-02 23:14:11,079 [INFO] UtilMem:75 - End LoadConfig() Used Memory: 581811568 Bytes (1073741824)
2024-02-02 23:14:11,156 [WARN] ThirdParty:833 - waiting for thirdparty lock release [change project]
2024-02-02 23:14:11,157 [INFO] ThirdParty:835 - entering critical section [change project]
2024-02-02 23:14:11,157 [INFO] ThirdParty:1030 - CMSIS Pack Vendor :STMicroelectronics X-CUBE-ISPU 1.1.0
2024-02-02 23:14:11,157 [INFO] ThirdParty:1030 - CMSIS Pack Vendor :STMicroelectronics USBPD 4.1
2024-02-02 23:14:11,157 [INFO] ThirdParty:1030 - CMSIS Pack Vendor :STMicroelectronics X-CUBE-GNSS1 6.0.0
2024-02-02 23:14:11,157 [INFO] ThirdParty:1030 - CMSIS Pack Vendor :STMicroelectronics USB_HOST 2.0.0
2024-02-02 23:14:11,157 [INFO] ThirdParty:1030 - CMSIS Pack Vendor :STMicroelectronics X-CUBE-AZRTOS-F4 1.1.0
2024-02-02 23:14:11,157 [INFO] ThirdParty:1030 - CMSIS Pack Vendor :STMicroelectronics LIBJPEG 8.0.0
2024-02-02 23:14:11,158 [INFO] ThirdParty:1030 - CMSIS Pack Vendor :STMicroelectronics X-CUBE-SMBUS 2.1.0
2024-02-02 23:14:11,158 [INFO] ThirdParty:1030 - CMSIS Pack Vendor :STMicroelectronics USB_DEVICE 3.0.0
2024-02-02 23:14:11,158 [INFO] ThirdParty:1030 - CMSIS Pack Vendor :STMicroelectronics X-CUBE-AZRTOS-WB 2.0.0
2024-02-02 23:14:11,158 [INFO] ThirdParty:1030 - CMSIS Pack Vendor :wolfSSL I-CUBE-wolfSSL 5.6.6
2024-02-02 23:14:11,158 [INFO] ThirdParty:1030 - CMSIS Pack Vendor :STMicroelectronics X-CUBE-FREERTOS 1.0.1
2024-02-02 23:14:11,158 [INFO] ThirdParty:1030 - CMSIS Pack Vendor :STMicroelectronics X-CUBE-TOUCHGFX 4.21.1
2024-02-02 23:14:11,158 [INFO] ThirdParty:1030 - CMSIS Pack Vendor :STMicroelectronics X-CUBE-TOUCHGFX 4.23.0
2024-02-02 23:14:11,158 [INFO] ThirdParty:1030 - CMSIS Pack Vendor :STMicroelectronics X-CUBE-BLEMGR 1.2.0
2024-02-02 23:14:11,158 [INFO] ThirdParty:1030 - CMSIS Pack Vendor :STMicroelectronics X-CUBE-AZRTOS-F7 1.1.0
2024-02-02 23:14:11,158 [INFO] ThirdParty:1030 - CMSIS Pack Vendor :STMicroelectronics X-CUBE-AZRTOS-L5 2.0.0
2024-02-02 23:14:11,158 [INFO] ThirdParty:1030 - CMSIS Pack Vendor :STMicroelectronics X-CUBE-MEMS1 9.4.0
2024-02-02 23:14:11,158 [INFO] ThirdParty:1030 - CMSIS Pack Vendor :STMicroelectronics USB_DEVICE 2.0.0
2024-02-02 23:14:11,158 [INFO] ThirdParty:1030 - CMSIS Pack Vendor :STMicroelectronics X-CUBE-AI 7.3.0
2024-02-02 23:14:11,158 [INFO] ThirdParty:1030 - CMSIS Pack Vendor :STMicroelectronics X-CUBE-MEMS1 9.6.0
2024-02-02 23:14:11,158 [INFO] ThirdParty:1030 - CMSIS Pack Vendor :STMicroelectronics X-CUBE-EEPRMA1 4.2.0
2024-02-02 23:14:11,158 [INFO] ThirdParty:1030 - CMSIS Pack Vendor :ITTIA_DB I-CUBE-ITTIADB 8.8.0
2024-02-02 23:14:11,159 [INFO] ThirdParty:1030 - CMSIS Pack Vendor :STMicroelectronics FP-SNS-MOTENV1 4.3.2
2024-02-02 23:14:11,159 [INFO] ThirdParty:1030 - CMSIS Pack Vendor :STMicroelectronics X-CUBE-ALGOBUILD 1.3.0
2024-02-02 23:14:11,159 [INFO] ThirdParty:1030 - CMSIS Pack Vendor :STMicroelectronics X-CUBE-BLE1 6.2.4
2024-02-02 23:14:11,159 [INFO] ThirdParty:1030 - CMSIS Pack Vendor :STMicroelectronics X-CUBE-AZRTOS-L5 1.1.0
2024-02-02 23:14:11,159 [INFO] ThirdParty:1030 - CMSIS Pack Vendor :STMicroelectronics FreeRTOS 0.0.1
2024-02-02 23:14:11,159 [INFO] ThirdParty:1030 - CMSIS Pack Vendor :STMicroelectronics X-CUBE-AZRTOS-G0 1.1.0
2024-02-02 23:14:11,159 [INFO] ThirdParty:1030 - CMSIS Pack Vendor :STMicroelectronics X-CUBE-BLEMGR 2.0.0
2024-02-02 23:14:11,159 [INFO] ThirdParty:1030 - CMSIS Pack Vendor :STMicroelectronics X-CUBE-AI 8.0.1
2024-02-02 23:14:11,159 [INFO] ThirdParty:1030 - CMSIS Pack Vendor :STMicroelectronics X-CUBE-NFC4 3.0.0
2024-02-02 23:14:11,159 [INFO] ThirdParty:1030 - CMSIS Pack Vendor :STMicroelectronics X-CUBE-SUBG2 5.0.0
2024-02-02 23:14:11,159 [INFO] ThirdParty:1030 - CMSIS Pack Vendor :STMicroelectronics STM32_WPAN 1.0.0
2024-02-02 23:14:11,159 [INFO] ThirdParty:1030 - CMSIS Pack Vendor :STMicroelectronics lwIP 2.0.3
2024-02-02 23:14:11,159 [INFO] ThirdParty:1030 - CMSIS Pack Vendor :STMicroelectronics FP-SNS-FLIGHT1 5.0.2
2024-02-02 23:14:11,159 [INFO] ThirdParty:1030 - CMSIS Pack Vendor :STMicroelectronics USB_HOST 1.0.0
2024-02-02 23:14:11,159 [INFO] ThirdParty:1030 - CMSIS Pack Vendor :STMicroelectronics X-CUBE-TOF1 3.3.1
2024-02-02 23:14:11,160 [INFO] ThirdParty:1030 - CMSIS Pack Vendor :STMicroelectronics X-CUBE-AZRTOS-G4 2.0.0
2024-02-02 23:14:11,160 [INFO] ThirdParty:1030 - CMSIS Pack Vendor :STMicroelectronics PDM2PCM 3.1.0
2024-02-02 23:14:11,160 [INFO] ThirdParty:1030 - CMSIS Pack Vendor :STMicroelectronics X-CUBE-AZRTOS-H7 3.1.0
2024-02-02 23:14:11,160 [INFO] ThirdParty:1030 - CMSIS Pack Vendor :STMicroelectronics FP-ATR-ASTRA1 1.1.1
2024-02-02 23:14:11,160 [INFO] ThirdParty:1030 - CMSIS Pack Vendor :Infineon AIROC-Wi-Fi-Bluetooth-STM32 1.5.1
2024-02-02 23:14:11,160 [INFO] ThirdParty:1030 - CMSIS Pack Vendor :STMicroelectronics X-CUBE-BLEMGR 3.0.0
2024-02-02 23:14:11,160 [INFO] ThirdParty:1030 - CMSIS Pack Vendor :STMicroelectronics PDM2PCM 3.3.0
2024-02-02 23:14:11,160 [INFO] ThirdParty:1030 - CMSIS Pack Vendor :STMicroelectronics X-CUBE-DISPLAY 3.0.0
2024-02-02 23:14:11,160 [INFO] ThirdParty:1030 - CMSIS Pack Vendor :STMicroelectronics X-CUBE-BLEMGR 1.3.0
2024-02-02 23:14:11,160 [INFO] ThirdParty:1030 - CMSIS Pack Vendor :STMicroelectronics FP-SNS-MOTENVWB1 1.3.0
2024-02-02 23:14:11,160 [INFO] ThirdParty:1030 - CMSIS Pack Vendor :STMicroelectronics FP-SNS-MOTENVWB1 1.3.1
2024-02-02 23:14:11,160 [INFO] ThirdParty:1030 - CMSIS Pack Vendor :STMicroelectronics X-CUBE-BLE1 7.0.0
2024-02-02 23:14:11,160 [INFO] ThirdParty:1030 - CMSIS Pack Vendor :STMicroelectronics FP-ATR-SIGFOX1 3.2.0
2024-02-02 23:14:11,161 [INFO] ThirdParty:1030 - CMSIS Pack Vendor :STMicroelectronics X-CUBE-ISPU 2.0.0
2024-02-02 23:14:11,161 [INFO] ThirdParty:1030 - CMSIS Pack Vendor :STMicroelectronics X-CUBE-EEPRMA1 5.1.0
2024-02-02 23:14:11,161 [INFO] ThirdParty:1030 - CMSIS Pack Vendor :STMicroelectronics HAL Drivers 0.0.0
2024-02-02 23:14:11,161 [INFO] ThirdParty:1030 - CMSIS Pack Vendor :STMicroelectronics MBEDTLS 2.16.2
2024-02-02 23:14:11,161 [INFO] ThirdParty:1030 - CMSIS Pack Vendor :emotas I-CUBE-CANOPEN 1.3.0
2024-02-02 23:14:11,161 [INFO] ThirdParty:1030 - CMSIS Pack Vendor :STMicroelectronics X-CUBE-TOUCHGFX 4.20.0
2024-02-02 23:14:11,161 [INFO] ThirdParty:1030 - CMSIS Pack Vendor :STMicroelectronics X-CUBE-MEMS1 10.0.0
2024-02-02 23:14:11,161 [INFO] ThirdParty:1030 - CMSIS Pack Vendor :STMicroelectronics X-CUBE-FREERTOS 1.1.0
2024-02-02 23:14:11,161 [INFO] ThirdParty:1030 - CMSIS Pack Vendor :STMicroelectronics X-CUBE-TOUCHGFX 4.22.0
2024-02-02 23:14:11,161 [INFO] ThirdParty:1030 - CMSIS Pack Vendor :STMicroelectronics X-CUBE-NFC7 1.0.1
2024-02-02 23:14:11,161 [INFO] ThirdParty:1030 - CMSIS Pack Vendor :STMicroelectronics MBEDTLS 2.14.1
2024-02-02 23:14:11,161 [INFO] ThirdParty:1030 - CMSIS Pack Vendor :STMicroelectronics X-CUBE-TOUCHGFX 4.22.1
2024-02-02 23:14:11,161 [INFO] ThirdParty:1030 - CMSIS Pack Vendor :STMicroelectronics X-CUBE-NFC6 3.0.0
2024-02-02 23:14:11,162 [INFO] ThirdParty:1030 - CMSIS Pack Vendor :STMicroelectronics X-CUBE-MEMS1 9.3.0
2024-02-02 23:14:11,162 [INFO] ThirdParty:1030 - CMSIS Pack Vendor :STMicroelectronics X-CUBE-EEPRMA1 4.1.0
2024-02-02 23:14:11,162 [INFO] ThirdParty:1030 - CMSIS Pack Vendor :portGmbH I-Cube-SoM-uGOAL 1.1.0
2024-02-02 23:14:11,162 [INFO] ThirdParty:1030 - CMSIS Pack Vendor :STMicroelectronics X-CUBE-ALS 1.0.1
2024-02-02 23:14:11,162 [INFO] ThirdParty:1030 - CMSIS Pack Vendor :STMicroelectronics ThreadX 1.0.0
2024-02-02 23:14:11,162 [INFO] ThirdParty:1030 - CMSIS Pack Vendor :STMicroelectronics FP-SNS-SMARTAG2 1.2.0
2024-02-02 23:14:11,163 [INFO] ThirdParty:1030 - CMSIS Pack Vendor :STMicroelectronics X-CUBE-AZRTOS-WB 1.1.0
2024-02-02 23:14:11,163 [INFO] ThirdParty:1030 - CMSIS Pack Vendor :STMicroelectronics X-CUBE-AZRTOS-WL 2.0.0
2024-02-02 23:14:11,163 [INFO] ThirdParty:1030 - CMSIS Pack Vendor :SEGGER I-CUBE-embOS 1.3.1
2024-02-02 23:14:11,163 [INFO] ThirdParty:1030 - CMSIS Pack Vendor :STMicroelectronics USB_DEVICE 1.0.0
2024-02-02 23:14:11,164 [INFO] ThirdParty:1030 - CMSIS Pack Vendor :STMicroelectronics X-CUBE-AI 8.1.0
2024-02-02 23:14:11,164 [INFO] ThirdParty:1030 - CMSIS Pack Vendor :STMicroelectronics X-CUBE-AZRTOS-L4 2.0.0
2024-02-02 23:14:11,164 [INFO] ThirdParty:1030 - CMSIS Pack Vendor :STMicroelectronics ThreadX 0.0.2
2024-02-02 23:14:11,164 [INFO] ThirdParty:1030 - CMSIS Pack Vendor :WES I-CUBE-Cesium 1.3.0
2024-02-02 23:14:11,164 [INFO] ThirdParty:1030 - CMSIS Pack Vendor :STMicroelectronics FP-ATR-ASTRA1 2.0.0
2024-02-02 23:14:11,164 [INFO] ThirdParty:1030 - CMSIS Pack Vendor :STMicroelectronics lwIP 2.1.2
2024-02-02 23:14:11,164 [INFO] ThirdParty:1030 - CMSIS Pack Vendor :STMicroelectronics X-CUBE-SFXS2LP1 4.0.0
2024-02-02 23:14:11,164 [INFO] ThirdParty:1030 - CMSIS Pack Vendor :STMicroelectronics X-CUBE-BLE2 3.3.0
2024-02-02 23:14:11,164 [INFO] ThirdParty:1030 - CMSIS Pack Vendor :STMicroelectronics X-CUBE-TOF1 3.4.0
2024-02-02 23:14:11,164 [INFO] ThirdParty:1030 - CMSIS Pack Vendor :STMicroelectronics X-CUBE-TOF1 3.2.0
2024-02-02 23:14:11,164 [INFO] ThirdParty:1030 - CMSIS Pack Vendor :STMicroelectronics X-CUBE-AZRTOS-H7 3.2.0
2024-02-02 23:14:11,165 [INFO] ThirdParty:1030 - CMSIS Pack Vendor :STMicroelectronics PDM2PCM 3.2.0
2024-02-02 23:14:11,166 [INFO] ThirdParty:1030 - CMSIS Pack Vendor :STMicroelectronics X-CUBE-AZRTOS-H7 3.0.0
2024-02-02 23:14:11,166 [INFO] ThirdParty:1030 - CMSIS Pack Vendor :STMicroelectronics X-CUBE-ISPU 1.0.0
2024-02-02 23:14:11,167 [INFO] ThirdParty:841 - exiting critical section [change project]
2024-02-02 23:14:11,842 [INFO] PinOutPanel:1499 - setPackage(No Configuration,No Configuration)
2024-02-02 23:14:11,848 [INFO] PinOutPanel:1499 - setPackage(STM32F103C8Tx,LQFP48)
2024-02-02 23:14:12,970 [INFO] UtilMem:75 - Before build in PCC Used Memory: 642112224 Bytes (1073741824)
2024-02-02 23:14:14,519 [INFO] UtilMem:75 - After build in PCC Used Memory: 712893152 Bytes (1073741824)
2024-02-02 23:14:14,572 [INFO] IPUIPlugin:80 - create IPUIPlugin
2024-02-02 23:14:14,574 [INFO] IPUIPlugin:80 - create IPUIPlugin
2024-02-02 23:14:14,574 [INFO] IPUIPlugin:80 - create IPUIPlugin
2024-02-02 23:14:14,574 [INFO] IPUIPlugin:80 - create IPUIPlugin
2024-02-02 23:14:14,575 [INFO] IPUIPlugin:80 - create IPUIPlugin
2024-02-02 23:14:14,575 [INFO] IPUIPlugin:80 - create IPUIPlugin
2024-02-02 23:14:14,575 [INFO] IPUIPlugin:80 - create IPUIPlugin
2024-02-02 23:14:14,575 [INFO] IPUIPlugin:80 - create IPUIPlugin
2024-02-02 23:14:14,576 [INFO] IPUIPlugin:80 - create IPUIPlugin
2024-02-02 23:14:14,576 [INFO] IPUIPlugin:80 - create IPUIPlugin
2024-02-02 23:14:14,577 [INFO] IPUIPlugin:80 - create IPUIPlugin
2024-02-02 23:14:14,578 [INFO] IPUIPlugin:80 - create IPUIPlugin
2024-02-02 23:14:14,580 [INFO] IPUIPlugin:80 - create IPUIPlugin
2024-02-02 23:14:14,582 [INFO] IPUIPlugin:80 - create IPUIPlugin
2024-02-02 23:14:14,584 [INFO] IPUIPlugin:80 - create IPUIPlugin
2024-02-02 23:14:14,584 [INFO] IPUIPlugin:80 - create IPUIPlugin
2024-02-02 23:14:14,584 [INFO] IPUIPlugin:80 - create IPUIPlugin
2024-02-02 23:14:14,585 [INFO] IPUIPlugin:80 - create IPUIPlugin
2024-02-02 23:14:14,585 [INFO] IPUIPlugin:80 - create IPUIPlugin
2024-02-02 23:14:14,585 [INFO] IPUIPlugin:80 - create IPUIPlugin
2024-02-02 23:14:14,586 [INFO] IPUIPlugin:80 - create IPUIPlugin
2024-02-02 23:14:14,586 [INFO] IPUIPlugin:80 - create IPUIPlugin
2024-02-02 23:14:14,586 [INFO] IPUIPlugin:80 - create IPUIPlugin
2024-02-02 23:14:14,587 [INFO] IPUIPlugin:80 - create IPUIPlugin
2024-02-02 23:14:14,587 [INFO] IPUIPlugin:80 - create IPUIPlugin
2024-02-02 23:14:14,587 [INFO] IPUIPlugin:80 - create IPUIPlugin
2024-02-02 23:14:14,588 [INFO] IPUIPlugin:80 - create IPUIPlugin
2024-02-02 23:14:14,948 [INFO] CADModel:165 - CPN selected for project levelSTM32F103C8T6
2024-02-02 23:14:14,948 [INFO] CADModel:114 - Register for checkConnection events
2024-02-02 23:14:15,007 [INFO] OpenFileManager:328 - Restore cursor
2024-02-02 23:14:17,348 [INFO] UtilMem:75 - End SaveConfig() Used Memory: 788390624 Bytes (1073741824)
2024-02-02 23:14:17,544 [INFO] UtilMem:75 - End SaveConfig() Used Memory: 800973536 Bytes (1073741824)
2024-02-02 23:14:18,421 [INFO] BlockDiagram:2759 - set Specific Code input for plugin: NVIC
2024-02-02 23:14:18,421 [INFO] BlockDiagram:2759 - set Specific Code input for plugin: RCC
2024-02-02 23:14:18,424 [INFO] CodeGenerator:799 - code generatio: config db path: C:\ST\STM32CubeIDE_1.13.0\STM32CubeIDE\plugins\com.st.stm32cube.common.mx_6.9.0.202307051724\\db\
2024-02-02 23:14:19,177 [INFO] CodeEngine:255 - oldGeneratedFile, D:\Workspace\PROJECT\24K_SelfBalancingRobot\24K_SelfBalancingRobot\MXTmpFiles\license.tmp_save
2024-02-02 23:14:20,502 [INFO] CodeEngine:279 - Generated code: D:\Workspace\PROJECT\24K_SelfBalancingRobot\24K_SelfBalancingRobot\MXTmpFiles\license.tmp
2024-02-02 23:14:20,601 [INFO] CodeEngine:255 - oldGeneratedFile, D:\Workspace\PROJECT\24K_SelfBalancingRobot\24K_SelfBalancingRobot\Core\Src\stm32f1xx_it.c_save
2024-02-02 23:14:21,072 [INFO] CodeEngine:279 - Generated code: D:\Workspace\PROJECT\24K_SelfBalancingRobot\24K_SelfBalancingRobot\Core\Src\stm32f1xx_it.c
2024-02-02 23:14:21,089 [INFO] CodeEngine:255 - oldGeneratedFile, D:\Workspace\PROJECT\24K_SelfBalancingRobot\24K_SelfBalancingRobot\Core\Inc\stm32f1xx_it.h_save
2024-02-02 23:14:21,333 [INFO] CodeEngine:279 - Generated code: D:\Workspace\PROJECT\24K_SelfBalancingRobot\24K_SelfBalancingRobot\Core\Inc\stm32f1xx_it.h
2024-02-02 23:14:21,584 [INFO] CodeEngine:255 - oldGeneratedFile, D:\Workspace\PROJECT\24K_SelfBalancingRobot\24K_SelfBalancingRobot\Core\Src\stm32f1xx_hal_msp.c_save
2024-02-02 23:14:21,887 [INFO] CodeEngine:279 - Generated code: D:\Workspace\PROJECT\24K_SelfBalancingRobot\24K_SelfBalancingRobot\Core\Src\stm32f1xx_hal_msp.c
2024-02-02 23:14:21,908 [INFO] CodeEngine:255 - oldGeneratedFile, D:\Workspace\PROJECT\24K_SelfBalancingRobot\24K_SelfBalancingRobot\MXTmpFiles\system.tmp_save
2024-02-02 23:14:22,074 [INFO] CodeEngine:279 - Generated code: D:\Workspace\PROJECT\24K_SelfBalancingRobot\24K_SelfBalancingRobot\MXTmpFiles\system.tmp
2024-02-02 23:14:22,112 [INFO] CodeEngine:311 - oldGeneratedFile, D:\Workspace\PROJECT\24K_SelfBalancingRobot\24K_SelfBalancingRobot\Core\Inc\stm32f1xx_hal_conf.h_save
2024-02-02 23:14:22,370 [INFO] CodeEngine:335 - Generated code: D:\Workspace\PROJECT\24K_SelfBalancingRobot\24K_SelfBalancingRobot\Core\Inc\stm32f1xx_hal_conf.h
2024-02-02 23:14:22,487 [INFO] CodeEngine:255 - oldGeneratedFile, D:\Workspace\PROJECT\24K_SelfBalancingRobot\24K_SelfBalancingRobot\Core\Inc\main.h_save
2024-02-02 23:14:22,782 [INFO] CodeEngine:279 - Generated code: D:\Workspace\PROJECT\24K_SelfBalancingRobot\24K_SelfBalancingRobot\Core\Inc\main.h
2024-02-02 23:14:22,798 [INFO] CodeEngine:255 - oldGeneratedFile, D:\Workspace\PROJECT\24K_SelfBalancingRobot\24K_SelfBalancingRobot\Core\Src\main.c_save
2024-02-02 23:14:23,065 [INFO] CodeEngine:279 - Generated code: D:\Workspace\PROJECT\24K_SelfBalancingRobot\24K_SelfBalancingRobot\Core\Src\main.c
2024-02-02 23:14:24,117 [INFO] ProjectBuilder:3064 - Time for Copy HAL[1] : 255mS.
2024-02-02 23:14:24,124 [INFO] ProjectBuilder:4404 - Project Generator version: 4.1.0
2024-02-02 23:14:24,632 [INFO] ConfigFileManager:1457 - The Die is : DIE410
2024-02-02 23:14:24,657 [INFO] ApiDbMcu:507 - Load IP Config File for FATFS
2024-02-02 23:14:24,685 [INFO] ApiDbMcu:507 - Load IP Config File for FREERTOS
2024-02-02 23:14:24,712 [INFO] ApiDbMcu:507 - Load IP Config File for USB_DEVICE
2024-02-02 23:14:27,101 [INFO] LogOutputStream:77 - [STDOUT_REDIRECT] 
2024-02-02 23:14:34,042 [INFO] ProjectBuilder:4626 - Time for Generating toolchain IDE Files: 9918mS.
2024-02-02 23:14:34,044 [INFO] ProjectBuilder:2935 - Time for Copy CMSIS : 2mS.
2024-02-02 23:14:34,048 [INFO] ProjectBuilder:2935 - Time for Copy CMSIS : 1mS.
2024-02-02 23:14:35,851 [INFO] McuFinderGlobals:76 - Set McuFinderConnectedMode to true
2024-02-02 23:14:35,855 [INFO] ApiDb:448 - Save user favorites file C:\Users\admin/.stm32cubeide/favorites.mcus.txt: 0 item(s)
2024-02-02 23:14:35,855 [INFO] ApiDb:452 - User favorites MCUs=[]
2024-02-02 23:51:42,342 [INFO] UtilMem:75 - End SaveConfig() Used Memory: 778716016 Bytes (1073741824)
2024-02-02 23:51:45,088 [INFO] UtilMem:75 - End SaveConfig() Used Memory: 806732432 Bytes (1073741824)
2024-02-02 23:51:51,265 [INFO] UtilMem:75 - End SaveConfig() Used Memory: 590428616 Bytes (1073741824)
2024-02-02 23:51:51,789 [INFO] BlockDiagram:2759 - set Specific Code input for plugin: NVIC
2024-02-02 23:51:51,789 [INFO] BlockDiagram:2759 - set Specific Code input for plugin: TIM1_8F1
2024-02-02 23:51:51,789 [INFO] BlockDiagram:2759 - set Specific Code input for plugin: SYS
2024-02-02 23:51:51,790 [INFO] BlockDiagram:2759 - set Specific Code input for plugin: GPIO
2024-02-02 23:51:51,790 [INFO] BlockDiagram:2759 - set Specific Code input for plugin: RCC
2024-02-02 23:51:51,790 [INFO] CodeGenerator:799 - code generatio: config db path: C:\ST\STM32CubeIDE_1.13.0\STM32CubeIDE\plugins\com.st.stm32cube.common.mx_6.9.0.202307051724\\db\
2024-02-02 23:51:52,098 [INFO] CodeEngine:255 - oldGeneratedFile, D:\Workspace\PROJECT\24K_SelfBalancingRobot\24K_SelfBalancingRobot\MXTmpFiles\license.tmp_save
2024-02-02 23:51:52,313 [INFO] CodeEngine:279 - Generated code: D:\Workspace\PROJECT\24K_SelfBalancingRobot\24K_SelfBalancingRobot\MXTmpFiles\license.tmp
2024-02-02 23:51:52,405 [INFO] CodeEngine:255 - oldGeneratedFile, D:\Workspace\PROJECT\24K_SelfBalancingRobot\24K_SelfBalancingRobot\MXTmpFiles\gpio.tmp_save
2024-02-02 23:51:52,610 [INFO] CodeEngine:279 - Generated code: D:\Workspace\PROJECT\24K_SelfBalancingRobot\24K_SelfBalancingRobot\MXTmpFiles\gpio.tmp
2024-02-02 23:51:52,736 [INFO] CodeEngine:255 - oldGeneratedFile, D:\Workspace\PROJECT\24K_SelfBalancingRobot\24K_SelfBalancingRobot\Core\Src\stm32f1xx_it.c_save
2024-02-02 23:51:52,964 [INFO] CodeEngine:279 - Generated code: D:\Workspace\PROJECT\24K_SelfBalancingRobot\24K_SelfBalancingRobot\Core\Src\stm32f1xx_it.c
2024-02-02 23:51:52,985 [INFO] CodeEngine:255 - oldGeneratedFile, D:\Workspace\PROJECT\24K_SelfBalancingRobot\24K_SelfBalancingRobot\Core\Inc\stm32f1xx_it.h_save
2024-02-02 23:51:53,073 [INFO] CodeEngine:279 - Generated code: D:\Workspace\PROJECT\24K_SelfBalancingRobot\24K_SelfBalancingRobot\Core\Inc\stm32f1xx_it.h
2024-02-02 23:51:53,100 [INFO] CodeEngine:255 - oldGeneratedFile, D:\Workspace\PROJECT\24K_SelfBalancingRobot\24K_SelfBalancingRobot\Core\Src\stm32f1xx_hal_msp.c_save
2024-02-02 23:51:53,251 [INFO] CodeEngine:279 - Generated code: D:\Workspace\PROJECT\24K_SelfBalancingRobot\24K_SelfBalancingRobot\Core\Src\stm32f1xx_hal_msp.c
2024-02-02 23:51:53,262 [INFO] CodeEngine:255 - oldGeneratedFile, D:\Workspace\PROJECT\24K_SelfBalancingRobot\24K_SelfBalancingRobot\MXTmpFiles\system.tmp_save
2024-02-02 23:51:53,340 [INFO] CodeEngine:279 - Generated code: D:\Workspace\PROJECT\24K_SelfBalancingRobot\24K_SelfBalancingRobot\MXTmpFiles\system.tmp
2024-02-02 23:51:53,367 [INFO] CodeEngine:311 - oldGeneratedFile, D:\Workspace\PROJECT\24K_SelfBalancingRobot\24K_SelfBalancingRobot\Core\Inc\stm32f1xx_hal_conf.h_save
2024-02-02 23:51:53,471 [INFO] CodeEngine:335 - Generated code: D:\Workspace\PROJECT\24K_SelfBalancingRobot\24K_SelfBalancingRobot\Core\Inc\stm32f1xx_hal_conf.h
2024-02-02 23:51:53,559 [WARN] IPConfigManager:3431 - IP not found : TIM
2024-02-02 23:51:53,560 [WARN] CodeGenerator:3760 - IP not found : null
2024-02-02 23:51:53,594 [INFO] CodeEngine:255 - oldGeneratedFile, D:\Workspace\PROJECT\24K_SelfBalancingRobot\24K_SelfBalancingRobot\Core\Inc\main.h_save
2024-02-02 23:51:53,741 [INFO] CodeEngine:279 - Generated code: D:\Workspace\PROJECT\24K_SelfBalancingRobot\24K_SelfBalancingRobot\Core\Inc\main.h
2024-02-02 23:51:53,761 [INFO] CodeEngine:255 - oldGeneratedFile, D:\Workspace\PROJECT\24K_SelfBalancingRobot\24K_SelfBalancingRobot\Core\Src\main.c_save
2024-02-02 23:51:53,915 [INFO] CodeEngine:279 - Generated code: D:\Workspace\PROJECT\24K_SelfBalancingRobot\24K_SelfBalancingRobot\Core\Src\main.c
2024-02-02 23:51:54,572 [INFO] ProjectBuilder:3064 - Time for Copy HAL[1] : 123mS.
2024-02-02 23:51:54,575 [INFO] ProjectBuilder:4404 - Project Generator version: 4.1.0
2024-02-02 23:51:54,832 [INFO] ConfigFileManager:1457 - The Die is : DIE410
2024-02-02 23:51:57,489 [INFO] ProjectBuilder:4626 - Time for Generating toolchain IDE Files: 2914mS.
2024-02-02 23:51:57,490 [INFO] ProjectBuilder:2935 - Time for Copy CMSIS : 0mS.
2024-02-02 23:51:57,492 [INFO] ProjectBuilder:2935 - Time for Copy CMSIS : 0mS.
