2024-02-14 23:57:21,316 [INFO] Activator:176 - 


2024-02-14 23:57:21,325 [INFO] Activator:177 - !SESSION log4j initialized
2024-02-14 23:57:32,940 [INFO] LogOutputStream:77 - [STDOUT_REDIRECT] 
2024-02-14 23:57:39,148 [INFO] ApplicationProperties:184 - Using Application install path: C:\ST\STM32CubeIDE_1.13.0\STM32CubeIDE\plugins\com.st.stm32cube.common.mx_6.9.0.202307051724
2024-02-14 23:57:39,176 [INFO] DbMcusXml:78 - Set database path to: C:\ST\STM32CubeIDE_1.13.0\STM32CubeIDE\plugins\com.st.stm32cube.common.mx_6.9.0.202307051724\\db\/mcu/
2024-02-14 23:57:39,176 [INFO] ApiDb:274 - Set plugin database path to: C:\ST\STM32CubeIDE_1.13.0\STM32CubeIDE\plugins\com.st.stm32cube.common.mx_6.9.0.202307051724\\db\/plugins/boardmanager/
2024-02-14 23:57:39,178 [WARN] ApiDb:259 - Overriding images path with different value:  => C:\ST\STM32CubeIDE_1.13.0\STM32CubeIDE\plugins\com.st.stm32cube.common.mx_6.9.0.202307051724\\db\/plugins/mcufinder/images/
2024-02-14 23:57:39,197 [INFO] ApiDb:250 - Set database path to: C:\Users\admin\.stmcufinder\plugins\mcufinder//mcu/
2024-02-14 23:57:39,198 [INFO] DbMcusAds:125 - Set database path to: C:\Users\admin\.stmcufinder\plugins\mcufinder//mcu/
2024-02-14 23:57:39,200 [INFO] CrossReferenceDbSqlite:203 - Set database path to: C:\Users\admin\.stmcufinder\plugins\mcufinder//mcu/cs/
2024-02-14 23:57:39,341 [INFO] RulesReader:64 - Compatibility file has been processed (293 Rules)
2024-02-14 23:57:39,456 [INFO] DbMcusXml:78 - Set database path to: C:\ST\STM32CubeIDE_1.13.0\STM32CubeIDE\plugins\com.st.stm32cube.common.mx_6.9.0.202307051724\\db\/mcu/
2024-02-14 23:57:39,456 [INFO] ApiDb:274 - Set plugin database path to: C:\ST\STM32CubeIDE_1.13.0\STM32CubeIDE\plugins\com.st.stm32cube.common.mx_6.9.0.202307051724\\db\/plugins/boardmanager/
2024-02-14 23:57:39,456 [INFO] ApiDb:261 - Set plugin images path to: C:\ST\STM32CubeIDE_1.13.0\STM32CubeIDE\plugins\com.st.stm32cube.common.mx_6.9.0.202307051724\\db\/plugins/mcufinder/images/
2024-02-14 23:57:39,456 [WARN] DbFile:41 - Overriding database path with different value: C:\Users\admin\.stmcufinder\plugins\mcufinder/ => C:\Users\admin\.stmcufinder\plugins\mcufinder
2024-02-14 23:57:39,457 [INFO] ApiDb:250 - Set database path to: C:\Users\admin\.stmcufinder\plugins\mcufinder//mcu/
2024-02-14 23:57:39,457 [WARN] DbFile:41 - Overriding database path with different value: C:\Users\admin\.stmcufinder\plugins\mcufinder/ => C:\Users\admin\.stmcufinder\plugins\mcufinder
2024-02-14 23:57:39,457 [INFO] DbMcusAds:125 - Set database path to: C:\Users\admin\.stmcufinder\plugins\mcufinder//mcu/
2024-02-14 23:57:39,457 [WARN] DbFile:41 - Overriding database path with different value: C:\Users\admin\.stmcufinder\plugins\mcufinder/ => C:\Users\admin\.stmcufinder\plugins\mcufinder
2024-02-14 23:57:39,457 [WARN] DbFile:41 - Overriding database path with different value: C:\Users\admin\.stmcufinder\plugins\mcufinder/ => C:\Users\admin\.stmcufinder\plugins\mcufinder
2024-02-14 23:57:39,457 [INFO] CrossReferenceDbSqlite:203 - Set database path to: C:\Users\admin\.stmcufinder\plugins\mcufinder//mcu/cs/
2024-02-14 23:57:39,550 [INFO] MainPanel:262 - HeapMemory: 268435456
2024-02-14 23:57:39,657 [INFO] DbMcusXml:78 - Set database path to: C:\ST\STM32CubeIDE_1.13.0\STM32CubeIDE\plugins\com.st.stm32cube.common.mx_6.9.0.202307051724\\db\/mcu/
2024-02-14 23:57:39,657 [INFO] ApiDb:274 - Set plugin database path to: C:\ST\STM32CubeIDE_1.13.0\STM32CubeIDE\plugins\com.st.stm32cube.common.mx_6.9.0.202307051724\\db\/plugins/boardmanager/
2024-02-14 23:57:39,658 [INFO] ApiDb:261 - Set plugin images path to: C:\ST\STM32CubeIDE_1.13.0\STM32CubeIDE\plugins\com.st.stm32cube.common.mx_6.9.0.202307051724\\db\/plugins/mcufinder/images/
2024-02-14 23:57:39,658 [WARN] DbFile:41 - Overriding database path with different value: C:\Users\admin\.stmcufinder\plugins\mcufinder/ => C:\Users\admin\.stmcufinder\plugins\mcufinder
2024-02-14 23:57:39,658 [INFO] ApiDb:250 - Set database path to: C:\Users\admin\.stmcufinder\plugins\mcufinder//mcu/
2024-02-14 23:57:39,658 [WARN] DbFile:41 - Overriding database path with different value: C:\Users\admin\.stmcufinder\plugins\mcufinder/ => C:\Users\admin\.stmcufinder\plugins\mcufinder
2024-02-14 23:57:39,658 [INFO] DbMcusAds:125 - Set database path to: C:\Users\admin\.stmcufinder\plugins\mcufinder//mcu/
2024-02-14 23:57:39,658 [WARN] DbFile:41 - Overriding database path with different value: C:\Users\admin\.stmcufinder\plugins\mcufinder/ => C:\Users\admin\.stmcufinder\plugins\mcufinder
2024-02-14 23:57:39,659 [WARN] DbFile:41 - Overriding database path with different value: C:\Users\admin\.stmcufinder\plugins\mcufinder/ => C:\Users\admin\.stmcufinder\plugins\mcufinder
2024-02-14 23:57:39,659 [INFO] CrossReferenceDbSqlite:203 - Set database path to: C:\Users\admin\.stmcufinder\plugins\mcufinder//mcu/cs/
2024-02-14 23:57:39,700 [INFO] ApplicationProperties:184 - Using Application install path: C:\ST\STM32CubeIDE_1.13.0\STM32CubeIDE\plugins\com.st.stm32cube.common.mx_6.9.0.202307051724
2024-02-14 23:57:39,703 [INFO] PluginManage:196 - Search for loadable plugins [exclusion list=, ]
2024-02-14 23:57:39,706 [INFO] PluginManage:310 - Check plugin analytics
2024-02-14 23:57:44,864 [INFO] AnalyticsPlugin:253 - Accepted Software Licenses: STM32CubeMX.6.9.1
2024-02-14 23:57:44,865 [INFO] AnalyticsPlugin:255 - Accepted CMSIS Pack Licenses: 
2024-02-14 23:57:44,865 [INFO] AnalyticsPlugin:257 - Accepted Firmware Licenses: 
2024-02-14 23:57:44,869 [INFO] PluginManage:359 - Loaded plugin analytics (category:tool,tabindex:-1)
2024-02-14 23:57:44,869 [INFO] PluginManage:310 - Check plugin cadmodel
2024-02-14 23:57:44,886 [INFO] CADModel:105 - Init CAD model plugin
2024-02-14 23:57:44,887 [INFO] PluginManage:359 - Loaded plugin cadmodel (category:power,tabindex:5)
2024-02-14 23:57:44,887 [INFO] PluginManage:310 - Check plugin clock
2024-02-14 23:57:44,911 [INFO] PluginManage:359 - Loaded plugin clock (category:base,tabindex:2)
2024-02-14 23:57:44,911 [INFO] PluginManage:310 - Check plugin ddr
2024-02-14 23:57:44,914 [INFO] PluginManage:359 - Loaded plugin ddr (category:tool,tabindex:6)
2024-02-14 23:57:44,914 [INFO] PluginManage:310 - Check plugin filemanager
2024-02-14 23:57:45,135 [INFO] PluginManage:359 - Loaded plugin filemanager (category:base,tabindex:10)
2024-02-14 23:57:45,135 [INFO] PluginManage:310 - Check plugin ipmanager
2024-02-14 23:57:45,144 [INFO] PluginManage:359 - Loaded plugin ipmanager (category:base,tabindex:5)
2024-02-14 23:57:45,144 [INFO] PluginManage:310 - Check plugin lpbam
2024-02-14 23:57:45,162 [INFO] PluginManage:359 - Loaded plugin lpbam (category:base,tabindex:0)
2024-02-14 23:57:45,162 [INFO] PluginManage:310 - Check plugin memorymap
2024-02-14 23:57:45,188 [INFO] PluginManage:359 - Loaded plugin memorymap (category:base,tabindex:4)
2024-02-14 23:57:45,188 [INFO] PluginManage:310 - Check plugin pinoutandconfiguration
2024-02-14 23:57:45,206 [INFO] PluginManage:359 - Loaded plugin pinoutandconfiguration (category:base,tabindex:1)
2024-02-14 23:57:45,206 [INFO] PluginManage:310 - Check plugin pinoutconfig
2024-02-14 23:57:45,368 [WARN] SupportedApi:132 - Cannot load RTOS API schema: s4s-elt-must-match.1: The content of 'definitions' must match (annotation?, (simpleType | complexType)?, (unique | key | keyref)*)). A problem was found starting at: attribute.
2024-02-14 23:57:45,537 [INFO] PluginManage:359 - Loaded plugin pinoutconfig (category:base,tabindex:0)
2024-02-14 23:57:45,537 [INFO] PluginManage:310 - Check plugin power
2024-02-14 23:57:45,565 [INFO] PluginManage:359 - Loaded plugin power (category:power,tabindex:4)
2024-02-14 23:57:45,565 [INFO] PluginManage:310 - Check plugin projectmanager
2024-02-14 23:57:45,583 [INFO] PluginManage:359 - Loaded plugin projectmanager (category:projectmanager,tabindex:3)
2024-02-14 23:57:45,584 [INFO] PluginManage:310 - Check plugin thirdparty
2024-02-14 23:57:45,903 [INFO] PluginManage:359 - Loaded plugin thirdparty (category:base,tabindex:-1)
2024-02-14 23:57:45,903 [WARN] IntegrityCheckThread:84 - waiting for thirdparty lock release [integrity check]
2024-02-14 23:57:45,904 [INFO] PluginManage:310 - Check plugin tools
2024-02-14 23:57:45,904 [INFO] IntegrityCheckThread:86 - entering critical section [integrity check]
2024-02-14 23:57:45,904 [INFO] ThirdPartyUpdaterWithRetryManager:70 - Updater plugin not ready yet. [1/15]
2024-02-14 23:57:45,940 [INFO] PluginManage:359 - Loaded plugin tools (category:base,tabindex:7)
2024-02-14 23:57:45,940 [INFO] PluginManage:310 - Check plugin tutovideos
2024-02-14 23:57:46,190 [INFO] PluginManage:359 - Loaded plugin tutovideos (category:base,tabindex:-1)
2024-02-14 23:57:46,190 [INFO] PluginManage:310 - Check plugin updater
2024-02-14 23:57:46,202 [INFO] PluginManage:359 - Loaded plugin updater (category:base,tabindex:12)
2024-02-14 23:57:46,202 [INFO] PluginManage:310 - Check plugin userauth
2024-02-14 23:57:46,208 [INFO] UserAuth:113 - Init User Auth plugin
2024-02-14 23:57:46,208 [INFO] PluginManage:359 - Loaded plugin userauth (category:base,tabindex:14)
2024-02-14 23:57:46,209 [INFO] PluginManage:283 - PluginManage : Loaded plugins [17]
2024-02-14 23:57:46,476 [INFO] PinOutPanel:1499 - setPackage(No Configuration,No Configuration)
2024-02-14 23:57:46,605 [INFO] CADModel:165 - CPN selected for project level
2024-02-14 23:57:46,605 [INFO] CADModel:114 - Register for checkConnection events
2024-02-14 23:57:46,641 [INFO] IPUIPlugin:80 - create IPUIPlugin
2024-02-14 23:57:46,641 [INFO] PluginManager:220 - loadIPPluginJar : add adc
2024-02-14 23:57:46,677 [INFO] IPUIPlugin:80 - create IPUIPlugin
2024-02-14 23:57:46,677 [INFO] PluginManager:220 - loadIPPluginJar : add aes
2024-02-14 23:57:46,718 [INFO] IPUIPlugin:80 - create IPUIPlugin
2024-02-14 23:57:46,718 [INFO] PluginManager:220 - loadIPPluginJar : add can
2024-02-14 23:57:46,740 [INFO] IPUIPlugin:80 - create IPUIPlugin
2024-02-14 23:57:46,740 [INFO] PluginManager:220 - loadIPPluginJar : add comp
2024-02-14 23:57:46,774 [INFO] IPUIPlugin:80 - create IPUIPlugin
2024-02-14 23:57:46,775 [INFO] PluginManager:220 - loadIPPluginJar : add cryp
2024-02-14 23:57:46,805 [INFO] IPUIPlugin:80 - create IPUIPlugin
2024-02-14 23:57:46,805 [INFO] PluginManager:220 - loadIPPluginJar : add dfsdm
2024-02-14 23:57:46,819 [INFO] IPUIPlugin:80 - create IPUIPlugin
2024-02-14 23:57:46,820 [INFO] PluginManager:220 - loadIPPluginJar : add dma
2024-02-14 23:57:46,864 [INFO] IPUIPlugin:80 - create IPUIPlugin
2024-02-14 23:57:46,864 [INFO] PluginManager:220 - loadIPPluginJar : add dma3
2024-02-14 23:57:46,886 [INFO] IPUIPlugin:80 - create IPUIPlugin
2024-02-14 23:57:46,886 [INFO] PluginManager:220 - loadIPPluginJar : add fatfs
2024-02-14 23:57:46,940 [INFO] IPUIPlugin:80 - create IPUIPlugin
2024-02-14 23:57:46,940 [INFO] PluginManager:220 - loadIPPluginJar : add fmc
2024-02-14 23:57:46,956 [INFO] IPUIPlugin:80 - create IPUIPlugin
2024-02-14 23:57:46,956 [INFO] PluginManager:220 - loadIPPluginJar : add freertos
2024-02-14 23:57:46,977 [INFO] IPUIPlugin:80 - create IPUIPlugin
2024-02-14 23:57:46,977 [INFO] PluginManager:220 - loadIPPluginJar : add genericplugin
2024-02-14 23:57:47,075 [INFO] IPUIPlugin:80 - create IPUIPlugin
2024-02-14 23:57:47,075 [INFO] PluginManager:220 - loadIPPluginJar : add gfxmmu
2024-02-14 23:57:47,209 [INFO] IPUIPlugin:80 - create IPUIPlugin
2024-02-14 23:57:47,209 [INFO] PluginManager:220 - loadIPPluginJar : add gic
2024-02-14 23:57:47,222 [INFO] IPUIPlugin:80 - create IPUIPlugin
2024-02-14 23:57:47,222 [INFO] PluginManager:220 - loadIPPluginJar : add gpio
2024-02-14 23:57:47,320 [INFO] IPUIPlugin:80 - create IPUIPlugin
2024-02-14 23:57:47,320 [INFO] PluginManager:220 - loadIPPluginJar : add gtzc
2024-02-14 23:57:47,353 [INFO] IPUIPlugin:80 - create IPUIPlugin
2024-02-14 23:57:47,353 [INFO] PluginManager:220 - loadIPPluginJar : add hash
2024-02-14 23:57:47,407 [INFO] IPUIPlugin:80 - create IPUIPlugin
2024-02-14 23:57:47,407 [INFO] PluginManager:220 - loadIPPluginJar : add i2c
2024-02-14 23:57:47,446 [INFO] IPUIPlugin:80 - create IPUIPlugin
2024-02-14 23:57:47,447 [INFO] PluginManager:220 - loadIPPluginJar : add i2s
2024-02-14 23:57:47,489 [INFO] IPUIPlugin:80 - create IPUIPlugin
2024-02-14 23:57:47,489 [INFO] PluginManager:220 - loadIPPluginJar : add i3c
2024-02-14 23:57:47,623 [INFO] IPUIPlugin:80 - create IPUIPlugin
2024-02-14 23:57:47,624 [INFO] PluginManager:220 - loadIPPluginJar : add ipddr
2024-02-14 23:57:47,725 [INFO] IPUIPlugin:80 - create IPUIPlugin
2024-02-14 23:57:47,725 [INFO] PluginManager:220 - loadIPPluginJar : add linkedlist
2024-02-14 23:57:47,763 [INFO] IPUIPlugin:80 - create IPUIPlugin
2024-02-14 23:57:47,764 [INFO] PluginManager:220 - loadIPPluginJar : add lorawan
2024-02-14 23:57:47,805 [INFO] IPUIPlugin:80 - create IPUIPlugin
2024-02-14 23:57:47,806 [INFO] PluginManager:220 - loadIPPluginJar : add ltdc
2024-02-14 23:57:47,823 [INFO] IPUIPlugin:80 - create IPUIPlugin
2024-02-14 23:57:47,823 [INFO] PluginManager:220 - loadIPPluginJar : add mdma
2024-02-14 23:57:47,835 [INFO] IPUIPlugin:80 - create IPUIPlugin
2024-02-14 23:57:47,836 [INFO] PluginManager:220 - loadIPPluginJar : add nvic
2024-02-14 23:57:47,872 [INFO] IPUIPlugin:80 - create IPUIPlugin
2024-02-14 23:57:47,872 [INFO] PluginManager:220 - loadIPPluginJar : add opamp
2024-02-14 23:57:47,932 [INFO] IPUIPlugin:80 - create IPUIPlugin
2024-02-14 23:57:47,932 [INFO] PluginManager:220 - loadIPPluginJar : add openamp
2024-02-14 23:57:47,976 [INFO] IPUIPlugin:80 - create IPUIPlugin
2024-02-14 23:57:47,976 [INFO] PluginManager:220 - loadIPPluginJar : add pdm2pcm
2024-02-14 23:57:47,990 [INFO] IPUIPlugin:80 - create IPUIPlugin
2024-02-14 23:57:47,992 [INFO] PluginManager:220 - loadIPPluginJar : add plateformsettings
2024-02-14 23:57:48,013 [INFO] IPUIPlugin:80 - create IPUIPlugin
2024-02-14 23:57:48,013 [INFO] PluginManager:220 - loadIPPluginJar : add quadspi
2024-02-14 23:57:48,026 [INFO] IPUIPlugin:80 - create IPUIPlugin
2024-02-14 23:57:48,027 [INFO] PluginManager:220 - loadIPPluginJar : add resmgrutility
2024-02-14 23:57:48,079 [INFO] IPUIPlugin:80 - create IPUIPlugin
2024-02-14 23:57:48,079 [INFO] PluginManager:220 - loadIPPluginJar : add sai
2024-02-14 23:57:48,116 [INFO] IPUIPlugin:80 - create IPUIPlugin
2024-02-14 23:57:48,116 [INFO] PluginManager:220 - loadIPPluginJar : add spi
2024-02-14 23:57:48,176 [INFO] IPUIPlugin:80 - create IPUIPlugin
2024-02-14 23:57:48,176 [INFO] PluginManager:220 - loadIPPluginJar : add stm32_wpan
2024-02-14 23:57:48,199 [INFO] IPUIPlugin:80 - create IPUIPlugin
2024-02-14 23:57:48,199 [INFO] PluginManager:220 - loadIPPluginJar : add tim
2024-02-14 23:57:48,258 [INFO] IPUIPlugin:80 - create IPUIPlugin
2024-02-14 23:57:48,258 [INFO] PluginManager:220 - loadIPPluginJar : add touchsensing
2024-02-14 23:57:48,285 [INFO] IPUIPlugin:80 - create IPUIPlugin
2024-02-14 23:57:48,285 [INFO] PluginManager:220 - loadIPPluginJar : add tracer_emb
2024-02-14 23:57:48,311 [INFO] IPUIPlugin:80 - create IPUIPlugin
2024-02-14 23:57:48,311 [INFO] PluginManager:220 - loadIPPluginJar : add ts
2024-02-14 23:57:48,334 [INFO] IPUIPlugin:80 - create IPUIPlugin
2024-02-14 23:57:48,334 [INFO] PluginManager:220 - loadIPPluginJar : add tsc
2024-02-14 23:57:48,357 [INFO] IPUIPlugin:80 - create IPUIPlugin
2024-02-14 23:57:48,357 [INFO] PluginManager:220 - loadIPPluginJar : add ucpd
2024-02-14 23:57:48,402 [INFO] IPUIPlugin:80 - create IPUIPlugin
2024-02-14 23:57:48,402 [INFO] PluginManager:220 - loadIPPluginJar : add usart
2024-02-14 23:57:48,447 [INFO] IPUIPlugin:80 - create IPUIPlugin
2024-02-14 23:57:48,447 [INFO] PluginManager:220 - loadIPPluginJar : add usbx
2024-02-14 23:57:48,577 [INFO] CADModel:165 - CPN selected for project level
2024-02-14 23:57:48,577 [INFO] CADModel:114 - Register for checkConnection events
2024-02-14 23:57:48,577 [FATAL] Updater:308 - Updater called before beeing initialized
2024-02-14 23:57:48,578 [ERROR] CADModel:125 - Updater not yet initialized, retry later 
2024-02-14 23:57:48,750 [INFO] CADModel:165 - CPN selected for project level
2024-02-14 23:57:48,750 [INFO] CADModel:114 - Register for checkConnection events
2024-02-14 23:57:48,750 [FATAL] Updater:308 - Updater called before beeing initialized
2024-02-14 23:57:48,751 [ERROR] CADModel:125 - Updater not yet initialized, retry later 
2024-02-14 23:57:48,755 [FATAL] Updater:308 - Updater called before beeing initialized
2024-02-14 23:57:48,887 [FATAL] Updater:308 - Updater called before beeing initialized
2024-02-14 23:57:48,900 [INFO] DbMcusAds:53 - JSON generation date=Wed Nov 29 17:52:27 ICT 2023 (1701255147200)
2024-02-14 23:57:48,900 [FATAL] Updater:308 - Updater called before beeing initialized
2024-02-14 23:57:48,905 [INFO] ThirdPartyUpdaterWithRetryManager:70 - Updater plugin not ready yet. [2/15]
2024-02-14 23:57:48,946 [WARN] DetailPanel:346 - Failed to get advertising image, set to default
2024-02-14 23:57:49,046 [FATAL] Updater:308 - Updater called before beeing initialized
2024-02-14 23:57:49,048 [FATAL] Updater:308 - Updater called before beeing initialized
2024-02-14 23:57:49,048 [FATAL] Updater:308 - Updater called before beeing initialized
2024-02-14 23:57:49,048 [WARN] DetailPanel:346 - Failed to get advertising image, set to default
2024-02-14 23:57:49,049 [FATAL] Updater:308 - Updater called before beeing initialized
2024-02-14 23:57:49,119 [ERROR] Updater:1120 - MainUpdater not yet initialized. External WinMGr cannot be set.
2024-02-14 23:57:49,131 [INFO] Updater:1056 - Updater Version found : 6.9.0
2024-02-14 23:57:49,154 [INFO] ApplicationProperties:184 - Using Application install path: C:\ST\STM32CubeIDE_1.13.0\STM32CubeIDE\plugins\com.st.stm32cube.common.mx_6.9.0.202307051724
2024-02-14 23:57:49,381 [INFO] MainUpdater:2868 - connection check result : 10
2024-02-14 23:57:49,383 [INFO] MainUpdater:285 - Updater Check For Update Now.
2024-02-14 23:57:49,383 [INFO] MicroXplorer:498 - Change Database Version : DB.6.0.90
2024-02-14 23:57:49,401 [INFO] McuFinderGlobals:63 - Set McuFinder mode to 2 (CubeIDE integrated)
2024-02-14 23:57:49,633 [INFO] CheckServerUpdateThread:120 - End of CheckServer Thread
2024-02-14 23:57:52,128 [WARN] PackLoader:240 - Cannot read IP mode file for STMicroelectronics.X-CUBE-SMBUS.2.1.0
2024-02-14 23:57:52,143 [WARN] PackLoader:240 - Cannot read IP mode file for STMicroelectronics.X-CUBE-TOUCHGFX.4.23.0
2024-02-14 23:57:52,186 [WARN] PackLoader:240 - Cannot read IP mode file for STMicroelectronics.X-CUBE-AZRTOS-F7.1.1.0
2024-02-14 23:57:52,206 [WARN] PackLoader:240 - Cannot read IP mode file for STMicroelectronics.FP-SNS-MOTENV1.4.3.2
2024-02-14 23:57:52,226 [WARN] PackLoader:240 - Cannot read IP mode file for STMicroelectronics.X-CUBE-BLE1.6.2.4
2024-02-14 23:57:52,239 [WARN] PackLoader:240 - Cannot read IP mode file for STMicroelectronics.FP-SNS-FLIGHT1.5.0.2
2024-02-14 23:57:52,259 [WARN] PackLoader:240 - Cannot read IP mode file for STMicroelectronics.X-CUBE-DISPLAY.3.0.0
2024-02-14 23:57:52,278 [WARN] PackLoader:240 - Cannot read IP mode file for STMicroelectronics.X-CUBE-BLE1.7.0.0
2024-02-14 23:57:52,291 [WARN] PackLoader:240 - Cannot read IP mode file for emotas.I-CUBE-CANOPEN.1.3.0
2024-02-14 23:57:52,306 [WARN] PackLoader:240 - Cannot read IP mode file for STMicroelectronics.X-CUBE-TOUCHGFX.4.22.0
2024-02-14 23:57:52,321 [WARN] PackLoader:240 - Cannot read IP mode file for STMicroelectronics.X-CUBE-TOUCHGFX.4.22.1
2024-02-14 23:57:52,396 [WARN] PackLoader:240 - Cannot read IP mode file for STMicroelectronics.X-CUBE-MEMS1.9.3.0
2024-02-14 23:57:52,578 [WARN] PackLoader:240 - Cannot read IP mode file for STMicroelectronics.FP-SNS-SMARTAG2.1.2.0
2024-02-14 23:57:52,600 [INFO] LogOutputStream:77 - [STDOUT_REDIRECT] 1 : Invalid condition id : UX_CORESTACK_Condition cause : null
2024-02-14 23:57:52,601 [INFO] LogOutputStream:77 - [STDOUT_REDIRECT] 1 : Invalid condition id : UX_CORESTACK_Condition cause : null
2024-02-14 23:57:52,602 [INFO] LogOutputStream:77 - [STDOUT_REDIRECT] 1 : Invalid condition id : UX_CORESTACK_Condition cause : null
2024-02-14 23:57:52,603 [INFO] LogOutputStream:77 - [STDOUT_REDIRECT] 1 : Invalid condition id : UX_CORESTACK_Condition cause : null
2024-02-14 23:57:52,605 [INFO] LogOutputStream:77 - [STDOUT_REDIRECT] 1 : Invalid condition id : UX_CORESTACK_Condition cause : null
2024-02-14 23:57:52,608 [WARN] PackLoader:240 - Cannot read IP mode file for STMicroelectronics.X-CUBE-AZRTOS-WL.2.0.0
2024-02-14 23:57:52,628 [WARN] PackLoader:240 - Cannot read IP mode file for WES.I-CUBE-Cesium.1.3.0
2024-02-14 23:57:52,640 [WARN] PackLoader:240 - Cannot read IP mode file for STMicroelectronics.X-CUBE-BLE2.3.3.0
2024-02-14 23:57:52,662 [WARN] PackLoader:240 - Cannot read IP mode file for STMicroelectronics.X-CUBE-TOF1.3.2.0
2024-02-14 23:57:52,682 [WARN] PackLoader:240 - Cannot read IP mode file for STMicroelectronics.X-CUBE-ISPU.1.0.0
2024-02-14 23:57:52,694 [WARN] PackLoader:240 - Cannot read IP mode file for STMicroelectronics.X-CUBE-TOUCHGFX.4.21.1
2024-02-14 23:57:52,755 [WARN] PackLoader:240 - Cannot read IP mode file for STMicroelectronics.X-CUBE-MEMS1.9.4.0
2024-02-14 23:57:52,912 [WARN] PackLoader:240 - Cannot read IP mode file for STMicroelectronics.X-CUBE-AI.7.3.0
2024-02-14 23:57:52,927 [WARN] PackLoader:240 - Cannot read IP mode file for STMicroelectronics.X-CUBE-ALGOBUILD.1.3.0
2024-02-14 23:57:52,968 [WARN] PackLoader:240 - Cannot read IP mode file for STMicroelectronics.X-CUBE-AZRTOS-G0.1.1.0
2024-02-14 23:57:52,988 [WARN] PackLoader:240 - Cannot read IP mode file for STMicroelectronics.X-CUBE-NFC4.3.0.0
2024-02-14 23:57:53,006 [WARN] PackLoader:240 - Cannot read IP mode file for STMicroelectronics.X-CUBE-BLEMGR.3.0.0
2024-02-14 23:57:53,025 [WARN] PackLoader:240 - Cannot read IP mode file for STMicroelectronics.X-CUBE-BLEMGR.1.3.0
2024-02-14 23:57:53,039 [WARN] PackLoader:240 - Cannot read IP mode file for STMicroelectronics.FP-ATR-SIGFOX1.3.2.0
2024-02-14 23:57:53,055 [WARN] PackLoader:240 - Cannot read IP mode file for STMicroelectronics.X-CUBE-EEPRMA1.5.1.0
2024-02-14 23:57:53,070 [WARN] PackLoader:240 - Cannot read IP mode file for STMicroelectronics.X-CUBE-TOUCHGFX.4.20.0
2024-02-14 23:57:53,120 [WARN] PackLoader:240 - Cannot read IP mode file for SEGGER.I-CUBE-embOS.1.3.1
2024-02-14 23:57:53,203 [WARN] PackLoader:240 - Cannot read IP mode file for STMicroelectronics.X-CUBE-GNSS1.6.0.0
2024-02-14 23:57:53,263 [WARN] PackLoader:240 - Cannot read IP mode file for STMicroelectronics.X-CUBE-AZRTOS-F4.1.1.0
2024-02-14 23:57:53,287 [WARN] PackLoader:240 - Cannot read IP mode file for wolfSSL.I-CUBE-wolfSSL.5.6.6
2024-02-14 23:57:53,307 [WARN] PackLoader:240 - Cannot read IP mode file for STMicroelectronics.X-CUBE-BLEMGR.1.2.0
2024-02-14 23:57:53,342 [WARN] PackLoader:240 - Cannot read IP mode file for STMicroelectronics.X-CUBE-AZRTOS-L5.2.0.0
2024-02-14 23:57:53,400 [WARN] PackLoader:240 - Cannot read IP mode file for STMicroelectronics.X-CUBE-MEMS1.9.6.0
2024-02-14 23:57:53,578 [WARN] PackLoader:240 - Cannot read IP mode file for STMicroelectronics.X-CUBE-EEPRMA1.4.2.0
2024-02-14 23:57:53,592 [WARN] PackLoader:240 - Cannot read IP mode file for ITTIA_DB.I-CUBE-ITTIADB.8.8.0
2024-02-14 23:57:53,608 [WARN] PackLoader:240 - Cannot read IP mode file for STMicroelectronics.X-CUBE-BLEMGR.2.0.0
2024-02-14 23:57:53,638 [WARN] ConditionMgr:438 - getConditionDescription Invalid condition id : UX DEVICE CLASS RTOS Condition cause : null
2024-02-14 23:57:53,638 [WARN] ConditionMgr:438 - getConditionDescription Invalid condition id : UX DEVICE CLASS RTOS Condition cause : null
2024-02-14 23:57:53,641 [WARN] PackLoader:240 - Cannot read IP mode file for STMicroelectronics.X-CUBE-AZRTOS-H7.3.1.0
2024-02-14 23:57:53,642 [WARN] ConditionMgr:1039 - genDependencies : Invalid condition id : UX DEVICE CLASS RTOS Condition cause : null
2024-02-14 23:57:53,642 [WARN] ConditionMgr:1039 - genDependencies : Invalid condition id : UX DEVICE CLASS RTOS Condition cause : null
2024-02-14 23:57:53,643 [WARN] ConditionMgr:1039 - genDependencies : Invalid condition id : UX DEVICE CLASS RTOS Condition cause : null
2024-02-14 23:57:53,643 [WARN] ConditionMgr:1039 - genDependencies : Invalid condition id : UX DEVICE CLASS RTOS Condition cause : null
2024-02-14 23:57:53,643 [WARN] ConditionMgr:1039 - genDependencies : Invalid condition id : UX DEVICE CLASS RTOS Condition cause : null
2024-02-14 23:57:53,657 [WARN] PackLoader:240 - Cannot read IP mode file for STMicroelectronics.X-CUBE-NFC7.1.0.1
2024-02-14 23:57:53,673 [WARN] PackLoader:240 - Cannot read IP mode file for STMicroelectronics.X-CUBE-NFC6.3.0.0
2024-02-14 23:57:53,688 [WARN] PackLoader:240 - Cannot read IP mode file for STMicroelectronics.X-CUBE-EEPRMA1.4.1.0
2024-02-14 23:57:53,703 [WARN] PackLoader:240 - Cannot read IP mode file for STMicroelectronics.X-CUBE-AI.8.1.0
2024-02-14 23:57:53,735 [WARN] ConditionMgr:438 - getConditionDescription Invalid condition id : LAN8742 Phy interface Condition cause : null
2024-02-14 23:57:53,736 [WARN] PackLoader:240 - Cannot read IP mode file for STMicroelectronics.X-CUBE-AZRTOS-L4.2.0.0
2024-02-14 23:57:53,738 [WARN] ConditionMgr:1039 - genDependencies : Invalid condition id : LAN8742 Phy interface Condition cause : null
2024-02-14 23:57:53,738 [WARN] ConditionMgr:1039 - genDependencies : Invalid condition id : LAN8742 Phy interface Condition cause : null
2024-02-14 23:57:53,739 [WARN] ConditionMgr:1039 - genDependencies : Invalid condition id : LAN8742 Phy interface Condition cause : null
2024-02-14 23:57:53,756 [WARN] PackLoader:240 - Cannot read IP mode file for STMicroelectronics.X-CUBE-SFXS2LP1.4.0.0
2024-02-14 23:57:53,798 [WARN] PackLoader:240 - Cannot read IP mode file for STMicroelectronics.X-CUBE-AZRTOS-H7.3.0.0
2024-02-14 23:57:53,820 [WARN] PackLoader:240 - Cannot read IP mode file for STMicroelectronics.X-CUBE-ISPU.1.1.0
2024-02-14 23:57:53,861 [WARN] ConditionMgr:438 - getConditionDescription Invalid condition id : UX DEVICE CLASS RTOS Condition cause : null
2024-02-14 23:57:53,861 [WARN] ConditionMgr:438 - getConditionDescription Invalid condition id : UX DEVICE CLASS RTOS Condition cause : null
2024-02-14 23:57:53,864 [WARN] PackLoader:240 - Cannot read IP mode file for STMicroelectronics.X-CUBE-AZRTOS-WB.2.0.0
2024-02-14 23:57:53,864 [WARN] ConditionMgr:1039 - genDependencies : Invalid condition id : UX DEVICE CLASS RTOS Condition cause : null
2024-02-14 23:57:53,864 [WARN] ConditionMgr:1039 - genDependencies : Invalid condition id : UX DEVICE CLASS RTOS Condition cause : null
2024-02-14 23:57:53,865 [WARN] ConditionMgr:1039 - genDependencies : Invalid condition id : UX DEVICE CLASS RTOS Condition cause : null
2024-02-14 23:57:53,865 [WARN] ConditionMgr:1039 - genDependencies : Invalid condition id : UX DEVICE CLASS RTOS Condition cause : null
2024-02-14 23:57:53,865 [WARN] ConditionMgr:1039 - genDependencies : Invalid condition id : UX DEVICE CLASS RTOS Condition cause : null
2024-02-14 23:57:53,883 [WARN] PackLoader:240 - Cannot read IP mode file for STMicroelectronics.X-CUBE-FREERTOS.1.0.1
2024-02-14 23:57:53,928 [WARN] PackLoader:240 - Cannot read IP mode file for STMicroelectronics.X-CUBE-AZRTOS-L5.1.1.0
2024-02-14 23:57:53,945 [WARN] PackLoader:240 - Cannot read IP mode file for STMicroelectronics.X-CUBE-AI.8.0.1
2024-02-14 23:57:53,967 [WARN] PackLoader:240 - Cannot read IP mode file for STMicroelectronics.X-CUBE-SUBG2.5.0.0
2024-02-14 23:57:53,994 [WARN] PackLoader:240 - Cannot read IP mode file for STMicroelectronics.X-CUBE-TOF1.3.3.1
2024-02-14 23:57:54,027 [WARN] PackLoader:240 - Cannot read IP mode file for STMicroelectronics.X-CUBE-AZRTOS-G4.2.0.0
2024-02-14 23:57:54,042 [WARN] PackLoader:240 - Cannot read IP mode file for STMicroelectronics.FP-ATR-ASTRA1.1.1.1
2024-02-14 23:57:54,066 [WARN] PackLoader:240 - Cannot read IP mode file for Infineon.AIROC-Wi-Fi-Bluetooth-STM32.1.5.1
2024-02-14 23:57:54,081 [WARN] PackLoader:240 - Cannot read IP mode file for STMicroelectronics.FP-SNS-MOTENVWB1.1.3.0
2024-02-14 23:57:54,093 [WARN] PackLoader:240 - Cannot read IP mode file for STMicroelectronics.FP-SNS-MOTENVWB1.1.3.1
2024-02-14 23:57:54,105 [WARN] PackLoader:240 - Cannot read IP mode file for STMicroelectronics.X-CUBE-ISPU.2.0.0
2024-02-14 23:57:54,152 [WARN] PackLoader:240 - Cannot read IP mode file for STMicroelectronics.X-CUBE-MEMS1.10.0.0
2024-02-14 23:57:54,288 [WARN] PackLoader:240 - Cannot read IP mode file for STMicroelectronics.X-CUBE-FREERTOS.1.1.0
2024-02-14 23:57:54,303 [WARN] PackLoader:240 - Cannot read IP mode file for portGmbH.I-Cube-SoM-uGOAL.1.1.0
2024-02-14 23:57:54,315 [WARN] PackLoader:240 - Cannot read IP mode file for STMicroelectronics.X-CUBE-ALS.1.0.1
2024-02-14 23:57:54,343 [WARN] PackLoader:240 - Cannot read IP mode file for STMicroelectronics.X-CUBE-AZRTOS-WB.1.1.0
2024-02-14 23:57:54,359 [WARN] PackLoader:240 - Cannot read IP mode file for STMicroelectronics.FP-ATR-ASTRA1.2.0.0
2024-02-14 23:57:54,379 [WARN] PackLoader:240 - Cannot read IP mode file for STMicroelectronics.X-CUBE-TOF1.3.4.0
2024-02-14 23:57:54,421 [WARN] PackLoader:240 - Cannot read IP mode file for STMicroelectronics.X-CUBE-AZRTOS-H7.3.2.0
2024-02-14 23:57:54,423 [INFO] ThirdParty:978 - Integrity check success = true
2024-02-14 23:57:54,423 [INFO] IntegrityCheckThread:100 - exiting critical section [integrity check]
2024-02-14 23:57:54,423 [INFO] IntegrityCheckThread:103 - End integrity checks thread
2024-02-14 23:58:10,652 [ERROR] LogOutputStream:75 - [STDERR_REDIRECT] SLF4J: Failed to load class "org.slf4j.impl.StaticLoggerBinder".
2024-02-14 23:58:10,653 [ERROR] LogOutputStream:75 - [STDERR_REDIRECT] SLF4J: Defaulting to no-operation (NOP) logger implementation
2024-02-14 23:58:10,655 [ERROR] LogOutputStream:75 - [STDERR_REDIRECT] SLF4J: See http://www.slf4j.org/codes.html#StaticLoggerBinder for further details.
