2024-02-16 11:48:38,841 [INFO] Activator:176 - 


2024-02-16 11:48:38,852 [INFO] Activator:177 - !SESSION log4j initialized
2024-02-16 11:48:48,967 [INFO] LogOutputStream:77 - [STDOUT_REDIRECT] 
2024-02-16 11:48:56,745 [INFO] ApplicationProperties:184 - Using Application install path: C:\ST\STM32CubeIDE_1.13.0\STM32CubeIDE\plugins\com.st.stm32cube.common.mx_6.9.0.202307051724
2024-02-16 11:48:56,779 [INFO] DbMcusXml:78 - Set database path to: C:\ST\STM32CubeIDE_1.13.0\STM32CubeIDE\plugins\com.st.stm32cube.common.mx_6.9.0.202307051724\\db\/mcu/
2024-02-16 11:48:56,780 [INFO] ApiDb:274 - Set plugin database path to: C:\ST\STM32CubeIDE_1.13.0\STM32CubeIDE\plugins\com.st.stm32cube.common.mx_6.9.0.202307051724\\db\/plugins/boardmanager/
2024-02-16 11:48:56,781 [WARN] ApiDb:259 - Overriding images path with different value:  => C:\ST\STM32CubeIDE_1.13.0\STM32CubeIDE\plugins\com.st.stm32cube.common.mx_6.9.0.202307051724\\db\/plugins/mcufinder/images/
2024-02-16 11:48:56,809 [INFO] ApiDb:250 - Set database path to: C:\Users\admin\.stmcufinder\plugins\mcufinder//mcu/
2024-02-16 11:48:56,810 [INFO] DbMcusAds:125 - Set database path to: C:\Users\admin\.stmcufinder\plugins\mcufinder//mcu/
2024-02-16 11:48:56,814 [INFO] CrossReferenceDbSqlite:203 - Set database path to: C:\Users\admin\.stmcufinder\plugins\mcufinder//mcu/cs/
2024-02-16 11:48:57,025 [INFO] RulesReader:64 - Compatibility file has been processed (293 Rules)
2024-02-16 11:48:57,148 [INFO] DbMcusXml:78 - Set database path to: C:\ST\STM32CubeIDE_1.13.0\STM32CubeIDE\plugins\com.st.stm32cube.common.mx_6.9.0.202307051724\\db\/mcu/
2024-02-16 11:48:57,148 [INFO] ApiDb:274 - Set plugin database path to: C:\ST\STM32CubeIDE_1.13.0\STM32CubeIDE\plugins\com.st.stm32cube.common.mx_6.9.0.202307051724\\db\/plugins/boardmanager/
2024-02-16 11:48:57,149 [INFO] ApiDb:261 - Set plugin images path to: C:\ST\STM32CubeIDE_1.13.0\STM32CubeIDE\plugins\com.st.stm32cube.common.mx_6.9.0.202307051724\\db\/plugins/mcufinder/images/
2024-02-16 11:48:57,149 [WARN] DbFile:41 - Overriding database path with different value: C:\Users\admin\.stmcufinder\plugins\mcufinder/ => C:\Users\admin\.stmcufinder\plugins\mcufinder
2024-02-16 11:48:57,149 [INFO] ApiDb:250 - Set database path to: C:\Users\admin\.stmcufinder\plugins\mcufinder//mcu/
2024-02-16 11:48:57,149 [WARN] DbFile:41 - Overriding database path with different value: C:\Users\admin\.stmcufinder\plugins\mcufinder/ => C:\Users\admin\.stmcufinder\plugins\mcufinder
2024-02-16 11:48:57,149 [INFO] DbMcusAds:125 - Set database path to: C:\Users\admin\.stmcufinder\plugins\mcufinder//mcu/
2024-02-16 11:48:57,150 [WARN] DbFile:41 - Overriding database path with different value: C:\Users\admin\.stmcufinder\plugins\mcufinder/ => C:\Users\admin\.stmcufinder\plugins\mcufinder
2024-02-16 11:48:57,150 [WARN] DbFile:41 - Overriding database path with different value: C:\Users\admin\.stmcufinder\plugins\mcufinder/ => C:\Users\admin\.stmcufinder\plugins\mcufinder
2024-02-16 11:48:57,150 [INFO] CrossReferenceDbSqlite:203 - Set database path to: C:\Users\admin\.stmcufinder\plugins\mcufinder//mcu/cs/
2024-02-16 11:48:57,252 [INFO] MainPanel:262 - HeapMemory: 268435456
2024-02-16 11:48:57,377 [INFO] DbMcusXml:78 - Set database path to: C:\ST\STM32CubeIDE_1.13.0\STM32CubeIDE\plugins\com.st.stm32cube.common.mx_6.9.0.202307051724\\db\/mcu/
2024-02-16 11:48:57,377 [INFO] ApiDb:274 - Set plugin database path to: C:\ST\STM32CubeIDE_1.13.0\STM32CubeIDE\plugins\com.st.stm32cube.common.mx_6.9.0.202307051724\\db\/plugins/boardmanager/
2024-02-16 11:48:57,377 [INFO] ApiDb:261 - Set plugin images path to: C:\ST\STM32CubeIDE_1.13.0\STM32CubeIDE\plugins\com.st.stm32cube.common.mx_6.9.0.202307051724\\db\/plugins/mcufinder/images/
2024-02-16 11:48:57,378 [WARN] DbFile:41 - Overriding database path with different value: C:\Users\admin\.stmcufinder\plugins\mcufinder/ => C:\Users\admin\.stmcufinder\plugins\mcufinder
2024-02-16 11:48:57,378 [INFO] ApiDb:250 - Set database path to: C:\Users\admin\.stmcufinder\plugins\mcufinder//mcu/
2024-02-16 11:48:57,378 [WARN] DbFile:41 - Overriding database path with different value: C:\Users\admin\.stmcufinder\plugins\mcufinder/ => C:\Users\admin\.stmcufinder\plugins\mcufinder
2024-02-16 11:48:57,378 [INFO] DbMcusAds:125 - Set database path to: C:\Users\admin\.stmcufinder\plugins\mcufinder//mcu/
2024-02-16 11:48:57,378 [WARN] DbFile:41 - Overriding database path with different value: C:\Users\admin\.stmcufinder\plugins\mcufinder/ => C:\Users\admin\.stmcufinder\plugins\mcufinder
2024-02-16 11:48:57,378 [WARN] DbFile:41 - Overriding database path with different value: C:\Users\admin\.stmcufinder\plugins\mcufinder/ => C:\Users\admin\.stmcufinder\plugins\mcufinder
2024-02-16 11:48:57,379 [INFO] CrossReferenceDbSqlite:203 - Set database path to: C:\Users\admin\.stmcufinder\plugins\mcufinder//mcu/cs/
2024-02-16 11:48:57,401 [INFO] ApplicationProperties:184 - Using Application install path: C:\ST\STM32CubeIDE_1.13.0\STM32CubeIDE\plugins\com.st.stm32cube.common.mx_6.9.0.202307051724
2024-02-16 11:48:57,404 [INFO] PluginManage:196 - Search for loadable plugins [exclusion list=, ]
2024-02-16 11:48:57,406 [INFO] PluginManage:310 - Check plugin analytics
2024-02-16 11:49:02,659 [INFO] AnalyticsPlugin:253 - Accepted Software Licenses: STM32CubeMX.6.9.1
2024-02-16 11:49:02,659 [INFO] AnalyticsPlugin:255 - Accepted CMSIS Pack Licenses: 
2024-02-16 11:49:02,660 [INFO] AnalyticsPlugin:257 - Accepted Firmware Licenses: 
2024-02-16 11:49:02,663 [INFO] PluginManage:359 - Loaded plugin analytics (category:tool,tabindex:-1)
2024-02-16 11:49:02,666 [INFO] PluginManage:310 - Check plugin cadmodel
2024-02-16 11:49:02,687 [INFO] CADModel:105 - Init CAD model plugin
2024-02-16 11:49:02,687 [INFO] PluginManage:359 - Loaded plugin cadmodel (category:power,tabindex:5)
2024-02-16 11:49:02,687 [INFO] PluginManage:310 - Check plugin clock
2024-02-16 11:49:02,712 [INFO] PluginManage:359 - Loaded plugin clock (category:base,tabindex:2)
2024-02-16 11:49:02,712 [INFO] PluginManage:310 - Check plugin ddr
2024-02-16 11:49:02,715 [INFO] PluginManage:359 - Loaded plugin ddr (category:tool,tabindex:6)
2024-02-16 11:49:02,715 [INFO] PluginManage:310 - Check plugin filemanager
2024-02-16 11:49:02,939 [INFO] PluginManage:359 - Loaded plugin filemanager (category:base,tabindex:10)
2024-02-16 11:49:02,940 [INFO] PluginManage:310 - Check plugin ipmanager
2024-02-16 11:49:02,946 [INFO] PluginManage:359 - Loaded plugin ipmanager (category:base,tabindex:5)
2024-02-16 11:49:02,947 [INFO] PluginManage:310 - Check plugin lpbam
2024-02-16 11:49:02,965 [INFO] PluginManage:359 - Loaded plugin lpbam (category:base,tabindex:0)
2024-02-16 11:49:02,965 [INFO] PluginManage:310 - Check plugin memorymap
2024-02-16 11:49:02,990 [INFO] PluginManage:359 - Loaded plugin memorymap (category:base,tabindex:4)
2024-02-16 11:49:02,990 [INFO] PluginManage:310 - Check plugin pinoutandconfiguration
2024-02-16 11:49:03,011 [INFO] PluginManage:359 - Loaded plugin pinoutandconfiguration (category:base,tabindex:1)
2024-02-16 11:49:03,011 [INFO] PluginManage:310 - Check plugin pinoutconfig
2024-02-16 11:49:03,141 [WARN] SupportedApi:132 - Cannot load RTOS API schema: s4s-elt-must-match.1: The content of 'definitions' must match (annotation?, (simpleType | complexType)?, (unique | key | keyref)*)). A problem was found starting at: attribute.
2024-02-16 11:49:03,314 [INFO] PluginManage:359 - Loaded plugin pinoutconfig (category:base,tabindex:0)
2024-02-16 11:49:03,314 [INFO] PluginManage:310 - Check plugin power
2024-02-16 11:49:03,345 [INFO] PluginManage:359 - Loaded plugin power (category:power,tabindex:4)
2024-02-16 11:49:03,345 [INFO] PluginManage:310 - Check plugin projectmanager
2024-02-16 11:49:03,359 [INFO] PluginManage:359 - Loaded plugin projectmanager (category:projectmanager,tabindex:3)
2024-02-16 11:49:03,359 [INFO] PluginManage:310 - Check plugin thirdparty
2024-02-16 11:49:03,692 [INFO] PluginManage:359 - Loaded plugin thirdparty (category:base,tabindex:-1)
2024-02-16 11:49:03,692 [WARN] IntegrityCheckThread:84 - waiting for thirdparty lock release [integrity check]
2024-02-16 11:49:03,692 [INFO] IntegrityCheckThread:86 - entering critical section [integrity check]
2024-02-16 11:49:03,692 [INFO] PluginManage:310 - Check plugin tools
2024-02-16 11:49:03,693 [INFO] ThirdPartyUpdaterWithRetryManager:70 - Updater plugin not ready yet. [1/15]
2024-02-16 11:49:03,737 [INFO] PluginManage:359 - Loaded plugin tools (category:base,tabindex:7)
2024-02-16 11:49:03,737 [INFO] PluginManage:310 - Check plugin tutovideos
2024-02-16 11:49:03,982 [INFO] PluginManage:359 - Loaded plugin tutovideos (category:base,tabindex:-1)
2024-02-16 11:49:03,982 [INFO] PluginManage:310 - Check plugin updater
2024-02-16 11:49:03,994 [INFO] PluginManage:359 - Loaded plugin updater (category:base,tabindex:12)
2024-02-16 11:49:03,994 [INFO] PluginManage:310 - Check plugin userauth
2024-02-16 11:49:04,004 [INFO] UserAuth:113 - Init User Auth plugin
2024-02-16 11:49:04,004 [INFO] PluginManage:359 - Loaded plugin userauth (category:base,tabindex:14)
2024-02-16 11:49:04,005 [INFO] PluginManage:283 - PluginManage : Loaded plugins [17]
2024-02-16 11:49:04,274 [INFO] PinOutPanel:1499 - setPackage(No Configuration,No Configuration)
2024-02-16 11:49:04,406 [INFO] CADModel:165 - CPN selected for project level
2024-02-16 11:49:04,406 [INFO] CADModel:114 - Register for checkConnection events
2024-02-16 11:49:04,436 [INFO] IPUIPlugin:80 - create IPUIPlugin
2024-02-16 11:49:04,436 [INFO] PluginManager:220 - loadIPPluginJar : add adc
2024-02-16 11:49:04,474 [INFO] IPUIPlugin:80 - create IPUIPlugin
2024-02-16 11:49:04,475 [INFO] PluginManager:220 - loadIPPluginJar : add aes
2024-02-16 11:49:04,518 [INFO] IPUIPlugin:80 - create IPUIPlugin
2024-02-16 11:49:04,518 [INFO] PluginManager:220 - loadIPPluginJar : add can
2024-02-16 11:49:04,545 [INFO] IPUIPlugin:80 - create IPUIPlugin
2024-02-16 11:49:04,545 [INFO] PluginManager:220 - loadIPPluginJar : add comp
2024-02-16 11:49:04,582 [INFO] IPUIPlugin:80 - create IPUIPlugin
2024-02-16 11:49:04,582 [INFO] PluginManager:220 - loadIPPluginJar : add cryp
2024-02-16 11:49:04,619 [INFO] IPUIPlugin:80 - create IPUIPlugin
2024-02-16 11:49:04,619 [INFO] PluginManager:220 - loadIPPluginJar : add dfsdm
2024-02-16 11:49:04,637 [INFO] IPUIPlugin:80 - create IPUIPlugin
2024-02-16 11:49:04,638 [INFO] PluginManager:220 - loadIPPluginJar : add dma
2024-02-16 11:49:04,686 [INFO] IPUIPlugin:80 - create IPUIPlugin
2024-02-16 11:49:04,686 [INFO] PluginManager:220 - loadIPPluginJar : add dma3
2024-02-16 11:49:04,709 [INFO] IPUIPlugin:80 - create IPUIPlugin
2024-02-16 11:49:04,709 [INFO] PluginManager:220 - loadIPPluginJar : add fatfs
2024-02-16 11:49:04,759 [INFO] IPUIPlugin:80 - create IPUIPlugin
2024-02-16 11:49:04,759 [INFO] PluginManager:220 - loadIPPluginJar : add fmc
2024-02-16 11:49:04,777 [INFO] IPUIPlugin:80 - create IPUIPlugin
2024-02-16 11:49:04,777 [INFO] PluginManager:220 - loadIPPluginJar : add freertos
2024-02-16 11:49:04,801 [INFO] IPUIPlugin:80 - create IPUIPlugin
2024-02-16 11:49:04,801 [INFO] PluginManager:220 - loadIPPluginJar : add genericplugin
2024-02-16 11:49:04,914 [INFO] IPUIPlugin:80 - create IPUIPlugin
2024-02-16 11:49:04,914 [INFO] PluginManager:220 - loadIPPluginJar : add gfxmmu
2024-02-16 11:49:05,077 [INFO] IPUIPlugin:80 - create IPUIPlugin
2024-02-16 11:49:05,078 [INFO] PluginManager:220 - loadIPPluginJar : add gic
2024-02-16 11:49:05,091 [INFO] IPUIPlugin:80 - create IPUIPlugin
2024-02-16 11:49:05,091 [INFO] PluginManager:220 - loadIPPluginJar : add gpio
2024-02-16 11:49:05,193 [INFO] IPUIPlugin:80 - create IPUIPlugin
2024-02-16 11:49:05,193 [INFO] PluginManager:220 - loadIPPluginJar : add gtzc
2024-02-16 11:49:05,228 [INFO] IPUIPlugin:80 - create IPUIPlugin
2024-02-16 11:49:05,229 [INFO] PluginManager:220 - loadIPPluginJar : add hash
2024-02-16 11:49:05,287 [INFO] IPUIPlugin:80 - create IPUIPlugin
2024-02-16 11:49:05,287 [INFO] PluginManager:220 - loadIPPluginJar : add i2c
2024-02-16 11:49:05,330 [INFO] IPUIPlugin:80 - create IPUIPlugin
2024-02-16 11:49:05,330 [INFO] PluginManager:220 - loadIPPluginJar : add i2s
2024-02-16 11:49:05,378 [INFO] IPUIPlugin:80 - create IPUIPlugin
2024-02-16 11:49:05,378 [INFO] PluginManager:220 - loadIPPluginJar : add i3c
2024-02-16 11:49:05,496 [INFO] IPUIPlugin:80 - create IPUIPlugin
2024-02-16 11:49:05,496 [INFO] PluginManager:220 - loadIPPluginJar : add ipddr
2024-02-16 11:49:05,599 [INFO] IPUIPlugin:80 - create IPUIPlugin
2024-02-16 11:49:05,600 [INFO] PluginManager:220 - loadIPPluginJar : add linkedlist
2024-02-16 11:49:05,639 [INFO] IPUIPlugin:80 - create IPUIPlugin
2024-02-16 11:49:05,639 [INFO] PluginManager:220 - loadIPPluginJar : add lorawan
2024-02-16 11:49:05,681 [INFO] IPUIPlugin:80 - create IPUIPlugin
2024-02-16 11:49:05,681 [INFO] PluginManager:220 - loadIPPluginJar : add ltdc
2024-02-16 11:49:05,694 [INFO] IPUIPlugin:80 - create IPUIPlugin
2024-02-16 11:49:05,695 [INFO] PluginManager:220 - loadIPPluginJar : add mdma
2024-02-16 11:49:05,709 [INFO] IPUIPlugin:80 - create IPUIPlugin
2024-02-16 11:49:05,710 [INFO] PluginManager:220 - loadIPPluginJar : add nvic
2024-02-16 11:49:05,749 [INFO] IPUIPlugin:80 - create IPUIPlugin
2024-02-16 11:49:05,749 [INFO] PluginManager:220 - loadIPPluginJar : add opamp
2024-02-16 11:49:05,815 [INFO] IPUIPlugin:80 - create IPUIPlugin
2024-02-16 11:49:05,815 [INFO] PluginManager:220 - loadIPPluginJar : add openamp
2024-02-16 11:49:05,861 [INFO] IPUIPlugin:80 - create IPUIPlugin
2024-02-16 11:49:05,861 [INFO] PluginManager:220 - loadIPPluginJar : add pdm2pcm
2024-02-16 11:49:05,878 [INFO] IPUIPlugin:80 - create IPUIPlugin
2024-02-16 11:49:05,881 [INFO] PluginManager:220 - loadIPPluginJar : add plateformsettings
2024-02-16 11:49:05,904 [INFO] IPUIPlugin:80 - create IPUIPlugin
2024-02-16 11:49:05,904 [INFO] PluginManager:220 - loadIPPluginJar : add quadspi
2024-02-16 11:49:05,920 [INFO] IPUIPlugin:80 - create IPUIPlugin
2024-02-16 11:49:05,920 [INFO] PluginManager:220 - loadIPPluginJar : add resmgrutility
2024-02-16 11:49:05,978 [INFO] IPUIPlugin:80 - create IPUIPlugin
2024-02-16 11:49:05,978 [INFO] PluginManager:220 - loadIPPluginJar : add sai
2024-02-16 11:49:06,018 [INFO] IPUIPlugin:80 - create IPUIPlugin
2024-02-16 11:49:06,019 [INFO] PluginManager:220 - loadIPPluginJar : add spi
2024-02-16 11:49:06,083 [INFO] IPUIPlugin:80 - create IPUIPlugin
2024-02-16 11:49:06,084 [INFO] PluginManager:220 - loadIPPluginJar : add stm32_wpan
2024-02-16 11:49:06,110 [INFO] IPUIPlugin:80 - create IPUIPlugin
2024-02-16 11:49:06,110 [INFO] PluginManager:220 - loadIPPluginJar : add tim
2024-02-16 11:49:06,172 [INFO] IPUIPlugin:80 - create IPUIPlugin
2024-02-16 11:49:06,172 [INFO] PluginManager:220 - loadIPPluginJar : add touchsensing
2024-02-16 11:49:06,195 [INFO] IPUIPlugin:80 - create IPUIPlugin
2024-02-16 11:49:06,195 [INFO] PluginManager:220 - loadIPPluginJar : add tracer_emb
2024-02-16 11:49:06,221 [INFO] IPUIPlugin:80 - create IPUIPlugin
2024-02-16 11:49:06,221 [INFO] PluginManager:220 - loadIPPluginJar : add ts
2024-02-16 11:49:06,248 [INFO] IPUIPlugin:80 - create IPUIPlugin
2024-02-16 11:49:06,248 [INFO] PluginManager:220 - loadIPPluginJar : add tsc
2024-02-16 11:49:06,273 [INFO] IPUIPlugin:80 - create IPUIPlugin
2024-02-16 11:49:06,273 [INFO] PluginManager:220 - loadIPPluginJar : add ucpd
2024-02-16 11:49:06,319 [INFO] IPUIPlugin:80 - create IPUIPlugin
2024-02-16 11:49:06,319 [INFO] PluginManager:220 - loadIPPluginJar : add usart
2024-02-16 11:49:06,369 [INFO] IPUIPlugin:80 - create IPUIPlugin
2024-02-16 11:49:06,369 [INFO] PluginManager:220 - loadIPPluginJar : add usbx
2024-02-16 11:49:06,519 [INFO] CADModel:165 - CPN selected for project level
2024-02-16 11:49:06,519 [INFO] CADModel:114 - Register for checkConnection events
2024-02-16 11:49:06,519 [FATAL] Updater:308 - Updater called before beeing initialized
2024-02-16 11:49:06,520 [ERROR] CADModel:125 - Updater not yet initialized, retry later 
2024-02-16 11:49:06,693 [INFO] ThirdPartyUpdaterWithRetryManager:70 - Updater plugin not ready yet. [2/15]
2024-02-16 11:49:06,723 [INFO] CADModel:165 - CPN selected for project level
2024-02-16 11:49:06,723 [INFO] CADModel:114 - Register for checkConnection events
2024-02-16 11:49:06,723 [FATAL] Updater:308 - Updater called before beeing initialized
2024-02-16 11:49:06,723 [ERROR] CADModel:125 - Updater not yet initialized, retry later 
2024-02-16 11:49:06,727 [FATAL] Updater:308 - Updater called before beeing initialized
2024-02-16 11:49:06,851 [FATAL] Updater:308 - Updater called before beeing initialized
2024-02-16 11:49:06,862 [INFO] DbMcusAds:53 - JSON generation date=Wed Nov 29 17:52:27 ICT 2023 (1701255147200)
2024-02-16 11:49:06,862 [FATAL] Updater:308 - Updater called before beeing initialized
2024-02-16 11:49:06,909 [WARN] DetailPanel:346 - Failed to get advertising image, set to default
2024-02-16 11:49:07,010 [FATAL] Updater:308 - Updater called before beeing initialized
2024-02-16 11:49:07,013 [FATAL] Updater:308 - Updater called before beeing initialized
2024-02-16 11:49:07,013 [FATAL] Updater:308 - Updater called before beeing initialized
2024-02-16 11:49:07,013 [WARN] DetailPanel:346 - Failed to get advertising image, set to default
2024-02-16 11:49:07,014 [FATAL] Updater:308 - Updater called before beeing initialized
2024-02-16 11:49:07,083 [ERROR] Updater:1120 - MainUpdater not yet initialized. External WinMGr cannot be set.
2024-02-16 11:49:07,093 [INFO] Updater:1056 - Updater Version found : 6.9.0
2024-02-16 11:49:07,119 [INFO] ApplicationProperties:184 - Using Application install path: C:\ST\STM32CubeIDE_1.13.0\STM32CubeIDE\plugins\com.st.stm32cube.common.mx_6.9.0.202307051724
2024-02-16 11:49:07,386 [INFO] MainUpdater:2868 - connection check result : 10
2024-02-16 11:49:07,387 [INFO] MainUpdater:285 - Updater Check For Update Now.
2024-02-16 11:49:07,388 [INFO] MicroXplorer:498 - Change Database Version : DB.6.0.90
2024-02-16 11:49:07,416 [INFO] McuFinderGlobals:63 - Set McuFinder mode to 2 (CubeIDE integrated)
2024-02-16 11:49:07,653 [INFO] CheckServerUpdateThread:120 - End of CheckServer Thread
2024-02-16 11:49:09,949 [WARN] PackLoader:240 - Cannot read IP mode file for STMicroelectronics.X-CUBE-SMBUS.2.1.0
2024-02-16 11:49:09,964 [WARN] PackLoader:240 - Cannot read IP mode file for STMicroelectronics.X-CUBE-TOUCHGFX.4.23.0
2024-02-16 11:49:10,024 [WARN] PackLoader:240 - Cannot read IP mode file for STMicroelectronics.X-CUBE-AZRTOS-F7.1.1.0
2024-02-16 11:49:10,053 [WARN] PackLoader:240 - Cannot read IP mode file for STMicroelectronics.FP-SNS-MOTENV1.4.3.2
2024-02-16 11:49:10,080 [WARN] PackLoader:240 - Cannot read IP mode file for STMicroelectronics.X-CUBE-BLE1.6.2.4
2024-02-16 11:49:10,094 [WARN] PackLoader:240 - Cannot read IP mode file for STMicroelectronics.FP-SNS-FLIGHT1.5.0.2
2024-02-16 11:49:10,119 [WARN] PackLoader:240 - Cannot read IP mode file for STMicroelectronics.X-CUBE-DISPLAY.3.0.0
2024-02-16 11:49:10,143 [WARN] PackLoader:240 - Cannot read IP mode file for STMicroelectronics.X-CUBE-BLE1.7.0.0
2024-02-16 11:49:10,159 [WARN] PackLoader:240 - Cannot read IP mode file for emotas.I-CUBE-CANOPEN.1.3.0
2024-02-16 11:49:10,176 [WARN] PackLoader:240 - Cannot read IP mode file for STMicroelectronics.X-CUBE-TOUCHGFX.4.22.0
2024-02-16 11:49:10,190 [WARN] PackLoader:240 - Cannot read IP mode file for STMicroelectronics.X-CUBE-TOUCHGFX.4.22.1
2024-02-16 11:49:10,275 [WARN] PackLoader:240 - Cannot read IP mode file for STMicroelectronics.X-CUBE-MEMS1.9.3.0
2024-02-16 11:49:10,454 [WARN] PackLoader:240 - Cannot read IP mode file for STMicroelectronics.FP-SNS-SMARTAG2.1.2.0
2024-02-16 11:49:10,483 [INFO] LogOutputStream:77 - [STDOUT_REDIRECT] 1 : Invalid condition id : UX_CORESTACK_Condition cause : null
2024-02-16 11:49:10,484 [INFO] LogOutputStream:77 - [STDOUT_REDIRECT] 1 : Invalid condition id : UX_CORESTACK_Condition cause : null
2024-02-16 11:49:10,486 [INFO] LogOutputStream:77 - [STDOUT_REDIRECT] 1 : Invalid condition id : UX_CORESTACK_Condition cause : null
2024-02-16 11:49:10,487 [INFO] LogOutputStream:77 - [STDOUT_REDIRECT] 1 : Invalid condition id : UX_CORESTACK_Condition cause : null
2024-02-16 11:49:10,489 [INFO] LogOutputStream:77 - [STDOUT_REDIRECT] 1 : Invalid condition id : UX_CORESTACK_Condition cause : null
2024-02-16 11:49:10,492 [WARN] PackLoader:240 - Cannot read IP mode file for STMicroelectronics.X-CUBE-AZRTOS-WL.2.0.0
2024-02-16 11:49:10,515 [WARN] PackLoader:240 - Cannot read IP mode file for WES.I-CUBE-Cesium.1.3.0
2024-02-16 11:49:10,530 [WARN] PackLoader:240 - Cannot read IP mode file for STMicroelectronics.X-CUBE-BLE2.3.3.0
2024-02-16 11:49:10,556 [WARN] PackLoader:240 - Cannot read IP mode file for STMicroelectronics.X-CUBE-TOF1.3.2.0
2024-02-16 11:49:10,579 [WARN] PackLoader:240 - Cannot read IP mode file for STMicroelectronics.X-CUBE-ISPU.1.0.0
2024-02-16 11:49:10,590 [WARN] PackLoader:240 - Cannot read IP mode file for STMicroelectronics.X-CUBE-TOUCHGFX.4.21.1
2024-02-16 11:49:10,653 [WARN] PackLoader:240 - Cannot read IP mode file for STMicroelectronics.X-CUBE-MEMS1.9.4.0
2024-02-16 11:49:10,829 [WARN] PackLoader:240 - Cannot read IP mode file for STMicroelectronics.X-CUBE-AI.7.3.0
2024-02-16 11:49:10,851 [WARN] PackLoader:240 - Cannot read IP mode file for STMicroelectronics.X-CUBE-ALGOBUILD.1.3.0
2024-02-16 11:49:10,887 [WARN] PackLoader:240 - Cannot read IP mode file for STMicroelectronics.X-CUBE-AZRTOS-G0.1.1.0
2024-02-16 11:49:10,908 [WARN] PackLoader:240 - Cannot read IP mode file for STMicroelectronics.X-CUBE-NFC4.3.0.0
2024-02-16 11:49:10,932 [WARN] PackLoader:240 - Cannot read IP mode file for STMicroelectronics.X-CUBE-BLEMGR.3.0.0
2024-02-16 11:49:10,951 [WARN] PackLoader:240 - Cannot read IP mode file for STMicroelectronics.X-CUBE-BLEMGR.1.3.0
2024-02-16 11:49:10,965 [WARN] PackLoader:240 - Cannot read IP mode file for STMicroelectronics.FP-ATR-SIGFOX1.3.2.0
2024-02-16 11:49:10,987 [WARN] PackLoader:240 - Cannot read IP mode file for STMicroelectronics.X-CUBE-EEPRMA1.5.1.0
2024-02-16 11:49:11,004 [WARN] PackLoader:240 - Cannot read IP mode file for STMicroelectronics.X-CUBE-TOUCHGFX.4.20.0
2024-02-16 11:49:11,058 [WARN] PackLoader:240 - Cannot read IP mode file for SEGGER.I-CUBE-embOS.1.3.1
2024-02-16 11:49:11,129 [WARN] PackLoader:240 - Cannot read IP mode file for STMicroelectronics.X-CUBE-GNSS1.6.0.0
2024-02-16 11:49:11,167 [WARN] PackLoader:240 - Cannot read IP mode file for STMicroelectronics.X-CUBE-AZRTOS-F4.1.1.0
2024-02-16 11:49:11,189 [WARN] PackLoader:240 - Cannot read IP mode file for wolfSSL.I-CUBE-wolfSSL.5.6.6
2024-02-16 11:49:11,209 [WARN] PackLoader:240 - Cannot read IP mode file for STMicroelectronics.X-CUBE-BLEMGR.1.2.0
2024-02-16 11:49:11,248 [WARN] PackLoader:240 - Cannot read IP mode file for STMicroelectronics.X-CUBE-AZRTOS-L5.2.0.0
2024-02-16 11:49:11,318 [WARN] PackLoader:240 - Cannot read IP mode file for STMicroelectronics.X-CUBE-MEMS1.9.6.0
2024-02-16 11:49:11,486 [WARN] PackLoader:240 - Cannot read IP mode file for STMicroelectronics.X-CUBE-EEPRMA1.4.2.0
2024-02-16 11:49:11,507 [WARN] PackLoader:240 - Cannot read IP mode file for ITTIA_DB.I-CUBE-ITTIADB.8.8.0
2024-02-16 11:49:11,523 [WARN] PackLoader:240 - Cannot read IP mode file for STMicroelectronics.X-CUBE-BLEMGR.2.0.0
2024-02-16 11:49:11,559 [WARN] ConditionMgr:438 - getConditionDescription Invalid condition id : UX DEVICE CLASS RTOS Condition cause : null
2024-02-16 11:49:11,559 [WARN] ConditionMgr:438 - getConditionDescription Invalid condition id : UX DEVICE CLASS RTOS Condition cause : null
2024-02-16 11:49:11,563 [WARN] PackLoader:240 - Cannot read IP mode file for STMicroelectronics.X-CUBE-AZRTOS-H7.3.1.0
2024-02-16 11:49:11,567 [WARN] ConditionMgr:1039 - genDependencies : Invalid condition id : UX DEVICE CLASS RTOS Condition cause : null
2024-02-16 11:49:11,568 [WARN] ConditionMgr:1039 - genDependencies : Invalid condition id : UX DEVICE CLASS RTOS Condition cause : null
2024-02-16 11:49:11,570 [WARN] ConditionMgr:1039 - genDependencies : Invalid condition id : UX DEVICE CLASS RTOS Condition cause : null
2024-02-16 11:49:11,571 [WARN] ConditionMgr:1039 - genDependencies : Invalid condition id : UX DEVICE CLASS RTOS Condition cause : null
2024-02-16 11:49:11,571 [WARN] ConditionMgr:1039 - genDependencies : Invalid condition id : UX DEVICE CLASS RTOS Condition cause : null
2024-02-16 11:49:11,591 [WARN] PackLoader:240 - Cannot read IP mode file for STMicroelectronics.X-CUBE-NFC7.1.0.1
2024-02-16 11:49:11,615 [WARN] PackLoader:240 - Cannot read IP mode file for STMicroelectronics.X-CUBE-NFC6.3.0.0
2024-02-16 11:49:11,631 [WARN] PackLoader:240 - Cannot read IP mode file for STMicroelectronics.X-CUBE-EEPRMA1.4.1.0
2024-02-16 11:49:11,649 [WARN] PackLoader:240 - Cannot read IP mode file for STMicroelectronics.X-CUBE-AI.8.1.0
2024-02-16 11:49:11,685 [WARN] ConditionMgr:438 - getConditionDescription Invalid condition id : LAN8742 Phy interface Condition cause : null
2024-02-16 11:49:11,686 [WARN] PackLoader:240 - Cannot read IP mode file for STMicroelectronics.X-CUBE-AZRTOS-L4.2.0.0
2024-02-16 11:49:11,687 [WARN] ConditionMgr:1039 - genDependencies : Invalid condition id : LAN8742 Phy interface Condition cause : null
2024-02-16 11:49:11,687 [WARN] ConditionMgr:1039 - genDependencies : Invalid condition id : LAN8742 Phy interface Condition cause : null
2024-02-16 11:49:11,688 [WARN] ConditionMgr:1039 - genDependencies : Invalid condition id : LAN8742 Phy interface Condition cause : null
2024-02-16 11:49:11,709 [WARN] PackLoader:240 - Cannot read IP mode file for STMicroelectronics.X-CUBE-SFXS2LP1.4.0.0
2024-02-16 11:49:11,755 [WARN] PackLoader:240 - Cannot read IP mode file for STMicroelectronics.X-CUBE-AZRTOS-H7.3.0.0
2024-02-16 11:49:11,780 [WARN] PackLoader:240 - Cannot read IP mode file for STMicroelectronics.X-CUBE-ISPU.1.1.0
2024-02-16 11:49:11,819 [WARN] ConditionMgr:438 - getConditionDescription Invalid condition id : UX DEVICE CLASS RTOS Condition cause : null
2024-02-16 11:49:11,819 [WARN] ConditionMgr:438 - getConditionDescription Invalid condition id : UX DEVICE CLASS RTOS Condition cause : null
2024-02-16 11:49:11,822 [WARN] PackLoader:240 - Cannot read IP mode file for STMicroelectronics.X-CUBE-AZRTOS-WB.2.0.0
2024-02-16 11:49:11,823 [WARN] ConditionMgr:1039 - genDependencies : Invalid condition id : UX DEVICE CLASS RTOS Condition cause : null
2024-02-16 11:49:11,823 [WARN] ConditionMgr:1039 - genDependencies : Invalid condition id : UX DEVICE CLASS RTOS Condition cause : null
2024-02-16 11:49:11,823 [WARN] ConditionMgr:1039 - genDependencies : Invalid condition id : UX DEVICE CLASS RTOS Condition cause : null
2024-02-16 11:49:11,824 [WARN] ConditionMgr:1039 - genDependencies : Invalid condition id : UX DEVICE CLASS RTOS Condition cause : null
2024-02-16 11:49:11,824 [WARN] ConditionMgr:1039 - genDependencies : Invalid condition id : UX DEVICE CLASS RTOS Condition cause : null
2024-02-16 11:49:11,849 [WARN] PackLoader:240 - Cannot read IP mode file for STMicroelectronics.X-CUBE-FREERTOS.1.0.1
2024-02-16 11:49:11,910 [WARN] PackLoader:240 - Cannot read IP mode file for STMicroelectronics.X-CUBE-AZRTOS-L5.1.1.0
2024-02-16 11:49:11,946 [WARN] PackLoader:240 - Cannot read IP mode file for STMicroelectronics.X-CUBE-AI.8.0.1
2024-02-16 11:49:11,975 [WARN] PackLoader:240 - Cannot read IP mode file for STMicroelectronics.X-CUBE-SUBG2.5.0.0
2024-02-16 11:49:12,006 [WARN] PackLoader:240 - Cannot read IP mode file for STMicroelectronics.X-CUBE-TOF1.3.3.1
2024-02-16 11:49:12,053 [WARN] PackLoader:240 - Cannot read IP mode file for STMicroelectronics.X-CUBE-AZRTOS-G4.2.0.0
2024-02-16 11:49:12,069 [WARN] PackLoader:240 - Cannot read IP mode file for STMicroelectronics.FP-ATR-ASTRA1.1.1.1
2024-02-16 11:49:12,098 [WARN] PackLoader:240 - Cannot read IP mode file for Infineon.AIROC-Wi-Fi-Bluetooth-STM32.1.5.1
2024-02-16 11:49:12,112 [WARN] PackLoader:240 - Cannot read IP mode file for STMicroelectronics.FP-SNS-MOTENVWB1.1.3.0
2024-02-16 11:49:12,129 [WARN] PackLoader:240 - Cannot read IP mode file for STMicroelectronics.FP-SNS-MOTENVWB1.1.3.1
2024-02-16 11:49:12,142 [WARN] PackLoader:240 - Cannot read IP mode file for STMicroelectronics.X-CUBE-ISPU.2.0.0
2024-02-16 11:49:12,209 [WARN] PackLoader:240 - Cannot read IP mode file for STMicroelectronics.X-CUBE-MEMS1.10.0.0
2024-02-16 11:49:12,368 [WARN] PackLoader:240 - Cannot read IP mode file for STMicroelectronics.X-CUBE-FREERTOS.1.1.0
2024-02-16 11:49:12,387 [WARN] PackLoader:240 - Cannot read IP mode file for portGmbH.I-Cube-SoM-uGOAL.1.1.0
2024-02-16 11:49:12,402 [WARN] PackLoader:240 - Cannot read IP mode file for STMicroelectronics.X-CUBE-ALS.1.0.1
2024-02-16 11:49:12,432 [WARN] PackLoader:240 - Cannot read IP mode file for STMicroelectronics.X-CUBE-AZRTOS-WB.1.1.0
2024-02-16 11:49:12,445 [WARN] PackLoader:240 - Cannot read IP mode file for STMicroelectronics.FP-ATR-ASTRA1.2.0.0
2024-02-16 11:49:12,470 [WARN] PackLoader:240 - Cannot read IP mode file for STMicroelectronics.X-CUBE-TOF1.3.4.0
2024-02-16 11:49:12,523 [WARN] PackLoader:240 - Cannot read IP mode file for STMicroelectronics.X-CUBE-AZRTOS-H7.3.2.0
2024-02-16 11:49:12,526 [INFO] ThirdParty:978 - Integrity check success = true
2024-02-16 11:49:12,526 [INFO] IntegrityCheckThread:100 - exiting critical section [integrity check]
2024-02-16 11:49:12,526 [INFO] IntegrityCheckThread:103 - End integrity checks thread
2024-02-16 11:49:28,795 [ERROR] LogOutputStream:75 - [STDERR_REDIRECT] SLF4J: Failed to load class "org.slf4j.impl.StaticLoggerBinder".
2024-02-16 11:49:28,795 [ERROR] LogOutputStream:75 - [STDERR_REDIRECT] SLF4J: Defaulting to no-operation (NOP) logger implementation
2024-02-16 11:49:28,798 [ERROR] LogOutputStream:75 - [STDERR_REDIRECT] SLF4J: See http://www.slf4j.org/codes.html#StaticLoggerBinder for further details.
2024-02-16 17:34:24,644 [ERROR] ConfigurationRetriever:142 - IOException on connection: Read timed out
2024-02-16 17:34:31,336 [ERROR] ConfigurationRetriever:142 - IOException on connection: Read timed out
2024-02-16 17:34:57,775 [ERROR] ConfigurationRetriever:142 - IOException on connection: Read timed out
2024-02-16 23:52:56,549 [INFO] Activator:176 - 


2024-02-16 23:52:56,552 [INFO] Activator:177 - !SESSION log4j initialized
2024-02-16 23:53:05,283 [INFO] LogOutputStream:77 - [STDOUT_REDIRECT] 
