2024-02-10 19:02:04,586 [INFO] LogOutputStream:77 - [STDOUT_REDIRECT] 
2024-02-10 19:02:09,278 [INFO] ProjectBuilder:4626 - Time for Generating toolchain IDE Files: 7405mS.
2024-02-10 19:02:09,280 [INFO] ProjectBuilder:2935 - Time for Copy CMSIS : 1mS.
2024-02-10 19:02:09,282 [INFO] ProjectBuilder:2935 - Time for Copy CMSIS : 0mS.
2024-02-10 19:02:11,222 [INFO] McuFinderGlobals:76 - Set McuFinderConnectedMode to true
2024-02-10 19:02:11,227 [INFO] ApiDb:448 - Save user favorites file C:\Users\admin/.stm32cubeide/favorites.mcus.txt: 0 item(s)
2024-02-10 19:02:11,227 [INFO] ApiDb:452 - User favorites MCUs=[]
2024-02-10 19:04:38,513 [INFO] NvicIntPanel:101 - NVIC parent = com.st.microxplorer.plugins.ip.nvic.MultiNvicIntPanel[,0,0,0x0,invalid,layout=javax.swing.BoxLayout,alignmentX=0.0,alignmentY=0.0,border=,flags=9,maximumSize=,minimumSize=,preferredSize=]
2024-02-10 19:06:03,624 [INFO] UtilMem:75 - End SaveConfig() Used Memory: 623431072 Bytes (1073741824)
2024-02-10 19:06:03,695 [INFO] UtilMem:75 - End SaveConfig() Used Memory: 643354016 Bytes (1073741824)
2024-02-10 19:06:04,510 [INFO] UtilMem:75 - End SaveConfig() Used Memory: 718328816 Bytes (1073741824)
2024-02-10 19:06:04,765 [INFO] BlockDiagram:2759 - set Specific Code input for plugin: NVIC
2024-02-10 19:06:04,765 [INFO] BlockDiagram:2759 - set Specific Code input for plugin: TIM1_8F1
2024-02-10 19:06:04,765 [INFO] BlockDiagram:2759 - set Specific Code input for plugin: SYS
2024-02-10 19:06:04,765 [INFO] BlockDiagram:2759 - set Specific Code input for plugin: GPIO
2024-02-10 19:06:04,765 [INFO] BlockDiagram:2759 - set Specific Code input for plugin: RCC
2024-02-10 19:06:04,766 [INFO] CodeGenerator:799 - code generatio: config db path: C:\ST\STM32CubeIDE_1.13.0\STM32CubeIDE\plugins\com.st.stm32cube.common.mx_6.9.0.202307051724\\db\
2024-02-10 19:06:04,874 [INFO] CodeEngine:255 - oldGeneratedFile, D:\Workspace\PROJECT\24K_SelfBalancingRobot\STM32_NEMA17\MXTmpFiles\license.tmp_save
2024-02-10 19:06:05,004 [INFO] CodeEngine:279 - Generated code: D:\Workspace\PROJECT\24K_SelfBalancingRobot\STM32_NEMA17\MXTmpFiles\license.tmp
2024-02-10 19:06:05,065 [INFO] CodeEngine:255 - oldGeneratedFile, D:\Workspace\PROJECT\24K_SelfBalancingRobot\STM32_NEMA17\MXTmpFiles\gpio.tmp_save
2024-02-10 19:06:05,205 [INFO] CodeEngine:279 - Generated code: D:\Workspace\PROJECT\24K_SelfBalancingRobot\STM32_NEMA17\MXTmpFiles\gpio.tmp
2024-02-10 19:06:05,398 [INFO] CodeEngine:255 - oldGeneratedFile, D:\Workspace\PROJECT\24K_SelfBalancingRobot\STM32_NEMA17\Core\Src\stm32f1xx_it.c_save
2024-02-10 19:06:07,578 [INFO] CodeEngine:279 - Generated code: D:\Workspace\PROJECT\24K_SelfBalancingRobot\STM32_NEMA17\Core\Src\stm32f1xx_it.c
2024-02-10 19:06:07,585 [INFO] CodeEngine:255 - oldGeneratedFile, D:\Workspace\PROJECT\24K_SelfBalancingRobot\STM32_NEMA17\Core\Inc\stm32f1xx_it.h_save
2024-02-10 19:06:07,690 [INFO] CodeEngine:279 - Generated code: D:\Workspace\PROJECT\24K_SelfBalancingRobot\STM32_NEMA17\Core\Inc\stm32f1xx_it.h
2024-02-10 19:06:07,716 [INFO] CodeEngine:255 - oldGeneratedFile, D:\Workspace\PROJECT\24K_SelfBalancingRobot\STM32_NEMA17\Core\Src\stm32f1xx_hal_msp.c_save
2024-02-10 19:06:08,094 [INFO] CodeEngine:279 - Generated code: D:\Workspace\PROJECT\24K_SelfBalancingRobot\STM32_NEMA17\Core\Src\stm32f1xx_hal_msp.c
2024-02-10 19:06:08,098 [INFO] CodeEngine:255 - oldGeneratedFile, D:\Workspace\PROJECT\24K_SelfBalancingRobot\STM32_NEMA17\MXTmpFiles\system.tmp_save
2024-02-10 19:06:08,168 [INFO] CodeEngine:279 - Generated code: D:\Workspace\PROJECT\24K_SelfBalancingRobot\STM32_NEMA17\MXTmpFiles\system.tmp
2024-02-10 19:06:08,188 [INFO] CodeEngine:311 - oldGeneratedFile, D:\Workspace\PROJECT\24K_SelfBalancingRobot\STM32_NEMA17\Core\Inc\stm32f1xx_hal_conf.h_save
2024-02-10 19:06:08,314 [INFO] CodeEngine:335 - Generated code: D:\Workspace\PROJECT\24K_SelfBalancingRobot\STM32_NEMA17\Core\Inc\stm32f1xx_hal_conf.h
2024-02-10 19:06:08,353 [WARN] IPConfigManager:3431 - IP not found : TIM
2024-02-10 19:06:08,354 [WARN] CodeGenerator:3760 - IP not found : null
2024-02-10 19:06:08,374 [INFO] CodeEngine:255 - oldGeneratedFile, D:\Workspace\PROJECT\24K_SelfBalancingRobot\STM32_NEMA17\Core\Inc\main.h_save
2024-02-10 19:06:08,660 [INFO] CodeEngine:279 - Generated code: D:\Workspace\PROJECT\24K_SelfBalancingRobot\STM32_NEMA17\Core\Inc\main.h
2024-02-10 19:06:08,674 [INFO] CodeEngine:255 - oldGeneratedFile, D:\Workspace\PROJECT\24K_SelfBalancingRobot\STM32_NEMA17\Core\Src\main.c_save
2024-02-10 19:06:08,794 [INFO] CodeEngine:279 - Generated code: D:\Workspace\PROJECT\24K_SelfBalancingRobot\STM32_NEMA17\Core\Src\main.c
2024-02-10 19:06:09,740 [INFO] ProjectBuilder:3064 - Time for Copy HAL[1] : 328mS.
2024-02-10 19:06:09,744 [INFO] ProjectBuilder:4404 - Project Generator version: 4.1.0
2024-02-10 19:06:10,179 [INFO] ConfigFileManager:1457 - The Die is : DIE410
2024-02-10 19:06:13,272 [INFO] ProjectBuilder:4626 - Time for Generating toolchain IDE Files: 3527mS.
2024-02-10 19:06:13,272 [INFO] ProjectBuilder:2935 - Time for Copy CMSIS : 0mS.
2024-02-10 19:06:13,277 [INFO] ProjectBuilder:2935 - Time for Copy CMSIS : 0mS.
2024-02-10 23:17:31,715 [INFO] Activator:176 - 


2024-02-10 23:17:31,718 [INFO] Activator:177 - !SESSION log4j initialized
2024-02-10 23:17:44,313 [INFO] LogOutputStream:77 - [STDOUT_REDIRECT] 
2024-02-10 23:17:57,626 [INFO] ApplicationProperties:184 - Using Application install path: C:\ST\STM32CubeIDE_1.13.0\STM32CubeIDE\plugins\com.st.stm32cube.common.mx_6.9.0.202307051724
2024-02-10 23:17:57,650 [INFO] DbMcusXml:78 - Set database path to: C:\ST\STM32CubeIDE_1.13.0\STM32CubeIDE\plugins\com.st.stm32cube.common.mx_6.9.0.202307051724\\db\/mcu/
2024-02-10 23:17:57,650 [INFO] ApiDb:274 - Set plugin database path to: C:\ST\STM32CubeIDE_1.13.0\STM32CubeIDE\plugins\com.st.stm32cube.common.mx_6.9.0.202307051724\\db\/plugins/boardmanager/
2024-02-10 23:17:57,650 [WARN] ApiDb:259 - Overriding images path with different value:  => C:\ST\STM32CubeIDE_1.13.0\STM32CubeIDE\plugins\com.st.stm32cube.common.mx_6.9.0.202307051724\\db\/plugins/mcufinder/images/
2024-02-10 23:17:57,671 [INFO] ApiDb:250 - Set database path to: C:\Users\admin\.stmcufinder\plugins\mcufinder//mcu/
2024-02-10 23:17:57,672 [INFO] DbMcusAds:125 - Set database path to: C:\Users\admin\.stmcufinder\plugins\mcufinder//mcu/
2024-02-10 23:17:57,689 [INFO] CrossReferenceDbSqlite:203 - Set database path to: C:\Users\admin\.stmcufinder\plugins\mcufinder//mcu/cs/
2024-02-10 23:17:57,845 [INFO] RulesReader:64 - Compatibility file has been processed (293 Rules)
2024-02-10 23:17:57,951 [INFO] DbMcusXml:78 - Set database path to: C:\ST\STM32CubeIDE_1.13.0\STM32CubeIDE\plugins\com.st.stm32cube.common.mx_6.9.0.202307051724\\db\/mcu/
2024-02-10 23:17:57,951 [INFO] ApiDb:274 - Set plugin database path to: C:\ST\STM32CubeIDE_1.13.0\STM32CubeIDE\plugins\com.st.stm32cube.common.mx_6.9.0.202307051724\\db\/plugins/boardmanager/
2024-02-10 23:17:57,952 [INFO] ApiDb:261 - Set plugin images path to: C:\ST\STM32CubeIDE_1.13.0\STM32CubeIDE\plugins\com.st.stm32cube.common.mx_6.9.0.202307051724\\db\/plugins/mcufinder/images/
2024-02-10 23:17:57,952 [WARN] DbFile:41 - Overriding database path with different value: C:\Users\admin\.stmcufinder\plugins\mcufinder/ => C:\Users\admin\.stmcufinder\plugins\mcufinder
2024-02-10 23:17:57,952 [INFO] ApiDb:250 - Set database path to: C:\Users\admin\.stmcufinder\plugins\mcufinder//mcu/
2024-02-10 23:17:57,952 [WARN] DbFile:41 - Overriding database path with different value: C:\Users\admin\.stmcufinder\plugins\mcufinder/ => C:\Users\admin\.stmcufinder\plugins\mcufinder
2024-02-10 23:17:57,952 [INFO] DbMcusAds:125 - Set database path to: C:\Users\admin\.stmcufinder\plugins\mcufinder//mcu/
2024-02-10 23:17:57,952 [WARN] DbFile:41 - Overriding database path with different value: C:\Users\admin\.stmcufinder\plugins\mcufinder/ => C:\Users\admin\.stmcufinder\plugins\mcufinder
2024-02-10 23:17:57,952 [WARN] DbFile:41 - Overriding database path with different value: C:\Users\admin\.stmcufinder\plugins\mcufinder/ => C:\Users\admin\.stmcufinder\plugins\mcufinder
2024-02-10 23:17:57,952 [INFO] CrossReferenceDbSqlite:203 - Set database path to: C:\Users\admin\.stmcufinder\plugins\mcufinder//mcu/cs/
2024-02-10 23:17:58,044 [INFO] MainPanel:262 - HeapMemory: 268435456
2024-02-10 23:17:58,154 [INFO] DbMcusXml:78 - Set database path to: C:\ST\STM32CubeIDE_1.13.0\STM32CubeIDE\plugins\com.st.stm32cube.common.mx_6.9.0.202307051724\\db\/mcu/
2024-02-10 23:17:58,154 [INFO] ApiDb:274 - Set plugin database path to: C:\ST\STM32CubeIDE_1.13.0\STM32CubeIDE\plugins\com.st.stm32cube.common.mx_6.9.0.202307051724\\db\/plugins/boardmanager/
2024-02-10 23:17:58,154 [INFO] ApiDb:261 - Set plugin images path to: C:\ST\STM32CubeIDE_1.13.0\STM32CubeIDE\plugins\com.st.stm32cube.common.mx_6.9.0.202307051724\\db\/plugins/mcufinder/images/
2024-02-10 23:17:58,155 [WARN] DbFile:41 - Overriding database path with different value: C:\Users\admin\.stmcufinder\plugins\mcufinder/ => C:\Users\admin\.stmcufinder\plugins\mcufinder
2024-02-10 23:17:58,155 [INFO] ApiDb:250 - Set database path to: C:\Users\admin\.stmcufinder\plugins\mcufinder//mcu/
2024-02-10 23:17:58,155 [WARN] DbFile:41 - Overriding database path with different value: C:\Users\admin\.stmcufinder\plugins\mcufinder/ => C:\Users\admin\.stmcufinder\plugins\mcufinder
2024-02-10 23:17:58,155 [INFO] DbMcusAds:125 - Set database path to: C:\Users\admin\.stmcufinder\plugins\mcufinder//mcu/
2024-02-10 23:17:58,156 [WARN] DbFile:41 - Overriding database path with different value: C:\Users\admin\.stmcufinder\plugins\mcufinder/ => C:\Users\admin\.stmcufinder\plugins\mcufinder
2024-02-10 23:17:58,156 [WARN] DbFile:41 - Overriding database path with different value: C:\Users\admin\.stmcufinder\plugins\mcufinder/ => C:\Users\admin\.stmcufinder\plugins\mcufinder
2024-02-10 23:17:58,156 [INFO] CrossReferenceDbSqlite:203 - Set database path to: C:\Users\admin\.stmcufinder\plugins\mcufinder//mcu/cs/
2024-02-10 23:17:58,182 [INFO] ApplicationProperties:184 - Using Application install path: C:\ST\STM32CubeIDE_1.13.0\STM32CubeIDE\plugins\com.st.stm32cube.common.mx_6.9.0.202307051724
2024-02-10 23:17:58,185 [INFO] PluginManage:196 - Search for loadable plugins [exclusion list=, ]
2024-02-10 23:17:58,187 [INFO] PluginManage:310 - Check plugin analytics
2024-02-10 23:18:03,384 [INFO] AnalyticsPlugin:253 - Accepted Software Licenses: STM32CubeMX.6.9.1
2024-02-10 23:18:03,384 [INFO] AnalyticsPlugin:255 - Accepted CMSIS Pack Licenses: 
2024-02-10 23:18:03,384 [INFO] AnalyticsPlugin:257 - Accepted Firmware Licenses: 
2024-02-10 23:18:03,387 [INFO] PluginManage:359 - Loaded plugin analytics (category:tool,tabindex:-1)
2024-02-10 23:18:03,388 [INFO] PluginManage:310 - Check plugin cadmodel
2024-02-10 23:18:03,404 [INFO] CADModel:105 - Init CAD model plugin
2024-02-10 23:18:03,404 [INFO] PluginManage:359 - Loaded plugin cadmodel (category:power,tabindex:5)
2024-02-10 23:18:03,405 [INFO] PluginManage:310 - Check plugin clock
2024-02-10 23:18:03,426 [INFO] PluginManage:359 - Loaded plugin clock (category:base,tabindex:2)
2024-02-10 23:18:03,427 [INFO] PluginManage:310 - Check plugin ddr
2024-02-10 23:18:03,429 [INFO] PluginManage:359 - Loaded plugin ddr (category:tool,tabindex:6)
2024-02-10 23:18:03,429 [INFO] PluginManage:310 - Check plugin filemanager
2024-02-10 23:18:03,724 [INFO] PluginManage:359 - Loaded plugin filemanager (category:base,tabindex:10)
2024-02-10 23:18:03,725 [INFO] PluginManage:310 - Check plugin ipmanager
2024-02-10 23:18:03,732 [INFO] PluginManage:359 - Loaded plugin ipmanager (category:base,tabindex:5)
2024-02-10 23:18:03,732 [INFO] PluginManage:310 - Check plugin lpbam
2024-02-10 23:18:03,752 [INFO] PluginManage:359 - Loaded plugin lpbam (category:base,tabindex:0)
2024-02-10 23:18:03,752 [INFO] PluginManage:310 - Check plugin memorymap
2024-02-10 23:18:03,777 [INFO] PluginManage:359 - Loaded plugin memorymap (category:base,tabindex:4)
2024-02-10 23:18:03,778 [INFO] PluginManage:310 - Check plugin pinoutandconfiguration
2024-02-10 23:18:03,794 [INFO] PluginManage:359 - Loaded plugin pinoutandconfiguration (category:base,tabindex:1)
2024-02-10 23:18:03,795 [INFO] PluginManage:310 - Check plugin pinoutconfig
2024-02-10 23:18:03,902 [WARN] SupportedApi:132 - Cannot load RTOS API schema: s4s-elt-must-match.1: The content of 'definitions' must match (annotation?, (simpleType | complexType)?, (unique | key | keyref)*)). A problem was found starting at: attribute.
2024-02-10 23:18:04,048 [INFO] PluginManage:359 - Loaded plugin pinoutconfig (category:base,tabindex:0)
2024-02-10 23:18:04,049 [INFO] PluginManage:310 - Check plugin power
2024-02-10 23:18:04,076 [INFO] PluginManage:359 - Loaded plugin power (category:power,tabindex:4)
2024-02-10 23:18:04,077 [INFO] PluginManage:310 - Check plugin projectmanager
2024-02-10 23:18:04,093 [INFO] PluginManage:359 - Loaded plugin projectmanager (category:projectmanager,tabindex:3)
2024-02-10 23:18:04,094 [INFO] PluginManage:310 - Check plugin thirdparty
2024-02-10 23:18:04,405 [INFO] PluginManage:359 - Loaded plugin thirdparty (category:base,tabindex:-1)
2024-02-10 23:18:04,405 [WARN] IntegrityCheckThread:84 - waiting for thirdparty lock release [integrity check]
2024-02-10 23:18:04,405 [INFO] PluginManage:310 - Check plugin tools
2024-02-10 23:18:04,405 [INFO] IntegrityCheckThread:86 - entering critical section [integrity check]
2024-02-10 23:18:04,406 [INFO] ThirdPartyUpdaterWithRetryManager:70 - Updater plugin not ready yet. [1/15]
2024-02-10 23:18:04,442 [INFO] PluginManage:359 - Loaded plugin tools (category:base,tabindex:7)
2024-02-10 23:18:04,442 [INFO] PluginManage:310 - Check plugin tutovideos
2024-02-10 23:18:04,678 [INFO] PluginManage:359 - Loaded plugin tutovideos (category:base,tabindex:-1)
2024-02-10 23:18:04,678 [INFO] PluginManage:310 - Check plugin updater
2024-02-10 23:18:04,692 [INFO] PluginManage:359 - Loaded plugin updater (category:base,tabindex:12)
2024-02-10 23:18:04,692 [INFO] PluginManage:310 - Check plugin userauth
2024-02-10 23:18:04,698 [INFO] UserAuth:113 - Init User Auth plugin
2024-02-10 23:18:04,698 [INFO] PluginManage:359 - Loaded plugin userauth (category:base,tabindex:14)
2024-02-10 23:18:04,699 [INFO] PluginManage:283 - PluginManage : Loaded plugins [17]
2024-02-10 23:18:04,948 [INFO] PinOutPanel:1499 - setPackage(No Configuration,No Configuration)
2024-02-10 23:18:05,068 [INFO] CADModel:165 - CPN selected for project level
2024-02-10 23:18:05,068 [INFO] CADModel:114 - Register for checkConnection events
2024-02-10 23:18:05,094 [INFO] IPUIPlugin:80 - create IPUIPlugin
2024-02-10 23:18:05,094 [INFO] PluginManager:220 - loadIPPluginJar : add adc
2024-02-10 23:18:05,130 [INFO] IPUIPlugin:80 - create IPUIPlugin
2024-02-10 23:18:05,130 [INFO] PluginManager:220 - loadIPPluginJar : add aes
2024-02-10 23:18:05,173 [INFO] IPUIPlugin:80 - create IPUIPlugin
2024-02-10 23:18:05,173 [INFO] PluginManager:220 - loadIPPluginJar : add can
2024-02-10 23:18:05,196 [INFO] IPUIPlugin:80 - create IPUIPlugin
2024-02-10 23:18:05,196 [INFO] PluginManager:220 - loadIPPluginJar : add comp
2024-02-10 23:18:05,230 [INFO] IPUIPlugin:80 - create IPUIPlugin
2024-02-10 23:18:05,230 [INFO] PluginManager:220 - loadIPPluginJar : add cryp
2024-02-10 23:18:05,259 [INFO] IPUIPlugin:80 - create IPUIPlugin
2024-02-10 23:18:05,259 [INFO] PluginManager:220 - loadIPPluginJar : add dfsdm
2024-02-10 23:18:05,274 [INFO] IPUIPlugin:80 - create IPUIPlugin
2024-02-10 23:18:05,275 [INFO] PluginManager:220 - loadIPPluginJar : add dma
2024-02-10 23:18:05,320 [INFO] IPUIPlugin:80 - create IPUIPlugin
2024-02-10 23:18:05,320 [INFO] PluginManager:220 - loadIPPluginJar : add dma3
2024-02-10 23:18:05,341 [INFO] IPUIPlugin:80 - create IPUIPlugin
2024-02-10 23:18:05,341 [INFO] PluginManager:220 - loadIPPluginJar : add fatfs
2024-02-10 23:18:05,392 [INFO] IPUIPlugin:80 - create IPUIPlugin
2024-02-10 23:18:05,392 [INFO] PluginManager:220 - loadIPPluginJar : add fmc
2024-02-10 23:18:05,406 [INFO] IPUIPlugin:80 - create IPUIPlugin
2024-02-10 23:18:05,407 [INFO] PluginManager:220 - loadIPPluginJar : add freertos
2024-02-10 23:18:05,428 [INFO] IPUIPlugin:80 - create IPUIPlugin
2024-02-10 23:18:05,428 [INFO] PluginManager:220 - loadIPPluginJar : add genericplugin
2024-02-10 23:18:05,525 [INFO] IPUIPlugin:80 - create IPUIPlugin
2024-02-10 23:18:05,525 [INFO] PluginManager:220 - loadIPPluginJar : add gfxmmu
2024-02-10 23:18:05,661 [INFO] IPUIPlugin:80 - create IPUIPlugin
2024-02-10 23:18:05,662 [INFO] PluginManager:220 - loadIPPluginJar : add gic
2024-02-10 23:18:05,675 [INFO] IPUIPlugin:80 - create IPUIPlugin
2024-02-10 23:18:05,675 [INFO] PluginManager:220 - loadIPPluginJar : add gpio
2024-02-10 23:18:05,772 [INFO] IPUIPlugin:80 - create IPUIPlugin
2024-02-10 23:18:05,772 [INFO] PluginManager:220 - loadIPPluginJar : add gtzc
2024-02-10 23:18:05,806 [INFO] IPUIPlugin:80 - create IPUIPlugin
2024-02-10 23:18:05,806 [INFO] PluginManager:220 - loadIPPluginJar : add hash
2024-02-10 23:18:05,862 [INFO] IPUIPlugin:80 - create IPUIPlugin
2024-02-10 23:18:05,862 [INFO] PluginManager:220 - loadIPPluginJar : add i2c
2024-02-10 23:18:05,903 [INFO] IPUIPlugin:80 - create IPUIPlugin
2024-02-10 23:18:05,903 [INFO] PluginManager:220 - loadIPPluginJar : add i2s
2024-02-10 23:18:05,957 [INFO] IPUIPlugin:80 - create IPUIPlugin
2024-02-10 23:18:05,957 [INFO] PluginManager:220 - loadIPPluginJar : add i3c
2024-02-10 23:18:06,071 [INFO] IPUIPlugin:80 - create IPUIPlugin
2024-02-10 23:18:06,071 [INFO] PluginManager:220 - loadIPPluginJar : add ipddr
2024-02-10 23:18:06,169 [INFO] IPUIPlugin:80 - create IPUIPlugin
2024-02-10 23:18:06,169 [INFO] PluginManager:220 - loadIPPluginJar : add linkedlist
2024-02-10 23:18:06,205 [INFO] IPUIPlugin:80 - create IPUIPlugin
2024-02-10 23:18:06,206 [INFO] PluginManager:220 - loadIPPluginJar : add lorawan
2024-02-10 23:18:06,243 [INFO] IPUIPlugin:80 - create IPUIPlugin
2024-02-10 23:18:06,243 [INFO] PluginManager:220 - loadIPPluginJar : add ltdc
2024-02-10 23:18:06,259 [INFO] IPUIPlugin:80 - create IPUIPlugin
2024-02-10 23:18:06,260 [INFO] PluginManager:220 - loadIPPluginJar : add mdma
2024-02-10 23:18:06,272 [INFO] IPUIPlugin:80 - create IPUIPlugin
2024-02-10 23:18:06,273 [INFO] PluginManager:220 - loadIPPluginJar : add nvic
2024-02-10 23:18:06,311 [INFO] IPUIPlugin:80 - create IPUIPlugin
2024-02-10 23:18:06,311 [INFO] PluginManager:220 - loadIPPluginJar : add opamp
2024-02-10 23:18:06,375 [INFO] IPUIPlugin:80 - create IPUIPlugin
2024-02-10 23:18:06,375 [INFO] PluginManager:220 - loadIPPluginJar : add openamp
2024-02-10 23:18:06,419 [INFO] IPUIPlugin:80 - create IPUIPlugin
2024-02-10 23:18:06,420 [INFO] PluginManager:220 - loadIPPluginJar : add pdm2pcm
2024-02-10 23:18:06,437 [INFO] IPUIPlugin:80 - create IPUIPlugin
2024-02-10 23:18:06,440 [INFO] PluginManager:220 - loadIPPluginJar : add plateformsettings
2024-02-10 23:18:06,464 [INFO] IPUIPlugin:80 - create IPUIPlugin
2024-02-10 23:18:06,464 [INFO] PluginManager:220 - loadIPPluginJar : add quadspi
2024-02-10 23:18:06,479 [INFO] IPUIPlugin:80 - create IPUIPlugin
2024-02-10 23:18:06,479 [INFO] PluginManager:220 - loadIPPluginJar : add resmgrutility
2024-02-10 23:18:06,562 [INFO] IPUIPlugin:80 - create IPUIPlugin
2024-02-10 23:18:06,563 [INFO] PluginManager:220 - loadIPPluginJar : add sai
2024-02-10 23:18:06,627 [INFO] IPUIPlugin:80 - create IPUIPlugin
2024-02-10 23:18:06,627 [INFO] PluginManager:220 - loadIPPluginJar : add spi
2024-02-10 23:18:06,736 [INFO] IPUIPlugin:80 - create IPUIPlugin
2024-02-10 23:18:06,736 [INFO] PluginManager:220 - loadIPPluginJar : add stm32_wpan
2024-02-10 23:18:06,775 [INFO] IPUIPlugin:80 - create IPUIPlugin
2024-02-10 23:18:06,775 [INFO] PluginManager:220 - loadIPPluginJar : add tim
2024-02-10 23:18:06,863 [INFO] IPUIPlugin:80 - create IPUIPlugin
2024-02-10 23:18:06,864 [INFO] PluginManager:220 - loadIPPluginJar : add touchsensing
2024-02-10 23:18:06,891 [INFO] IPUIPlugin:80 - create IPUIPlugin
2024-02-10 23:18:06,891 [INFO] PluginManager:220 - loadIPPluginJar : add tracer_emb
2024-02-10 23:18:06,919 [INFO] IPUIPlugin:80 - create IPUIPlugin
2024-02-10 23:18:06,919 [INFO] PluginManager:220 - loadIPPluginJar : add ts
2024-02-10 23:18:06,946 [INFO] IPUIPlugin:80 - create IPUIPlugin
2024-02-10 23:18:06,946 [INFO] PluginManager:220 - loadIPPluginJar : add tsc
2024-02-10 23:18:06,978 [INFO] IPUIPlugin:80 - create IPUIPlugin
2024-02-10 23:18:06,978 [INFO] PluginManager:220 - loadIPPluginJar : add ucpd
2024-02-10 23:18:07,037 [INFO] IPUIPlugin:80 - create IPUIPlugin
2024-02-10 23:18:07,037 [INFO] PluginManager:220 - loadIPPluginJar : add usart
2024-02-10 23:18:07,088 [INFO] IPUIPlugin:80 - create IPUIPlugin
2024-02-10 23:18:07,089 [INFO] PluginManager:220 - loadIPPluginJar : add usbx
2024-02-10 23:18:07,221 [INFO] CADModel:165 - CPN selected for project level
2024-02-10 23:18:07,221 [INFO] CADModel:114 - Register for checkConnection events
2024-02-10 23:18:07,221 [FATAL] Updater:308 - Updater called before beeing initialized
2024-02-10 23:18:07,221 [ERROR] CADModel:125 - Updater not yet initialized, retry later 
2024-02-10 23:18:07,393 [INFO] CADModel:165 - CPN selected for project level
2024-02-10 23:18:07,393 [INFO] CADModel:114 - Register for checkConnection events
2024-02-10 23:18:07,393 [FATAL] Updater:308 - Updater called before beeing initialized
2024-02-10 23:18:07,393 [ERROR] CADModel:125 - Updater not yet initialized, retry later 
2024-02-10 23:18:07,398 [FATAL] Updater:308 - Updater called before beeing initialized
2024-02-10 23:18:07,407 [INFO] ThirdPartyUpdaterWithRetryManager:70 - Updater plugin not ready yet. [2/15]
2024-02-10 23:18:07,543 [FATAL] Updater:308 - Updater called before beeing initialized
2024-02-10 23:18:07,565 [INFO] DbMcusAds:53 - JSON generation date=Wed Nov 29 17:52:27 ICT 2023 (1701255147200)
2024-02-10 23:18:07,565 [FATAL] Updater:308 - Updater called before beeing initialized
2024-02-10 23:18:07,637 [WARN] DetailPanel:346 - Failed to get advertising image, set to default
2024-02-10 23:18:07,764 [FATAL] Updater:308 - Updater called before beeing initialized
2024-02-10 23:18:07,766 [FATAL] Updater:308 - Updater called before beeing initialized
2024-02-10 23:18:07,766 [FATAL] Updater:308 - Updater called before beeing initialized
2024-02-10 23:18:07,767 [WARN] DetailPanel:346 - Failed to get advertising image, set to default
2024-02-10 23:18:07,768 [FATAL] Updater:308 - Updater called before beeing initialized
2024-02-10 23:18:07,842 [ERROR] Updater:1120 - MainUpdater not yet initialized. External WinMGr cannot be set.
2024-02-10 23:18:07,854 [INFO] Updater:1056 - Updater Version found : 6.9.0
2024-02-10 23:18:07,874 [INFO] ApplicationProperties:184 - Using Application install path: C:\ST\STM32CubeIDE_1.13.0\STM32CubeIDE\plugins\com.st.stm32cube.common.mx_6.9.0.202307051724
2024-02-10 23:18:08,152 [INFO] MainUpdater:2868 - connection check result : 10
2024-02-10 23:18:08,153 [INFO] MainUpdater:285 - Updater Check For Update Now.
2024-02-10 23:18:08,154 [INFO] MicroXplorer:498 - Change Database Version : DB.6.0.90
2024-02-10 23:18:08,177 [INFO] McuFinderGlobals:63 - Set McuFinder mode to 2 (CubeIDE integrated)
2024-02-10 23:18:08,497 [INFO] CheckServerUpdateThread:120 - End of CheckServer Thread
2024-02-10 23:18:10,649 [WARN] PackLoader:240 - Cannot read IP mode file for STMicroelectronics.X-CUBE-SMBUS.2.1.0
2024-02-10 23:18:10,668 [WARN] PackLoader:240 - Cannot read IP mode file for STMicroelectronics.X-CUBE-TOUCHGFX.4.23.0
2024-02-10 23:18:10,728 [WARN] PackLoader:240 - Cannot read IP mode file for STMicroelectronics.X-CUBE-AZRTOS-F7.1.1.0
2024-02-10 23:18:10,750 [WARN] PackLoader:240 - Cannot read IP mode file for STMicroelectronics.FP-SNS-MOTENV1.4.3.2
2024-02-10 23:18:10,770 [WARN] PackLoader:240 - Cannot read IP mode file for STMicroelectronics.X-CUBE-BLE1.6.2.4
2024-02-10 23:18:10,784 [WARN] PackLoader:240 - Cannot read IP mode file for STMicroelectronics.FP-SNS-FLIGHT1.5.0.2
2024-02-10 23:18:10,803 [WARN] PackLoader:240 - Cannot read IP mode file for STMicroelectronics.X-CUBE-DISPLAY.3.0.0
2024-02-10 23:18:10,826 [WARN] PackLoader:240 - Cannot read IP mode file for STMicroelectronics.X-CUBE-BLE1.7.0.0
2024-02-10 23:18:10,842 [WARN] PackLoader:240 - Cannot read IP mode file for emotas.I-CUBE-CANOPEN.1.3.0
2024-02-10 23:18:10,856 [WARN] PackLoader:240 - Cannot read IP mode file for STMicroelectronics.X-CUBE-TOUCHGFX.4.22.0
2024-02-10 23:18:10,867 [WARN] PackLoader:240 - Cannot read IP mode file for STMicroelectronics.X-CUBE-TOUCHGFX.4.22.1
2024-02-10 23:18:10,941 [WARN] PackLoader:240 - Cannot read IP mode file for STMicroelectronics.X-CUBE-MEMS1.9.3.0
2024-02-10 23:18:11,114 [WARN] PackLoader:240 - Cannot read IP mode file for STMicroelectronics.FP-SNS-SMARTAG2.1.2.0
2024-02-10 23:18:11,144 [INFO] LogOutputStream:77 - [STDOUT_REDIRECT] 1 : Invalid condition id : UX_CORESTACK_Condition cause : null
2024-02-10 23:18:11,144 [INFO] LogOutputStream:77 - [STDOUT_REDIRECT] 1 : Invalid condition id : UX_CORESTACK_Condition cause : null
2024-02-10 23:18:11,146 [INFO] LogOutputStream:77 - [STDOUT_REDIRECT] 1 : Invalid condition id : UX_CORESTACK_Condition cause : null
2024-02-10 23:18:11,147 [INFO] LogOutputStream:77 - [STDOUT_REDIRECT] 1 : Invalid condition id : UX_CORESTACK_Condition cause : null
2024-02-10 23:18:11,148 [INFO] LogOutputStream:77 - [STDOUT_REDIRECT] 1 : Invalid condition id : UX_CORESTACK_Condition cause : null
2024-02-10 23:18:11,152 [WARN] PackLoader:240 - Cannot read IP mode file for STMicroelectronics.X-CUBE-AZRTOS-WL.2.0.0
2024-02-10 23:18:11,174 [WARN] PackLoader:240 - Cannot read IP mode file for WES.I-CUBE-Cesium.1.3.0
2024-02-10 23:18:11,187 [WARN] PackLoader:240 - Cannot read IP mode file for STMicroelectronics.X-CUBE-BLE2.3.3.0
2024-02-10 23:18:11,212 [WARN] PackLoader:240 - Cannot read IP mode file for STMicroelectronics.X-CUBE-TOF1.3.2.0
2024-02-10 23:18:11,231 [WARN] PackLoader:240 - Cannot read IP mode file for STMicroelectronics.X-CUBE-ISPU.1.0.0
2024-02-10 23:18:11,247 [WARN] PackLoader:240 - Cannot read IP mode file for STMicroelectronics.X-CUBE-TOUCHGFX.4.21.1
2024-02-10 23:18:11,332 [WARN] PackLoader:240 - Cannot read IP mode file for STMicroelectronics.X-CUBE-MEMS1.9.4.0
2024-02-10 23:18:11,547 [WARN] PackLoader:240 - Cannot read IP mode file for STMicroelectronics.X-CUBE-AI.7.3.0
2024-02-10 23:18:11,561 [WARN] PackLoader:240 - Cannot read IP mode file for STMicroelectronics.X-CUBE-ALGOBUILD.1.3.0
2024-02-10 23:18:11,594 [WARN] PackLoader:240 - Cannot read IP mode file for STMicroelectronics.X-CUBE-AZRTOS-G0.1.1.0
2024-02-10 23:18:11,612 [WARN] PackLoader:240 - Cannot read IP mode file for STMicroelectronics.X-CUBE-NFC4.3.0.0
2024-02-10 23:18:11,633 [WARN] PackLoader:240 - Cannot read IP mode file for STMicroelectronics.X-CUBE-BLEMGR.3.0.0
2024-02-10 23:18:11,653 [WARN] PackLoader:240 - Cannot read IP mode file for STMicroelectronics.X-CUBE-BLEMGR.1.3.0
2024-02-10 23:18:11,670 [WARN] PackLoader:240 - Cannot read IP mode file for STMicroelectronics.FP-ATR-SIGFOX1.3.2.0
2024-02-10 23:18:11,695 [WARN] PackLoader:240 - Cannot read IP mode file for STMicroelectronics.X-CUBE-EEPRMA1.5.1.0
2024-02-10 23:18:11,710 [WARN] PackLoader:240 - Cannot read IP mode file for STMicroelectronics.X-CUBE-TOUCHGFX.4.20.0
2024-02-10 23:18:11,766 [WARN] PackLoader:240 - Cannot read IP mode file for SEGGER.I-CUBE-embOS.1.3.1
2024-02-10 23:18:11,815 [WARN] PackLoader:240 - Cannot read IP mode file for STMicroelectronics.X-CUBE-GNSS1.6.0.0
2024-02-10 23:18:11,852 [WARN] PackLoader:240 - Cannot read IP mode file for STMicroelectronics.X-CUBE-AZRTOS-F4.1.1.0
2024-02-10 23:18:11,871 [WARN] PackLoader:240 - Cannot read IP mode file for wolfSSL.I-CUBE-wolfSSL.5.6.6
2024-02-10 23:18:11,891 [WARN] PackLoader:240 - Cannot read IP mode file for STMicroelectronics.X-CUBE-BLEMGR.1.2.0
2024-02-10 23:18:11,932 [WARN] PackLoader:240 - Cannot read IP mode file for STMicroelectronics.X-CUBE-AZRTOS-L5.2.0.0
2024-02-10 23:18:11,994 [WARN] PackLoader:240 - Cannot read IP mode file for STMicroelectronics.X-CUBE-MEMS1.9.6.0
2024-02-10 23:18:12,211 [WARN] PackLoader:240 - Cannot read IP mode file for STMicroelectronics.X-CUBE-EEPRMA1.4.2.0
2024-02-10 23:18:12,229 [WARN] PackLoader:240 - Cannot read IP mode file for ITTIA_DB.I-CUBE-ITTIADB.8.8.0
2024-02-10 23:18:12,254 [WARN] PackLoader:240 - Cannot read IP mode file for STMicroelectronics.X-CUBE-BLEMGR.2.0.0
2024-02-10 23:18:12,311 [WARN] ConditionMgr:438 - getConditionDescription Invalid condition id : UX DEVICE CLASS RTOS Condition cause : null
2024-02-10 23:18:12,311 [WARN] ConditionMgr:438 - getConditionDescription Invalid condition id : UX DEVICE CLASS RTOS Condition cause : null
2024-02-10 23:18:12,318 [WARN] PackLoader:240 - Cannot read IP mode file for STMicroelectronics.X-CUBE-AZRTOS-H7.3.1.0
2024-02-10 23:18:12,320 [WARN] ConditionMgr:1039 - genDependencies : Invalid condition id : UX DEVICE CLASS RTOS Condition cause : null
2024-02-10 23:18:12,321 [WARN] ConditionMgr:1039 - genDependencies : Invalid condition id : UX DEVICE CLASS RTOS Condition cause : null
2024-02-10 23:18:12,322 [WARN] ConditionMgr:1039 - genDependencies : Invalid condition id : UX DEVICE CLASS RTOS Condition cause : null
2024-02-10 23:18:12,322 [WARN] ConditionMgr:1039 - genDependencies : Invalid condition id : UX DEVICE CLASS RTOS Condition cause : null
2024-02-10 23:18:12,323 [WARN] ConditionMgr:1039 - genDependencies : Invalid condition id : UX DEVICE CLASS RTOS Condition cause : null
2024-02-10 23:18:12,347 [WARN] PackLoader:240 - Cannot read IP mode file for STMicroelectronics.X-CUBE-NFC7.1.0.1
2024-02-10 23:18:12,368 [WARN] PackLoader:240 - Cannot read IP mode file for STMicroelectronics.X-CUBE-NFC6.3.0.0
2024-02-10 23:18:12,387 [WARN] PackLoader:240 - Cannot read IP mode file for STMicroelectronics.X-CUBE-EEPRMA1.4.1.0
2024-02-10 23:18:12,400 [WARN] PackLoader:240 - Cannot read IP mode file for STMicroelectronics.X-CUBE-AI.8.1.0
2024-02-10 23:18:12,441 [WARN] ConditionMgr:438 - getConditionDescription Invalid condition id : LAN8742 Phy interface Condition cause : null
2024-02-10 23:18:12,442 [WARN] PackLoader:240 - Cannot read IP mode file for STMicroelectronics.X-CUBE-AZRTOS-L4.2.0.0
2024-02-10 23:18:12,443 [WARN] ConditionMgr:1039 - genDependencies : Invalid condition id : LAN8742 Phy interface Condition cause : null
2024-02-10 23:18:12,444 [WARN] ConditionMgr:1039 - genDependencies : Invalid condition id : LAN8742 Phy interface Condition cause : null
2024-02-10 23:18:12,445 [WARN] ConditionMgr:1039 - genDependencies : Invalid condition id : LAN8742 Phy interface Condition cause : null
2024-02-10 23:18:12,462 [WARN] PackLoader:240 - Cannot read IP mode file for STMicroelectronics.X-CUBE-SFXS2LP1.4.0.0
2024-02-10 23:18:12,499 [WARN] PackLoader:240 - Cannot read IP mode file for STMicroelectronics.X-CUBE-AZRTOS-H7.3.0.0
2024-02-10 23:18:12,525 [WARN] PackLoader:240 - Cannot read IP mode file for STMicroelectronics.X-CUBE-ISPU.1.1.0
2024-02-10 23:18:12,555 [WARN] ConditionMgr:438 - getConditionDescription Invalid condition id : UX DEVICE CLASS RTOS Condition cause : null
2024-02-10 23:18:12,556 [WARN] ConditionMgr:438 - getConditionDescription Invalid condition id : UX DEVICE CLASS RTOS Condition cause : null
2024-02-10 23:18:12,563 [WARN] PackLoader:240 - Cannot read IP mode file for STMicroelectronics.X-CUBE-AZRTOS-WB.2.0.0
2024-02-10 23:18:12,563 [WARN] ConditionMgr:1039 - genDependencies : Invalid condition id : UX DEVICE CLASS RTOS Condition cause : null
2024-02-10 23:18:12,564 [WARN] ConditionMgr:1039 - genDependencies : Invalid condition id : UX DEVICE CLASS RTOS Condition cause : null
2024-02-10 23:18:12,564 [WARN] ConditionMgr:1039 - genDependencies : Invalid condition id : UX DEVICE CLASS RTOS Condition cause : null
2024-02-10 23:18:12,565 [WARN] ConditionMgr:1039 - genDependencies : Invalid condition id : UX DEVICE CLASS RTOS Condition cause : null
2024-02-10 23:18:12,565 [WARN] ConditionMgr:1039 - genDependencies : Invalid condition id : UX DEVICE CLASS RTOS Condition cause : null
2024-02-10 23:18:12,579 [WARN] PackLoader:240 - Cannot read IP mode file for STMicroelectronics.X-CUBE-FREERTOS.1.0.1
2024-02-10 23:18:12,608 [WARN] PackLoader:240 - Cannot read IP mode file for STMicroelectronics.X-CUBE-AZRTOS-L5.1.1.0
2024-02-10 23:18:12,624 [WARN] PackLoader:240 - Cannot read IP mode file for STMicroelectronics.X-CUBE-AI.8.0.1
2024-02-10 23:18:12,648 [WARN] PackLoader:240 - Cannot read IP mode file for STMicroelectronics.X-CUBE-SUBG2.5.0.0
2024-02-10 23:18:12,674 [WARN] PackLoader:240 - Cannot read IP mode file for STMicroelectronics.X-CUBE-TOF1.3.3.1
2024-02-10 23:18:12,708 [WARN] PackLoader:240 - Cannot read IP mode file for STMicroelectronics.X-CUBE-AZRTOS-G4.2.0.0
2024-02-10 23:18:12,723 [WARN] PackLoader:240 - Cannot read IP mode file for STMicroelectronics.FP-ATR-ASTRA1.1.1.1
2024-02-10 23:18:12,749 [WARN] PackLoader:240 - Cannot read IP mode file for Infineon.AIROC-Wi-Fi-Bluetooth-STM32.1.5.1
2024-02-10 23:18:12,766 [WARN] PackLoader:240 - Cannot read IP mode file for STMicroelectronics.FP-SNS-MOTENVWB1.1.3.0
2024-02-10 23:18:12,780 [WARN] PackLoader:240 - Cannot read IP mode file for STMicroelectronics.FP-SNS-MOTENVWB1.1.3.1
2024-02-10 23:18:12,793 [WARN] PackLoader:240 - Cannot read IP mode file for STMicroelectronics.X-CUBE-ISPU.2.0.0
2024-02-10 23:18:12,841 [WARN] PackLoader:240 - Cannot read IP mode file for STMicroelectronics.X-CUBE-MEMS1.10.0.0
2024-02-10 23:18:12,953 [WARN] PackLoader:240 - Cannot read IP mode file for STMicroelectronics.X-CUBE-FREERTOS.1.1.0
2024-02-10 23:18:12,970 [WARN] PackLoader:240 - Cannot read IP mode file for portGmbH.I-Cube-SoM-uGOAL.1.1.0
2024-02-10 23:18:12,984 [WARN] PackLoader:240 - Cannot read IP mode file for STMicroelectronics.X-CUBE-ALS.1.0.1
2024-02-10 23:18:13,011 [WARN] PackLoader:240 - Cannot read IP mode file for STMicroelectronics.X-CUBE-AZRTOS-WB.1.1.0
2024-02-10 23:18:13,026 [WARN] PackLoader:240 - Cannot read IP mode file for STMicroelectronics.FP-ATR-ASTRA1.2.0.0
2024-02-10 23:18:13,053 [WARN] PackLoader:240 - Cannot read IP mode file for STMicroelectronics.X-CUBE-TOF1.3.4.0
2024-02-10 23:18:13,117 [WARN] PackLoader:240 - Cannot read IP mode file for STMicroelectronics.X-CUBE-AZRTOS-H7.3.2.0
2024-02-10 23:18:13,122 [INFO] ThirdParty:978 - Integrity check success = true
2024-02-10 23:18:13,123 [INFO] IntegrityCheckThread:100 - exiting critical section [integrity check]
2024-02-10 23:18:13,123 [INFO] IntegrityCheckThread:103 - End integrity checks thread
2024-02-10 23:18:29,583 [ERROR] LogOutputStream:75 - [STDERR_REDIRECT] SLF4J: Failed to load class "org.slf4j.impl.StaticLoggerBinder".
2024-02-10 23:18:29,583 [ERROR] LogOutputStream:75 - [STDERR_REDIRECT] SLF4J: Defaulting to no-operation (NOP) logger implementation
2024-02-10 23:18:29,585 [ERROR] LogOutputStream:75 - [STDERR_REDIRECT] SLF4J: See http://www.slf4j.org/codes.html#StaticLoggerBinder for further details.
2024-02-10 23:25:43,760 [INFO] McuFinderGlobals:63 - Set McuFinder mode to 2 (CubeIDE integrated)
2024-02-10 23:25:43,787 [INFO] MainUpdater:2868 - connection check result : 10
2024-02-10 23:25:43,794 [INFO] MainUpdater:2868 - connection check result : 10
2024-02-10 23:25:43,951 [INFO] MicroXplorer:468 - Change Database Path : 
2024-02-10 23:25:43,951 [INFO] MicroXplorer:498 - Change Database Version : DB.6.0.90
2024-02-10 23:25:43,955 [WARN] ThirdParty:871 - waiting for thirdparty lock release [close project]
2024-02-10 23:25:43,955 [INFO] ThirdParty:873 - entering critical section [close project]
2024-02-10 23:25:43,956 [INFO] ThirdParty:883 - exiting critical section [close project]
2024-02-10 23:25:43,957 [INFO] PinOutPanel:1499 - setPackage(No Configuration,No Configuration)
2024-02-10 23:25:43,962 [INFO] UtilMem:75 - Begin LoadConfig() Used Memory: 670252064 Bytes (1017118720)
2024-02-10 23:25:43,963 [INFO] MicroXplorer:468 - Change Database Path : 
2024-02-10 23:25:43,964 [INFO] MicroXplorer:498 - Change Database Version : DB.6.0.90
2024-02-10 23:25:43,964 [INFO] OpenFileManager:308 - Change cursor
2024-02-10 23:25:44,000 [INFO] Mcu:1946 - Initializing MCU STM32F103C(8-B)Tx STM32F103C8Tx STM32F103C8T6
2024-02-10 23:25:45,100 [INFO] Context:659 - Trying to add GPIOservice into a context  which must be forbidden
2024-02-10 23:25:45,791 [INFO] RtosManager:555 - Registered RTOS mode: class=CMSIS, group=RTOS, mode=CMSIS_V1, owner=FREERTOS
2024-02-10 23:25:45,791 [INFO] RtosManager:555 - Registered RTOS mode: class=CMSIS, group=RTOS2, mode=CMSIS_V2, owner=FREERTOS
2024-02-10 23:25:45,791 [INFO] RtosManager:555 - Registered RTOS mode: class=RTOS, group=Core, mode=CMSIS_V1, owner=FREERTOS
2024-02-10 23:25:45,792 [INFO] RtosManager:555 - Registered RTOS mode: class=RTOS, group=Core, mode=CMSIS_V2, owner=FREERTOS
2024-02-10 23:25:45,792 [WARN] ModelIntegratedComponent:184 - Missing modes for component STMicroelectronics:FreeRTOS:0.0.1:STMicroelectronics:RTOS:FreeRTOS:Core:::10.2.0:
2024-02-10 23:25:45,806 [WARN] ModelIntegratedComponent:63 - No mode defined for component null
2024-02-10 23:25:45,806 [WARN] ModelIntegratedComponent:63 - No mode defined for component null
2024-02-10 23:25:45,806 [WARN] ModelIntegratedComponent:63 - No mode defined for component null
2024-02-10 23:25:45,806 [WARN] ModelIntegratedComponent:63 - No mode defined for component null
2024-02-10 23:25:45,806 [WARN] ModelIntegratedComponent:63 - No mode defined for component null
2024-02-10 23:25:45,807 [WARN] ModelIntegratedComponent:63 - No mode defined for component null
2024-02-10 23:25:45,807 [WARN] ModelIntegratedComponent:63 - No mode defined for component null
2024-02-10 23:25:45,807 [WARN] ModelIntegratedComponent:63 - No mode defined for component null
2024-02-10 23:25:45,807 [WARN] ModelIntegratedComponent:63 - No mode defined for component null
2024-02-10 23:25:45,807 [WARN] ModelIntegratedComponent:63 - No mode defined for component null
2024-02-10 23:25:45,807 [WARN] ModelIntegratedComponent:63 - No mode defined for component null
2024-02-10 23:25:45,807 [WARN] ModelIntegratedComponent:63 - No mode defined for component null
2024-02-10 23:25:45,807 [WARN] ModelIntegratedComponent:63 - No mode defined for component null
2024-02-10 23:25:45,807 [WARN] ModelIntegratedComponent:63 - No mode defined for component null
2024-02-10 23:25:45,807 [WARN] ModelIntegratedComponent:63 - No mode defined for component null
2024-02-10 23:25:45,807 [WARN] ModelIntegratedComponent:63 - No mode defined for component null
2024-02-10 23:25:45,807 [WARN] ModelIntegratedComponent:63 - No mode defined for component null
2024-02-10 23:25:45,807 [WARN] ModelIntegratedComponent:63 - No mode defined for component null
2024-02-10 23:25:45,807 [WARN] ModelIntegratedComponent:63 - No mode defined for component null
2024-02-10 23:25:45,807 [WARN] ModelIntegratedComponent:63 - No mode defined for component null
2024-02-10 23:25:45,807 [WARN] ModelIntegratedComponent:63 - No mode defined for component null
2024-02-10 23:25:45,807 [WARN] ModelIntegratedComponent:63 - No mode defined for component null
2024-02-10 23:25:45,807 [WARN] ModelIntegratedComponent:63 - No mode defined for component null
2024-02-10 23:25:45,808 [WARN] ModelIntegratedComponent:63 - No mode defined for component null
2024-02-10 23:25:45,808 [WARN] ModelIntegratedComponent:63 - No mode defined for component null
2024-02-10 23:25:45,808 [WARN] ModelIntegratedComponent:63 - No mode defined for component null
2024-02-10 23:25:45,808 [WARN] ModelIntegratedComponent:63 - No mode defined for component null
2024-02-10 23:25:45,808 [WARN] ModelIntegratedComponent:63 - No mode defined for component null
2024-02-10 23:25:45,808 [WARN] ModelIntegratedComponent:63 - No mode defined for component null
2024-02-10 23:25:45,808 [WARN] ModelIntegratedComponent:63 - No mode defined for component null
2024-02-10 23:25:45,808 [WARN] ModelIntegratedComponent:63 - No mode defined for component null
2024-02-10 23:25:45,808 [WARN] ModelIntegratedComponent:63 - No mode defined for component null
2024-02-10 23:25:45,808 [WARN] ModelIntegratedComponent:63 - No mode defined for component null
2024-02-10 23:25:46,012 [INFO] ThirdPartyModel:298 - Start build external matchings
2024-02-10 23:25:47,682 [INFO] ThirdPartyModel:316 - End build external matchings
2024-02-10 23:25:47,713 [INFO] ImportTextPane:194 - (OptionalMessage_ERROR) IP (RCC) : Parameter (ADCFreqValue) has invalid value (36000000)
2024-02-10 23:25:47,713 [INFO] ImportTextPane:194 - (OptionalMessage_ERROR) IP (RCC) : Invalid parameter (FamilyName)
2024-02-10 23:25:47,713 [INFO] ImportTextPane:194 - (OptionalMessage_ERROR) IP (RCC) : Parameter (MCOFreq_Value) has invalid value (72000000)
2024-02-10 23:25:47,714 [INFO] ImportTextPane:194 - (OptionalMessage_ERROR) IP (RCC) : Parameter (USBFreq_Value) has invalid value (72000000)
2024-02-10 23:25:47,928 [INFO] UtilMem:75 - End LoadConfig() Used Memory: 912750152 Bytes (1073741824)
2024-02-10 23:25:48,082 [INFO] ApiDb:581 - Connected to CubeFinder SQLite database (C:\Users\admin\.stmcufinder\plugins\mcufinder\mcu\cube-finder-db.db)
2024-02-10 23:25:48,236 [INFO] ApiDb:668 - CubeFinder database Data Model version=2.1
2024-02-10 23:25:48,236 [INFO] ApiDb:669 - CubeFinder database Configuration version=3.0.39
2024-02-10 23:25:48,237 [INFO] ApiDb:670 - CubeFinder database generation date=2024-01-11 (1704964531)
2024-02-10 23:25:48,237 [INFO] ApiDb:671 - CubeFinder database FW Pack versions=[FP-ATR-ASTRA1_V2.0.0, FP-SNS-FLIGHT1_V5.0.1, FP-SNS-FLIGHT1_V5.0.2, FP-SNS-MOTENV1_V4.3.1, FP-SNS-MOTENV1_V4.3.2, FP-SNS-MOTENVWB1_V1.3.1, FP-SNS-SMARTAG2_V1.2.0, STM32Cube_FW_C0_V1.1.0, STM32Cube_FW_F4_V1.28.0, STM32Cube_FW_F7_V1.17.0, STM32Cube_FW_G0_V1.6.2, STM32Cube_FW_G4_V1.5.2, STM32Cube_FW_H5_V0.5.1, STM32Cube_FW_H5_V1.1.1, STM32Cube_FW_H5_V1.2.0RC2, STM32Cube_FW_H7_V1.11.0, STM32Cube_FW_L0_V1.12.2, STM32Cube_FW_L5_V1.5.0, STM32Cube_FW_U5_V1.3.0RC4, STM32Cube_FW_U5_V1.4.0, STM32Cube_FW_WBA_V1.0.0RC1, STM32Cube_FW_WBA_V1.1.0RC1, STM32Cube_FW_WBA_V1.2.0, STM32Cube_FW_WBA_V1.2.0RC2, STM32Cube_FW_WB_V1.15.0RC1, STM32Cube_FW_WB_V1.16.0, STM32Cube_FW_WB_V1.16.0RC2, STM32Cube_FW_WB_V1.18.0, STM32Cube_FW_WL_V1.3.0, X-CUBE-ALGOBUILD_V1.3.0, X-CUBE-ALS_V1.0.1, X-CUBE-AZRTOS-F4_V1.1.0, X-CUBE-AZRTOS-F7_V1.1.0, X-CUBE-AZRTOS-G0_V1.1.0, X-CUBE-AZRTOS-G4_V2.0.0, X-CUBE-AZRTOS-H7_V3.2.0, X-CUBE-AZRTOS-L4_V1.0.0, X-CUBE-AZRTOS-L4_V2.0.0, X-CUBE-AZRTOS-L5_V1.1.0, X-CUBE-AZRTOS-WB_V2.0.0, X-CUBE-AZRTOS-WL_V2.0.0, X-CUBE-BLE1_V7.0.0, X-CUBE-BLE2_V3.3.0, X-CUBE-BLEMGR_V3.0.0, X-CUBE-EEPRMA1_V4.1.0, X-CUBE-EEPRMA1_V4.2.0, X-CUBE-FREERTOS_V1.1.0, X-CUBE-GNSS1_V6.0.0, X-CUBE-MEMS1_V10.0.0, X-CUBE-MEMS1_V9.1.0, X-CUBE-MEMS1_V9.4.0, X-CUBE-MEMS1_V9.6.0, X-CUBE-NFC4_V3.0.0, X-CUBE-NFC7_V1.0.1, X-CUBE-SFXS2LP1_V4.0.0, X-CUBE-SUBG2_V5.0.0, X-CUBE-TOF1_V3.4.0]
2024-02-10 23:25:51,419 [INFO] ApiDb:240 - Found 323 in-development CPN: [B-G473E-ZEST1S, B-WB1M-WPAN1, B-WL5M-SUBG1, NUCLEO-C031C6, NUCLEO-H503RB, NUCLEO-H563ZI, NUCLEO-U545RE-Q, NUCLEO-U5A5ZJ-Q, NUCLEO-WBA52CG, STEVAL-PROTEUS1, STEVAL-SMARTAG2, STEVAL-STWINBX1, STM320518-EVAL, STM32C0116-DK, STM32C011D6Y3TR, STM32C011D6Y6TR, STM32C011F4P3, STM32C011F4P6, STM32C011F4U3, STM32C011F4U6TR, STM32C011F6P3, STM32C011F6P6, STM32C011F6U3, STM32C011F6U6TR, STM32C011J4M3, STM32C011J4M6, STM32C011J6M3, STM32C011J6M6, STM32C0316-DK, STM32C031C4T3, STM32C031C4T6, STM32C031C4U3, STM32C031C4U6, STM32C031C6T3, STM32C031C6T6, STM32C031C6U3, STM32C031C6U6, STM32C031F4P3, STM32C031F4P6, STM32C031F6P3, STM32C031F6P6, STM32C031G4U3, STM32C031G4U6, STM32C031G6U3, STM32C031G6U6, STM32C031K4T3, STM32C031K4T6, STM32C031K4U3, STM32C031K4U6, STM32C031K6T3, STM32C031K6T6, STM32C031K6U3, STM32C031K6U6, STM32G071K8TXN, STM32G071K8UXN, STM32G081GBU6N, STM32G081KBT6N, STM32G081KBUXN, STM32G0B1CCT6N, STM32G0B1KCT6, STM32G0B1NEY6TR, STM32G0B1RCT6N, STM32G0C1CCT6, STM32G0C1CCT6N, STM32G0C1CCU6N, STM32G0C1CET6N, STM32G0C1CEU6N, STM32G0C1KCT6, STM32G0C1NEY6TR, STM32G0C1RCI6N, STM32G0C1RCT6N, STM32G0C1REI6N, STM32G0C1RET6N, STM32G0C1VCI6, STM32G0C1VEI6, STM32G471CCT6, STM32G471CCU6, STM32G471CET3, STM32G471CET6, STM32G471CEU3, STM32G471CEU6, STM32G471MCT6, STM32G471MET3, STM32G471MET6, STM32G471MEY6TR, STM32G471QCT6, STM32G471QET3, STM32G471RCT6, STM32G471RET3, STM32G471RET6, STM32G471VCH6, STM32G471VCI6, STM32G471VCT6, STM32G471VEH3, STM32G471VEH6, STM32G471VEI3, STM32G471VEI6, STM32G471VET3, STM32G471VET6, STM32G474CCT6, STM32H503CBT6, STM32H503CBU6, STM32H503EBY6TR, STM32H503KBU6, STM32H503RBT6, STM32H562AGI6, STM32H562AII6, STM32H562IGK6, STM32H562IGT6, STM32H562IIK6, STM32H562IIT6, STM32H562RGT6, STM32H562RGV6, STM32H562RIT6, STM32H562RIV6, STM32H562VGT6, STM32H562VIT6, STM32H562ZGT6, STM32H562ZIT6, STM32H563AGI6, STM32H563AII3Q, STM32H563AII6, STM32H563IGK6, STM32H563IGT6, STM32H563IIK3Q, STM32H563IIK6, STM32H563IIT3Q, STM32H563IIT6, STM32H563MIY3QTR, STM32H563RGT6, STM32H563RGV6, STM32H563RIT6, STM32H563RIV6, STM32H563VGT6, STM32H563VIT3Q, STM32H563VIT6, STM32H563ZGT6, STM32H563ZIT3Q, STM32H563ZIT6, STM32H573AII3Q, STM32H573AII6, STM32H573I-DK, STM32H573IIK3Q, STM32H573IIK6, STM32H573IIT3Q, STM32H573IIT6, STM32H573MIY3QTR, STM32H573RIT6, STM32H573RIV6, STM32H573VIT3Q, STM32H573VIT6, STM32H573ZIT3Q, STM32H573ZIT6, STM32L4R5QGI6STR, STM32MP131AAE3, STM32MP131AAF3, STM32MP131AAG3, STM32MP131CAE3, STM32MP131CAF3, STM32MP131CAG3, STM32MP131DAE7, STM32MP131DAF7, STM32MP131DAG7, STM32MP131FAE7, STM32MP131FAF7, STM32MP131FAG7, STM32MP133AAE3, STM32MP133AAF3, STM32MP133AAG3, STM32MP133CAE3, STM32MP133CAF3, STM32MP133CAG3, STM32MP133DAE7, STM32MP133DAF7, STM32MP133DAG7, STM32MP133FAE7, STM32MP133FAF7, STM32MP133FAG7, STM32MP135AAE3, STM32MP135AAF3, STM32MP135AAG3, STM32MP135CAE3, STM32MP135CAF3, STM32MP135CAG3, STM32MP135DAE7, STM32MP135DAF7, STM32MP135DAG7, STM32MP135F-DK, STM32MP135FAE7, STM32MP135FAF7, STM32MP135FAF7T, STM32MP135FAF7U, STM32MP135FAG7, STM32U535CBT6, STM32U535CBT6Q, STM32U535CBU6, STM32U535CBU6Q, STM32U535CCT6, STM32U535CCT6Q, STM32U535CCU6, STM32U535CCU6Q, STM32U535CET6, STM32U535CET6Q, STM32U535CEU6, STM32U535CEU6Q, STM32U535JEY6QTR, STM32U535NCY6QTR, STM32U535NEY6QTR, STM32U535RBI6, STM32U535RBI6Q, STM32U535RBT6, STM32U535RBT6Q, STM32U535RCI6, STM32U535RCI6Q, STM32U535RCT6, STM32U535RCT6Q, STM32U535REI6, STM32U535REI6Q, STM32U535RET6, STM32U535RET6Q, STM32U535VCI6, STM32U535VCI6Q, STM32U535VCT6, STM32U535VCT6Q, STM32U535VEI6, STM32U535VEI6Q, STM32U535VET6, STM32U535VET6Q, STM32U545CET6, STM32U545CET6Q, STM32U545CEU6, STM32U545CEU6Q, STM32U545JEY6QTR, STM32U545NEY6QTR, STM32U545REI6, STM32U545REI6Q, STM32U545RET6, STM32U545RET6Q, STM32U545VEI6, STM32U545VEI6Q, STM32U545VET6, STM32U545VET6Q, STM32U595AIH6, STM32U595AIH6Q, STM32U595AJH6, STM32U595AJH6Q, STM32U595QII6, STM32U595QII6Q, STM32U595QJI6, STM32U595QJI6Q, STM32U595RIT6, STM32U595RIT6Q, STM32U595RJT6, STM32U595RJT6Q, STM32U595VIT6, STM32U595VIT6Q, STM32U595VJT6, STM32U595VJT6Q, STM32U595ZIT6, STM32U595ZIT6Q, STM32U595ZIY6QTR, STM32U595ZJT6, STM32U595ZJT6Q, STM32U595ZJY6QTR, STM32U599BJY6QTR, STM32U599NIH6Q, STM32U599NJH6Q, STM32U599VIT6Q, STM32U599VJT6, STM32U599VJT6Q, STM32U599ZIT6Q, STM32U599ZIY6QTR, STM32U599ZJT6Q, STM32U599ZJY6QTR, STM32U5A5AJH6, STM32U5A5AJH6Q, STM32U5A5QJI6, STM32U5A5QJI6Q, STM32U5A5RJT6, STM32U5A5RJT6Q, STM32U5A5VJT6, STM32U5A5VJT6Q, STM32U5A5ZJT6, STM32U5A5ZJT6Q, STM32U5A5ZJY6QTR, STM32U5A9BJY6QTR, STM32U5A9J-DK, STM32U5A9NJH6Q, STM32U5A9VJT6Q, STM32U5A9ZJT6Q, STM32U5A9ZJY6QTR, STM32U5F7VIT6, STM32U5F7VIT6Q, STM32U5F7VJT6, STM32U5F7VJT6Q, STM32U5F9BJY6QTR, STM32U5F9NJH6Q, STM32U5F9VIT6Q, STM32U5F9VJT6Q, STM32U5F9ZIJ6QTR, STM32U5F9ZIT6Q, STM32U5F9ZJJ6QTR, STM32U5F9ZJT6Q, STM32U5G7VJT6, STM32U5G7VJT6Q, STM32U5G9BJY6QTR, STM32U5G9J-DK1, STM32U5G9J-DK2, STM32U5G9NJH6Q, STM32U5G9VJT6Q, STM32U5G9ZJJ6QTR, STM32U5G9ZJT6Q, STM32WB1MMCH6, STM32WBA52CEU6, STM32WBA52CEU6T, STM32WBA52CGU6, STM32WBA52CGU6T, STM32WBA52KEU6, STM32WBA52KEU6T, STM32WBA52KGU6, STM32WBA52KGU6T, STM32WL5MOCH6, STM32WL5MOCH6TR]
2024-02-10 23:25:51,423 [INFO] DbMcus:217 - Found 3882 MCUs, 3882 are supported
2024-02-10 23:25:51,424 [INFO] ApiDb:423 - Load user favorites file C:\Users\admin/.stm32cubeide/favorites.mcus.txt: 0 item(s)
2024-02-10 23:25:51,425 [INFO] ApiDb:427 - User favorites MCUs=[]
2024-02-10 23:25:51,425 [INFO] DbMcus:223 - Set 0 / 0 favorites MCUs
2024-02-10 23:25:51,951 [WARN] ThirdParty:833 - waiting for thirdparty lock release [change project]
2024-02-10 23:25:51,952 [INFO] ThirdParty:835 - entering critical section [change project]
2024-02-10 23:25:51,952 [INFO] ThirdParty:1030 - CMSIS Pack Vendor :STMicroelectronics X-CUBE-ISPU 1.1.0
2024-02-10 23:25:51,952 [INFO] ThirdParty:1030 - CMSIS Pack Vendor :STMicroelectronics USBPD 4.1
2024-02-10 23:25:51,952 [INFO] ThirdParty:1030 - CMSIS Pack Vendor :STMicroelectronics X-CUBE-GNSS1 6.0.0
2024-02-10 23:25:51,952 [INFO] ThirdParty:1030 - CMSIS Pack Vendor :STMicroelectronics USB_HOST 2.0.0
2024-02-10 23:25:51,952 [INFO] ThirdParty:1030 - CMSIS Pack Vendor :STMicroelectronics X-CUBE-AZRTOS-F4 1.1.0
2024-02-10 23:25:51,952 [INFO] ThirdParty:1030 - CMSIS Pack Vendor :STMicroelectronics LIBJPEG 8.0.0
2024-02-10 23:25:51,952 [INFO] ThirdParty:1030 - CMSIS Pack Vendor :STMicroelectronics X-CUBE-SMBUS 2.1.0
2024-02-10 23:25:51,952 [INFO] ThirdParty:1030 - CMSIS Pack Vendor :STMicroelectronics USB_DEVICE 3.0.0
2024-02-10 23:25:51,952 [INFO] ThirdParty:1030 - CMSIS Pack Vendor :STMicroelectronics X-CUBE-AZRTOS-WB 2.0.0
2024-02-10 23:25:51,952 [INFO] ThirdParty:1030 - CMSIS Pack Vendor :wolfSSL I-CUBE-wolfSSL 5.6.6
2024-02-10 23:25:51,952 [INFO] ThirdParty:1030 - CMSIS Pack Vendor :STMicroelectronics X-CUBE-FREERTOS 1.0.1
2024-02-10 23:25:51,952 [INFO] ThirdParty:1030 - CMSIS Pack Vendor :STMicroelectronics X-CUBE-TOUCHGFX 4.21.1
2024-02-10 23:25:51,952 [INFO] ThirdParty:1030 - CMSIS Pack Vendor :STMicroelectronics X-CUBE-TOUCHGFX 4.23.0
2024-02-10 23:25:51,953 [INFO] ThirdParty:1030 - CMSIS Pack Vendor :STMicroelectronics X-CUBE-BLEMGR 1.2.0
2024-02-10 23:25:51,953 [INFO] ThirdParty:1030 - CMSIS Pack Vendor :STMicroelectronics X-CUBE-AZRTOS-F7 1.1.0
2024-02-10 23:25:51,953 [INFO] ThirdParty:1030 - CMSIS Pack Vendor :STMicroelectronics X-CUBE-AZRTOS-L5 2.0.0
2024-02-10 23:25:51,953 [INFO] ThirdParty:1030 - CMSIS Pack Vendor :STMicroelectronics X-CUBE-MEMS1 9.4.0
2024-02-10 23:25:51,953 [INFO] ThirdParty:1030 - CMSIS Pack Vendor :STMicroelectronics USB_DEVICE 2.0.0
2024-02-10 23:25:51,953 [INFO] ThirdParty:1030 - CMSIS Pack Vendor :STMicroelectronics X-CUBE-AI 7.3.0
2024-02-10 23:25:51,953 [INFO] ThirdParty:1030 - CMSIS Pack Vendor :STMicroelectronics X-CUBE-MEMS1 9.6.0
2024-02-10 23:25:51,953 [INFO] ThirdParty:1030 - CMSIS Pack Vendor :STMicroelectronics X-CUBE-EEPRMA1 4.2.0
2024-02-10 23:25:51,953 [INFO] ThirdParty:1030 - CMSIS Pack Vendor :ITTIA_DB I-CUBE-ITTIADB 8.8.0
2024-02-10 23:25:51,953 [INFO] ThirdParty:1030 - CMSIS Pack Vendor :STMicroelectronics FP-SNS-MOTENV1 4.3.2
2024-02-10 23:25:51,953 [INFO] ThirdParty:1030 - CMSIS Pack Vendor :STMicroelectronics X-CUBE-ALGOBUILD 1.3.0
2024-02-10 23:25:51,953 [INFO] ThirdParty:1030 - CMSIS Pack Vendor :STMicroelectronics X-CUBE-BLE1 6.2.4
2024-02-10 23:25:51,953 [INFO] ThirdParty:1030 - CMSIS Pack Vendor :STMicroelectronics X-CUBE-AZRTOS-L5 1.1.0
2024-02-10 23:25:51,953 [INFO] ThirdParty:1030 - CMSIS Pack Vendor :STMicroelectronics FreeRTOS 0.0.1
2024-02-10 23:25:51,953 [INFO] ThirdParty:1030 - CMSIS Pack Vendor :STMicroelectronics X-CUBE-AZRTOS-G0 1.1.0
2024-02-10 23:25:51,953 [INFO] ThirdParty:1030 - CMSIS Pack Vendor :STMicroelectronics X-CUBE-BLEMGR 2.0.0
2024-02-10 23:25:51,953 [INFO] ThirdParty:1030 - CMSIS Pack Vendor :STMicroelectronics X-CUBE-AI 8.0.1
2024-02-10 23:25:51,953 [INFO] ThirdParty:1030 - CMSIS Pack Vendor :STMicroelectronics X-CUBE-NFC4 3.0.0
2024-02-10 23:25:51,953 [INFO] ThirdParty:1030 - CMSIS Pack Vendor :STMicroelectronics X-CUBE-SUBG2 5.0.0
2024-02-10 23:25:51,954 [INFO] ThirdParty:1030 - CMSIS Pack Vendor :STMicroelectronics STM32_WPAN 1.0.0
2024-02-10 23:25:51,954 [INFO] ThirdParty:1030 - CMSIS Pack Vendor :STMicroelectronics lwIP 2.0.3
2024-02-10 23:25:51,954 [INFO] ThirdParty:1030 - CMSIS Pack Vendor :STMicroelectronics FP-SNS-FLIGHT1 5.0.2
2024-02-10 23:25:51,954 [INFO] ThirdParty:1030 - CMSIS Pack Vendor :STMicroelectronics USB_HOST 1.0.0
2024-02-10 23:25:51,954 [INFO] ThirdParty:1030 - CMSIS Pack Vendor :STMicroelectronics X-CUBE-TOF1 3.3.1
2024-02-10 23:25:51,954 [INFO] ThirdParty:1030 - CMSIS Pack Vendor :STMicroelectronics X-CUBE-AZRTOS-G4 2.0.0
2024-02-10 23:25:51,954 [INFO] ThirdParty:1030 - CMSIS Pack Vendor :STMicroelectronics PDM2PCM 3.1.0
2024-02-10 23:25:51,954 [INFO] ThirdParty:1030 - CMSIS Pack Vendor :STMicroelectronics X-CUBE-AZRTOS-H7 3.1.0
2024-02-10 23:25:51,954 [INFO] ThirdParty:1030 - CMSIS Pack Vendor :STMicroelectronics FP-ATR-ASTRA1 1.1.1
2024-02-10 23:25:51,954 [INFO] ThirdParty:1030 - CMSIS Pack Vendor :Infineon AIROC-Wi-Fi-Bluetooth-STM32 1.5.1
2024-02-10 23:25:51,954 [INFO] ThirdParty:1030 - CMSIS Pack Vendor :STMicroelectronics X-CUBE-BLEMGR 3.0.0
2024-02-10 23:25:51,954 [INFO] ThirdParty:1030 - CMSIS Pack Vendor :STMicroelectronics PDM2PCM 3.3.0
2024-02-10 23:25:51,954 [INFO] ThirdParty:1030 - CMSIS Pack Vendor :STMicroelectronics X-CUBE-DISPLAY 3.0.0
2024-02-10 23:25:51,954 [INFO] ThirdParty:1030 - CMSIS Pack Vendor :STMicroelectronics X-CUBE-BLEMGR 1.3.0
2024-02-10 23:25:51,954 [INFO] ThirdParty:1030 - CMSIS Pack Vendor :STMicroelectronics FP-SNS-MOTENVWB1 1.3.0
2024-02-10 23:25:51,954 [INFO] ThirdParty:1030 - CMSIS Pack Vendor :STMicroelectronics FP-SNS-MOTENVWB1 1.3.1
2024-02-10 23:25:51,954 [INFO] ThirdParty:1030 - CMSIS Pack Vendor :STMicroelectronics X-CUBE-BLE1 7.0.0
2024-02-10 23:25:51,954 [INFO] ThirdParty:1030 - CMSIS Pack Vendor :STMicroelectronics FP-ATR-SIGFOX1 3.2.0
2024-02-10 23:25:51,954 [INFO] ThirdParty:1030 - CMSIS Pack Vendor :STMicroelectronics X-CUBE-ISPU 2.0.0
2024-02-10 23:25:51,955 [INFO] ThirdParty:1030 - CMSIS Pack Vendor :STMicroelectronics X-CUBE-EEPRMA1 5.1.0
2024-02-10 23:25:51,955 [INFO] ThirdParty:1030 - CMSIS Pack Vendor :STMicroelectronics HAL Drivers 0.0.0
2024-02-10 23:25:51,955 [INFO] ThirdParty:1030 - CMSIS Pack Vendor :STMicroelectronics MBEDTLS 2.16.2
2024-02-10 23:25:51,955 [INFO] ThirdParty:1030 - CMSIS Pack Vendor :emotas I-CUBE-CANOPEN 1.3.0
2024-02-10 23:25:51,955 [INFO] ThirdParty:1030 - CMSIS Pack Vendor :STMicroelectronics X-CUBE-TOUCHGFX 4.20.0
2024-02-10 23:25:51,955 [INFO] ThirdParty:1030 - CMSIS Pack Vendor :STMicroelectronics X-CUBE-MEMS1 10.0.0
2024-02-10 23:25:51,955 [INFO] ThirdParty:1030 - CMSIS Pack Vendor :STMicroelectronics X-CUBE-FREERTOS 1.1.0
2024-02-10 23:25:51,955 [INFO] ThirdParty:1030 - CMSIS Pack Vendor :STMicroelectronics X-CUBE-TOUCHGFX 4.22.0
2024-02-10 23:25:51,955 [INFO] ThirdParty:1030 - CMSIS Pack Vendor :STMicroelectronics X-CUBE-NFC7 1.0.1
2024-02-10 23:25:51,955 [INFO] ThirdParty:1030 - CMSIS Pack Vendor :STMicroelectronics MBEDTLS 2.14.1
2024-02-10 23:25:51,955 [INFO] ThirdParty:1030 - CMSIS Pack Vendor :STMicroelectronics X-CUBE-TOUCHGFX 4.22.1
2024-02-10 23:25:51,955 [INFO] ThirdParty:1030 - CMSIS Pack Vendor :STMicroelectronics X-CUBE-NFC6 3.0.0
2024-02-10 23:25:51,955 [INFO] ThirdParty:1030 - CMSIS Pack Vendor :STMicroelectronics X-CUBE-MEMS1 9.3.0
2024-02-10 23:25:51,955 [INFO] ThirdParty:1030 - CMSIS Pack Vendor :STMicroelectronics X-CUBE-EEPRMA1 4.1.0
2024-02-10 23:25:51,955 [INFO] ThirdParty:1030 - CMSIS Pack Vendor :portGmbH I-Cube-SoM-uGOAL 1.1.0
2024-02-10 23:25:51,955 [INFO] ThirdParty:1030 - CMSIS Pack Vendor :STMicroelectronics X-CUBE-ALS 1.0.1
2024-02-10 23:25:51,955 [INFO] ThirdParty:1030 - CMSIS Pack Vendor :STMicroelectronics ThreadX 1.0.0
2024-02-10 23:25:51,955 [INFO] ThirdParty:1030 - CMSIS Pack Vendor :STMicroelectronics FP-SNS-SMARTAG2 1.2.0
2024-02-10 23:25:51,955 [INFO] ThirdParty:1030 - CMSIS Pack Vendor :STMicroelectronics X-CUBE-AZRTOS-WB 1.1.0
2024-02-10 23:25:51,956 [INFO] ThirdParty:1030 - CMSIS Pack Vendor :STMicroelectronics X-CUBE-AZRTOS-WL 2.0.0
2024-02-10 23:25:51,956 [INFO] ThirdParty:1030 - CMSIS Pack Vendor :SEGGER I-CUBE-embOS 1.3.1
2024-02-10 23:25:51,956 [INFO] ThirdParty:1030 - CMSIS Pack Vendor :STMicroelectronics USB_DEVICE 1.0.0
2024-02-10 23:25:51,956 [INFO] ThirdParty:1030 - CMSIS Pack Vendor :STMicroelectronics X-CUBE-AI 8.1.0
2024-02-10 23:25:51,956 [INFO] ThirdParty:1030 - CMSIS Pack Vendor :STMicroelectronics X-CUBE-AZRTOS-L4 2.0.0
2024-02-10 23:25:51,956 [INFO] ThirdParty:1030 - CMSIS Pack Vendor :STMicroelectronics ThreadX 0.0.2
2024-02-10 23:25:51,956 [INFO] ThirdParty:1030 - CMSIS Pack Vendor :WES I-CUBE-Cesium 1.3.0
2024-02-10 23:25:51,956 [INFO] ThirdParty:1030 - CMSIS Pack Vendor :STMicroelectronics FP-ATR-ASTRA1 2.0.0
2024-02-10 23:25:51,956 [INFO] ThirdParty:1030 - CMSIS Pack Vendor :STMicroelectronics lwIP 2.1.2
2024-02-10 23:25:51,956 [INFO] ThirdParty:1030 - CMSIS Pack Vendor :STMicroelectronics X-CUBE-SFXS2LP1 4.0.0
2024-02-10 23:25:51,956 [INFO] ThirdParty:1030 - CMSIS Pack Vendor :STMicroelectronics X-CUBE-BLE2 3.3.0
2024-02-10 23:25:51,956 [INFO] ThirdParty:1030 - CMSIS Pack Vendor :STMicroelectronics X-CUBE-TOF1 3.4.0
2024-02-10 23:25:51,956 [INFO] ThirdParty:1030 - CMSIS Pack Vendor :STMicroelectronics X-CUBE-TOF1 3.2.0
2024-02-10 23:25:51,956 [INFO] ThirdParty:1030 - CMSIS Pack Vendor :STMicroelectronics X-CUBE-AZRTOS-H7 3.2.0
2024-02-10 23:25:51,956 [INFO] ThirdParty:1030 - CMSIS Pack Vendor :STMicroelectronics PDM2PCM 3.2.0
2024-02-10 23:25:51,956 [INFO] ThirdParty:1030 - CMSIS Pack Vendor :STMicroelectronics X-CUBE-AZRTOS-H7 3.0.0
2024-02-10 23:25:51,956 [INFO] ThirdParty:1030 - CMSIS Pack Vendor :STMicroelectronics X-CUBE-ISPU 1.0.0
2024-02-10 23:25:51,957 [INFO] ThirdParty:841 - exiting critical section [change project]
2024-02-10 23:25:52,405 [INFO] PinOutPanel:1499 - setPackage(No Configuration,No Configuration)
2024-02-10 23:25:52,407 [INFO] PinOutPanel:1499 - setPackage(STM32F103C8Tx,LQFP48)
2024-02-10 23:25:53,320 [INFO] UtilMem:75 - Before build in PCC Used Memory: 764958104 Bytes (1073741824)
2024-02-10 23:25:55,286 [INFO] UtilMem:75 - After build in PCC Used Memory: 838004784 Bytes (1073741824)
2024-02-10 23:25:55,332 [INFO] IPUIPlugin:80 - create IPUIPlugin
2024-02-10 23:25:55,332 [INFO] IPUIPlugin:80 - create IPUIPlugin
2024-02-10 23:25:55,332 [INFO] IPUIPlugin:80 - create IPUIPlugin
2024-02-10 23:25:55,333 [INFO] IPUIPlugin:80 - create IPUIPlugin
2024-02-10 23:25:55,333 [INFO] IPUIPlugin:80 - create IPUIPlugin
2024-02-10 23:25:55,333 [INFO] IPUIPlugin:80 - create IPUIPlugin
2024-02-10 23:25:55,335 [INFO] IPUIPlugin:80 - create IPUIPlugin
2024-02-10 23:25:55,335 [INFO] IPUIPlugin:80 - create IPUIPlugin
2024-02-10 23:25:55,335 [INFO] IPUIPlugin:80 - create IPUIPlugin
2024-02-10 23:25:55,335 [INFO] IPUIPlugin:80 - create IPUIPlugin
2024-02-10 23:25:55,335 [INFO] IPUIPlugin:80 - create IPUIPlugin
2024-02-10 23:25:55,335 [INFO] IPUIPlugin:80 - create IPUIPlugin
2024-02-10 23:25:55,335 [INFO] IPUIPlugin:80 - create IPUIPlugin
2024-02-10 23:25:55,336 [INFO] IPUIPlugin:80 - create IPUIPlugin
2024-02-10 23:25:55,336 [INFO] IPUIPlugin:80 - create IPUIPlugin
2024-02-10 23:25:55,336 [INFO] IPUIPlugin:80 - create IPUIPlugin
2024-02-10 23:25:55,337 [INFO] IPUIPlugin:80 - create IPUIPlugin
2024-02-10 23:25:55,337 [INFO] IPUIPlugin:80 - create IPUIPlugin
2024-02-10 23:25:55,338 [INFO] IPUIPlugin:80 - create IPUIPlugin
2024-02-10 23:25:55,338 [INFO] IPUIPlugin:80 - create IPUIPlugin
2024-02-10 23:25:55,338 [INFO] IPUIPlugin:80 - create IPUIPlugin
2024-02-10 23:25:55,339 [INFO] IPUIPlugin:80 - create IPUIPlugin
2024-02-10 23:25:55,339 [INFO] IPUIPlugin:80 - create IPUIPlugin
2024-02-10 23:25:55,339 [INFO] IPUIPlugin:80 - create IPUIPlugin
2024-02-10 23:25:55,340 [INFO] IPUIPlugin:80 - create IPUIPlugin
2024-02-10 23:25:55,340 [INFO] IPUIPlugin:80 - create IPUIPlugin
2024-02-10 23:25:55,341 [INFO] IPUIPlugin:80 - create IPUIPlugin
2024-02-10 23:25:55,976 [INFO] CADModel:165 - CPN selected for project levelSTM32F103C8T6
2024-02-10 23:25:55,980 [INFO] CADModel:114 - Register for checkConnection events
2024-02-10 23:25:56,033 [INFO] OpenFileManager:328 - Restore cursor
2024-02-10 23:30:07,542 [INFO] UtilMem:75 - End SaveConfig() Used Memory: 751491624 Bytes (1073741824)
2024-02-10 23:30:07,605 [INFO] UtilMem:75 - End SaveConfig() Used Memory: 765204440 Bytes (1073741824)
2024-02-10 23:30:08,270 [INFO] UtilMem:75 - End SaveConfig() Used Memory: 583044144 Bytes (1073741824)
2024-02-10 23:30:10,719 [INFO] BlockDiagram:2759 - set Specific Code input for plugin: NVIC
2024-02-10 23:30:10,719 [INFO] BlockDiagram:2759 - set Specific Code input for plugin: TIM1_8F1
2024-02-10 23:30:10,720 [INFO] BlockDiagram:2759 - set Specific Code input for plugin: SYS
2024-02-10 23:30:10,720 [INFO] BlockDiagram:2759 - set Specific Code input for plugin: GPIO
2024-02-10 23:30:10,720 [INFO] BlockDiagram:2759 - set Specific Code input for plugin: RCC
2024-02-10 23:30:10,721 [INFO] CodeGenerator:799 - code generatio: config db path: C:\ST\STM32CubeIDE_1.13.0\STM32CubeIDE\plugins\com.st.stm32cube.common.mx_6.9.0.202307051724\\db\
2024-02-10 23:30:10,994 [INFO] CodeEngine:255 - oldGeneratedFile, D:\Workspace\PROJECT\24K_SelfBalancingRobot\STM32_NEMA17\MXTmpFiles\license.tmp_save
2024-02-10 23:30:11,387 [INFO] CodeEngine:279 - Generated code: D:\Workspace\PROJECT\24K_SelfBalancingRobot\STM32_NEMA17\MXTmpFiles\license.tmp
2024-02-10 23:30:11,546 [INFO] CodeEngine:255 - oldGeneratedFile, D:\Workspace\PROJECT\24K_SelfBalancingRobot\STM32_NEMA17\MXTmpFiles\gpio.tmp_save
2024-02-10 23:30:11,720 [INFO] CodeEngine:279 - Generated code: D:\Workspace\PROJECT\24K_SelfBalancingRobot\STM32_NEMA17\MXTmpFiles\gpio.tmp
2024-02-10 23:30:11,898 [INFO] CodeEngine:255 - oldGeneratedFile, D:\Workspace\PROJECT\24K_SelfBalancingRobot\STM32_NEMA17\Core\Src\stm32f1xx_it.c_save
2024-02-10 23:30:12,073 [INFO] CodeEngine:279 - Generated code: D:\Workspace\PROJECT\24K_SelfBalancingRobot\STM32_NEMA17\Core\Src\stm32f1xx_it.c
2024-02-10 23:30:12,093 [INFO] CodeEngine:255 - oldGeneratedFile, D:\Workspace\PROJECT\24K_SelfBalancingRobot\STM32_NEMA17\Core\Inc\stm32f1xx_it.h_save
2024-02-10 23:30:12,249 [INFO] CodeEngine:279 - Generated code: D:\Workspace\PROJECT\24K_SelfBalancingRobot\STM32_NEMA17\Core\Inc\stm32f1xx_it.h
2024-02-10 23:30:12,282 [INFO] CodeEngine:255 - oldGeneratedFile, D:\Workspace\PROJECT\24K_SelfBalancingRobot\STM32_NEMA17\Core\Src\stm32f1xx_hal_msp.c_save
2024-02-10 23:30:12,439 [INFO] CodeEngine:279 - Generated code: D:\Workspace\PROJECT\24K_SelfBalancingRobot\STM32_NEMA17\Core\Src\stm32f1xx_hal_msp.c
2024-02-10 23:30:12,449 [INFO] CodeEngine:255 - oldGeneratedFile, D:\Workspace\PROJECT\24K_SelfBalancingRobot\STM32_NEMA17\MXTmpFiles\system.tmp_save
2024-02-10 23:30:12,520 [INFO] CodeEngine:279 - Generated code: D:\Workspace\PROJECT\24K_SelfBalancingRobot\STM32_NEMA17\MXTmpFiles\system.tmp
2024-02-10 23:30:12,547 [INFO] CodeEngine:311 - oldGeneratedFile, D:\Workspace\PROJECT\24K_SelfBalancingRobot\STM32_NEMA17\Core\Inc\stm32f1xx_hal_conf.h_save
2024-02-10 23:30:12,741 [INFO] CodeEngine:335 - Generated code: D:\Workspace\PROJECT\24K_SelfBalancingRobot\STM32_NEMA17\Core\Inc\stm32f1xx_hal_conf.h
2024-02-10 23:30:12,768 [WARN] IPConfigManager:3431 - IP not found : TIM
2024-02-10 23:30:12,769 [WARN] CodeGenerator:3760 - IP not found : null
2024-02-10 23:30:12,791 [INFO] CodeEngine:255 - oldGeneratedFile, D:\Workspace\PROJECT\24K_SelfBalancingRobot\STM32_NEMA17\Core\Inc\main.h_save
2024-02-10 23:30:12,929 [INFO] CodeEngine:279 - Generated code: D:\Workspace\PROJECT\24K_SelfBalancingRobot\STM32_NEMA17\Core\Inc\main.h
2024-02-10 23:30:12,952 [INFO] CodeEngine:255 - oldGeneratedFile, D:\Workspace\PROJECT\24K_SelfBalancingRobot\STM32_NEMA17\Core\Src\main.c_save
2024-02-10 23:30:13,110 [INFO] CodeEngine:279 - Generated code: D:\Workspace\PROJECT\24K_SelfBalancingRobot\STM32_NEMA17\Core\Src\main.c
2024-02-10 23:30:13,799 [INFO] ProjectBuilder:3064 - Time for Copy HAL[1] : 156mS.
2024-02-10 23:30:13,805 [INFO] ProjectBuilder:4404 - Project Generator version: 4.1.0
2024-02-10 23:30:14,107 [INFO] ConfigFileManager:1457 - The Die is : DIE410
2024-02-10 23:30:14,177 [INFO] ApiDbMcu:507 - Load IP Config File for FATFS
2024-02-10 23:30:14,268 [INFO] ApiDbMcu:507 - Load IP Config File for FREERTOS
2024-02-10 23:30:14,304 [INFO] ApiDbMcu:507 - Load IP Config File for USB_DEVICE
2024-02-10 23:30:15,517 [INFO] LogOutputStream:77 - [STDOUT_REDIRECT] 
2024-02-10 23:30:17,531 [INFO] ProjectBuilder:4626 - Time for Generating toolchain IDE Files: 3725mS.
2024-02-10 23:30:17,532 [INFO] ProjectBuilder:2935 - Time for Copy CMSIS : 0mS.
2024-02-10 23:30:17,534 [INFO] ProjectBuilder:2935 - Time for Copy CMSIS : 0mS.
